[2025-11-05T06:11:26.941+0000] {processor.py:186} INFO - Started process (PID=1999) to work on /home/dellsai/airflow_project/airflow_venv/lib/python3.12/site-packages/airflow/example_dags/plugins/workday.py
[2025-11-05T06:11:26.942+0000] {processor.py:914} INFO - Processing file /home/dellsai/airflow_project/airflow_venv/lib/python3.12/site-packages/airflow/example_dags/plugins/workday.py for tasks to queue
[2025-11-05T06:11:26.944+0000] {logging_mixin.py:190} INFO - [2025-11-05T06:11:26.943+0000] {dagbag.py:588} INFO - Filling up the DagBag from /home/dellsai/airflow_project/airflow_venv/lib/python3.12/site-packages/airflow/example_dags/plugins/workday.py
[2025-11-05T06:11:26.948+0000] {logging_mixin.py:190} INFO - [2025-11-05T06:11:26.947+0000] {workday.py:41} WARNING - Could not import pandas. Holidays will not be considered.
[2025-11-05T06:11:26.948+0000] {processor.py:927} WARNING - No viable dags retrieved from /home/dellsai/airflow_project/airflow_venv/lib/python3.12/site-packages/airflow/example_dags/plugins/workday.py
[2025-11-05T06:11:26.960+0000] {processor.py:208} INFO - Processing /home/dellsai/airflow_project/airflow_venv/lib/python3.12/site-packages/airflow/example_dags/plugins/workday.py took 0.025 seconds
[2025-11-05T06:12:41.755+0000] {processor.py:186} INFO - Started process (PID=2100) to work on /home/dellsai/airflow_project/airflow_venv/lib/python3.12/site-packages/airflow/example_dags/plugins/workday.py
[2025-11-05T06:12:41.757+0000] {processor.py:914} INFO - Processing file /home/dellsai/airflow_project/airflow_venv/lib/python3.12/site-packages/airflow/example_dags/plugins/workday.py for tasks to queue
[2025-11-05T06:12:41.760+0000] {logging_mixin.py:190} INFO - [2025-11-05T06:12:41.759+0000] {dagbag.py:588} INFO - Filling up the DagBag from /home/dellsai/airflow_project/airflow_venv/lib/python3.12/site-packages/airflow/example_dags/plugins/workday.py
[2025-11-05T06:12:41.762+0000] {logging_mixin.py:190} INFO - [2025-11-05T06:12:41.762+0000] {workday.py:41} WARNING - Could not import pandas. Holidays will not be considered.
[2025-11-05T06:12:41.762+0000] {processor.py:927} WARNING - No viable dags retrieved from /home/dellsai/airflow_project/airflow_venv/lib/python3.12/site-packages/airflow/example_dags/plugins/workday.py
[2025-11-05T06:12:41.774+0000] {processor.py:208} INFO - Processing /home/dellsai/airflow_project/airflow_venv/lib/python3.12/site-packages/airflow/example_dags/plugins/workday.py took 0.024 seconds
[2025-11-05T06:13:45.850+0000] {processor.py:186} INFO - Started process (PID=2177) to work on /home/dellsai/airflow_project/airflow_venv/lib/python3.12/site-packages/airflow/example_dags/plugins/workday.py
[2025-11-05T06:13:45.853+0000] {processor.py:914} INFO - Processing file /home/dellsai/airflow_project/airflow_venv/lib/python3.12/site-packages/airflow/example_dags/plugins/workday.py for tasks to queue
[2025-11-05T06:13:45.855+0000] {logging_mixin.py:190} INFO - [2025-11-05T06:13:45.855+0000] {dagbag.py:588} INFO - Filling up the DagBag from /home/dellsai/airflow_project/airflow_venv/lib/python3.12/site-packages/airflow/example_dags/plugins/workday.py
[2025-11-05T06:13:45.857+0000] {logging_mixin.py:190} INFO - [2025-11-05T06:13:45.857+0000] {workday.py:41} WARNING - Could not import pandas. Holidays will not be considered.
[2025-11-05T06:13:45.857+0000] {processor.py:927} WARNING - No viable dags retrieved from /home/dellsai/airflow_project/airflow_venv/lib/python3.12/site-packages/airflow/example_dags/plugins/workday.py
[2025-11-05T06:13:45.868+0000] {processor.py:208} INFO - Processing /home/dellsai/airflow_project/airflow_venv/lib/python3.12/site-packages/airflow/example_dags/plugins/workday.py took 0.022 seconds
[2025-11-05T06:14:50.193+0000] {processor.py:186} INFO - Started process (PID=2251) to work on /home/dellsai/airflow_project/airflow_venv/lib/python3.12/site-packages/airflow/example_dags/plugins/workday.py
[2025-11-05T06:14:50.196+0000] {processor.py:914} INFO - Processing file /home/dellsai/airflow_project/airflow_venv/lib/python3.12/site-packages/airflow/example_dags/plugins/workday.py for tasks to queue
[2025-11-05T06:14:50.198+0000] {logging_mixin.py:190} INFO - [2025-11-05T06:14:50.197+0000] {dagbag.py:588} INFO - Filling up the DagBag from /home/dellsai/airflow_project/airflow_venv/lib/python3.12/site-packages/airflow/example_dags/plugins/workday.py
[2025-11-05T06:14:50.200+0000] {logging_mixin.py:190} INFO - [2025-11-05T06:14:50.199+0000] {workday.py:41} WARNING - Could not import pandas. Holidays will not be considered.
[2025-11-05T06:14:50.200+0000] {processor.py:927} WARNING - No viable dags retrieved from /home/dellsai/airflow_project/airflow_venv/lib/python3.12/site-packages/airflow/example_dags/plugins/workday.py
[2025-11-05T06:14:50.210+0000] {processor.py:208} INFO - Processing /home/dellsai/airflow_project/airflow_venv/lib/python3.12/site-packages/airflow/example_dags/plugins/workday.py took 0.021 seconds
