[2025-11-05T06:11:08.214+0000] {processor.py:186} INFO - Started process (PID=1980) to work on /home/dellsai/airflow_project/dags/first_dag.py
[2025-11-05T06:11:08.215+0000] {processor.py:914} INFO - Processing file /home/dellsai/airflow_project/dags/first_dag.py for tasks to queue
[2025-11-05T06:11:08.220+0000] {logging_mixin.py:190} INFO - [2025-11-05T06:11:08.220+0000] {dagbag.py:588} INFO - Filling up the DagBag from /home/dellsai/airflow_project/dags/first_dag.py
[2025-11-05T06:11:08.230+0000] {processor.py:925} INFO - DAG(s) 'hello_world_dag' retrieved from /home/dellsai/airflow_project/dags/first_dag.py
[2025-11-05T06:11:08.324+0000] {logging_mixin.py:190} INFO - [2025-11-05T06:11:08.323+0000] {override.py:1900} INFO - Created Permission View: can delete on DAG:hello_world_dag
[2025-11-05T06:11:08.340+0000] {logging_mixin.py:190} INFO - [2025-11-05T06:11:08.340+0000] {override.py:1900} INFO - Created Permission View: can edit on DAG:hello_world_dag
[2025-11-05T06:11:08.353+0000] {logging_mixin.py:190} INFO - [2025-11-05T06:11:08.353+0000] {override.py:1900} INFO - Created Permission View: can read on DAG:hello_world_dag
[2025-11-05T06:11:08.378+0000] {logging_mixin.py:190} INFO - [2025-11-05T06:11:08.378+0000] {override.py:1900} INFO - Created Permission View: can delete on DAG Run:hello_world_dag
[2025-11-05T06:11:08.392+0000] {logging_mixin.py:190} INFO - [2025-11-05T06:11:08.391+0000] {override.py:1900} INFO - Created Permission View: can create on DAG Run:hello_world_dag
[2025-11-05T06:11:08.405+0000] {logging_mixin.py:190} INFO - [2025-11-05T06:11:08.404+0000] {override.py:1900} INFO - Created Permission View: menu access on DAG Run:hello_world_dag
[2025-11-05T06:11:08.418+0000] {logging_mixin.py:190} INFO - [2025-11-05T06:11:08.417+0000] {override.py:1900} INFO - Created Permission View: can read on DAG Run:hello_world_dag
[2025-11-05T06:11:08.418+0000] {logging_mixin.py:190} INFO - [2025-11-05T06:11:08.418+0000] {dag.py:3239} INFO - Sync 1 DAGs
[2025-11-05T06:11:08.427+0000] {logging_mixin.py:190} INFO - [2025-11-05T06:11:08.427+0000] {dag.py:3262} INFO - Creating ORM DAG for hello_world_dag
[2025-11-05T06:11:08.435+0000] {logging_mixin.py:190} INFO - [2025-11-05T06:11:08.434+0000] {dag.py:4180} INFO - Setting next_dagrun for hello_world_dag to 2025-11-04 00:00:00+00:00, run_after=2025-11-05 00:00:00+00:00
[2025-11-05T06:11:08.456+0000] {processor.py:208} INFO - Processing /home/dellsai/airflow_project/dags/first_dag.py took 0.246 seconds
[2025-11-05T06:12:24.325+0000] {processor.py:186} INFO - Started process (PID=2081) to work on /home/dellsai/airflow_project/dags/first_dag.py
[2025-11-05T06:12:24.328+0000] {processor.py:914} INFO - Processing file /home/dellsai/airflow_project/dags/first_dag.py for tasks to queue
[2025-11-05T06:12:24.330+0000] {logging_mixin.py:190} INFO - [2025-11-05T06:12:24.330+0000] {dagbag.py:588} INFO - Filling up the DagBag from /home/dellsai/airflow_project/dags/first_dag.py
[2025-11-05T06:12:24.338+0000] {processor.py:925} INFO - DAG(s) 'hello_world_dag' retrieved from /home/dellsai/airflow_project/dags/first_dag.py
[2025-11-05T06:12:24.350+0000] {logging_mixin.py:190} INFO - [2025-11-05T06:12:24.350+0000] {dag.py:3239} INFO - Sync 1 DAGs
[2025-11-05T06:12:24.364+0000] {logging_mixin.py:190} INFO - [2025-11-05T06:12:24.364+0000] {dag.py:4180} INFO - Setting next_dagrun for hello_world_dag to 2025-11-04 00:00:00+00:00, run_after=2025-11-05 00:00:00+00:00
[2025-11-05T06:12:24.387+0000] {processor.py:208} INFO - Processing /home/dellsai/airflow_project/dags/first_dag.py took 0.066 seconds
[2025-11-05T06:13:01.755+0000] {processor.py:186} INFO - Started process (PID=2128) to work on /home/dellsai/airflow_project/dags/first_dag.py
[2025-11-05T06:13:01.757+0000] {processor.py:914} INFO - Processing file /home/dellsai/airflow_project/dags/first_dag.py for tasks to queue
[2025-11-05T06:13:01.759+0000] {logging_mixin.py:190} INFO - [2025-11-05T06:13:01.759+0000] {dagbag.py:588} INFO - Filling up the DagBag from /home/dellsai/airflow_project/dags/first_dag.py
[2025-11-05T06:13:01.768+0000] {processor.py:925} INFO - DAG(s) 'hello_world_dag' retrieved from /home/dellsai/airflow_project/dags/first_dag.py
[2025-11-05T06:13:01.780+0000] {logging_mixin.py:190} INFO - [2025-11-05T06:13:01.780+0000] {dag.py:3239} INFO - Sync 1 DAGs
[2025-11-05T06:13:01.796+0000] {logging_mixin.py:190} INFO - [2025-11-05T06:13:01.796+0000] {dag.py:4180} INFO - Setting next_dagrun for hello_world_dag to 2025-11-04 00:00:00+00:00, run_after=2025-11-05 00:00:00+00:00
[2025-11-05T06:13:01.818+0000] {processor.py:208} INFO - Processing /home/dellsai/airflow_project/dags/first_dag.py took 0.067 seconds
[2025-11-05T06:13:35.463+0000] {processor.py:186} INFO - Started process (PID=2165) to work on /home/dellsai/airflow_project/dags/first_dag.py
[2025-11-05T06:13:35.465+0000] {processor.py:914} INFO - Processing file /home/dellsai/airflow_project/dags/first_dag.py for tasks to queue
[2025-11-05T06:13:35.468+0000] {logging_mixin.py:190} INFO - [2025-11-05T06:13:35.467+0000] {dagbag.py:588} INFO - Filling up the DagBag from /home/dellsai/airflow_project/dags/first_dag.py
[2025-11-05T06:13:35.477+0000] {processor.py:925} INFO - DAG(s) 'hello_world_dag' retrieved from /home/dellsai/airflow_project/dags/first_dag.py
[2025-11-05T06:13:35.489+0000] {logging_mixin.py:190} INFO - [2025-11-05T06:13:35.489+0000] {dag.py:3239} INFO - Sync 1 DAGs
[2025-11-05T06:13:35.505+0000] {logging_mixin.py:190} INFO - [2025-11-05T06:13:35.505+0000] {dag.py:4180} INFO - Setting next_dagrun for hello_world_dag to 2025-11-04 00:00:00+00:00, run_after=2025-11-05 00:00:00+00:00
[2025-11-05T06:13:35.528+0000] {processor.py:208} INFO - Processing /home/dellsai/airflow_project/dags/first_dag.py took 0.071 seconds
[2025-11-05T06:14:06.433+0000] {processor.py:186} INFO - Started process (PID=2202) to work on /home/dellsai/airflow_project/dags/first_dag.py
[2025-11-05T06:14:06.434+0000] {processor.py:914} INFO - Processing file /home/dellsai/airflow_project/dags/first_dag.py for tasks to queue
[2025-11-05T06:14:06.436+0000] {logging_mixin.py:190} INFO - [2025-11-05T06:14:06.436+0000] {dagbag.py:588} INFO - Filling up the DagBag from /home/dellsai/airflow_project/dags/first_dag.py
[2025-11-05T06:14:06.444+0000] {processor.py:925} INFO - DAG(s) 'hello_world_dag' retrieved from /home/dellsai/airflow_project/dags/first_dag.py
[2025-11-05T06:14:06.457+0000] {logging_mixin.py:190} INFO - [2025-11-05T06:14:06.456+0000] {dag.py:3239} INFO - Sync 1 DAGs
[2025-11-05T06:14:06.472+0000] {logging_mixin.py:190} INFO - [2025-11-05T06:14:06.471+0000] {dag.py:4180} INFO - Setting next_dagrun for hello_world_dag to 2025-11-04 00:00:00+00:00, run_after=2025-11-05 00:00:00+00:00
[2025-11-05T06:14:06.494+0000] {processor.py:208} INFO - Processing /home/dellsai/airflow_project/dags/first_dag.py took 0.066 seconds
[2025-11-05T06:14:37.965+0000] {processor.py:186} INFO - Started process (PID=2238) to work on /home/dellsai/airflow_project/dags/first_dag.py
[2025-11-05T06:14:37.968+0000] {processor.py:914} INFO - Processing file /home/dellsai/airflow_project/dags/first_dag.py for tasks to queue
[2025-11-05T06:14:37.970+0000] {logging_mixin.py:190} INFO - [2025-11-05T06:14:37.970+0000] {dagbag.py:588} INFO - Filling up the DagBag from /home/dellsai/airflow_project/dags/first_dag.py
[2025-11-05T06:14:37.978+0000] {processor.py:925} INFO - DAG(s) 'hello_world_dag' retrieved from /home/dellsai/airflow_project/dags/first_dag.py
[2025-11-05T06:14:37.989+0000] {logging_mixin.py:190} INFO - [2025-11-05T06:14:37.989+0000] {dag.py:3239} INFO - Sync 1 DAGs
[2025-11-05T06:14:38.005+0000] {logging_mixin.py:190} INFO - [2025-11-05T06:14:38.005+0000] {dag.py:4180} INFO - Setting next_dagrun for hello_world_dag to 2025-11-04 00:00:00+00:00, run_after=2025-11-05 00:00:00+00:00
[2025-11-05T06:14:38.029+0000] {processor.py:208} INFO - Processing /home/dellsai/airflow_project/dags/first_dag.py took 0.068 seconds
[2025-11-05T06:15:10.624+0000] {processor.py:186} INFO - Started process (PID=2281) to work on /home/dellsai/airflow_project/dags/first_dag.py
[2025-11-05T06:15:10.627+0000] {processor.py:914} INFO - Processing file /home/dellsai/airflow_project/dags/first_dag.py for tasks to queue
[2025-11-05T06:15:10.630+0000] {logging_mixin.py:190} INFO - [2025-11-05T06:15:10.629+0000] {dagbag.py:588} INFO - Filling up the DagBag from /home/dellsai/airflow_project/dags/first_dag.py
[2025-11-05T06:15:10.641+0000] {processor.py:925} INFO - DAG(s) 'hello_world_dag' retrieved from /home/dellsai/airflow_project/dags/first_dag.py
[2025-11-05T06:15:10.658+0000] {logging_mixin.py:190} INFO - [2025-11-05T06:15:10.657+0000] {dag.py:3239} INFO - Sync 1 DAGs
[2025-11-05T06:15:10.676+0000] {logging_mixin.py:190} INFO - [2025-11-05T06:15:10.676+0000] {dag.py:4180} INFO - Setting next_dagrun for hello_world_dag to 2025-11-04 00:00:00+00:00, run_after=2025-11-05 00:00:00+00:00
[2025-11-05T06:15:10.701+0000] {processor.py:208} INFO - Processing /home/dellsai/airflow_project/dags/first_dag.py took 0.083 seconds
