[2025-11-05T06:11:06.814+0000] {processor.py:186} INFO - Started process (PID=1979) to work on /home/dellsai/airflow_project/dags/hadoop.py
[2025-11-05T06:11:06.815+0000] {processor.py:914} INFO - Processing file /home/dellsai/airflow_project/dags/hadoop.py for tasks to queue
[2025-11-05T06:11:06.817+0000] {logging_mixin.py:190} INFO - [2025-11-05T06:11:06.817+0000] {dagbag.py:588} INFO - Filling up the DagBag from /home/dellsai/airflow_project/dags/hadoop.py
[2025-11-05T06:11:06.831+0000] {processor.py:925} INFO - DAG(s) 'sample_dag' retrieved from /home/dellsai/airflow_project/dags/hadoop.py
[2025-11-05T06:11:06.953+0000] {logging_mixin.py:190} INFO - [2025-11-05T06:11:06.953+0000] {override.py:1900} INFO - Created Permission View: can delete on DAG:sample_dag
[2025-11-05T06:11:06.967+0000] {logging_mixin.py:190} INFO - [2025-11-05T06:11:06.967+0000] {override.py:1900} INFO - Created Permission View: can edit on DAG:sample_dag
[2025-11-05T06:11:06.977+0000] {logging_mixin.py:190} INFO - [2025-11-05T06:11:06.977+0000] {override.py:1900} INFO - Created Permission View: can read on DAG:sample_dag
[2025-11-05T06:11:06.995+0000] {logging_mixin.py:190} INFO - [2025-11-05T06:11:06.995+0000] {override.py:1900} INFO - Created Permission View: can delete on DAG Run:sample_dag
[2025-11-05T06:11:07.007+0000] {logging_mixin.py:190} INFO - [2025-11-05T06:11:07.006+0000] {override.py:1900} INFO - Created Permission View: can create on DAG Run:sample_dag
[2025-11-05T06:11:07.019+0000] {logging_mixin.py:190} INFO - [2025-11-05T06:11:07.019+0000] {override.py:1900} INFO - Created Permission View: menu access on DAG Run:sample_dag
[2025-11-05T06:11:07.030+0000] {logging_mixin.py:190} INFO - [2025-11-05T06:11:07.029+0000] {override.py:1900} INFO - Created Permission View: can read on DAG Run:sample_dag
[2025-11-05T06:11:07.030+0000] {logging_mixin.py:190} INFO - [2025-11-05T06:11:07.030+0000] {dag.py:3239} INFO - Sync 1 DAGs
[2025-11-05T06:11:07.039+0000] {logging_mixin.py:190} INFO - [2025-11-05T06:11:07.039+0000] {dag.py:3262} INFO - Creating ORM DAG for sample_dag
[2025-11-05T06:11:07.046+0000] {logging_mixin.py:190} INFO - [2025-11-05T06:11:07.046+0000] {dag.py:4180} INFO - Setting next_dagrun for sample_dag to 2025-11-04 00:00:00+00:00, run_after=2025-11-05 00:00:00+00:00
[2025-11-05T06:11:07.067+0000] {processor.py:208} INFO - Processing /home/dellsai/airflow_project/dags/hadoop.py took 0.261 seconds
[2025-11-05T06:12:23.190+0000] {processor.py:186} INFO - Started process (PID=2080) to work on /home/dellsai/airflow_project/dags/hadoop.py
[2025-11-05T06:12:23.194+0000] {processor.py:914} INFO - Processing file /home/dellsai/airflow_project/dags/hadoop.py for tasks to queue
[2025-11-05T06:12:23.196+0000] {logging_mixin.py:190} INFO - [2025-11-05T06:12:23.196+0000] {dagbag.py:588} INFO - Filling up the DagBag from /home/dellsai/airflow_project/dags/hadoop.py
[2025-11-05T06:12:23.203+0000] {processor.py:925} INFO - DAG(s) 'sample_dag' retrieved from /home/dellsai/airflow_project/dags/hadoop.py
[2025-11-05T06:12:23.215+0000] {logging_mixin.py:190} INFO - [2025-11-05T06:12:23.215+0000] {dag.py:3239} INFO - Sync 1 DAGs
[2025-11-05T06:12:23.236+0000] {logging_mixin.py:190} INFO - [2025-11-05T06:12:23.236+0000] {dag.py:4180} INFO - Setting next_dagrun for sample_dag to 2025-11-04 00:00:00+00:00, run_after=2025-11-05 00:00:00+00:00
[2025-11-05T06:12:23.259+0000] {processor.py:208} INFO - Processing /home/dellsai/airflow_project/dags/hadoop.py took 0.073 seconds
[2025-11-05T06:13:00.517+0000] {processor.py:186} INFO - Started process (PID=2127) to work on /home/dellsai/airflow_project/dags/hadoop.py
[2025-11-05T06:13:00.520+0000] {processor.py:914} INFO - Processing file /home/dellsai/airflow_project/dags/hadoop.py for tasks to queue
[2025-11-05T06:13:00.522+0000] {logging_mixin.py:190} INFO - [2025-11-05T06:13:00.521+0000] {dagbag.py:588} INFO - Filling up the DagBag from /home/dellsai/airflow_project/dags/hadoop.py
[2025-11-05T06:13:00.529+0000] {processor.py:925} INFO - DAG(s) 'sample_dag' retrieved from /home/dellsai/airflow_project/dags/hadoop.py
[2025-11-05T06:13:00.605+0000] {logging_mixin.py:190} INFO - [2025-11-05T06:13:00.605+0000] {dag.py:3239} INFO - Sync 1 DAGs
[2025-11-05T06:13:00.620+0000] {logging_mixin.py:190} INFO - [2025-11-05T06:13:00.620+0000] {dag.py:4180} INFO - Setting next_dagrun for sample_dag to 2025-11-04 00:00:00+00:00, run_after=2025-11-05 00:00:00+00:00
[2025-11-05T06:13:00.646+0000] {processor.py:208} INFO - Processing /home/dellsai/airflow_project/dags/hadoop.py took 0.133 seconds
[2025-11-05T06:13:34.333+0000] {processor.py:186} INFO - Started process (PID=2162) to work on /home/dellsai/airflow_project/dags/hadoop.py
[2025-11-05T06:13:34.335+0000] {processor.py:914} INFO - Processing file /home/dellsai/airflow_project/dags/hadoop.py for tasks to queue
[2025-11-05T06:13:34.338+0000] {logging_mixin.py:190} INFO - [2025-11-05T06:13:34.337+0000] {dagbag.py:588} INFO - Filling up the DagBag from /home/dellsai/airflow_project/dags/hadoop.py
[2025-11-05T06:13:34.345+0000] {processor.py:925} INFO - DAG(s) 'sample_dag' retrieved from /home/dellsai/airflow_project/dags/hadoop.py
[2025-11-05T06:13:34.361+0000] {logging_mixin.py:190} INFO - [2025-11-05T06:13:34.361+0000] {dag.py:3239} INFO - Sync 1 DAGs
[2025-11-05T06:13:34.382+0000] {logging_mixin.py:190} INFO - [2025-11-05T06:13:34.382+0000] {dag.py:4180} INFO - Setting next_dagrun for sample_dag to 2025-11-04 00:00:00+00:00, run_after=2025-11-05 00:00:00+00:00
[2025-11-05T06:13:34.408+0000] {processor.py:208} INFO - Processing /home/dellsai/airflow_project/dags/hadoop.py took 0.082 seconds
[2025-11-05T06:14:06.279+0000] {processor.py:186} INFO - Started process (PID=2201) to work on /home/dellsai/airflow_project/dags/hadoop.py
[2025-11-05T06:14:06.280+0000] {processor.py:914} INFO - Processing file /home/dellsai/airflow_project/dags/hadoop.py for tasks to queue
[2025-11-05T06:14:06.282+0000] {logging_mixin.py:190} INFO - [2025-11-05T06:14:06.281+0000] {dagbag.py:588} INFO - Filling up the DagBag from /home/dellsai/airflow_project/dags/hadoop.py
[2025-11-05T06:14:06.289+0000] {processor.py:925} INFO - DAG(s) 'sample_dag' retrieved from /home/dellsai/airflow_project/dags/hadoop.py
[2025-11-05T06:14:06.300+0000] {logging_mixin.py:190} INFO - [2025-11-05T06:14:06.300+0000] {dag.py:3239} INFO - Sync 1 DAGs
[2025-11-05T06:14:06.315+0000] {logging_mixin.py:190} INFO - [2025-11-05T06:14:06.314+0000] {dag.py:4180} INFO - Setting next_dagrun for sample_dag to 2025-11-04 00:00:00+00:00, run_after=2025-11-05 00:00:00+00:00
[2025-11-05T06:14:06.338+0000] {processor.py:208} INFO - Processing /home/dellsai/airflow_project/dags/hadoop.py took 0.064 seconds
[2025-11-05T06:14:36.827+0000] {processor.py:186} INFO - Started process (PID=2237) to work on /home/dellsai/airflow_project/dags/hadoop.py
[2025-11-05T06:14:36.830+0000] {processor.py:914} INFO - Processing file /home/dellsai/airflow_project/dags/hadoop.py for tasks to queue
[2025-11-05T06:14:36.833+0000] {logging_mixin.py:190} INFO - [2025-11-05T06:14:36.832+0000] {dagbag.py:588} INFO - Filling up the DagBag from /home/dellsai/airflow_project/dags/hadoop.py
[2025-11-05T06:14:36.841+0000] {processor.py:925} INFO - DAG(s) 'sample_dag' retrieved from /home/dellsai/airflow_project/dags/hadoop.py
[2025-11-05T06:14:36.851+0000] {logging_mixin.py:190} INFO - [2025-11-05T06:14:36.850+0000] {dag.py:3239} INFO - Sync 1 DAGs
[2025-11-05T06:14:36.869+0000] {logging_mixin.py:190} INFO - [2025-11-05T06:14:36.869+0000] {dag.py:4180} INFO - Setting next_dagrun for sample_dag to 2025-11-04 00:00:00+00:00, run_after=2025-11-05 00:00:00+00:00
[2025-11-05T06:14:36.897+0000] {processor.py:208} INFO - Processing /home/dellsai/airflow_project/dags/hadoop.py took 0.074 seconds
[2025-11-05T06:15:09.378+0000] {processor.py:186} INFO - Started process (PID=2280) to work on /home/dellsai/airflow_project/dags/hadoop.py
[2025-11-05T06:15:09.381+0000] {processor.py:914} INFO - Processing file /home/dellsai/airflow_project/dags/hadoop.py for tasks to queue
[2025-11-05T06:15:09.383+0000] {logging_mixin.py:190} INFO - [2025-11-05T06:15:09.382+0000] {dagbag.py:588} INFO - Filling up the DagBag from /home/dellsai/airflow_project/dags/hadoop.py
[2025-11-05T06:15:09.390+0000] {processor.py:925} INFO - DAG(s) 'sample_dag' retrieved from /home/dellsai/airflow_project/dags/hadoop.py
[2025-11-05T06:15:09.461+0000] {logging_mixin.py:190} INFO - [2025-11-05T06:15:09.461+0000] {dag.py:3239} INFO - Sync 1 DAGs
[2025-11-05T06:15:09.481+0000] {logging_mixin.py:190} INFO - [2025-11-05T06:15:09.480+0000] {dag.py:4180} INFO - Setting next_dagrun for sample_dag to 2025-11-04 00:00:00+00:00, run_after=2025-11-05 00:00:00+00:00
[2025-11-05T06:15:09.509+0000] {processor.py:208} INFO - Processing /home/dellsai/airflow_project/dags/hadoop.py took 0.136 seconds
