[2025-11-05T06:11:15.695+0000] {processor.py:186} INFO - Started process (PID=1988) to work on /home/dellsai/airflow_project/dags/randomuser_api_dag.py
[2025-11-05T06:11:15.695+0000] {processor.py:914} INFO - Processing file /home/dellsai/airflow_project/dags/randomuser_api_dag.py for tasks to queue
[2025-11-05T06:11:15.697+0000] {logging_mixin.py:190} INFO - [2025-11-05T06:11:15.697+0000] {dagbag.py:588} INFO - Filling up the DagBag from /home/dellsai/airflow_project/dags/randomuser_api_dag.py
[2025-11-05T06:11:15.770+0000] {processor.py:925} INFO - DAG(s) 'randomuser_pyspark_dag' retrieved from /home/dellsai/airflow_project/dags/randomuser_api_dag.py
[2025-11-05T06:11:15.875+0000] {logging_mixin.py:190} INFO - [2025-11-05T06:11:15.875+0000] {override.py:1900} INFO - Created Permission View: can delete on DAG:randomuser_pyspark_dag
[2025-11-05T06:11:15.891+0000] {logging_mixin.py:190} INFO - [2025-11-05T06:11:15.891+0000] {override.py:1900} INFO - Created Permission View: can edit on DAG:randomuser_pyspark_dag
[2025-11-05T06:11:15.906+0000] {logging_mixin.py:190} INFO - [2025-11-05T06:11:15.906+0000] {override.py:1900} INFO - Created Permission View: can read on DAG:randomuser_pyspark_dag
[2025-11-05T06:11:15.927+0000] {logging_mixin.py:190} INFO - [2025-11-05T06:11:15.926+0000] {override.py:1900} INFO - Created Permission View: can delete on DAG Run:randomuser_pyspark_dag
[2025-11-05T06:11:15.938+0000] {logging_mixin.py:190} INFO - [2025-11-05T06:11:15.938+0000] {override.py:1900} INFO - Created Permission View: can create on DAG Run:randomuser_pyspark_dag
[2025-11-05T06:11:15.950+0000] {logging_mixin.py:190} INFO - [2025-11-05T06:11:15.950+0000] {override.py:1900} INFO - Created Permission View: menu access on DAG Run:randomuser_pyspark_dag
[2025-11-05T06:11:15.961+0000] {logging_mixin.py:190} INFO - [2025-11-05T06:11:15.961+0000] {override.py:1900} INFO - Created Permission View: can read on DAG Run:randomuser_pyspark_dag
[2025-11-05T06:11:15.962+0000] {logging_mixin.py:190} INFO - [2025-11-05T06:11:15.962+0000] {dag.py:3239} INFO - Sync 1 DAGs
[2025-11-05T06:11:15.972+0000] {logging_mixin.py:190} INFO - [2025-11-05T06:11:15.972+0000] {dag.py:3262} INFO - Creating ORM DAG for randomuser_pyspark_dag
[2025-11-05T06:11:15.973+0000] {logging_mixin.py:190} INFO - [2025-11-05T06:11:15.972+0000] {dag.py:4180} INFO - Setting next_dagrun for randomuser_pyspark_dag to None, run_after=None
[2025-11-05T06:11:15.996+0000] {processor.py:208} INFO - Processing /home/dellsai/airflow_project/dags/randomuser_api_dag.py took 0.306 seconds
[2025-11-05T06:12:30.218+0000] {processor.py:186} INFO - Started process (PID=2087) to work on /home/dellsai/airflow_project/dags/randomuser_api_dag.py
[2025-11-05T06:12:30.221+0000] {processor.py:914} INFO - Processing file /home/dellsai/airflow_project/dags/randomuser_api_dag.py for tasks to queue
[2025-11-05T06:12:30.223+0000] {logging_mixin.py:190} INFO - [2025-11-05T06:12:30.222+0000] {dagbag.py:588} INFO - Filling up the DagBag from /home/dellsai/airflow_project/dags/randomuser_api_dag.py
[2025-11-05T06:12:30.286+0000] {processor.py:925} INFO - DAG(s) 'randomuser_pyspark_dag' retrieved from /home/dellsai/airflow_project/dags/randomuser_api_dag.py
[2025-11-05T06:12:30.298+0000] {logging_mixin.py:190} INFO - [2025-11-05T06:12:30.297+0000] {dag.py:3239} INFO - Sync 1 DAGs
[2025-11-05T06:12:30.307+0000] {logging_mixin.py:190} INFO - [2025-11-05T06:12:30.307+0000] {dag.py:4180} INFO - Setting next_dagrun for randomuser_pyspark_dag to None, run_after=None
[2025-11-05T06:12:30.335+0000] {processor.py:208} INFO - Processing /home/dellsai/airflow_project/dags/randomuser_api_dag.py took 0.121 seconds
[2025-11-05T06:13:07.969+0000] {processor.py:186} INFO - Started process (PID=2134) to work on /home/dellsai/airflow_project/dags/randomuser_api_dag.py
[2025-11-05T06:13:07.972+0000] {processor.py:914} INFO - Processing file /home/dellsai/airflow_project/dags/randomuser_api_dag.py for tasks to queue
[2025-11-05T06:13:07.973+0000] {logging_mixin.py:190} INFO - [2025-11-05T06:13:07.973+0000] {dagbag.py:588} INFO - Filling up the DagBag from /home/dellsai/airflow_project/dags/randomuser_api_dag.py
[2025-11-05T06:13:08.033+0000] {processor.py:925} INFO - DAG(s) 'randomuser_pyspark_dag' retrieved from /home/dellsai/airflow_project/dags/randomuser_api_dag.py
[2025-11-05T06:13:08.048+0000] {logging_mixin.py:190} INFO - [2025-11-05T06:13:08.048+0000] {dag.py:3239} INFO - Sync 1 DAGs
[2025-11-05T06:13:08.058+0000] {logging_mixin.py:190} INFO - [2025-11-05T06:13:08.058+0000] {dag.py:4180} INFO - Setting next_dagrun for randomuser_pyspark_dag to None, run_after=None
[2025-11-05T06:13:08.082+0000] {processor.py:208} INFO - Processing /home/dellsai/airflow_project/dags/randomuser_api_dag.py took 0.118 seconds
[2025-11-05T06:14:11.590+0000] {processor.py:186} INFO - Started process (PID=2207) to work on /home/dellsai/airflow_project/dags/randomuser_api_dag.py
[2025-11-05T06:14:11.593+0000] {processor.py:914} INFO - Processing file /home/dellsai/airflow_project/dags/randomuser_api_dag.py for tasks to queue
[2025-11-05T06:14:11.594+0000] {logging_mixin.py:190} INFO - [2025-11-05T06:14:11.594+0000] {dagbag.py:588} INFO - Filling up the DagBag from /home/dellsai/airflow_project/dags/randomuser_api_dag.py
[2025-11-05T06:14:11.654+0000] {processor.py:925} INFO - DAG(s) 'randomuser_pyspark_dag' retrieved from /home/dellsai/airflow_project/dags/randomuser_api_dag.py
[2025-11-05T06:14:11.670+0000] {logging_mixin.py:190} INFO - [2025-11-05T06:14:11.670+0000] {dag.py:3239} INFO - Sync 1 DAGs
[2025-11-05T06:14:11.789+0000] {logging_mixin.py:190} INFO - [2025-11-05T06:14:11.789+0000] {dag.py:4180} INFO - Setting next_dagrun for randomuser_pyspark_dag to None, run_after=None
[2025-11-05T06:14:11.812+0000] {processor.py:208} INFO - Processing /home/dellsai/airflow_project/dags/randomuser_api_dag.py took 0.226 seconds
[2025-11-05T06:15:15.844+0000] {processor.py:186} INFO - Started process (PID=2286) to work on /home/dellsai/airflow_project/dags/randomuser_api_dag.py
[2025-11-05T06:15:15.845+0000] {processor.py:914} INFO - Processing file /home/dellsai/airflow_project/dags/randomuser_api_dag.py for tasks to queue
[2025-11-05T06:15:15.847+0000] {logging_mixin.py:190} INFO - [2025-11-05T06:15:15.846+0000] {dagbag.py:588} INFO - Filling up the DagBag from /home/dellsai/airflow_project/dags/randomuser_api_dag.py
[2025-11-05T06:15:16.032+0000] {processor.py:925} INFO - DAG(s) 'randomuser_pyspark_dag' retrieved from /home/dellsai/airflow_project/dags/randomuser_api_dag.py
[2025-11-05T06:15:16.041+0000] {logging_mixin.py:190} INFO - [2025-11-05T06:15:16.041+0000] {dag.py:3239} INFO - Sync 1 DAGs
[2025-11-05T06:15:16.051+0000] {logging_mixin.py:190} INFO - [2025-11-05T06:15:16.051+0000] {dag.py:4180} INFO - Setting next_dagrun for randomuser_pyspark_dag to None, run_after=None
[2025-11-05T06:15:16.077+0000] {processor.py:208} INFO - Processing /home/dellsai/airflow_project/dags/randomuser_api_dag.py took 0.238 seconds
