[2025-11-05T06:11:11.713+0000] {processor.py:186} INFO - Started process (PID=1983) to work on /home/dellsai/airflow_project/dags/secondary_dag.py
[2025-11-05T06:11:11.714+0000] {processor.py:914} INFO - Processing file /home/dellsai/airflow_project/dags/secondary_dag.py for tasks to queue
[2025-11-05T06:11:11.716+0000] {logging_mixin.py:190} INFO - [2025-11-05T06:11:11.716+0000] {dagbag.py:588} INFO - Filling up the DagBag from /home/dellsai/airflow_project/dags/secondary_dag.py
[2025-11-05T06:11:11.812+0000] {processor.py:925} INFO - DAG(s) 'five_task_dag_with_xcom_pyspark' retrieved from /home/dellsai/airflow_project/dags/secondary_dag.py
[2025-11-05T06:11:11.918+0000] {logging_mixin.py:190} INFO - [2025-11-05T06:11:11.917+0000] {override.py:1900} INFO - Created Permission View: can delete on DAG:five_task_dag_with_xcom_pyspark
[2025-11-05T06:11:11.931+0000] {logging_mixin.py:190} INFO - [2025-11-05T06:11:11.931+0000] {override.py:1900} INFO - Created Permission View: can edit on DAG:five_task_dag_with_xcom_pyspark
[2025-11-05T06:11:11.944+0000] {logging_mixin.py:190} INFO - [2025-11-05T06:11:11.943+0000] {override.py:1900} INFO - Created Permission View: can read on DAG:five_task_dag_with_xcom_pyspark
[2025-11-05T06:11:11.966+0000] {logging_mixin.py:190} INFO - [2025-11-05T06:11:11.966+0000] {override.py:1900} INFO - Created Permission View: can delete on DAG Run:five_task_dag_with_xcom_pyspark
[2025-11-05T06:11:11.980+0000] {logging_mixin.py:190} INFO - [2025-11-05T06:11:11.979+0000] {override.py:1900} INFO - Created Permission View: can create on DAG Run:five_task_dag_with_xcom_pyspark
[2025-11-05T06:11:11.993+0000] {logging_mixin.py:190} INFO - [2025-11-05T06:11:11.992+0000] {override.py:1900} INFO - Created Permission View: menu access on DAG Run:five_task_dag_with_xcom_pyspark
[2025-11-05T06:11:12.006+0000] {logging_mixin.py:190} INFO - [2025-11-05T06:11:12.005+0000] {override.py:1900} INFO - Created Permission View: can read on DAG Run:five_task_dag_with_xcom_pyspark
[2025-11-05T06:11:12.006+0000] {logging_mixin.py:190} INFO - [2025-11-05T06:11:12.006+0000] {dag.py:3239} INFO - Sync 1 DAGs
[2025-11-05T06:11:12.021+0000] {logging_mixin.py:190} INFO - [2025-11-05T06:11:12.021+0000] {dag.py:3262} INFO - Creating ORM DAG for five_task_dag_with_xcom_pyspark
[2025-11-05T06:11:12.032+0000] {logging_mixin.py:190} INFO - [2025-11-05T06:11:12.031+0000] {dag.py:4180} INFO - Setting next_dagrun for five_task_dag_with_xcom_pyspark to 2025-11-04 00:00:00+00:00, run_after=2025-11-05 00:00:00+00:00
[2025-11-05T06:11:12.060+0000] {processor.py:208} INFO - Processing /home/dellsai/airflow_project/dags/secondary_dag.py took 0.354 seconds
[2025-11-05T06:12:27.088+0000] {processor.py:186} INFO - Started process (PID=2084) to work on /home/dellsai/airflow_project/dags/secondary_dag.py
[2025-11-05T06:12:27.091+0000] {processor.py:914} INFO - Processing file /home/dellsai/airflow_project/dags/secondary_dag.py for tasks to queue
[2025-11-05T06:12:27.094+0000] {logging_mixin.py:190} INFO - [2025-11-05T06:12:27.093+0000] {dagbag.py:588} INFO - Filling up the DagBag from /home/dellsai/airflow_project/dags/secondary_dag.py
[2025-11-05T06:12:27.191+0000] {processor.py:925} INFO - DAG(s) 'five_task_dag_with_xcom_pyspark' retrieved from /home/dellsai/airflow_project/dags/secondary_dag.py
[2025-11-05T06:12:27.207+0000] {logging_mixin.py:190} INFO - [2025-11-05T06:12:27.207+0000] {dag.py:3239} INFO - Sync 1 DAGs
[2025-11-05T06:12:27.229+0000] {logging_mixin.py:190} INFO - [2025-11-05T06:12:27.229+0000] {dag.py:4180} INFO - Setting next_dagrun for five_task_dag_with_xcom_pyspark to 2025-11-04 00:00:00+00:00, run_after=2025-11-05 00:00:00+00:00
[2025-11-05T06:12:27.258+0000] {processor.py:208} INFO - Processing /home/dellsai/airflow_project/dags/secondary_dag.py took 0.177 seconds
[2025-11-05T06:13:04.668+0000] {processor.py:186} INFO - Started process (PID=2131) to work on /home/dellsai/airflow_project/dags/secondary_dag.py
[2025-11-05T06:13:04.671+0000] {processor.py:914} INFO - Processing file /home/dellsai/airflow_project/dags/secondary_dag.py for tasks to queue
[2025-11-05T06:13:04.672+0000] {logging_mixin.py:190} INFO - [2025-11-05T06:13:04.672+0000] {dagbag.py:588} INFO - Filling up the DagBag from /home/dellsai/airflow_project/dags/secondary_dag.py
[2025-11-05T06:13:04.740+0000] {processor.py:925} INFO - DAG(s) 'five_task_dag_with_xcom_pyspark' retrieved from /home/dellsai/airflow_project/dags/secondary_dag.py
[2025-11-05T06:13:04.754+0000] {logging_mixin.py:190} INFO - [2025-11-05T06:13:04.754+0000] {dag.py:3239} INFO - Sync 1 DAGs
[2025-11-05T06:13:04.773+0000] {logging_mixin.py:190} INFO - [2025-11-05T06:13:04.772+0000] {dag.py:4180} INFO - Setting next_dagrun for five_task_dag_with_xcom_pyspark to 2025-11-04 00:00:00+00:00, run_after=2025-11-05 00:00:00+00:00
[2025-11-05T06:13:04.797+0000] {processor.py:208} INFO - Processing /home/dellsai/airflow_project/dags/secondary_dag.py took 0.134 seconds
[2025-11-05T06:14:08.822+0000] {processor.py:186} INFO - Started process (PID=2204) to work on /home/dellsai/airflow_project/dags/secondary_dag.py
[2025-11-05T06:14:08.825+0000] {processor.py:914} INFO - Processing file /home/dellsai/airflow_project/dags/secondary_dag.py for tasks to queue
[2025-11-05T06:14:08.827+0000] {logging_mixin.py:190} INFO - [2025-11-05T06:14:08.827+0000] {dagbag.py:588} INFO - Filling up the DagBag from /home/dellsai/airflow_project/dags/secondary_dag.py
[2025-11-05T06:14:08.904+0000] {processor.py:925} INFO - DAG(s) 'five_task_dag_with_xcom_pyspark' retrieved from /home/dellsai/airflow_project/dags/secondary_dag.py
[2025-11-05T06:14:08.924+0000] {logging_mixin.py:190} INFO - [2025-11-05T06:14:08.924+0000] {dag.py:3239} INFO - Sync 1 DAGs
[2025-11-05T06:14:09.043+0000] {logging_mixin.py:190} INFO - [2025-11-05T06:14:09.043+0000] {dag.py:4180} INFO - Setting next_dagrun for five_task_dag_with_xcom_pyspark to 2025-11-04 00:00:00+00:00, run_after=2025-11-05 00:00:00+00:00
[2025-11-05T06:14:09.067+0000] {processor.py:208} INFO - Processing /home/dellsai/airflow_project/dags/secondary_dag.py took 0.249 seconds
[2025-11-05T06:15:12.234+0000] {processor.py:186} INFO - Started process (PID=2283) to work on /home/dellsai/airflow_project/dags/secondary_dag.py
[2025-11-05T06:15:12.236+0000] {processor.py:914} INFO - Processing file /home/dellsai/airflow_project/dags/secondary_dag.py for tasks to queue
[2025-11-05T06:15:12.238+0000] {logging_mixin.py:190} INFO - [2025-11-05T06:15:12.238+0000] {dagbag.py:588} INFO - Filling up the DagBag from /home/dellsai/airflow_project/dags/secondary_dag.py
[2025-11-05T06:15:12.414+0000] {processor.py:925} INFO - DAG(s) 'five_task_dag_with_xcom_pyspark' retrieved from /home/dellsai/airflow_project/dags/secondary_dag.py
[2025-11-05T06:15:12.424+0000] {logging_mixin.py:190} INFO - [2025-11-05T06:15:12.423+0000] {dag.py:3239} INFO - Sync 1 DAGs
[2025-11-05T06:15:12.437+0000] {logging_mixin.py:190} INFO - [2025-11-05T06:15:12.437+0000] {dag.py:4180} INFO - Setting next_dagrun for five_task_dag_with_xcom_pyspark to 2025-11-04 00:00:00+00:00, run_after=2025-11-05 00:00:00+00:00
[2025-11-05T06:15:12.460+0000] {processor.py:208} INFO - Processing /home/dellsai/airflow_project/dags/secondary_dag.py took 0.231 seconds
