[2025-11-05T06:11:13.165+0000] {processor.py:186} INFO - Started process (PID=1984) to work on /home/dellsai/airflow_project/dags/transform.py
[2025-11-05T06:11:13.166+0000] {processor.py:914} INFO - Processing file /home/dellsai/airflow_project/dags/transform.py for tasks to queue
[2025-11-05T06:11:13.168+0000] {logging_mixin.py:190} INFO - [2025-11-05T06:11:13.167+0000] {dagbag.py:588} INFO - Filling up the DagBag from /home/dellsai/airflow_project/dags/transform.py
[2025-11-05T06:11:13.176+0000] {processor.py:925} INFO - DAG(s) 'api_to_adls_dag' retrieved from /home/dellsai/airflow_project/dags/transform.py
[2025-11-05T06:11:13.282+0000] {logging_mixin.py:190} INFO - [2025-11-05T06:11:13.282+0000] {override.py:1900} INFO - Created Permission View: can delete on DAG:api_to_adls_dag
[2025-11-05T06:11:13.297+0000] {logging_mixin.py:190} INFO - [2025-11-05T06:11:13.296+0000] {override.py:1900} INFO - Created Permission View: can edit on DAG:api_to_adls_dag
[2025-11-05T06:11:13.309+0000] {logging_mixin.py:190} INFO - [2025-11-05T06:11:13.309+0000] {override.py:1900} INFO - Created Permission View: can read on DAG:api_to_adls_dag
[2025-11-05T06:11:13.330+0000] {logging_mixin.py:190} INFO - [2025-11-05T06:11:13.330+0000] {override.py:1900} INFO - Created Permission View: can delete on DAG Run:api_to_adls_dag
[2025-11-05T06:11:13.343+0000] {logging_mixin.py:190} INFO - [2025-11-05T06:11:13.342+0000] {override.py:1900} INFO - Created Permission View: can create on DAG Run:api_to_adls_dag
[2025-11-05T06:11:13.355+0000] {logging_mixin.py:190} INFO - [2025-11-05T06:11:13.355+0000] {override.py:1900} INFO - Created Permission View: menu access on DAG Run:api_to_adls_dag
[2025-11-05T06:11:13.368+0000] {logging_mixin.py:190} INFO - [2025-11-05T06:11:13.368+0000] {override.py:1900} INFO - Created Permission View: can read on DAG Run:api_to_adls_dag
[2025-11-05T06:11:13.369+0000] {logging_mixin.py:190} INFO - [2025-11-05T06:11:13.369+0000] {dag.py:3239} INFO - Sync 1 DAGs
[2025-11-05T06:11:13.381+0000] {logging_mixin.py:190} INFO - [2025-11-05T06:11:13.381+0000] {dag.py:3262} INFO - Creating ORM DAG for api_to_adls_dag
[2025-11-05T06:11:13.393+0000] {logging_mixin.py:190} INFO - [2025-11-05T06:11:13.393+0000] {dag.py:4180} INFO - Setting next_dagrun for api_to_adls_dag to 2025-11-04 00:00:00+00:00, run_after=2025-11-05 00:00:00+00:00
[2025-11-05T06:11:13.413+0000] {processor.py:208} INFO - Processing /home/dellsai/airflow_project/dags/transform.py took 0.252 seconds
[2025-11-05T06:12:28.345+0000] {processor.py:186} INFO - Started process (PID=2085) to work on /home/dellsai/airflow_project/dags/transform.py
[2025-11-05T06:12:28.348+0000] {processor.py:914} INFO - Processing file /home/dellsai/airflow_project/dags/transform.py for tasks to queue
[2025-11-05T06:12:28.350+0000] {logging_mixin.py:190} INFO - [2025-11-05T06:12:28.350+0000] {dagbag.py:588} INFO - Filling up the DagBag from /home/dellsai/airflow_project/dags/transform.py
[2025-11-05T06:12:28.359+0000] {processor.py:925} INFO - DAG(s) 'api_to_adls_dag' retrieved from /home/dellsai/airflow_project/dags/transform.py
[2025-11-05T06:12:28.370+0000] {logging_mixin.py:190} INFO - [2025-11-05T06:12:28.370+0000] {dag.py:3239} INFO - Sync 1 DAGs
[2025-11-05T06:12:28.385+0000] {logging_mixin.py:190} INFO - [2025-11-05T06:12:28.385+0000] {dag.py:4180} INFO - Setting next_dagrun for api_to_adls_dag to 2025-11-04 00:00:00+00:00, run_after=2025-11-05 00:00:00+00:00
[2025-11-05T06:12:28.409+0000] {processor.py:208} INFO - Processing /home/dellsai/airflow_project/dags/transform.py took 0.069 seconds
[2025-11-05T06:13:05.759+0000] {processor.py:186} INFO - Started process (PID=2132) to work on /home/dellsai/airflow_project/dags/transform.py
[2025-11-05T06:13:05.762+0000] {processor.py:914} INFO - Processing file /home/dellsai/airflow_project/dags/transform.py for tasks to queue
[2025-11-05T06:13:05.763+0000] {logging_mixin.py:190} INFO - [2025-11-05T06:13:05.763+0000] {dagbag.py:588} INFO - Filling up the DagBag from /home/dellsai/airflow_project/dags/transform.py
[2025-11-05T06:13:05.770+0000] {processor.py:925} INFO - DAG(s) 'api_to_adls_dag' retrieved from /home/dellsai/airflow_project/dags/transform.py
[2025-11-05T06:13:05.782+0000] {logging_mixin.py:190} INFO - [2025-11-05T06:13:05.782+0000] {dag.py:3239} INFO - Sync 1 DAGs
[2025-11-05T06:13:05.796+0000] {logging_mixin.py:190} INFO - [2025-11-05T06:13:05.796+0000] {dag.py:4180} INFO - Setting next_dagrun for api_to_adls_dag to 2025-11-04 00:00:00+00:00, run_after=2025-11-05 00:00:00+00:00
[2025-11-05T06:13:05.819+0000] {processor.py:208} INFO - Processing /home/dellsai/airflow_project/dags/transform.py took 0.064 seconds
[2025-11-05T06:14:10.165+0000] {processor.py:186} INFO - Started process (PID=2205) to work on /home/dellsai/airflow_project/dags/transform.py
[2025-11-05T06:14:10.167+0000] {processor.py:914} INFO - Processing file /home/dellsai/airflow_project/dags/transform.py for tasks to queue
[2025-11-05T06:14:10.168+0000] {logging_mixin.py:190} INFO - [2025-11-05T06:14:10.168+0000] {dagbag.py:588} INFO - Filling up the DagBag from /home/dellsai/airflow_project/dags/transform.py
[2025-11-05T06:14:10.175+0000] {processor.py:925} INFO - DAG(s) 'api_to_adls_dag' retrieved from /home/dellsai/airflow_project/dags/transform.py
[2025-11-05T06:14:10.187+0000] {logging_mixin.py:190} INFO - [2025-11-05T06:14:10.187+0000] {dag.py:3239} INFO - Sync 1 DAGs
[2025-11-05T06:14:10.202+0000] {logging_mixin.py:190} INFO - [2025-11-05T06:14:10.202+0000] {dag.py:4180} INFO - Setting next_dagrun for api_to_adls_dag to 2025-11-04 00:00:00+00:00, run_after=2025-11-05 00:00:00+00:00
[2025-11-05T06:14:10.225+0000] {processor.py:208} INFO - Processing /home/dellsai/airflow_project/dags/transform.py took 0.064 seconds
[2025-11-05T06:15:13.581+0000] {processor.py:186} INFO - Started process (PID=2284) to work on /home/dellsai/airflow_project/dags/transform.py
[2025-11-05T06:15:13.582+0000] {processor.py:914} INFO - Processing file /home/dellsai/airflow_project/dags/transform.py for tasks to queue
[2025-11-05T06:15:13.584+0000] {logging_mixin.py:190} INFO - [2025-11-05T06:15:13.584+0000] {dagbag.py:588} INFO - Filling up the DagBag from /home/dellsai/airflow_project/dags/transform.py
[2025-11-05T06:15:13.592+0000] {processor.py:925} INFO - DAG(s) 'api_to_adls_dag' retrieved from /home/dellsai/airflow_project/dags/transform.py
[2025-11-05T06:15:13.608+0000] {logging_mixin.py:190} INFO - [2025-11-05T06:15:13.608+0000] {dag.py:3239} INFO - Sync 1 DAGs
[2025-11-05T06:15:13.625+0000] {logging_mixin.py:190} INFO - [2025-11-05T06:15:13.625+0000] {dag.py:4180} INFO - Setting next_dagrun for api_to_adls_dag to 2025-11-04 00:00:00+00:00, run_after=2025-11-05 00:00:00+00:00
[2025-11-05T06:15:13.651+0000] {processor.py:208} INFO - Processing /home/dellsai/airflow_project/dags/transform.py took 0.075 seconds
