[2025-11-05T06:12:13.796+0000] {processor.py:186} INFO - Started process (PID=2072) to work on /home/dellsai/airflow_project/airflow_venv/lib/python3.12/site-packages/airflow/example_dags/example_dag_decorator.py
[2025-11-05T06:12:13.797+0000] {processor.py:914} INFO - Processing file /home/dellsai/airflow_project/airflow_venv/lib/python3.12/site-packages/airflow/example_dags/example_dag_decorator.py for tasks to queue
[2025-11-05T06:12:13.799+0000] {logging_mixin.py:190} INFO - [2025-11-05T06:12:13.799+0000] {dagbag.py:588} INFO - Filling up the DagBag from /home/dellsai/airflow_project/airflow_venv/lib/python3.12/site-packages/airflow/example_dags/example_dag_decorator.py
[2025-11-05T06:12:13.809+0000] {processor.py:925} INFO - DAG(s) 'example_dag_decorator' retrieved from /home/dellsai/airflow_project/airflow_venv/lib/python3.12/site-packages/airflow/example_dags/example_dag_decorator.py
[2025-11-05T06:12:13.907+0000] {logging_mixin.py:190} INFO - [2025-11-05T06:12:13.906+0000] {override.py:1900} INFO - Created Permission View: can delete on DAG:example_dag_decorator
[2025-11-05T06:12:13.923+0000] {logging_mixin.py:190} INFO - [2025-11-05T06:12:13.923+0000] {override.py:1900} INFO - Created Permission View: can edit on DAG:example_dag_decorator
[2025-11-05T06:12:13.938+0000] {logging_mixin.py:190} INFO - [2025-11-05T06:12:13.938+0000] {override.py:1900} INFO - Created Permission View: can read on DAG:example_dag_decorator
[2025-11-05T06:12:13.956+0000] {logging_mixin.py:190} INFO - [2025-11-05T06:12:13.956+0000] {override.py:1900} INFO - Created Permission View: can delete on DAG Run:example_dag_decorator
[2025-11-05T06:12:13.967+0000] {logging_mixin.py:190} INFO - [2025-11-05T06:12:13.966+0000] {override.py:1900} INFO - Created Permission View: can create on DAG Run:example_dag_decorator
[2025-11-05T06:12:13.977+0000] {logging_mixin.py:190} INFO - [2025-11-05T06:12:13.977+0000] {override.py:1900} INFO - Created Permission View: menu access on DAG Run:example_dag_decorator
[2025-11-05T06:12:13.988+0000] {logging_mixin.py:190} INFO - [2025-11-05T06:12:13.988+0000] {override.py:1900} INFO - Created Permission View: can read on DAG Run:example_dag_decorator
[2025-11-05T06:12:13.989+0000] {logging_mixin.py:190} INFO - [2025-11-05T06:12:13.989+0000] {dag.py:3239} INFO - Sync 1 DAGs
[2025-11-05T06:12:13.997+0000] {logging_mixin.py:190} INFO - [2025-11-05T06:12:13.997+0000] {dag.py:3262} INFO - Creating ORM DAG for example_dag_decorator
[2025-11-05T06:12:13.998+0000] {logging_mixin.py:190} INFO - [2025-11-05T06:12:13.998+0000] {dag.py:4180} INFO - Setting next_dagrun for example_dag_decorator to None, run_after=None
[2025-11-05T06:12:14.020+0000] {processor.py:208} INFO - Processing /home/dellsai/airflow_project/airflow_venv/lib/python3.12/site-packages/airflow/example_dags/example_dag_decorator.py took 0.229 seconds
[2025-11-05T06:13:25.645+0000] {processor.py:186} INFO - Started process (PID=2154) to work on /home/dellsai/airflow_project/airflow_venv/lib/python3.12/site-packages/airflow/example_dags/example_dag_decorator.py
[2025-11-05T06:13:25.647+0000] {processor.py:914} INFO - Processing file /home/dellsai/airflow_project/airflow_venv/lib/python3.12/site-packages/airflow/example_dags/example_dag_decorator.py for tasks to queue
[2025-11-05T06:13:25.653+0000] {logging_mixin.py:190} INFO - [2025-11-05T06:13:25.653+0000] {dagbag.py:588} INFO - Filling up the DagBag from /home/dellsai/airflow_project/airflow_venv/lib/python3.12/site-packages/airflow/example_dags/example_dag_decorator.py
[2025-11-05T06:13:25.667+0000] {processor.py:925} INFO - DAG(s) 'example_dag_decorator' retrieved from /home/dellsai/airflow_project/airflow_venv/lib/python3.12/site-packages/airflow/example_dags/example_dag_decorator.py
[2025-11-05T06:13:25.767+0000] {logging_mixin.py:190} INFO - [2025-11-05T06:13:25.767+0000] {dag.py:3239} INFO - Sync 1 DAGs
[2025-11-05T06:13:25.778+0000] {logging_mixin.py:190} INFO - [2025-11-05T06:13:25.778+0000] {dag.py:4180} INFO - Setting next_dagrun for example_dag_decorator to None, run_after=None
[2025-11-05T06:13:25.803+0000] {processor.py:208} INFO - Processing /home/dellsai/airflow_project/airflow_venv/lib/python3.12/site-packages/airflow/example_dags/example_dag_decorator.py took 0.164 seconds
[2025-11-05T06:14:30.108+0000] {processor.py:186} INFO - Started process (PID=2227) to work on /home/dellsai/airflow_project/airflow_venv/lib/python3.12/site-packages/airflow/example_dags/example_dag_decorator.py
[2025-11-05T06:14:30.109+0000] {processor.py:914} INFO - Processing file /home/dellsai/airflow_project/airflow_venv/lib/python3.12/site-packages/airflow/example_dags/example_dag_decorator.py for tasks to queue
[2025-11-05T06:14:30.112+0000] {logging_mixin.py:190} INFO - [2025-11-05T06:14:30.112+0000] {dagbag.py:588} INFO - Filling up the DagBag from /home/dellsai/airflow_project/airflow_venv/lib/python3.12/site-packages/airflow/example_dags/example_dag_decorator.py
[2025-11-05T06:14:30.126+0000] {processor.py:925} INFO - DAG(s) 'example_dag_decorator' retrieved from /home/dellsai/airflow_project/airflow_venv/lib/python3.12/site-packages/airflow/example_dags/example_dag_decorator.py
[2025-11-05T06:14:30.226+0000] {logging_mixin.py:190} INFO - [2025-11-05T06:14:30.226+0000] {dag.py:3239} INFO - Sync 1 DAGs
[2025-11-05T06:14:30.239+0000] {logging_mixin.py:190} INFO - [2025-11-05T06:14:30.239+0000] {dag.py:4180} INFO - Setting next_dagrun for example_dag_decorator to None, run_after=None
[2025-11-05T06:14:30.268+0000] {processor.py:208} INFO - Processing /home/dellsai/airflow_project/airflow_venv/lib/python3.12/site-packages/airflow/example_dags/example_dag_decorator.py took 0.165 seconds
