[2025-11-05T06:11:28.977+0000] {processor.py:186} INFO - Started process (PID=2001) to work on /home/dellsai/airflow_project/airflow_venv/lib/python3.12/site-packages/airflow/example_dags/example_dataset_alias_with_no_taskflow.py
[2025-11-05T06:11:28.978+0000] {processor.py:914} INFO - Processing file /home/dellsai/airflow_project/airflow_venv/lib/python3.12/site-packages/airflow/example_dags/example_dataset_alias_with_no_taskflow.py for tasks to queue
[2025-11-05T06:11:28.981+0000] {logging_mixin.py:190} INFO - [2025-11-05T06:11:28.980+0000] {dagbag.py:588} INFO - Filling up the DagBag from /home/dellsai/airflow_project/airflow_venv/lib/python3.12/site-packages/airflow/example_dags/example_dataset_alias_with_no_taskflow.py
[2025-11-05T06:11:29.001+0000] {processor.py:925} INFO - DAG(s) 'dataset_alias_example_alias_consumer_with_no_taskflow', 'dataset_alias_example_alias_producer_with_no_taskflow', 'dataset_s3_bucket_consumer_with_no_taskflow', 'dataset_s3_bucket_producer_with_no_taskflow' retrieved from /home/dellsai/airflow_project/airflow_venv/lib/python3.12/site-packages/airflow/example_dags/example_dataset_alias_with_no_taskflow.py
[2025-11-05T06:11:29.103+0000] {logging_mixin.py:190} INFO - [2025-11-05T06:11:29.102+0000] {override.py:1900} INFO - Created Permission View: can delete on DAG:dataset_alias_example_alias_consumer_with_no_taskflow
[2025-11-05T06:11:29.120+0000] {logging_mixin.py:190} INFO - [2025-11-05T06:11:29.119+0000] {override.py:1900} INFO - Created Permission View: can edit on DAG:dataset_alias_example_alias_consumer_with_no_taskflow
[2025-11-05T06:11:29.131+0000] {logging_mixin.py:190} INFO - [2025-11-05T06:11:29.131+0000] {override.py:1900} INFO - Created Permission View: can read on DAG:dataset_alias_example_alias_consumer_with_no_taskflow
[2025-11-05T06:11:29.157+0000] {logging_mixin.py:190} INFO - [2025-11-05T06:11:29.157+0000] {override.py:1900} INFO - Created Permission View: can delete on DAG Run:dataset_alias_example_alias_consumer_with_no_taskflow
[2025-11-05T06:11:29.171+0000] {logging_mixin.py:190} INFO - [2025-11-05T06:11:29.170+0000] {override.py:1900} INFO - Created Permission View: can create on DAG Run:dataset_alias_example_alias_consumer_with_no_taskflow
[2025-11-05T06:11:29.184+0000] {logging_mixin.py:190} INFO - [2025-11-05T06:11:29.183+0000] {override.py:1900} INFO - Created Permission View: menu access on DAG Run:dataset_alias_example_alias_consumer_with_no_taskflow
[2025-11-05T06:11:29.196+0000] {logging_mixin.py:190} INFO - [2025-11-05T06:11:29.196+0000] {override.py:1900} INFO - Created Permission View: can read on DAG Run:dataset_alias_example_alias_consumer_with_no_taskflow
[2025-11-05T06:11:29.229+0000] {logging_mixin.py:190} INFO - [2025-11-05T06:11:29.229+0000] {override.py:1900} INFO - Created Permission View: can delete on DAG:dataset_alias_example_alias_producer_with_no_taskflow
[2025-11-05T06:11:29.245+0000] {logging_mixin.py:190} INFO - [2025-11-05T06:11:29.245+0000] {override.py:1900} INFO - Created Permission View: can edit on DAG:dataset_alias_example_alias_producer_with_no_taskflow
[2025-11-05T06:11:29.259+0000] {logging_mixin.py:190} INFO - [2025-11-05T06:11:29.259+0000] {override.py:1900} INFO - Created Permission View: can read on DAG:dataset_alias_example_alias_producer_with_no_taskflow
[2025-11-05T06:11:29.282+0000] {logging_mixin.py:190} INFO - [2025-11-05T06:11:29.282+0000] {override.py:1900} INFO - Created Permission View: can delete on DAG Run:dataset_alias_example_alias_producer_with_no_taskflow
[2025-11-05T06:11:29.295+0000] {logging_mixin.py:190} INFO - [2025-11-05T06:11:29.295+0000] {override.py:1900} INFO - Created Permission View: can create on DAG Run:dataset_alias_example_alias_producer_with_no_taskflow
[2025-11-05T06:11:29.307+0000] {logging_mixin.py:190} INFO - [2025-11-05T06:11:29.306+0000] {override.py:1900} INFO - Created Permission View: menu access on DAG Run:dataset_alias_example_alias_producer_with_no_taskflow
[2025-11-05T06:11:29.319+0000] {logging_mixin.py:190} INFO - [2025-11-05T06:11:29.319+0000] {override.py:1900} INFO - Created Permission View: can read on DAG Run:dataset_alias_example_alias_producer_with_no_taskflow
[2025-11-05T06:11:29.346+0000] {logging_mixin.py:190} INFO - [2025-11-05T06:11:29.345+0000] {override.py:1900} INFO - Created Permission View: can delete on DAG:dataset_s3_bucket_consumer_with_no_taskflow
[2025-11-05T06:11:29.359+0000] {logging_mixin.py:190} INFO - [2025-11-05T06:11:29.359+0000] {override.py:1900} INFO - Created Permission View: can edit on DAG:dataset_s3_bucket_consumer_with_no_taskflow
[2025-11-05T06:11:29.372+0000] {logging_mixin.py:190} INFO - [2025-11-05T06:11:29.371+0000] {override.py:1900} INFO - Created Permission View: can read on DAG:dataset_s3_bucket_consumer_with_no_taskflow
[2025-11-05T06:11:29.395+0000] {logging_mixin.py:190} INFO - [2025-11-05T06:11:29.395+0000] {override.py:1900} INFO - Created Permission View: can delete on DAG Run:dataset_s3_bucket_consumer_with_no_taskflow
[2025-11-05T06:11:29.409+0000] {logging_mixin.py:190} INFO - [2025-11-05T06:11:29.408+0000] {override.py:1900} INFO - Created Permission View: can create on DAG Run:dataset_s3_bucket_consumer_with_no_taskflow
[2025-11-05T06:11:29.421+0000] {logging_mixin.py:190} INFO - [2025-11-05T06:11:29.421+0000] {override.py:1900} INFO - Created Permission View: menu access on DAG Run:dataset_s3_bucket_consumer_with_no_taskflow
[2025-11-05T06:11:29.435+0000] {logging_mixin.py:190} INFO - [2025-11-05T06:11:29.435+0000] {override.py:1900} INFO - Created Permission View: can read on DAG Run:dataset_s3_bucket_consumer_with_no_taskflow
[2025-11-05T06:11:29.462+0000] {logging_mixin.py:190} INFO - [2025-11-05T06:11:29.462+0000] {override.py:1900} INFO - Created Permission View: can delete on DAG:dataset_s3_bucket_producer_with_no_taskflow
[2025-11-05T06:11:29.474+0000] {logging_mixin.py:190} INFO - [2025-11-05T06:11:29.474+0000] {override.py:1900} INFO - Created Permission View: can edit on DAG:dataset_s3_bucket_producer_with_no_taskflow
[2025-11-05T06:11:29.487+0000] {logging_mixin.py:190} INFO - [2025-11-05T06:11:29.487+0000] {override.py:1900} INFO - Created Permission View: can read on DAG:dataset_s3_bucket_producer_with_no_taskflow
[2025-11-05T06:11:29.508+0000] {logging_mixin.py:190} INFO - [2025-11-05T06:11:29.508+0000] {override.py:1900} INFO - Created Permission View: can delete on DAG Run:dataset_s3_bucket_producer_with_no_taskflow
[2025-11-05T06:11:29.519+0000] {logging_mixin.py:190} INFO - [2025-11-05T06:11:29.518+0000] {override.py:1900} INFO - Created Permission View: can create on DAG Run:dataset_s3_bucket_producer_with_no_taskflow
[2025-11-05T06:11:29.531+0000] {logging_mixin.py:190} INFO - [2025-11-05T06:11:29.531+0000] {override.py:1900} INFO - Created Permission View: menu access on DAG Run:dataset_s3_bucket_producer_with_no_taskflow
[2025-11-05T06:11:29.543+0000] {logging_mixin.py:190} INFO - [2025-11-05T06:11:29.543+0000] {override.py:1900} INFO - Created Permission View: can read on DAG Run:dataset_s3_bucket_producer_with_no_taskflow
[2025-11-05T06:11:29.544+0000] {logging_mixin.py:190} INFO - [2025-11-05T06:11:29.544+0000] {dag.py:3239} INFO - Sync 4 DAGs
[2025-11-05T06:11:29.554+0000] {logging_mixin.py:190} INFO - [2025-11-05T06:11:29.554+0000] {dag.py:3262} INFO - Creating ORM DAG for dataset_alias_example_alias_consumer_with_no_taskflow
[2025-11-05T06:11:29.554+0000] {logging_mixin.py:190} INFO - [2025-11-05T06:11:29.554+0000] {dag.py:3262} INFO - Creating ORM DAG for dataset_s3_bucket_producer_with_no_taskflow
[2025-11-05T06:11:29.555+0000] {logging_mixin.py:190} INFO - [2025-11-05T06:11:29.555+0000] {dag.py:3262} INFO - Creating ORM DAG for dataset_alias_example_alias_producer_with_no_taskflow
[2025-11-05T06:11:29.555+0000] {logging_mixin.py:190} INFO - [2025-11-05T06:11:29.555+0000] {dag.py:3262} INFO - Creating ORM DAG for dataset_s3_bucket_consumer_with_no_taskflow
[2025-11-05T06:11:29.562+0000] {logging_mixin.py:190} INFO - [2025-11-05T06:11:29.562+0000] {dag.py:4180} INFO - Setting next_dagrun for dataset_alias_example_alias_consumer_with_no_taskflow to None, run_after=None
[2025-11-05T06:11:29.563+0000] {logging_mixin.py:190} INFO - [2025-11-05T06:11:29.562+0000] {dag.py:4180} INFO - Setting next_dagrun for dataset_alias_example_alias_producer_with_no_taskflow to None, run_after=None
[2025-11-05T06:11:29.563+0000] {logging_mixin.py:190} INFO - [2025-11-05T06:11:29.563+0000] {dag.py:4180} INFO - Setting next_dagrun for dataset_s3_bucket_consumer_with_no_taskflow to None, run_after=None
[2025-11-05T06:11:29.563+0000] {logging_mixin.py:190} INFO - [2025-11-05T06:11:29.563+0000] {dag.py:4180} INFO - Setting next_dagrun for dataset_s3_bucket_producer_with_no_taskflow to None, run_after=None
[2025-11-05T06:11:29.595+0000] {processor.py:208} INFO - Processing /home/dellsai/airflow_project/airflow_venv/lib/python3.12/site-packages/airflow/example_dags/example_dataset_alias_with_no_taskflow.py took 0.624 seconds
[2025-11-05T06:12:43.372+0000] {processor.py:186} INFO - Started process (PID=2102) to work on /home/dellsai/airflow_project/airflow_venv/lib/python3.12/site-packages/airflow/example_dags/example_dataset_alias_with_no_taskflow.py
[2025-11-05T06:12:43.374+0000] {processor.py:914} INFO - Processing file /home/dellsai/airflow_project/airflow_venv/lib/python3.12/site-packages/airflow/example_dags/example_dataset_alias_with_no_taskflow.py for tasks to queue
[2025-11-05T06:12:43.375+0000] {logging_mixin.py:190} INFO - [2025-11-05T06:12:43.375+0000] {dagbag.py:588} INFO - Filling up the DagBag from /home/dellsai/airflow_project/airflow_venv/lib/python3.12/site-packages/airflow/example_dags/example_dataset_alias_with_no_taskflow.py
[2025-11-05T06:12:43.394+0000] {processor.py:925} INFO - DAG(s) 'dataset_alias_example_alias_consumer_with_no_taskflow', 'dataset_alias_example_alias_producer_with_no_taskflow', 'dataset_s3_bucket_consumer_with_no_taskflow', 'dataset_s3_bucket_producer_with_no_taskflow' retrieved from /home/dellsai/airflow_project/airflow_venv/lib/python3.12/site-packages/airflow/example_dags/example_dataset_alias_with_no_taskflow.py
[2025-11-05T06:12:43.408+0000] {logging_mixin.py:190} INFO - [2025-11-05T06:12:43.408+0000] {dag.py:3239} INFO - Sync 4 DAGs
[2025-11-05T06:12:43.424+0000] {logging_mixin.py:190} INFO - [2025-11-05T06:12:43.424+0000] {dag.py:4180} INFO - Setting next_dagrun for dataset_alias_example_alias_consumer_with_no_taskflow to None, run_after=None
[2025-11-05T06:12:43.425+0000] {logging_mixin.py:190} INFO - [2025-11-05T06:12:43.425+0000] {dag.py:4180} INFO - Setting next_dagrun for dataset_alias_example_alias_producer_with_no_taskflow to None, run_after=None
[2025-11-05T06:12:43.426+0000] {logging_mixin.py:190} INFO - [2025-11-05T06:12:43.426+0000] {dag.py:4180} INFO - Setting next_dagrun for dataset_s3_bucket_consumer_with_no_taskflow to None, run_after=None
[2025-11-05T06:12:43.426+0000] {logging_mixin.py:190} INFO - [2025-11-05T06:12:43.426+0000] {dag.py:4180} INFO - Setting next_dagrun for dataset_s3_bucket_producer_with_no_taskflow to None, run_after=None
[2025-11-05T06:12:43.454+0000] {processor.py:208} INFO - Processing /home/dellsai/airflow_project/airflow_venv/lib/python3.12/site-packages/airflow/example_dags/example_dataset_alias_with_no_taskflow.py took 0.087 seconds
[2025-11-05T06:13:47.261+0000] {processor.py:186} INFO - Started process (PID=2179) to work on /home/dellsai/airflow_project/airflow_venv/lib/python3.12/site-packages/airflow/example_dags/example_dataset_alias_with_no_taskflow.py
[2025-11-05T06:13:47.263+0000] {processor.py:914} INFO - Processing file /home/dellsai/airflow_project/airflow_venv/lib/python3.12/site-packages/airflow/example_dags/example_dataset_alias_with_no_taskflow.py for tasks to queue
[2025-11-05T06:13:47.265+0000] {logging_mixin.py:190} INFO - [2025-11-05T06:13:47.265+0000] {dagbag.py:588} INFO - Filling up the DagBag from /home/dellsai/airflow_project/airflow_venv/lib/python3.12/site-packages/airflow/example_dags/example_dataset_alias_with_no_taskflow.py
[2025-11-05T06:13:47.284+0000] {processor.py:925} INFO - DAG(s) 'dataset_alias_example_alias_producer_with_no_taskflow', 'dataset_s3_bucket_producer_with_no_taskflow', 'dataset_s3_bucket_consumer_with_no_taskflow', 'dataset_alias_example_alias_consumer_with_no_taskflow' retrieved from /home/dellsai/airflow_project/airflow_venv/lib/python3.12/site-packages/airflow/example_dags/example_dataset_alias_with_no_taskflow.py
[2025-11-05T06:13:47.299+0000] {logging_mixin.py:190} INFO - [2025-11-05T06:13:47.299+0000] {dag.py:3239} INFO - Sync 4 DAGs
[2025-11-05T06:13:47.314+0000] {logging_mixin.py:190} INFO - [2025-11-05T06:13:47.314+0000] {dag.py:4180} INFO - Setting next_dagrun for dataset_alias_example_alias_consumer_with_no_taskflow to None, run_after=None
[2025-11-05T06:13:47.316+0000] {logging_mixin.py:190} INFO - [2025-11-05T06:13:47.316+0000] {dag.py:4180} INFO - Setting next_dagrun for dataset_alias_example_alias_producer_with_no_taskflow to None, run_after=None
[2025-11-05T06:13:47.317+0000] {logging_mixin.py:190} INFO - [2025-11-05T06:13:47.316+0000] {dag.py:4180} INFO - Setting next_dagrun for dataset_s3_bucket_consumer_with_no_taskflow to None, run_after=None
[2025-11-05T06:13:47.317+0000] {logging_mixin.py:190} INFO - [2025-11-05T06:13:47.317+0000] {dag.py:4180} INFO - Setting next_dagrun for dataset_s3_bucket_producer_with_no_taskflow to None, run_after=None
[2025-11-05T06:13:47.346+0000] {processor.py:208} INFO - Processing /home/dellsai/airflow_project/airflow_venv/lib/python3.12/site-packages/airflow/example_dags/example_dataset_alias_with_no_taskflow.py took 0.089 seconds
[2025-11-05T06:14:51.490+0000] {processor.py:186} INFO - Started process (PID=2253) to work on /home/dellsai/airflow_project/airflow_venv/lib/python3.12/site-packages/airflow/example_dags/example_dataset_alias_with_no_taskflow.py
[2025-11-05T06:14:51.492+0000] {processor.py:914} INFO - Processing file /home/dellsai/airflow_project/airflow_venv/lib/python3.12/site-packages/airflow/example_dags/example_dataset_alias_with_no_taskflow.py for tasks to queue
[2025-11-05T06:14:51.494+0000] {logging_mixin.py:190} INFO - [2025-11-05T06:14:51.494+0000] {dagbag.py:588} INFO - Filling up the DagBag from /home/dellsai/airflow_project/airflow_venv/lib/python3.12/site-packages/airflow/example_dags/example_dataset_alias_with_no_taskflow.py
[2025-11-05T06:14:51.520+0000] {processor.py:925} INFO - DAG(s) 'dataset_s3_bucket_producer_with_no_taskflow', 'dataset_alias_example_alias_producer_with_no_taskflow', 'dataset_s3_bucket_consumer_with_no_taskflow', 'dataset_alias_example_alias_consumer_with_no_taskflow' retrieved from /home/dellsai/airflow_project/airflow_venv/lib/python3.12/site-packages/airflow/example_dags/example_dataset_alias_with_no_taskflow.py
[2025-11-05T06:14:51.539+0000] {logging_mixin.py:190} INFO - [2025-11-05T06:14:51.539+0000] {dag.py:3239} INFO - Sync 4 DAGs
[2025-11-05T06:14:51.559+0000] {logging_mixin.py:190} INFO - [2025-11-05T06:14:51.559+0000] {dag.py:4180} INFO - Setting next_dagrun for dataset_alias_example_alias_consumer_with_no_taskflow to None, run_after=None
[2025-11-05T06:14:51.561+0000] {logging_mixin.py:190} INFO - [2025-11-05T06:14:51.561+0000] {dag.py:4180} INFO - Setting next_dagrun for dataset_alias_example_alias_producer_with_no_taskflow to None, run_after=None
[2025-11-05T06:14:51.562+0000] {logging_mixin.py:190} INFO - [2025-11-05T06:14:51.562+0000] {dag.py:4180} INFO - Setting next_dagrun for dataset_s3_bucket_consumer_with_no_taskflow to None, run_after=None
[2025-11-05T06:14:51.562+0000] {logging_mixin.py:190} INFO - [2025-11-05T06:14:51.562+0000] {dag.py:4180} INFO - Setting next_dagrun for dataset_s3_bucket_producer_with_no_taskflow to None, run_after=None
[2025-11-05T06:14:51.590+0000] {processor.py:208} INFO - Processing /home/dellsai/airflow_project/airflow_venv/lib/python3.12/site-packages/airflow/example_dags/example_dataset_alias_with_no_taskflow.py took 0.107 seconds
