[2025-11-05T06:11:51.757+0000] {processor.py:186} INFO - Started process (PID=2040) to work on /home/dellsai/airflow_project/airflow_venv/lib/python3.12/site-packages/airflow/example_dags/example_time_delta_sensor_async.py
[2025-11-05T06:11:51.757+0000] {processor.py:914} INFO - Processing file /home/dellsai/airflow_project/airflow_venv/lib/python3.12/site-packages/airflow/example_dags/example_time_delta_sensor_async.py for tasks to queue
[2025-11-05T06:11:51.759+0000] {logging_mixin.py:190} INFO - [2025-11-05T06:11:51.759+0000] {dagbag.py:588} INFO - Filling up the DagBag from /home/dellsai/airflow_project/airflow_venv/lib/python3.12/site-packages/airflow/example_dags/example_time_delta_sensor_async.py
[2025-11-05T06:11:51.765+0000] {processor.py:925} INFO - DAG(s) 'example_time_delta_sensor_async' retrieved from /home/dellsai/airflow_project/airflow_venv/lib/python3.12/site-packages/airflow/example_dags/example_time_delta_sensor_async.py
[2025-11-05T06:11:51.856+0000] {logging_mixin.py:190} INFO - [2025-11-05T06:11:51.855+0000] {override.py:1900} INFO - Created Permission View: can delete on DAG:example_time_delta_sensor_async
[2025-11-05T06:11:51.871+0000] {logging_mixin.py:190} INFO - [2025-11-05T06:11:51.871+0000] {override.py:1900} INFO - Created Permission View: can edit on DAG:example_time_delta_sensor_async
[2025-11-05T06:11:51.883+0000] {logging_mixin.py:190} INFO - [2025-11-05T06:11:51.883+0000] {override.py:1900} INFO - Created Permission View: can read on DAG:example_time_delta_sensor_async
[2025-11-05T06:11:51.902+0000] {logging_mixin.py:190} INFO - [2025-11-05T06:11:51.902+0000] {override.py:1900} INFO - Created Permission View: can delete on DAG Run:example_time_delta_sensor_async
[2025-11-05T06:11:51.912+0000] {logging_mixin.py:190} INFO - [2025-11-05T06:11:51.912+0000] {override.py:1900} INFO - Created Permission View: can create on DAG Run:example_time_delta_sensor_async
[2025-11-05T06:11:51.923+0000] {logging_mixin.py:190} INFO - [2025-11-05T06:11:51.922+0000] {override.py:1900} INFO - Created Permission View: menu access on DAG Run:example_time_delta_sensor_async
[2025-11-05T06:11:51.934+0000] {logging_mixin.py:190} INFO - [2025-11-05T06:11:51.933+0000] {override.py:1900} INFO - Created Permission View: can read on DAG Run:example_time_delta_sensor_async
[2025-11-05T06:11:51.934+0000] {logging_mixin.py:190} INFO - [2025-11-05T06:11:51.934+0000] {dag.py:3239} INFO - Sync 1 DAGs
[2025-11-05T06:11:51.942+0000] {logging_mixin.py:190} INFO - [2025-11-05T06:11:51.942+0000] {dag.py:3262} INFO - Creating ORM DAG for example_time_delta_sensor_async
[2025-11-05T06:11:51.943+0000] {logging_mixin.py:190} INFO - [2025-11-05T06:11:51.943+0000] {dag.py:4180} INFO - Setting next_dagrun for example_time_delta_sensor_async to None, run_after=None
[2025-11-05T06:11:51.966+0000] {processor.py:208} INFO - Processing /home/dellsai/airflow_project/airflow_venv/lib/python3.12/site-packages/airflow/example_dags/example_time_delta_sensor_async.py took 0.213 seconds
[2025-11-05T06:13:00.229+0000] {processor.py:186} INFO - Started process (PID=2126) to work on /home/dellsai/airflow_project/airflow_venv/lib/python3.12/site-packages/airflow/example_dags/example_time_delta_sensor_async.py
[2025-11-05T06:13:00.232+0000] {processor.py:914} INFO - Processing file /home/dellsai/airflow_project/airflow_venv/lib/python3.12/site-packages/airflow/example_dags/example_time_delta_sensor_async.py for tasks to queue
[2025-11-05T06:13:00.233+0000] {logging_mixin.py:190} INFO - [2025-11-05T06:13:00.233+0000] {dagbag.py:588} INFO - Filling up the DagBag from /home/dellsai/airflow_project/airflow_venv/lib/python3.12/site-packages/airflow/example_dags/example_time_delta_sensor_async.py
[2025-11-05T06:13:00.239+0000] {processor.py:925} INFO - DAG(s) 'example_time_delta_sensor_async' retrieved from /home/dellsai/airflow_project/airflow_venv/lib/python3.12/site-packages/airflow/example_dags/example_time_delta_sensor_async.py
[2025-11-05T06:13:00.252+0000] {logging_mixin.py:190} INFO - [2025-11-05T06:13:00.252+0000] {dag.py:3239} INFO - Sync 1 DAGs
[2025-11-05T06:13:00.263+0000] {logging_mixin.py:190} INFO - [2025-11-05T06:13:00.262+0000] {dag.py:4180} INFO - Setting next_dagrun for example_time_delta_sensor_async to None, run_after=None
[2025-11-05T06:13:00.286+0000] {processor.py:208} INFO - Processing /home/dellsai/airflow_project/airflow_venv/lib/python3.12/site-packages/airflow/example_dags/example_time_delta_sensor_async.py took 0.062 seconds
[2025-11-05T06:14:06.128+0000] {processor.py:186} INFO - Started process (PID=2200) to work on /home/dellsai/airflow_project/airflow_venv/lib/python3.12/site-packages/airflow/example_dags/example_time_delta_sensor_async.py
[2025-11-05T06:14:06.130+0000] {processor.py:914} INFO - Processing file /home/dellsai/airflow_project/airflow_venv/lib/python3.12/site-packages/airflow/example_dags/example_time_delta_sensor_async.py for tasks to queue
[2025-11-05T06:14:06.133+0000] {logging_mixin.py:190} INFO - [2025-11-05T06:14:06.132+0000] {dagbag.py:588} INFO - Filling up the DagBag from /home/dellsai/airflow_project/airflow_venv/lib/python3.12/site-packages/airflow/example_dags/example_time_delta_sensor_async.py
[2025-11-05T06:14:06.144+0000] {processor.py:925} INFO - DAG(s) 'example_time_delta_sensor_async' retrieved from /home/dellsai/airflow_project/airflow_venv/lib/python3.12/site-packages/airflow/example_dags/example_time_delta_sensor_async.py
[2025-11-05T06:14:06.166+0000] {logging_mixin.py:190} INFO - [2025-11-05T06:14:06.166+0000] {dag.py:3239} INFO - Sync 1 DAGs
[2025-11-05T06:14:06.176+0000] {logging_mixin.py:190} INFO - [2025-11-05T06:14:06.176+0000] {dag.py:4180} INFO - Setting next_dagrun for example_time_delta_sensor_async to None, run_after=None
[2025-11-05T06:14:06.204+0000] {processor.py:208} INFO - Processing /home/dellsai/airflow_project/airflow_venv/lib/python3.12/site-packages/airflow/example_dags/example_time_delta_sensor_async.py took 0.080 seconds
[2025-11-05T06:15:08.235+0000] {processor.py:186} INFO - Started process (PID=2279) to work on /home/dellsai/airflow_project/airflow_venv/lib/python3.12/site-packages/airflow/example_dags/example_time_delta_sensor_async.py
[2025-11-05T06:15:08.237+0000] {processor.py:914} INFO - Processing file /home/dellsai/airflow_project/airflow_venv/lib/python3.12/site-packages/airflow/example_dags/example_time_delta_sensor_async.py for tasks to queue
[2025-11-05T06:15:08.238+0000] {logging_mixin.py:190} INFO - [2025-11-05T06:15:08.238+0000] {dagbag.py:588} INFO - Filling up the DagBag from /home/dellsai/airflow_project/airflow_venv/lib/python3.12/site-packages/airflow/example_dags/example_time_delta_sensor_async.py
[2025-11-05T06:15:08.245+0000] {processor.py:925} INFO - DAG(s) 'example_time_delta_sensor_async' retrieved from /home/dellsai/airflow_project/airflow_venv/lib/python3.12/site-packages/airflow/example_dags/example_time_delta_sensor_async.py
[2025-11-05T06:15:08.261+0000] {logging_mixin.py:190} INFO - [2025-11-05T06:15:08.261+0000] {dag.py:3239} INFO - Sync 1 DAGs
[2025-11-05T06:15:08.272+0000] {logging_mixin.py:190} INFO - [2025-11-05T06:15:08.272+0000] {dag.py:4180} INFO - Setting next_dagrun for example_time_delta_sensor_async to None, run_after=None
[2025-11-05T06:15:08.297+0000] {processor.py:208} INFO - Processing /home/dellsai/airflow_project/airflow_venv/lib/python3.12/site-packages/airflow/example_dags/example_time_delta_sensor_async.py took 0.066 seconds
