[2025-11-05T06:11:38.311+0000] {processor.py:186} INFO - Started process (PID=2010) to work on /home/dellsai/airflow_project/airflow_venv/lib/python3.12/site-packages/airflow/example_dags/example_setup_teardown_taskflow.py
[2025-11-05T06:11:38.312+0000] {processor.py:914} INFO - Processing file /home/dellsai/airflow_project/airflow_venv/lib/python3.12/site-packages/airflow/example_dags/example_setup_teardown_taskflow.py for tasks to queue
[2025-11-05T06:11:38.314+0000] {logging_mixin.py:190} INFO - [2025-11-05T06:11:38.313+0000] {dagbag.py:588} INFO - Filling up the DagBag from /home/dellsai/airflow_project/airflow_venv/lib/python3.12/site-packages/airflow/example_dags/example_setup_teardown_taskflow.py
[2025-11-05T06:11:38.322+0000] {processor.py:925} INFO - DAG(s) 'example_setup_teardown_taskflow' retrieved from /home/dellsai/airflow_project/airflow_venv/lib/python3.12/site-packages/airflow/example_dags/example_setup_teardown_taskflow.py
[2025-11-05T06:11:38.415+0000] {logging_mixin.py:190} INFO - [2025-11-05T06:11:38.414+0000] {override.py:1900} INFO - Created Permission View: can delete on DAG:example_setup_teardown_taskflow
[2025-11-05T06:11:38.428+0000] {logging_mixin.py:190} INFO - [2025-11-05T06:11:38.427+0000] {override.py:1900} INFO - Created Permission View: can edit on DAG:example_setup_teardown_taskflow
[2025-11-05T06:11:38.437+0000] {logging_mixin.py:190} INFO - [2025-11-05T06:11:38.437+0000] {override.py:1900} INFO - Created Permission View: can read on DAG:example_setup_teardown_taskflow
[2025-11-05T06:11:38.454+0000] {logging_mixin.py:190} INFO - [2025-11-05T06:11:38.454+0000] {override.py:1900} INFO - Created Permission View: can delete on DAG Run:example_setup_teardown_taskflow
[2025-11-05T06:11:38.464+0000] {logging_mixin.py:190} INFO - [2025-11-05T06:11:38.463+0000] {override.py:1900} INFO - Created Permission View: can create on DAG Run:example_setup_teardown_taskflow
[2025-11-05T06:11:38.473+0000] {logging_mixin.py:190} INFO - [2025-11-05T06:11:38.473+0000] {override.py:1900} INFO - Created Permission View: menu access on DAG Run:example_setup_teardown_taskflow
[2025-11-05T06:11:38.482+0000] {logging_mixin.py:190} INFO - [2025-11-05T06:11:38.482+0000] {override.py:1900} INFO - Created Permission View: can read on DAG Run:example_setup_teardown_taskflow
[2025-11-05T06:11:38.482+0000] {logging_mixin.py:190} INFO - [2025-11-05T06:11:38.482+0000] {dag.py:3239} INFO - Sync 1 DAGs
[2025-11-05T06:11:38.491+0000] {logging_mixin.py:190} INFO - [2025-11-05T06:11:38.491+0000] {dag.py:3262} INFO - Creating ORM DAG for example_setup_teardown_taskflow
[2025-11-05T06:11:38.492+0000] {logging_mixin.py:190} INFO - [2025-11-05T06:11:38.492+0000] {dag.py:4180} INFO - Setting next_dagrun for example_setup_teardown_taskflow to None, run_after=None
[2025-11-05T06:11:38.514+0000] {processor.py:208} INFO - Processing /home/dellsai/airflow_project/airflow_venv/lib/python3.12/site-packages/airflow/example_dags/example_setup_teardown_taskflow.py took 0.208 seconds
[2025-11-05T06:12:50.094+0000] {processor.py:186} INFO - Started process (PID=2110) to work on /home/dellsai/airflow_project/airflow_venv/lib/python3.12/site-packages/airflow/example_dags/example_setup_teardown_taskflow.py
[2025-11-05T06:12:50.097+0000] {processor.py:914} INFO - Processing file /home/dellsai/airflow_project/airflow_venv/lib/python3.12/site-packages/airflow/example_dags/example_setup_teardown_taskflow.py for tasks to queue
[2025-11-05T06:12:50.099+0000] {logging_mixin.py:190} INFO - [2025-11-05T06:12:50.098+0000] {dagbag.py:588} INFO - Filling up the DagBag from /home/dellsai/airflow_project/airflow_venv/lib/python3.12/site-packages/airflow/example_dags/example_setup_teardown_taskflow.py
[2025-11-05T06:12:50.106+0000] {processor.py:925} INFO - DAG(s) 'example_setup_teardown_taskflow' retrieved from /home/dellsai/airflow_project/airflow_venv/lib/python3.12/site-packages/airflow/example_dags/example_setup_teardown_taskflow.py
[2025-11-05T06:12:50.119+0000] {logging_mixin.py:190} INFO - [2025-11-05T06:12:50.119+0000] {dag.py:3239} INFO - Sync 1 DAGs
[2025-11-05T06:12:50.129+0000] {logging_mixin.py:190} INFO - [2025-11-05T06:12:50.128+0000] {dag.py:4180} INFO - Setting next_dagrun for example_setup_teardown_taskflow to None, run_after=None
[2025-11-05T06:12:50.152+0000] {processor.py:208} INFO - Processing /home/dellsai/airflow_project/airflow_venv/lib/python3.12/site-packages/airflow/example_dags/example_setup_teardown_taskflow.py took 0.062 seconds
[2025-11-05T06:13:54.423+0000] {processor.py:186} INFO - Started process (PID=2186) to work on /home/dellsai/airflow_project/airflow_venv/lib/python3.12/site-packages/airflow/example_dags/example_setup_teardown_taskflow.py
[2025-11-05T06:13:54.426+0000] {processor.py:914} INFO - Processing file /home/dellsai/airflow_project/airflow_venv/lib/python3.12/site-packages/airflow/example_dags/example_setup_teardown_taskflow.py for tasks to queue
[2025-11-05T06:13:54.429+0000] {logging_mixin.py:190} INFO - [2025-11-05T06:13:54.428+0000] {dagbag.py:588} INFO - Filling up the DagBag from /home/dellsai/airflow_project/airflow_venv/lib/python3.12/site-packages/airflow/example_dags/example_setup_teardown_taskflow.py
[2025-11-05T06:13:54.439+0000] {processor.py:925} INFO - DAG(s) 'example_setup_teardown_taskflow' retrieved from /home/dellsai/airflow_project/airflow_venv/lib/python3.12/site-packages/airflow/example_dags/example_setup_teardown_taskflow.py
[2025-11-05T06:13:54.457+0000] {logging_mixin.py:190} INFO - [2025-11-05T06:13:54.456+0000] {dag.py:3239} INFO - Sync 1 DAGs
[2025-11-05T06:13:54.468+0000] {logging_mixin.py:190} INFO - [2025-11-05T06:13:54.468+0000] {dag.py:4180} INFO - Setting next_dagrun for example_setup_teardown_taskflow to None, run_after=None
[2025-11-05T06:13:54.494+0000] {processor.py:208} INFO - Processing /home/dellsai/airflow_project/airflow_venv/lib/python3.12/site-packages/airflow/example_dags/example_setup_teardown_taskflow.py took 0.076 seconds
[2025-11-05T06:14:58.986+0000] {processor.py:186} INFO - Started process (PID=2265) to work on /home/dellsai/airflow_project/airflow_venv/lib/python3.12/site-packages/airflow/example_dags/example_setup_teardown_taskflow.py
[2025-11-05T06:14:58.988+0000] {processor.py:914} INFO - Processing file /home/dellsai/airflow_project/airflow_venv/lib/python3.12/site-packages/airflow/example_dags/example_setup_teardown_taskflow.py for tasks to queue
[2025-11-05T06:14:58.991+0000] {logging_mixin.py:190} INFO - [2025-11-05T06:14:58.991+0000] {dagbag.py:588} INFO - Filling up the DagBag from /home/dellsai/airflow_project/airflow_venv/lib/python3.12/site-packages/airflow/example_dags/example_setup_teardown_taskflow.py
[2025-11-05T06:14:59.001+0000] {processor.py:925} INFO - DAG(s) 'example_setup_teardown_taskflow' retrieved from /home/dellsai/airflow_project/airflow_venv/lib/python3.12/site-packages/airflow/example_dags/example_setup_teardown_taskflow.py
[2025-11-05T06:14:59.021+0000] {logging_mixin.py:190} INFO - [2025-11-05T06:14:59.021+0000] {dag.py:3239} INFO - Sync 1 DAGs
[2025-11-05T06:14:59.033+0000] {logging_mixin.py:190} INFO - [2025-11-05T06:14:59.033+0000] {dag.py:4180} INFO - Setting next_dagrun for example_setup_teardown_taskflow to None, run_after=None
[2025-11-05T06:14:59.058+0000] {processor.py:208} INFO - Processing /home/dellsai/airflow_project/airflow_venv/lib/python3.12/site-packages/airflow/example_dags/example_setup_teardown_taskflow.py took 0.077 seconds
