[2025-11-05T06:12:18.084+0000] {processor.py:186} INFO - Started process (PID=2076) to work on /home/dellsai/airflow_project/airflow_venv/lib/python3.12/site-packages/airflow/example_dags/example_outlet_event_extra.py
[2025-11-05T06:12:18.085+0000] {processor.py:914} INFO - Processing file /home/dellsai/airflow_project/airflow_venv/lib/python3.12/site-packages/airflow/example_dags/example_outlet_event_extra.py for tasks to queue
[2025-11-05T06:12:18.087+0000] {logging_mixin.py:190} INFO - [2025-11-05T06:12:18.087+0000] {dagbag.py:588} INFO - Filling up the DagBag from /home/dellsai/airflow_project/airflow_venv/lib/python3.12/site-packages/airflow/example_dags/example_outlet_event_extra.py
[2025-11-05T06:12:18.098+0000] {processor.py:925} INFO - DAG(s) 'dataset_with_extra_by_yield', 'dataset_with_extra_by_context', 'dataset_with_extra_from_classic_operator' retrieved from /home/dellsai/airflow_project/airflow_venv/lib/python3.12/site-packages/airflow/example_dags/example_outlet_event_extra.py
[2025-11-05T06:12:18.191+0000] {logging_mixin.py:190} INFO - [2025-11-05T06:12:18.190+0000] {override.py:1900} INFO - Created Permission View: can delete on DAG:dataset_with_extra_by_yield
[2025-11-05T06:12:18.203+0000] {logging_mixin.py:190} INFO - [2025-11-05T06:12:18.203+0000] {override.py:1900} INFO - Created Permission View: can edit on DAG:dataset_with_extra_by_yield
[2025-11-05T06:12:18.213+0000] {logging_mixin.py:190} INFO - [2025-11-05T06:12:18.212+0000] {override.py:1900} INFO - Created Permission View: can read on DAG:dataset_with_extra_by_yield
[2025-11-05T06:12:18.229+0000] {logging_mixin.py:190} INFO - [2025-11-05T06:12:18.229+0000] {override.py:1900} INFO - Created Permission View: can delete on DAG Run:dataset_with_extra_by_yield
[2025-11-05T06:12:18.239+0000] {logging_mixin.py:190} INFO - [2025-11-05T06:12:18.239+0000] {override.py:1900} INFO - Created Permission View: can create on DAG Run:dataset_with_extra_by_yield
[2025-11-05T06:12:18.248+0000] {logging_mixin.py:190} INFO - [2025-11-05T06:12:18.248+0000] {override.py:1900} INFO - Created Permission View: menu access on DAG Run:dataset_with_extra_by_yield
[2025-11-05T06:12:18.257+0000] {logging_mixin.py:190} INFO - [2025-11-05T06:12:18.257+0000] {override.py:1900} INFO - Created Permission View: can read on DAG Run:dataset_with_extra_by_yield
[2025-11-05T06:12:18.278+0000] {logging_mixin.py:190} INFO - [2025-11-05T06:12:18.277+0000] {override.py:1900} INFO - Created Permission View: can delete on DAG:dataset_with_extra_by_context
[2025-11-05T06:12:18.288+0000] {logging_mixin.py:190} INFO - [2025-11-05T06:12:18.287+0000] {override.py:1900} INFO - Created Permission View: can edit on DAG:dataset_with_extra_by_context
[2025-11-05T06:12:18.298+0000] {logging_mixin.py:190} INFO - [2025-11-05T06:12:18.298+0000] {override.py:1900} INFO - Created Permission View: can read on DAG:dataset_with_extra_by_context
[2025-11-05T06:12:18.316+0000] {logging_mixin.py:190} INFO - [2025-11-05T06:12:18.315+0000] {override.py:1900} INFO - Created Permission View: can delete on DAG Run:dataset_with_extra_by_context
[2025-11-05T06:12:18.325+0000] {logging_mixin.py:190} INFO - [2025-11-05T06:12:18.325+0000] {override.py:1900} INFO - Created Permission View: can create on DAG Run:dataset_with_extra_by_context
[2025-11-05T06:12:18.336+0000] {logging_mixin.py:190} INFO - [2025-11-05T06:12:18.336+0000] {override.py:1900} INFO - Created Permission View: menu access on DAG Run:dataset_with_extra_by_context
[2025-11-05T06:12:18.347+0000] {logging_mixin.py:190} INFO - [2025-11-05T06:12:18.347+0000] {override.py:1900} INFO - Created Permission View: can read on DAG Run:dataset_with_extra_by_context
[2025-11-05T06:12:18.373+0000] {logging_mixin.py:190} INFO - [2025-11-05T06:12:18.372+0000] {override.py:1900} INFO - Created Permission View: can delete on DAG:dataset_with_extra_from_classic_operator
[2025-11-05T06:12:18.384+0000] {logging_mixin.py:190} INFO - [2025-11-05T06:12:18.384+0000] {override.py:1900} INFO - Created Permission View: can edit on DAG:dataset_with_extra_from_classic_operator
[2025-11-05T06:12:18.396+0000] {logging_mixin.py:190} INFO - [2025-11-05T06:12:18.395+0000] {override.py:1900} INFO - Created Permission View: can read on DAG:dataset_with_extra_from_classic_operator
[2025-11-05T06:12:18.414+0000] {logging_mixin.py:190} INFO - [2025-11-05T06:12:18.414+0000] {override.py:1900} INFO - Created Permission View: can delete on DAG Run:dataset_with_extra_from_classic_operator
[2025-11-05T06:12:18.423+0000] {logging_mixin.py:190} INFO - [2025-11-05T06:12:18.423+0000] {override.py:1900} INFO - Created Permission View: can create on DAG Run:dataset_with_extra_from_classic_operator
[2025-11-05T06:12:18.433+0000] {logging_mixin.py:190} INFO - [2025-11-05T06:12:18.433+0000] {override.py:1900} INFO - Created Permission View: menu access on DAG Run:dataset_with_extra_from_classic_operator
[2025-11-05T06:12:18.444+0000] {logging_mixin.py:190} INFO - [2025-11-05T06:12:18.443+0000] {override.py:1900} INFO - Created Permission View: can read on DAG Run:dataset_with_extra_from_classic_operator
[2025-11-05T06:12:18.444+0000] {logging_mixin.py:190} INFO - [2025-11-05T06:12:18.444+0000] {dag.py:3239} INFO - Sync 3 DAGs
[2025-11-05T06:12:18.453+0000] {logging_mixin.py:190} INFO - [2025-11-05T06:12:18.453+0000] {dag.py:3262} INFO - Creating ORM DAG for dataset_with_extra_from_classic_operator
[2025-11-05T06:12:18.454+0000] {logging_mixin.py:190} INFO - [2025-11-05T06:12:18.453+0000] {dag.py:3262} INFO - Creating ORM DAG for dataset_with_extra_by_yield
[2025-11-05T06:12:18.454+0000] {logging_mixin.py:190} INFO - [2025-11-05T06:12:18.454+0000] {dag.py:3262} INFO - Creating ORM DAG for dataset_with_extra_by_context
[2025-11-05T06:12:18.462+0000] {logging_mixin.py:190} INFO - [2025-11-05T06:12:18.461+0000] {dag.py:4180} INFO - Setting next_dagrun for dataset_with_extra_by_context to 2025-11-04 00:00:00+00:00, run_after=2025-11-05 00:00:00+00:00
[2025-11-05T06:12:18.463+0000] {logging_mixin.py:190} INFO - [2025-11-05T06:12:18.463+0000] {dag.py:4180} INFO - Setting next_dagrun for dataset_with_extra_by_yield to 2025-11-04 00:00:00+00:00, run_after=2025-11-05 00:00:00+00:00
[2025-11-05T06:12:18.464+0000] {logging_mixin.py:190} INFO - [2025-11-05T06:12:18.464+0000] {dag.py:4180} INFO - Setting next_dagrun for dataset_with_extra_from_classic_operator to 2025-11-04 00:00:00+00:00, run_after=2025-11-05 00:00:00+00:00
[2025-11-05T06:12:18.491+0000] {processor.py:208} INFO - Processing /home/dellsai/airflow_project/airflow_venv/lib/python3.12/site-packages/airflow/example_dags/example_outlet_event_extra.py took 0.411 seconds
[2025-11-05T06:13:29.856+0000] {processor.py:186} INFO - Started process (PID=2158) to work on /home/dellsai/airflow_project/airflow_venv/lib/python3.12/site-packages/airflow/example_dags/example_outlet_event_extra.py
[2025-11-05T06:13:29.857+0000] {processor.py:914} INFO - Processing file /home/dellsai/airflow_project/airflow_venv/lib/python3.12/site-packages/airflow/example_dags/example_outlet_event_extra.py for tasks to queue
[2025-11-05T06:13:29.859+0000] {logging_mixin.py:190} INFO - [2025-11-05T06:13:29.859+0000] {dagbag.py:588} INFO - Filling up the DagBag from /home/dellsai/airflow_project/airflow_venv/lib/python3.12/site-packages/airflow/example_dags/example_outlet_event_extra.py
[2025-11-05T06:13:29.871+0000] {processor.py:925} INFO - DAG(s) 'dataset_with_extra_from_classic_operator', 'dataset_with_extra_by_yield', 'dataset_with_extra_by_context' retrieved from /home/dellsai/airflow_project/airflow_venv/lib/python3.12/site-packages/airflow/example_dags/example_outlet_event_extra.py
[2025-11-05T06:13:29.891+0000] {logging_mixin.py:190} INFO - [2025-11-05T06:13:29.891+0000] {dag.py:3239} INFO - Sync 3 DAGs
[2025-11-05T06:13:29.909+0000] {logging_mixin.py:190} INFO - [2025-11-05T06:13:29.909+0000] {dag.py:4180} INFO - Setting next_dagrun for dataset_with_extra_by_context to 2025-11-04 00:00:00+00:00, run_after=2025-11-05 00:00:00+00:00
[2025-11-05T06:13:29.913+0000] {logging_mixin.py:190} INFO - [2025-11-05T06:13:29.912+0000] {dag.py:4180} INFO - Setting next_dagrun for dataset_with_extra_by_yield to 2025-11-04 00:00:00+00:00, run_after=2025-11-05 00:00:00+00:00
[2025-11-05T06:13:29.914+0000] {logging_mixin.py:190} INFO - [2025-11-05T06:13:29.914+0000] {dag.py:4180} INFO - Setting next_dagrun for dataset_with_extra_from_classic_operator to 2025-11-04 00:00:00+00:00, run_after=2025-11-05 00:00:00+00:00
[2025-11-05T06:13:29.939+0000] {processor.py:208} INFO - Processing /home/dellsai/airflow_project/airflow_venv/lib/python3.12/site-packages/airflow/example_dags/example_outlet_event_extra.py took 0.087 seconds
[2025-11-05T06:14:33.979+0000] {processor.py:186} INFO - Started process (PID=2231) to work on /home/dellsai/airflow_project/airflow_venv/lib/python3.12/site-packages/airflow/example_dags/example_outlet_event_extra.py
[2025-11-05T06:14:33.981+0000] {processor.py:914} INFO - Processing file /home/dellsai/airflow_project/airflow_venv/lib/python3.12/site-packages/airflow/example_dags/example_outlet_event_extra.py for tasks to queue
[2025-11-05T06:14:33.982+0000] {logging_mixin.py:190} INFO - [2025-11-05T06:14:33.982+0000] {dagbag.py:588} INFO - Filling up the DagBag from /home/dellsai/airflow_project/airflow_venv/lib/python3.12/site-packages/airflow/example_dags/example_outlet_event_extra.py
[2025-11-05T06:14:33.995+0000] {processor.py:925} INFO - DAG(s) 'dataset_with_extra_by_yield', 'dataset_with_extra_by_context', 'dataset_with_extra_from_classic_operator' retrieved from /home/dellsai/airflow_project/airflow_venv/lib/python3.12/site-packages/airflow/example_dags/example_outlet_event_extra.py
[2025-11-05T06:14:34.016+0000] {logging_mixin.py:190} INFO - [2025-11-05T06:14:34.015+0000] {dag.py:3239} INFO - Sync 3 DAGs
[2025-11-05T06:14:34.036+0000] {logging_mixin.py:190} INFO - [2025-11-05T06:14:34.036+0000] {dag.py:4180} INFO - Setting next_dagrun for dataset_with_extra_by_context to 2025-11-04 00:00:00+00:00, run_after=2025-11-05 00:00:00+00:00
[2025-11-05T06:14:34.039+0000] {logging_mixin.py:190} INFO - [2025-11-05T06:14:34.039+0000] {dag.py:4180} INFO - Setting next_dagrun for dataset_with_extra_by_yield to 2025-11-04 00:00:00+00:00, run_after=2025-11-05 00:00:00+00:00
[2025-11-05T06:14:34.040+0000] {logging_mixin.py:190} INFO - [2025-11-05T06:14:34.040+0000] {dag.py:4180} INFO - Setting next_dagrun for dataset_with_extra_from_classic_operator to 2025-11-04 00:00:00+00:00, run_after=2025-11-05 00:00:00+00:00
[2025-11-05T06:14:34.069+0000] {processor.py:208} INFO - Processing /home/dellsai/airflow_project/airflow_venv/lib/python3.12/site-packages/airflow/example_dags/example_outlet_event_extra.py took 0.094 seconds
