[2025-11-05T06:11:44.308+0000] {processor.py:186} INFO - Started process (PID=2033) to work on /home/dellsai/airflow_project/airflow_venv/lib/python3.12/site-packages/airflow/example_dags/example_complex.py
[2025-11-05T06:11:44.309+0000] {processor.py:914} INFO - Processing file /home/dellsai/airflow_project/airflow_venv/lib/python3.12/site-packages/airflow/example_dags/example_complex.py for tasks to queue
[2025-11-05T06:11:44.311+0000] {logging_mixin.py:190} INFO - [2025-11-05T06:11:44.311+0000] {dagbag.py:588} INFO - Filling up the DagBag from /home/dellsai/airflow_project/airflow_venv/lib/python3.12/site-packages/airflow/example_dags/example_complex.py
[2025-11-05T06:11:44.323+0000] {processor.py:925} INFO - DAG(s) 'example_complex' retrieved from /home/dellsai/airflow_project/airflow_venv/lib/python3.12/site-packages/airflow/example_dags/example_complex.py
[2025-11-05T06:11:44.442+0000] {logging_mixin.py:190} INFO - [2025-11-05T06:11:44.442+0000] {override.py:1900} INFO - Created Permission View: can delete on DAG:example_complex
[2025-11-05T06:11:44.459+0000] {logging_mixin.py:190} INFO - [2025-11-05T06:11:44.459+0000] {override.py:1900} INFO - Created Permission View: can edit on DAG:example_complex
[2025-11-05T06:11:44.470+0000] {logging_mixin.py:190} INFO - [2025-11-05T06:11:44.470+0000] {override.py:1900} INFO - Created Permission View: can read on DAG:example_complex
[2025-11-05T06:11:44.491+0000] {logging_mixin.py:190} INFO - [2025-11-05T06:11:44.491+0000] {override.py:1900} INFO - Created Permission View: can delete on DAG Run:example_complex
[2025-11-05T06:11:44.502+0000] {logging_mixin.py:190} INFO - [2025-11-05T06:11:44.501+0000] {override.py:1900} INFO - Created Permission View: can create on DAG Run:example_complex
[2025-11-05T06:11:44.512+0000] {logging_mixin.py:190} INFO - [2025-11-05T06:11:44.511+0000] {override.py:1900} INFO - Created Permission View: menu access on DAG Run:example_complex
[2025-11-05T06:11:44.521+0000] {logging_mixin.py:190} INFO - [2025-11-05T06:11:44.521+0000] {override.py:1900} INFO - Created Permission View: can read on DAG Run:example_complex
[2025-11-05T06:11:44.522+0000] {logging_mixin.py:190} INFO - [2025-11-05T06:11:44.522+0000] {dag.py:3239} INFO - Sync 1 DAGs
[2025-11-05T06:11:44.531+0000] {logging_mixin.py:190} INFO - [2025-11-05T06:11:44.531+0000] {dag.py:3262} INFO - Creating ORM DAG for example_complex
[2025-11-05T06:11:44.532+0000] {logging_mixin.py:190} INFO - [2025-11-05T06:11:44.532+0000] {dag.py:4180} INFO - Setting next_dagrun for example_complex to None, run_after=None
[2025-11-05T06:11:44.554+0000] {processor.py:208} INFO - Processing /home/dellsai/airflow_project/airflow_venv/lib/python3.12/site-packages/airflow/example_dags/example_complex.py took 0.250 seconds
[2025-11-05T06:12:53.963+0000] {processor.py:186} INFO - Started process (PID=2117) to work on /home/dellsai/airflow_project/airflow_venv/lib/python3.12/site-packages/airflow/example_dags/example_complex.py
[2025-11-05T06:12:53.966+0000] {processor.py:914} INFO - Processing file /home/dellsai/airflow_project/airflow_venv/lib/python3.12/site-packages/airflow/example_dags/example_complex.py for tasks to queue
[2025-11-05T06:12:53.969+0000] {logging_mixin.py:190} INFO - [2025-11-05T06:12:53.968+0000] {dagbag.py:588} INFO - Filling up the DagBag from /home/dellsai/airflow_project/airflow_venv/lib/python3.12/site-packages/airflow/example_dags/example_complex.py
[2025-11-05T06:12:53.981+0000] {processor.py:925} INFO - DAG(s) 'example_complex' retrieved from /home/dellsai/airflow_project/airflow_venv/lib/python3.12/site-packages/airflow/example_dags/example_complex.py
[2025-11-05T06:12:54.003+0000] {logging_mixin.py:190} INFO - [2025-11-05T06:12:54.003+0000] {dag.py:3239} INFO - Sync 1 DAGs
[2025-11-05T06:12:54.016+0000] {logging_mixin.py:190} INFO - [2025-11-05T06:12:54.016+0000] {dag.py:4180} INFO - Setting next_dagrun for example_complex to None, run_after=None
[2025-11-05T06:12:54.041+0000] {processor.py:208} INFO - Processing /home/dellsai/airflow_project/airflow_venv/lib/python3.12/site-packages/airflow/example_dags/example_complex.py took 0.083 seconds
[2025-11-05T06:13:59.569+0000] {processor.py:186} INFO - Started process (PID=2191) to work on /home/dellsai/airflow_project/airflow_venv/lib/python3.12/site-packages/airflow/example_dags/example_complex.py
[2025-11-05T06:13:59.571+0000] {processor.py:914} INFO - Processing file /home/dellsai/airflow_project/airflow_venv/lib/python3.12/site-packages/airflow/example_dags/example_complex.py for tasks to queue
[2025-11-05T06:13:59.574+0000] {logging_mixin.py:190} INFO - [2025-11-05T06:13:59.573+0000] {dagbag.py:588} INFO - Filling up the DagBag from /home/dellsai/airflow_project/airflow_venv/lib/python3.12/site-packages/airflow/example_dags/example_complex.py
[2025-11-05T06:13:59.585+0000] {processor.py:925} INFO - DAG(s) 'example_complex' retrieved from /home/dellsai/airflow_project/airflow_venv/lib/python3.12/site-packages/airflow/example_dags/example_complex.py
[2025-11-05T06:13:59.607+0000] {logging_mixin.py:190} INFO - [2025-11-05T06:13:59.607+0000] {dag.py:3239} INFO - Sync 1 DAGs
[2025-11-05T06:13:59.618+0000] {logging_mixin.py:190} INFO - [2025-11-05T06:13:59.618+0000] {dag.py:4180} INFO - Setting next_dagrun for example_complex to None, run_after=None
[2025-11-05T06:13:59.643+0000] {processor.py:208} INFO - Processing /home/dellsai/airflow_project/airflow_venv/lib/python3.12/site-packages/airflow/example_dags/example_complex.py took 0.081 seconds
[2025-11-05T06:15:02.345+0000] {processor.py:186} INFO - Started process (PID=2271) to work on /home/dellsai/airflow_project/airflow_venv/lib/python3.12/site-packages/airflow/example_dags/example_complex.py
[2025-11-05T06:15:02.348+0000] {processor.py:914} INFO - Processing file /home/dellsai/airflow_project/airflow_venv/lib/python3.12/site-packages/airflow/example_dags/example_complex.py for tasks to queue
[2025-11-05T06:15:02.350+0000] {logging_mixin.py:190} INFO - [2025-11-05T06:15:02.350+0000] {dagbag.py:588} INFO - Filling up the DagBag from /home/dellsai/airflow_project/airflow_venv/lib/python3.12/site-packages/airflow/example_dags/example_complex.py
[2025-11-05T06:15:02.360+0000] {processor.py:925} INFO - DAG(s) 'example_complex' retrieved from /home/dellsai/airflow_project/airflow_venv/lib/python3.12/site-packages/airflow/example_dags/example_complex.py
[2025-11-05T06:15:02.381+0000] {logging_mixin.py:190} INFO - [2025-11-05T06:15:02.381+0000] {dag.py:3239} INFO - Sync 1 DAGs
[2025-11-05T06:15:02.392+0000] {logging_mixin.py:190} INFO - [2025-11-05T06:15:02.391+0000] {dag.py:4180} INFO - Setting next_dagrun for example_complex to None, run_after=None
[2025-11-05T06:15:02.412+0000] {processor.py:208} INFO - Processing /home/dellsai/airflow_project/airflow_venv/lib/python3.12/site-packages/airflow/example_dags/example_complex.py took 0.072 seconds
