[2025-11-05T06:11:56.325+0000] {processor.py:186} INFO - Started process (PID=2046) to work on /home/dellsai/airflow_project/airflow_venv/lib/python3.12/site-packages/airflow/example_dags/example_skip_dag.py
[2025-11-05T06:11:56.325+0000] {processor.py:914} INFO - Processing file /home/dellsai/airflow_project/airflow_venv/lib/python3.12/site-packages/airflow/example_dags/example_skip_dag.py for tasks to queue
[2025-11-05T06:11:56.327+0000] {logging_mixin.py:190} INFO - [2025-11-05T06:11:56.327+0000] {dagbag.py:588} INFO - Filling up the DagBag from /home/dellsai/airflow_project/airflow_venv/lib/python3.12/site-packages/airflow/example_dags/example_skip_dag.py
[2025-11-05T06:11:56.334+0000] {processor.py:925} INFO - DAG(s) 'example_skip_dag' retrieved from /home/dellsai/airflow_project/airflow_venv/lib/python3.12/site-packages/airflow/example_dags/example_skip_dag.py
[2025-11-05T06:11:56.430+0000] {logging_mixin.py:190} INFO - [2025-11-05T06:11:56.429+0000] {override.py:1900} INFO - Created Permission View: can delete on DAG:example_skip_dag
[2025-11-05T06:11:56.446+0000] {logging_mixin.py:190} INFO - [2025-11-05T06:11:56.445+0000] {override.py:1900} INFO - Created Permission View: can edit on DAG:example_skip_dag
[2025-11-05T06:11:56.459+0000] {logging_mixin.py:190} INFO - [2025-11-05T06:11:56.459+0000] {override.py:1900} INFO - Created Permission View: can read on DAG:example_skip_dag
[2025-11-05T06:11:56.481+0000] {logging_mixin.py:190} INFO - [2025-11-05T06:11:56.480+0000] {override.py:1900} INFO - Created Permission View: can delete on DAG Run:example_skip_dag
[2025-11-05T06:11:56.491+0000] {logging_mixin.py:190} INFO - [2025-11-05T06:11:56.491+0000] {override.py:1900} INFO - Created Permission View: can create on DAG Run:example_skip_dag
[2025-11-05T06:11:56.502+0000] {logging_mixin.py:190} INFO - [2025-11-05T06:11:56.502+0000] {override.py:1900} INFO - Created Permission View: menu access on DAG Run:example_skip_dag
[2025-11-05T06:11:56.516+0000] {logging_mixin.py:190} INFO - [2025-11-05T06:11:56.515+0000] {override.py:1900} INFO - Created Permission View: can read on DAG Run:example_skip_dag
[2025-11-05T06:11:56.516+0000] {logging_mixin.py:190} INFO - [2025-11-05T06:11:56.516+0000] {dag.py:3239} INFO - Sync 1 DAGs
[2025-11-05T06:11:56.524+0000] {logging_mixin.py:190} INFO - [2025-11-05T06:11:56.524+0000] {dag.py:3262} INFO - Creating ORM DAG for example_skip_dag
[2025-11-05T06:11:56.530+0000] {logging_mixin.py:190} INFO - [2025-11-05T06:11:56.530+0000] {dag.py:4180} INFO - Setting next_dagrun for example_skip_dag to 2025-11-04 00:00:00+00:00, run_after=2025-11-05 00:00:00+00:00
[2025-11-05T06:11:56.553+0000] {processor.py:208} INFO - Processing /home/dellsai/airflow_project/airflow_venv/lib/python3.12/site-packages/airflow/example_dags/example_skip_dag.py took 0.233 seconds
[2025-11-05T06:13:12.041+0000] {processor.py:186} INFO - Started process (PID=2138) to work on /home/dellsai/airflow_project/airflow_venv/lib/python3.12/site-packages/airflow/example_dags/example_skip_dag.py
[2025-11-05T06:13:12.044+0000] {processor.py:914} INFO - Processing file /home/dellsai/airflow_project/airflow_venv/lib/python3.12/site-packages/airflow/example_dags/example_skip_dag.py for tasks to queue
[2025-11-05T06:13:12.046+0000] {logging_mixin.py:190} INFO - [2025-11-05T06:13:12.045+0000] {dagbag.py:588} INFO - Filling up the DagBag from /home/dellsai/airflow_project/airflow_venv/lib/python3.12/site-packages/airflow/example_dags/example_skip_dag.py
[2025-11-05T06:13:12.052+0000] {processor.py:925} INFO - DAG(s) 'example_skip_dag' retrieved from /home/dellsai/airflow_project/airflow_venv/lib/python3.12/site-packages/airflow/example_dags/example_skip_dag.py
[2025-11-05T06:13:12.065+0000] {logging_mixin.py:190} INFO - [2025-11-05T06:13:12.065+0000] {dag.py:3239} INFO - Sync 1 DAGs
[2025-11-05T06:13:12.079+0000] {logging_mixin.py:190} INFO - [2025-11-05T06:13:12.078+0000] {dag.py:4180} INFO - Setting next_dagrun for example_skip_dag to 2025-11-04 00:00:00+00:00, run_after=2025-11-05 00:00:00+00:00
[2025-11-05T06:13:12.101+0000] {processor.py:208} INFO - Processing /home/dellsai/airflow_project/airflow_venv/lib/python3.12/site-packages/airflow/example_dags/example_skip_dag.py took 0.065 seconds
[2025-11-05T06:14:16.371+0000] {processor.py:186} INFO - Started process (PID=2211) to work on /home/dellsai/airflow_project/airflow_venv/lib/python3.12/site-packages/airflow/example_dags/example_skip_dag.py
[2025-11-05T06:14:16.372+0000] {processor.py:914} INFO - Processing file /home/dellsai/airflow_project/airflow_venv/lib/python3.12/site-packages/airflow/example_dags/example_skip_dag.py for tasks to queue
[2025-11-05T06:14:16.374+0000] {logging_mixin.py:190} INFO - [2025-11-05T06:14:16.374+0000] {dagbag.py:588} INFO - Filling up the DagBag from /home/dellsai/airflow_project/airflow_venv/lib/python3.12/site-packages/airflow/example_dags/example_skip_dag.py
[2025-11-05T06:14:16.384+0000] {processor.py:925} INFO - DAG(s) 'example_skip_dag' retrieved from /home/dellsai/airflow_project/airflow_venv/lib/python3.12/site-packages/airflow/example_dags/example_skip_dag.py
[2025-11-05T06:14:16.403+0000] {logging_mixin.py:190} INFO - [2025-11-05T06:14:16.403+0000] {dag.py:3239} INFO - Sync 1 DAGs
[2025-11-05T06:14:16.420+0000] {logging_mixin.py:190} INFO - [2025-11-05T06:14:16.420+0000] {dag.py:4180} INFO - Setting next_dagrun for example_skip_dag to 2025-11-04 00:00:00+00:00, run_after=2025-11-05 00:00:00+00:00
[2025-11-05T06:14:16.447+0000] {processor.py:208} INFO - Processing /home/dellsai/airflow_project/airflow_venv/lib/python3.12/site-packages/airflow/example_dags/example_skip_dag.py took 0.081 seconds
