[2025-11-05T06:11:47.910+0000] {processor.py:186} INFO - Started process (PID=2036) to work on /home/dellsai/airflow_project/airflow_venv/lib/python3.12/site-packages/airflow/example_dags/example_sensors.py
[2025-11-05T06:11:47.911+0000] {processor.py:914} INFO - Processing file /home/dellsai/airflow_project/airflow_venv/lib/python3.12/site-packages/airflow/example_dags/example_sensors.py for tasks to queue
[2025-11-05T06:11:47.913+0000] {logging_mixin.py:190} INFO - [2025-11-05T06:11:47.912+0000] {dagbag.py:588} INFO - Filling up the DagBag from /home/dellsai/airflow_project/airflow_venv/lib/python3.12/site-packages/airflow/example_dags/example_sensors.py
[2025-11-05T06:11:47.921+0000] {processor.py:925} INFO - DAG(s) 'example_sensors' retrieved from /home/dellsai/airflow_project/airflow_venv/lib/python3.12/site-packages/airflow/example_dags/example_sensors.py
[2025-11-05T06:11:48.024+0000] {logging_mixin.py:190} INFO - [2025-11-05T06:11:48.024+0000] {override.py:1900} INFO - Created Permission View: can delete on DAG:example_sensors
[2025-11-05T06:11:48.037+0000] {logging_mixin.py:190} INFO - [2025-11-05T06:11:48.037+0000] {override.py:1900} INFO - Created Permission View: can edit on DAG:example_sensors
[2025-11-05T06:11:48.048+0000] {logging_mixin.py:190} INFO - [2025-11-05T06:11:48.047+0000] {override.py:1900} INFO - Created Permission View: can read on DAG:example_sensors
[2025-11-05T06:11:48.067+0000] {logging_mixin.py:190} INFO - [2025-11-05T06:11:48.067+0000] {override.py:1900} INFO - Created Permission View: can delete on DAG Run:example_sensors
[2025-11-05T06:11:48.079+0000] {logging_mixin.py:190} INFO - [2025-11-05T06:11:48.079+0000] {override.py:1900} INFO - Created Permission View: can create on DAG Run:example_sensors
[2025-11-05T06:11:48.093+0000] {logging_mixin.py:190} INFO - [2025-11-05T06:11:48.093+0000] {override.py:1900} INFO - Created Permission View: menu access on DAG Run:example_sensors
[2025-11-05T06:11:48.114+0000] {logging_mixin.py:190} INFO - [2025-11-05T06:11:48.113+0000] {override.py:1900} INFO - Created Permission View: can read on DAG Run:example_sensors
[2025-11-05T06:11:48.114+0000] {logging_mixin.py:190} INFO - [2025-11-05T06:11:48.114+0000] {dag.py:3239} INFO - Sync 1 DAGs
[2025-11-05T06:11:48.123+0000] {logging_mixin.py:190} INFO - [2025-11-05T06:11:48.123+0000] {dag.py:3262} INFO - Creating ORM DAG for example_sensors
[2025-11-05T06:11:48.124+0000] {logging_mixin.py:190} INFO - [2025-11-05T06:11:48.123+0000] {dag.py:4180} INFO - Setting next_dagrun for example_sensors to None, run_after=None
[2025-11-05T06:11:48.150+0000] {processor.py:208} INFO - Processing /home/dellsai/airflow_project/airflow_venv/lib/python3.12/site-packages/airflow/example_dags/example_sensors.py took 0.244 seconds
[2025-11-05T06:12:56.523+0000] {processor.py:186} INFO - Started process (PID=2122) to work on /home/dellsai/airflow_project/airflow_venv/lib/python3.12/site-packages/airflow/example_dags/example_sensors.py
[2025-11-05T06:12:56.526+0000] {processor.py:914} INFO - Processing file /home/dellsai/airflow_project/airflow_venv/lib/python3.12/site-packages/airflow/example_dags/example_sensors.py for tasks to queue
[2025-11-05T06:12:56.528+0000] {logging_mixin.py:190} INFO - [2025-11-05T06:12:56.528+0000] {dagbag.py:588} INFO - Filling up the DagBag from /home/dellsai/airflow_project/airflow_venv/lib/python3.12/site-packages/airflow/example_dags/example_sensors.py
[2025-11-05T06:12:56.540+0000] {processor.py:925} INFO - DAG(s) 'example_sensors' retrieved from /home/dellsai/airflow_project/airflow_venv/lib/python3.12/site-packages/airflow/example_dags/example_sensors.py
[2025-11-05T06:12:56.561+0000] {logging_mixin.py:190} INFO - [2025-11-05T06:12:56.560+0000] {dag.py:3239} INFO - Sync 1 DAGs
[2025-11-05T06:12:56.574+0000] {logging_mixin.py:190} INFO - [2025-11-05T06:12:56.573+0000] {dag.py:4180} INFO - Setting next_dagrun for example_sensors to None, run_after=None
[2025-11-05T06:12:56.599+0000] {processor.py:208} INFO - Processing /home/dellsai/airflow_project/airflow_venv/lib/python3.12/site-packages/airflow/example_dags/example_sensors.py took 0.082 seconds
[2025-11-05T06:14:02.444+0000] {processor.py:186} INFO - Started process (PID=2194) to work on /home/dellsai/airflow_project/airflow_venv/lib/python3.12/site-packages/airflow/example_dags/example_sensors.py
[2025-11-05T06:14:02.446+0000] {processor.py:914} INFO - Processing file /home/dellsai/airflow_project/airflow_venv/lib/python3.12/site-packages/airflow/example_dags/example_sensors.py for tasks to queue
[2025-11-05T06:14:02.448+0000] {logging_mixin.py:190} INFO - [2025-11-05T06:14:02.448+0000] {dagbag.py:588} INFO - Filling up the DagBag from /home/dellsai/airflow_project/airflow_venv/lib/python3.12/site-packages/airflow/example_dags/example_sensors.py
[2025-11-05T06:14:02.458+0000] {processor.py:925} INFO - DAG(s) 'example_sensors' retrieved from /home/dellsai/airflow_project/airflow_venv/lib/python3.12/site-packages/airflow/example_dags/example_sensors.py
[2025-11-05T06:14:02.478+0000] {logging_mixin.py:190} INFO - [2025-11-05T06:14:02.478+0000] {dag.py:3239} INFO - Sync 1 DAGs
[2025-11-05T06:14:02.490+0000] {logging_mixin.py:190} INFO - [2025-11-05T06:14:02.490+0000] {dag.py:4180} INFO - Setting next_dagrun for example_sensors to None, run_after=None
[2025-11-05T06:14:02.517+0000] {processor.py:208} INFO - Processing /home/dellsai/airflow_project/airflow_venv/lib/python3.12/site-packages/airflow/example_dags/example_sensors.py took 0.078 seconds
[2025-11-05T06:15:05.339+0000] {processor.py:186} INFO - Started process (PID=2274) to work on /home/dellsai/airflow_project/airflow_venv/lib/python3.12/site-packages/airflow/example_dags/example_sensors.py
[2025-11-05T06:15:05.342+0000] {processor.py:914} INFO - Processing file /home/dellsai/airflow_project/airflow_venv/lib/python3.12/site-packages/airflow/example_dags/example_sensors.py for tasks to queue
[2025-11-05T06:15:05.343+0000] {logging_mixin.py:190} INFO - [2025-11-05T06:15:05.343+0000] {dagbag.py:588} INFO - Filling up the DagBag from /home/dellsai/airflow_project/airflow_venv/lib/python3.12/site-packages/airflow/example_dags/example_sensors.py
[2025-11-05T06:15:05.352+0000] {processor.py:925} INFO - DAG(s) 'example_sensors' retrieved from /home/dellsai/airflow_project/airflow_venv/lib/python3.12/site-packages/airflow/example_dags/example_sensors.py
[2025-11-05T06:15:05.367+0000] {logging_mixin.py:190} INFO - [2025-11-05T06:15:05.367+0000] {dag.py:3239} INFO - Sync 1 DAGs
[2025-11-05T06:15:05.376+0000] {logging_mixin.py:190} INFO - [2025-11-05T06:15:05.376+0000] {dag.py:4180} INFO - Setting next_dagrun for example_sensors to None, run_after=None
[2025-11-05T06:15:05.401+0000] {processor.py:208} INFO - Processing /home/dellsai/airflow_project/airflow_venv/lib/python3.12/site-packages/airflow/example_dags/example_sensors.py took 0.066 seconds
