[2025-11-05T06:11:32.169+0000] {processor.py:186} INFO - Started process (PID=2003) to work on /home/dellsai/airflow_project/airflow_venv/lib/python3.12/site-packages/airflow/example_dags/example_latest_only_with_trigger.py
[2025-11-05T06:11:32.170+0000] {processor.py:914} INFO - Processing file /home/dellsai/airflow_project/airflow_venv/lib/python3.12/site-packages/airflow/example_dags/example_latest_only_with_trigger.py for tasks to queue
[2025-11-05T06:11:32.172+0000] {logging_mixin.py:190} INFO - [2025-11-05T06:11:32.172+0000] {dagbag.py:588} INFO - Filling up the DagBag from /home/dellsai/airflow_project/airflow_venv/lib/python3.12/site-packages/airflow/example_dags/example_latest_only_with_trigger.py
[2025-11-05T06:11:32.181+0000] {processor.py:925} INFO - DAG(s) 'latest_only_with_trigger' retrieved from /home/dellsai/airflow_project/airflow_venv/lib/python3.12/site-packages/airflow/example_dags/example_latest_only_with_trigger.py
[2025-11-05T06:11:32.281+0000] {logging_mixin.py:190} INFO - [2025-11-05T06:11:32.281+0000] {override.py:1900} INFO - Created Permission View: can delete on DAG:latest_only_with_trigger
[2025-11-05T06:11:32.295+0000] {logging_mixin.py:190} INFO - [2025-11-05T06:11:32.295+0000] {override.py:1900} INFO - Created Permission View: can edit on DAG:latest_only_with_trigger
[2025-11-05T06:11:32.306+0000] {logging_mixin.py:190} INFO - [2025-11-05T06:11:32.305+0000] {override.py:1900} INFO - Created Permission View: can read on DAG:latest_only_with_trigger
[2025-11-05T06:11:32.328+0000] {logging_mixin.py:190} INFO - [2025-11-05T06:11:32.328+0000] {override.py:1900} INFO - Created Permission View: can delete on DAG Run:latest_only_with_trigger
[2025-11-05T06:11:32.341+0000] {logging_mixin.py:190} INFO - [2025-11-05T06:11:32.341+0000] {override.py:1900} INFO - Created Permission View: can create on DAG Run:latest_only_with_trigger
[2025-11-05T06:11:32.354+0000] {logging_mixin.py:190} INFO - [2025-11-05T06:11:32.354+0000] {override.py:1900} INFO - Created Permission View: menu access on DAG Run:latest_only_with_trigger
[2025-11-05T06:11:32.366+0000] {logging_mixin.py:190} INFO - [2025-11-05T06:11:32.366+0000] {override.py:1900} INFO - Created Permission View: can read on DAG Run:latest_only_with_trigger
[2025-11-05T06:11:32.367+0000] {logging_mixin.py:190} INFO - [2025-11-05T06:11:32.367+0000] {dag.py:3239} INFO - Sync 1 DAGs
[2025-11-05T06:11:32.378+0000] {logging_mixin.py:190} INFO - [2025-11-05T06:11:32.378+0000] {dag.py:3262} INFO - Creating ORM DAG for latest_only_with_trigger
[2025-11-05T06:11:32.385+0000] {logging_mixin.py:190} INFO - [2025-11-05T06:11:32.385+0000] {dag.py:4180} INFO - Setting next_dagrun for latest_only_with_trigger to 2025-11-05 00:00:00+00:00, run_after=2025-11-05 04:00:00+00:00
[2025-11-05T06:11:32.412+0000] {processor.py:208} INFO - Processing /home/dellsai/airflow_project/airflow_venv/lib/python3.12/site-packages/airflow/example_dags/example_latest_only_with_trigger.py took 0.248 seconds
[2025-11-05T06:12:45.096+0000] {processor.py:186} INFO - Started process (PID=2105) to work on /home/dellsai/airflow_project/airflow_venv/lib/python3.12/site-packages/airflow/example_dags/example_latest_only_with_trigger.py
[2025-11-05T06:12:45.099+0000] {processor.py:914} INFO - Processing file /home/dellsai/airflow_project/airflow_venv/lib/python3.12/site-packages/airflow/example_dags/example_latest_only_with_trigger.py for tasks to queue
[2025-11-05T06:12:45.100+0000] {logging_mixin.py:190} INFO - [2025-11-05T06:12:45.100+0000] {dagbag.py:588} INFO - Filling up the DagBag from /home/dellsai/airflow_project/airflow_venv/lib/python3.12/site-packages/airflow/example_dags/example_latest_only_with_trigger.py
[2025-11-05T06:12:45.107+0000] {processor.py:925} INFO - DAG(s) 'latest_only_with_trigger' retrieved from /home/dellsai/airflow_project/airflow_venv/lib/python3.12/site-packages/airflow/example_dags/example_latest_only_with_trigger.py
[2025-11-05T06:12:45.119+0000] {logging_mixin.py:190} INFO - [2025-11-05T06:12:45.119+0000] {dag.py:3239} INFO - Sync 1 DAGs
[2025-11-05T06:12:45.133+0000] {logging_mixin.py:190} INFO - [2025-11-05T06:12:45.133+0000] {dag.py:4180} INFO - Setting next_dagrun for latest_only_with_trigger to 2025-11-05 00:00:00+00:00, run_after=2025-11-05 04:00:00+00:00
[2025-11-05T06:12:45.158+0000] {processor.py:208} INFO - Processing /home/dellsai/airflow_project/airflow_venv/lib/python3.12/site-packages/airflow/example_dags/example_latest_only_with_trigger.py took 0.067 seconds
[2025-11-05T06:13:49.640+0000] {processor.py:186} INFO - Started process (PID=2181) to work on /home/dellsai/airflow_project/airflow_venv/lib/python3.12/site-packages/airflow/example_dags/example_latest_only_with_trigger.py
[2025-11-05T06:13:49.643+0000] {processor.py:914} INFO - Processing file /home/dellsai/airflow_project/airflow_venv/lib/python3.12/site-packages/airflow/example_dags/example_latest_only_with_trigger.py for tasks to queue
[2025-11-05T06:13:49.645+0000] {logging_mixin.py:190} INFO - [2025-11-05T06:13:49.645+0000] {dagbag.py:588} INFO - Filling up the DagBag from /home/dellsai/airflow_project/airflow_venv/lib/python3.12/site-packages/airflow/example_dags/example_latest_only_with_trigger.py
[2025-11-05T06:13:49.653+0000] {processor.py:925} INFO - DAG(s) 'latest_only_with_trigger' retrieved from /home/dellsai/airflow_project/airflow_venv/lib/python3.12/site-packages/airflow/example_dags/example_latest_only_with_trigger.py
[2025-11-05T06:13:49.671+0000] {logging_mixin.py:190} INFO - [2025-11-05T06:13:49.671+0000] {dag.py:3239} INFO - Sync 1 DAGs
[2025-11-05T06:13:49.688+0000] {logging_mixin.py:190} INFO - [2025-11-05T06:13:49.687+0000] {dag.py:4180} INFO - Setting next_dagrun for latest_only_with_trigger to 2025-11-05 00:00:00+00:00, run_after=2025-11-05 04:00:00+00:00
[2025-11-05T06:13:49.713+0000] {processor.py:208} INFO - Processing /home/dellsai/airflow_project/airflow_venv/lib/python3.12/site-packages/airflow/example_dags/example_latest_only_with_trigger.py took 0.079 seconds
[2025-11-05T06:14:53.872+0000] {processor.py:186} INFO - Started process (PID=2257) to work on /home/dellsai/airflow_project/airflow_venv/lib/python3.12/site-packages/airflow/example_dags/example_latest_only_with_trigger.py
[2025-11-05T06:14:53.875+0000] {processor.py:914} INFO - Processing file /home/dellsai/airflow_project/airflow_venv/lib/python3.12/site-packages/airflow/example_dags/example_latest_only_with_trigger.py for tasks to queue
[2025-11-05T06:14:53.877+0000] {logging_mixin.py:190} INFO - [2025-11-05T06:14:53.877+0000] {dagbag.py:588} INFO - Filling up the DagBag from /home/dellsai/airflow_project/airflow_venv/lib/python3.12/site-packages/airflow/example_dags/example_latest_only_with_trigger.py
[2025-11-05T06:14:53.886+0000] {processor.py:925} INFO - DAG(s) 'latest_only_with_trigger' retrieved from /home/dellsai/airflow_project/airflow_venv/lib/python3.12/site-packages/airflow/example_dags/example_latest_only_with_trigger.py
[2025-11-05T06:14:53.903+0000] {logging_mixin.py:190} INFO - [2025-11-05T06:14:53.903+0000] {dag.py:3239} INFO - Sync 1 DAGs
[2025-11-05T06:14:53.921+0000] {logging_mixin.py:190} INFO - [2025-11-05T06:14:53.921+0000] {dag.py:4180} INFO - Setting next_dagrun for latest_only_with_trigger to 2025-11-05 00:00:00+00:00, run_after=2025-11-05 04:00:00+00:00
[2025-11-05T06:14:53.945+0000] {processor.py:208} INFO - Processing /home/dellsai/airflow_project/airflow_venv/lib/python3.12/site-packages/airflow/example_dags/example_latest_only_with_trigger.py took 0.080 seconds
