[2025-11-05T06:12:14.285+0000] {processor.py:186} INFO - Started process (PID=2073) to work on /home/dellsai/airflow_project/airflow_venv/lib/python3.12/site-packages/airflow/example_dags/example_nested_branch_dag.py
[2025-11-05T06:12:14.286+0000] {processor.py:914} INFO - Processing file /home/dellsai/airflow_project/airflow_venv/lib/python3.12/site-packages/airflow/example_dags/example_nested_branch_dag.py for tasks to queue
[2025-11-05T06:12:14.288+0000] {logging_mixin.py:190} INFO - [2025-11-05T06:12:14.287+0000] {dagbag.py:588} INFO - Filling up the DagBag from /home/dellsai/airflow_project/airflow_venv/lib/python3.12/site-packages/airflow/example_dags/example_nested_branch_dag.py
[2025-11-05T06:12:14.297+0000] {processor.py:925} INFO - DAG(s) 'example_nested_branch_dag' retrieved from /home/dellsai/airflow_project/airflow_venv/lib/python3.12/site-packages/airflow/example_dags/example_nested_branch_dag.py
[2025-11-05T06:12:14.389+0000] {logging_mixin.py:190} INFO - [2025-11-05T06:12:14.388+0000] {override.py:1900} INFO - Created Permission View: can delete on DAG:example_nested_branch_dag
[2025-11-05T06:12:14.403+0000] {logging_mixin.py:190} INFO - [2025-11-05T06:12:14.403+0000] {override.py:1900} INFO - Created Permission View: can edit on DAG:example_nested_branch_dag
[2025-11-05T06:12:14.415+0000] {logging_mixin.py:190} INFO - [2025-11-05T06:12:14.414+0000] {override.py:1900} INFO - Created Permission View: can read on DAG:example_nested_branch_dag
[2025-11-05T06:12:14.433+0000] {logging_mixin.py:190} INFO - [2025-11-05T06:12:14.433+0000] {override.py:1900} INFO - Created Permission View: can delete on DAG Run:example_nested_branch_dag
[2025-11-05T06:12:14.444+0000] {logging_mixin.py:190} INFO - [2025-11-05T06:12:14.444+0000] {override.py:1900} INFO - Created Permission View: can create on DAG Run:example_nested_branch_dag
[2025-11-05T06:12:14.454+0000] {logging_mixin.py:190} INFO - [2025-11-05T06:12:14.454+0000] {override.py:1900} INFO - Created Permission View: menu access on DAG Run:example_nested_branch_dag
[2025-11-05T06:12:14.464+0000] {logging_mixin.py:190} INFO - [2025-11-05T06:12:14.464+0000] {override.py:1900} INFO - Created Permission View: can read on DAG Run:example_nested_branch_dag
[2025-11-05T06:12:14.465+0000] {logging_mixin.py:190} INFO - [2025-11-05T06:12:14.465+0000] {dag.py:3239} INFO - Sync 1 DAGs
[2025-11-05T06:12:14.472+0000] {logging_mixin.py:190} INFO - [2025-11-05T06:12:14.472+0000] {dag.py:3262} INFO - Creating ORM DAG for example_nested_branch_dag
[2025-11-05T06:12:14.478+0000] {logging_mixin.py:190} INFO - [2025-11-05T06:12:14.478+0000] {dag.py:4180} INFO - Setting next_dagrun for example_nested_branch_dag to 2025-11-04 00:00:00+00:00, run_after=2025-11-05 00:00:00+00:00
[2025-11-05T06:12:14.502+0000] {processor.py:208} INFO - Processing /home/dellsai/airflow_project/airflow_venv/lib/python3.12/site-packages/airflow/example_dags/example_nested_branch_dag.py took 0.221 seconds
[2025-11-05T06:13:26.437+0000] {processor.py:186} INFO - Started process (PID=2155) to work on /home/dellsai/airflow_project/airflow_venv/lib/python3.12/site-packages/airflow/example_dags/example_nested_branch_dag.py
[2025-11-05T06:13:26.439+0000] {processor.py:914} INFO - Processing file /home/dellsai/airflow_project/airflow_venv/lib/python3.12/site-packages/airflow/example_dags/example_nested_branch_dag.py for tasks to queue
[2025-11-05T06:13:26.440+0000] {logging_mixin.py:190} INFO - [2025-11-05T06:13:26.440+0000] {dagbag.py:588} INFO - Filling up the DagBag from /home/dellsai/airflow_project/airflow_venv/lib/python3.12/site-packages/airflow/example_dags/example_nested_branch_dag.py
[2025-11-05T06:13:26.451+0000] {processor.py:925} INFO - DAG(s) 'example_nested_branch_dag' retrieved from /home/dellsai/airflow_project/airflow_venv/lib/python3.12/site-packages/airflow/example_dags/example_nested_branch_dag.py
[2025-11-05T06:13:26.465+0000] {logging_mixin.py:190} INFO - [2025-11-05T06:13:26.465+0000] {dag.py:3239} INFO - Sync 1 DAGs
[2025-11-05T06:13:26.481+0000] {logging_mixin.py:190} INFO - [2025-11-05T06:13:26.480+0000] {dag.py:4180} INFO - Setting next_dagrun for example_nested_branch_dag to 2025-11-04 00:00:00+00:00, run_after=2025-11-05 00:00:00+00:00
[2025-11-05T06:13:26.503+0000] {processor.py:208} INFO - Processing /home/dellsai/airflow_project/airflow_venv/lib/python3.12/site-packages/airflow/example_dags/example_nested_branch_dag.py took 0.071 seconds
[2025-11-05T06:14:31.350+0000] {processor.py:186} INFO - Started process (PID=2228) to work on /home/dellsai/airflow_project/airflow_venv/lib/python3.12/site-packages/airflow/example_dags/example_nested_branch_dag.py
[2025-11-05T06:14:31.351+0000] {processor.py:914} INFO - Processing file /home/dellsai/airflow_project/airflow_venv/lib/python3.12/site-packages/airflow/example_dags/example_nested_branch_dag.py for tasks to queue
[2025-11-05T06:14:31.353+0000] {logging_mixin.py:190} INFO - [2025-11-05T06:14:31.353+0000] {dagbag.py:588} INFO - Filling up the DagBag from /home/dellsai/airflow_project/airflow_venv/lib/python3.12/site-packages/airflow/example_dags/example_nested_branch_dag.py
[2025-11-05T06:14:31.363+0000] {processor.py:925} INFO - DAG(s) 'example_nested_branch_dag' retrieved from /home/dellsai/airflow_project/airflow_venv/lib/python3.12/site-packages/airflow/example_dags/example_nested_branch_dag.py
[2025-11-05T06:14:31.381+0000] {logging_mixin.py:190} INFO - [2025-11-05T06:14:31.380+0000] {dag.py:3239} INFO - Sync 1 DAGs
[2025-11-05T06:14:31.398+0000] {logging_mixin.py:190} INFO - [2025-11-05T06:14:31.398+0000] {dag.py:4180} INFO - Setting next_dagrun for example_nested_branch_dag to 2025-11-04 00:00:00+00:00, run_after=2025-11-05 00:00:00+00:00
[2025-11-05T06:14:31.424+0000] {processor.py:208} INFO - Processing /home/dellsai/airflow_project/airflow_venv/lib/python3.12/site-packages/airflow/example_dags/example_nested_branch_dag.py took 0.080 seconds
