[2025-11-05T06:12:09.669+0000] {processor.py:186} INFO - Started process (PID=2069) to work on /home/dellsai/airflow_project/airflow_venv/lib/python3.12/site-packages/airflow/example_dags/example_python_decorator.py
[2025-11-05T06:12:09.670+0000] {processor.py:914} INFO - Processing file /home/dellsai/airflow_project/airflow_venv/lib/python3.12/site-packages/airflow/example_dags/example_python_decorator.py for tasks to queue
[2025-11-05T06:12:09.672+0000] {logging_mixin.py:190} INFO - [2025-11-05T06:12:09.671+0000] {dagbag.py:588} INFO - Filling up the DagBag from /home/dellsai/airflow_project/airflow_venv/lib/python3.12/site-packages/airflow/example_dags/example_python_decorator.py
[2025-11-05T06:12:09.682+0000] {processor.py:925} INFO - DAG(s) 'example_python_decorator' retrieved from /home/dellsai/airflow_project/airflow_venv/lib/python3.12/site-packages/airflow/example_dags/example_python_decorator.py
[2025-11-05T06:12:09.781+0000] {logging_mixin.py:190} INFO - [2025-11-05T06:12:09.780+0000] {override.py:1900} INFO - Created Permission View: can delete on DAG:example_python_decorator
[2025-11-05T06:12:09.796+0000] {logging_mixin.py:190} INFO - [2025-11-05T06:12:09.796+0000] {override.py:1900} INFO - Created Permission View: can edit on DAG:example_python_decorator
[2025-11-05T06:12:09.809+0000] {logging_mixin.py:190} INFO - [2025-11-05T06:12:09.809+0000] {override.py:1900} INFO - Created Permission View: can read on DAG:example_python_decorator
[2025-11-05T06:12:09.827+0000] {logging_mixin.py:190} INFO - [2025-11-05T06:12:09.827+0000] {override.py:1900} INFO - Created Permission View: can delete on DAG Run:example_python_decorator
[2025-11-05T06:12:09.837+0000] {logging_mixin.py:190} INFO - [2025-11-05T06:12:09.837+0000] {override.py:1900} INFO - Created Permission View: can create on DAG Run:example_python_decorator
[2025-11-05T06:12:09.849+0000] {logging_mixin.py:190} INFO - [2025-11-05T06:12:09.848+0000] {override.py:1900} INFO - Created Permission View: menu access on DAG Run:example_python_decorator
[2025-11-05T06:12:09.860+0000] {logging_mixin.py:190} INFO - [2025-11-05T06:12:09.859+0000] {override.py:1900} INFO - Created Permission View: can read on DAG Run:example_python_decorator
[2025-11-05T06:12:09.860+0000] {logging_mixin.py:190} INFO - [2025-11-05T06:12:09.860+0000] {dag.py:3239} INFO - Sync 1 DAGs
[2025-11-05T06:12:09.869+0000] {logging_mixin.py:190} INFO - [2025-11-05T06:12:09.869+0000] {dag.py:3262} INFO - Creating ORM DAG for example_python_decorator
[2025-11-05T06:12:09.870+0000] {logging_mixin.py:190} INFO - [2025-11-05T06:12:09.870+0000] {dag.py:4180} INFO - Setting next_dagrun for example_python_decorator to None, run_after=None
[2025-11-05T06:12:09.894+0000] {processor.py:208} INFO - Processing /home/dellsai/airflow_project/airflow_venv/lib/python3.12/site-packages/airflow/example_dags/example_python_decorator.py took 0.229 seconds
[2025-11-05T06:13:22.447+0000] {processor.py:186} INFO - Started process (PID=2151) to work on /home/dellsai/airflow_project/airflow_venv/lib/python3.12/site-packages/airflow/example_dags/example_python_decorator.py
[2025-11-05T06:13:22.450+0000] {processor.py:914} INFO - Processing file /home/dellsai/airflow_project/airflow_venv/lib/python3.12/site-packages/airflow/example_dags/example_python_decorator.py for tasks to queue
[2025-11-05T06:13:22.452+0000] {logging_mixin.py:190} INFO - [2025-11-05T06:13:22.452+0000] {dagbag.py:588} INFO - Filling up the DagBag from /home/dellsai/airflow_project/airflow_venv/lib/python3.12/site-packages/airflow/example_dags/example_python_decorator.py
[2025-11-05T06:13:22.466+0000] {processor.py:925} INFO - DAG(s) 'example_python_decorator' retrieved from /home/dellsai/airflow_project/airflow_venv/lib/python3.12/site-packages/airflow/example_dags/example_python_decorator.py
[2025-11-05T06:13:22.484+0000] {logging_mixin.py:190} INFO - [2025-11-05T06:13:22.484+0000] {dag.py:3239} INFO - Sync 1 DAGs
[2025-11-05T06:13:22.498+0000] {logging_mixin.py:190} INFO - [2025-11-05T06:13:22.498+0000] {dag.py:4180} INFO - Setting next_dagrun for example_python_decorator to None, run_after=None
[2025-11-05T06:13:22.524+0000] {processor.py:208} INFO - Processing /home/dellsai/airflow_project/airflow_venv/lib/python3.12/site-packages/airflow/example_dags/example_python_decorator.py took 0.083 seconds
[2025-11-05T06:14:26.558+0000] {processor.py:186} INFO - Started process (PID=2224) to work on /home/dellsai/airflow_project/airflow_venv/lib/python3.12/site-packages/airflow/example_dags/example_python_decorator.py
[2025-11-05T06:14:26.560+0000] {processor.py:914} INFO - Processing file /home/dellsai/airflow_project/airflow_venv/lib/python3.12/site-packages/airflow/example_dags/example_python_decorator.py for tasks to queue
[2025-11-05T06:14:26.562+0000] {logging_mixin.py:190} INFO - [2025-11-05T06:14:26.562+0000] {dagbag.py:588} INFO - Filling up the DagBag from /home/dellsai/airflow_project/airflow_venv/lib/python3.12/site-packages/airflow/example_dags/example_python_decorator.py
[2025-11-05T06:14:26.575+0000] {processor.py:925} INFO - DAG(s) 'example_python_decorator' retrieved from /home/dellsai/airflow_project/airflow_venv/lib/python3.12/site-packages/airflow/example_dags/example_python_decorator.py
[2025-11-05T06:14:26.589+0000] {logging_mixin.py:190} INFO - [2025-11-05T06:14:26.589+0000] {dag.py:3239} INFO - Sync 1 DAGs
[2025-11-05T06:14:26.599+0000] {logging_mixin.py:190} INFO - [2025-11-05T06:14:26.599+0000] {dag.py:4180} INFO - Setting next_dagrun for example_python_decorator to None, run_after=None
[2025-11-05T06:14:26.625+0000] {processor.py:208} INFO - Processing /home/dellsai/airflow_project/airflow_venv/lib/python3.12/site-packages/airflow/example_dags/example_python_decorator.py took 0.072 seconds
