[2025-11-05T06:12:07.107+0000] {processor.py:186} INFO - Started process (PID=2067) to work on /home/dellsai/airflow_project/airflow_venv/lib/python3.12/site-packages/airflow/example_dags/example_trigger_controller_dag.py
[2025-11-05T06:12:07.108+0000] {processor.py:914} INFO - Processing file /home/dellsai/airflow_project/airflow_venv/lib/python3.12/site-packages/airflow/example_dags/example_trigger_controller_dag.py for tasks to queue
[2025-11-05T06:12:07.109+0000] {logging_mixin.py:190} INFO - [2025-11-05T06:12:07.109+0000] {dagbag.py:588} INFO - Filling up the DagBag from /home/dellsai/airflow_project/airflow_venv/lib/python3.12/site-packages/airflow/example_dags/example_trigger_controller_dag.py
[2025-11-05T06:12:07.116+0000] {processor.py:925} INFO - DAG(s) 'example_trigger_controller_dag' retrieved from /home/dellsai/airflow_project/airflow_venv/lib/python3.12/site-packages/airflow/example_dags/example_trigger_controller_dag.py
[2025-11-05T06:12:07.212+0000] {logging_mixin.py:190} INFO - [2025-11-05T06:12:07.212+0000] {override.py:1900} INFO - Created Permission View: can delete on DAG:example_trigger_controller_dag
[2025-11-05T06:12:07.229+0000] {logging_mixin.py:190} INFO - [2025-11-05T06:12:07.229+0000] {override.py:1900} INFO - Created Permission View: can edit on DAG:example_trigger_controller_dag
[2025-11-05T06:12:07.240+0000] {logging_mixin.py:190} INFO - [2025-11-05T06:12:07.240+0000] {override.py:1900} INFO - Created Permission View: can read on DAG:example_trigger_controller_dag
[2025-11-05T06:12:07.261+0000] {logging_mixin.py:190} INFO - [2025-11-05T06:12:07.261+0000] {override.py:1900} INFO - Created Permission View: can delete on DAG Run:example_trigger_controller_dag
[2025-11-05T06:12:07.274+0000] {logging_mixin.py:190} INFO - [2025-11-05T06:12:07.273+0000] {override.py:1900} INFO - Created Permission View: can create on DAG Run:example_trigger_controller_dag
[2025-11-05T06:12:07.286+0000] {logging_mixin.py:190} INFO - [2025-11-05T06:12:07.286+0000] {override.py:1900} INFO - Created Permission View: menu access on DAG Run:example_trigger_controller_dag
[2025-11-05T06:12:07.299+0000] {logging_mixin.py:190} INFO - [2025-11-05T06:12:07.299+0000] {override.py:1900} INFO - Created Permission View: can read on DAG Run:example_trigger_controller_dag
[2025-11-05T06:12:07.300+0000] {logging_mixin.py:190} INFO - [2025-11-05T06:12:07.300+0000] {dag.py:3239} INFO - Sync 1 DAGs
[2025-11-05T06:12:07.309+0000] {logging_mixin.py:190} INFO - [2025-11-05T06:12:07.309+0000] {dag.py:3262} INFO - Creating ORM DAG for example_trigger_controller_dag
[2025-11-05T06:12:07.316+0000] {logging_mixin.py:190} INFO - [2025-11-05T06:12:07.316+0000] {dag.py:4180} INFO - Setting next_dagrun for example_trigger_controller_dag to 2021-01-01 00:00:00+00:00, run_after=2021-01-01 00:00:00+00:00
[2025-11-05T06:12:07.342+0000] {processor.py:208} INFO - Processing /home/dellsai/airflow_project/airflow_venv/lib/python3.12/site-packages/airflow/example_dags/example_trigger_controller_dag.py took 0.239 seconds
[2025-11-05T06:13:20.509+0000] {processor.py:186} INFO - Started process (PID=2149) to work on /home/dellsai/airflow_project/airflow_venv/lib/python3.12/site-packages/airflow/example_dags/example_trigger_controller_dag.py
[2025-11-05T06:13:20.512+0000] {processor.py:914} INFO - Processing file /home/dellsai/airflow_project/airflow_venv/lib/python3.12/site-packages/airflow/example_dags/example_trigger_controller_dag.py for tasks to queue
[2025-11-05T06:13:20.514+0000] {logging_mixin.py:190} INFO - [2025-11-05T06:13:20.513+0000] {dagbag.py:588} INFO - Filling up the DagBag from /home/dellsai/airflow_project/airflow_venv/lib/python3.12/site-packages/airflow/example_dags/example_trigger_controller_dag.py
[2025-11-05T06:13:20.520+0000] {processor.py:925} INFO - DAG(s) 'example_trigger_controller_dag' retrieved from /home/dellsai/airflow_project/airflow_venv/lib/python3.12/site-packages/airflow/example_dags/example_trigger_controller_dag.py
[2025-11-05T06:13:20.535+0000] {logging_mixin.py:190} INFO - [2025-11-05T06:13:20.535+0000] {dag.py:3239} INFO - Sync 1 DAGs
[2025-11-05T06:13:20.552+0000] {logging_mixin.py:190} INFO - [2025-11-05T06:13:20.552+0000] {dag.py:4180} INFO - Setting next_dagrun for example_trigger_controller_dag to 2021-01-01 00:00:00+00:00, run_after=2021-01-01 00:00:00+00:00
[2025-11-05T06:13:20.577+0000] {processor.py:208} INFO - Processing /home/dellsai/airflow_project/airflow_venv/lib/python3.12/site-packages/airflow/example_dags/example_trigger_controller_dag.py took 0.073 seconds
[2025-11-05T06:14:24.861+0000] {processor.py:186} INFO - Started process (PID=2220) to work on /home/dellsai/airflow_project/airflow_venv/lib/python3.12/site-packages/airflow/example_dags/example_trigger_controller_dag.py
[2025-11-05T06:14:24.864+0000] {processor.py:914} INFO - Processing file /home/dellsai/airflow_project/airflow_venv/lib/python3.12/site-packages/airflow/example_dags/example_trigger_controller_dag.py for tasks to queue
[2025-11-05T06:14:24.866+0000] {logging_mixin.py:190} INFO - [2025-11-05T06:14:24.865+0000] {dagbag.py:588} INFO - Filling up the DagBag from /home/dellsai/airflow_project/airflow_venv/lib/python3.12/site-packages/airflow/example_dags/example_trigger_controller_dag.py
[2025-11-05T06:14:24.871+0000] {processor.py:925} INFO - DAG(s) 'example_trigger_controller_dag' retrieved from /home/dellsai/airflow_project/airflow_venv/lib/python3.12/site-packages/airflow/example_dags/example_trigger_controller_dag.py
[2025-11-05T06:14:24.884+0000] {logging_mixin.py:190} INFO - [2025-11-05T06:14:24.883+0000] {dag.py:3239} INFO - Sync 1 DAGs
[2025-11-05T06:14:24.898+0000] {logging_mixin.py:190} INFO - [2025-11-05T06:14:24.898+0000] {dag.py:4180} INFO - Setting next_dagrun for example_trigger_controller_dag to 2021-01-01 00:00:00+00:00, run_after=2021-01-01 00:00:00+00:00
[2025-11-05T06:14:24.923+0000] {processor.py:208} INFO - Processing /home/dellsai/airflow_project/airflow_venv/lib/python3.12/site-packages/airflow/example_dags/example_trigger_controller_dag.py took 0.067 seconds
