[2025-11-05T06:12:10.280+0000] {processor.py:186} INFO - Started process (PID=2070) to work on /home/dellsai/airflow_project/airflow_venv/lib/python3.12/site-packages/airflow/example_dags/example_sla_dag.py
[2025-11-05T06:12:10.281+0000] {processor.py:914} INFO - Processing file /home/dellsai/airflow_project/airflow_venv/lib/python3.12/site-packages/airflow/example_dags/example_sla_dag.py for tasks to queue
[2025-11-05T06:12:10.282+0000] {logging_mixin.py:190} INFO - [2025-11-05T06:12:10.282+0000] {dagbag.py:588} INFO - Filling up the DagBag from /home/dellsai/airflow_project/airflow_venv/lib/python3.12/site-packages/airflow/example_dags/example_sla_dag.py
[2025-11-05T06:12:10.291+0000] {processor.py:925} INFO - DAG(s) 'example_sla_dag' retrieved from /home/dellsai/airflow_project/airflow_venv/lib/python3.12/site-packages/airflow/example_dags/example_sla_dag.py
[2025-11-05T06:12:10.389+0000] {logging_mixin.py:190} INFO - [2025-11-05T06:12:10.388+0000] {override.py:1900} INFO - Created Permission View: can delete on DAG:example_sla_dag
[2025-11-05T06:12:10.404+0000] {logging_mixin.py:190} INFO - [2025-11-05T06:12:10.404+0000] {override.py:1900} INFO - Created Permission View: can edit on DAG:example_sla_dag
[2025-11-05T06:12:10.416+0000] {logging_mixin.py:190} INFO - [2025-11-05T06:12:10.416+0000] {override.py:1900} INFO - Created Permission View: can read on DAG:example_sla_dag
[2025-11-05T06:12:10.436+0000] {logging_mixin.py:190} INFO - [2025-11-05T06:12:10.435+0000] {override.py:1900} INFO - Created Permission View: can delete on DAG Run:example_sla_dag
[2025-11-05T06:12:10.448+0000] {logging_mixin.py:190} INFO - [2025-11-05T06:12:10.448+0000] {override.py:1900} INFO - Created Permission View: can create on DAG Run:example_sla_dag
[2025-11-05T06:12:10.460+0000] {logging_mixin.py:190} INFO - [2025-11-05T06:12:10.460+0000] {override.py:1900} INFO - Created Permission View: menu access on DAG Run:example_sla_dag
[2025-11-05T06:12:10.471+0000] {logging_mixin.py:190} INFO - [2025-11-05T06:12:10.471+0000] {override.py:1900} INFO - Created Permission View: can read on DAG Run:example_sla_dag
[2025-11-05T06:12:10.472+0000] {logging_mixin.py:190} INFO - [2025-11-05T06:12:10.471+0000] {dag.py:3239} INFO - Sync 1 DAGs
[2025-11-05T06:12:10.481+0000] {logging_mixin.py:190} INFO - [2025-11-05T06:12:10.481+0000] {dag.py:3262} INFO - Creating ORM DAG for example_sla_dag
[2025-11-05T06:12:10.491+0000] {logging_mixin.py:190} INFO - [2025-11-05T06:12:10.491+0000] {dag.py:4180} INFO - Setting next_dagrun for example_sla_dag to 2025-11-05 06:10:00+00:00, run_after=2025-11-05 06:12:00+00:00
[2025-11-05T06:12:10.512+0000] {processor.py:208} INFO - Processing /home/dellsai/airflow_project/airflow_venv/lib/python3.12/site-packages/airflow/example_dags/example_sla_dag.py took 0.237 seconds
[2025-11-05T06:13:23.594+0000] {processor.py:186} INFO - Started process (PID=2152) to work on /home/dellsai/airflow_project/airflow_venv/lib/python3.12/site-packages/airflow/example_dags/example_sla_dag.py
[2025-11-05T06:13:23.596+0000] {processor.py:914} INFO - Processing file /home/dellsai/airflow_project/airflow_venv/lib/python3.12/site-packages/airflow/example_dags/example_sla_dag.py for tasks to queue
[2025-11-05T06:13:23.597+0000] {logging_mixin.py:190} INFO - [2025-11-05T06:13:23.597+0000] {dagbag.py:588} INFO - Filling up the DagBag from /home/dellsai/airflow_project/airflow_venv/lib/python3.12/site-packages/airflow/example_dags/example_sla_dag.py
[2025-11-05T06:13:23.606+0000] {processor.py:925} INFO - DAG(s) 'example_sla_dag' retrieved from /home/dellsai/airflow_project/airflow_venv/lib/python3.12/site-packages/airflow/example_dags/example_sla_dag.py
[2025-11-05T06:13:23.619+0000] {logging_mixin.py:190} INFO - [2025-11-05T06:13:23.619+0000] {dag.py:3239} INFO - Sync 1 DAGs
[2025-11-05T06:13:23.638+0000] {logging_mixin.py:190} INFO - [2025-11-05T06:13:23.638+0000] {dag.py:4180} INFO - Setting next_dagrun for example_sla_dag to 2025-11-05 06:10:00+00:00, run_after=2025-11-05 06:12:00+00:00
[2025-11-05T06:13:23.661+0000] {processor.py:208} INFO - Processing /home/dellsai/airflow_project/airflow_venv/lib/python3.12/site-packages/airflow/example_dags/example_sla_dag.py took 0.071 seconds
[2025-11-05T06:14:27.703+0000] {processor.py:186} INFO - Started process (PID=2225) to work on /home/dellsai/airflow_project/airflow_venv/lib/python3.12/site-packages/airflow/example_dags/example_sla_dag.py
[2025-11-05T06:14:27.704+0000] {processor.py:914} INFO - Processing file /home/dellsai/airflow_project/airflow_venv/lib/python3.12/site-packages/airflow/example_dags/example_sla_dag.py for tasks to queue
[2025-11-05T06:14:27.706+0000] {logging_mixin.py:190} INFO - [2025-11-05T06:14:27.706+0000] {dagbag.py:588} INFO - Filling up the DagBag from /home/dellsai/airflow_project/airflow_venv/lib/python3.12/site-packages/airflow/example_dags/example_sla_dag.py
[2025-11-05T06:14:27.715+0000] {processor.py:925} INFO - DAG(s) 'example_sla_dag' retrieved from /home/dellsai/airflow_project/airflow_venv/lib/python3.12/site-packages/airflow/example_dags/example_sla_dag.py
[2025-11-05T06:14:27.729+0000] {logging_mixin.py:190} INFO - [2025-11-05T06:14:27.729+0000] {dag.py:3239} INFO - Sync 1 DAGs
[2025-11-05T06:14:27.747+0000] {logging_mixin.py:190} INFO - [2025-11-05T06:14:27.746+0000] {dag.py:4180} INFO - Setting next_dagrun for example_sla_dag to 2025-11-05 06:12:00+00:00, run_after=2025-11-05 06:14:00+00:00
[2025-11-05T06:14:27.769+0000] {processor.py:208} INFO - Processing /home/dellsai/airflow_project/airflow_venv/lib/python3.12/site-packages/airflow/example_dags/example_sla_dag.py took 0.071 seconds
