[2025-11-05T06:11:34.320+0000] {processor.py:186} INFO - Started process (PID=2005) to work on /home/dellsai/airflow_project/airflow_venv/lib/python3.12/site-packages/airflow/example_dags/example_dataset_alias.py
[2025-11-05T06:11:34.321+0000] {processor.py:914} INFO - Processing file /home/dellsai/airflow_project/airflow_venv/lib/python3.12/site-packages/airflow/example_dags/example_dataset_alias.py for tasks to queue
[2025-11-05T06:11:34.323+0000] {logging_mixin.py:190} INFO - [2025-11-05T06:11:34.322+0000] {dagbag.py:588} INFO - Filling up the DagBag from /home/dellsai/airflow_project/airflow_venv/lib/python3.12/site-packages/airflow/example_dags/example_dataset_alias.py
[2025-11-05T06:11:34.337+0000] {processor.py:925} INFO - DAG(s) 'dataset_alias_example_alias_producer', 'dataset_alias_example_alias_consumer', 'dataset_s3_bucket_producer', 'dataset_s3_bucket_consumer' retrieved from /home/dellsai/airflow_project/airflow_venv/lib/python3.12/site-packages/airflow/example_dags/example_dataset_alias.py
[2025-11-05T06:11:34.426+0000] {logging_mixin.py:190} INFO - [2025-11-05T06:11:34.425+0000] {override.py:1900} INFO - Created Permission View: can delete on DAG:dataset_alias_example_alias_producer
[2025-11-05T06:11:34.440+0000] {logging_mixin.py:190} INFO - [2025-11-05T06:11:34.440+0000] {override.py:1900} INFO - Created Permission View: can edit on DAG:dataset_alias_example_alias_producer
[2025-11-05T06:11:34.450+0000] {logging_mixin.py:190} INFO - [2025-11-05T06:11:34.450+0000] {override.py:1900} INFO - Created Permission View: can read on DAG:dataset_alias_example_alias_producer
[2025-11-05T06:11:34.469+0000] {logging_mixin.py:190} INFO - [2025-11-05T06:11:34.469+0000] {override.py:1900} INFO - Created Permission View: can delete on DAG Run:dataset_alias_example_alias_producer
[2025-11-05T06:11:34.481+0000] {logging_mixin.py:190} INFO - [2025-11-05T06:11:34.481+0000] {override.py:1900} INFO - Created Permission View: can create on DAG Run:dataset_alias_example_alias_producer
[2025-11-05T06:11:34.492+0000] {logging_mixin.py:190} INFO - [2025-11-05T06:11:34.491+0000] {override.py:1900} INFO - Created Permission View: menu access on DAG Run:dataset_alias_example_alias_producer
[2025-11-05T06:11:34.503+0000] {logging_mixin.py:190} INFO - [2025-11-05T06:11:34.503+0000] {override.py:1900} INFO - Created Permission View: can read on DAG Run:dataset_alias_example_alias_producer
[2025-11-05T06:11:34.526+0000] {logging_mixin.py:190} INFO - [2025-11-05T06:11:34.526+0000] {override.py:1900} INFO - Created Permission View: can delete on DAG:dataset_alias_example_alias_consumer
[2025-11-05T06:11:34.536+0000] {logging_mixin.py:190} INFO - [2025-11-05T06:11:34.535+0000] {override.py:1900} INFO - Created Permission View: can edit on DAG:dataset_alias_example_alias_consumer
[2025-11-05T06:11:34.547+0000] {logging_mixin.py:190} INFO - [2025-11-05T06:11:34.546+0000] {override.py:1900} INFO - Created Permission View: can read on DAG:dataset_alias_example_alias_consumer
[2025-11-05T06:11:34.564+0000] {logging_mixin.py:190} INFO - [2025-11-05T06:11:34.563+0000] {override.py:1900} INFO - Created Permission View: can delete on DAG Run:dataset_alias_example_alias_consumer
[2025-11-05T06:11:34.572+0000] {logging_mixin.py:190} INFO - [2025-11-05T06:11:34.572+0000] {override.py:1900} INFO - Created Permission View: can create on DAG Run:dataset_alias_example_alias_consumer
[2025-11-05T06:11:34.581+0000] {logging_mixin.py:190} INFO - [2025-11-05T06:11:34.581+0000] {override.py:1900} INFO - Created Permission View: menu access on DAG Run:dataset_alias_example_alias_consumer
[2025-11-05T06:11:34.591+0000] {logging_mixin.py:190} INFO - [2025-11-05T06:11:34.591+0000] {override.py:1900} INFO - Created Permission View: can read on DAG Run:dataset_alias_example_alias_consumer
[2025-11-05T06:11:34.614+0000] {logging_mixin.py:190} INFO - [2025-11-05T06:11:34.614+0000] {override.py:1900} INFO - Created Permission View: can delete on DAG:dataset_s3_bucket_producer
[2025-11-05T06:11:34.625+0000] {logging_mixin.py:190} INFO - [2025-11-05T06:11:34.624+0000] {override.py:1900} INFO - Created Permission View: can edit on DAG:dataset_s3_bucket_producer
[2025-11-05T06:11:34.634+0000] {logging_mixin.py:190} INFO - [2025-11-05T06:11:34.634+0000] {override.py:1900} INFO - Created Permission View: can read on DAG:dataset_s3_bucket_producer
[2025-11-05T06:11:34.651+0000] {logging_mixin.py:190} INFO - [2025-11-05T06:11:34.650+0000] {override.py:1900} INFO - Created Permission View: can delete on DAG Run:dataset_s3_bucket_producer
[2025-11-05T06:11:34.660+0000] {logging_mixin.py:190} INFO - [2025-11-05T06:11:34.660+0000] {override.py:1900} INFO - Created Permission View: can create on DAG Run:dataset_s3_bucket_producer
[2025-11-05T06:11:34.670+0000] {logging_mixin.py:190} INFO - [2025-11-05T06:11:34.670+0000] {override.py:1900} INFO - Created Permission View: menu access on DAG Run:dataset_s3_bucket_producer
[2025-11-05T06:11:34.680+0000] {logging_mixin.py:190} INFO - [2025-11-05T06:11:34.679+0000] {override.py:1900} INFO - Created Permission View: can read on DAG Run:dataset_s3_bucket_producer
[2025-11-05T06:11:34.701+0000] {logging_mixin.py:190} INFO - [2025-11-05T06:11:34.701+0000] {override.py:1900} INFO - Created Permission View: can delete on DAG:dataset_s3_bucket_consumer
[2025-11-05T06:11:34.710+0000] {logging_mixin.py:190} INFO - [2025-11-05T06:11:34.710+0000] {override.py:1900} INFO - Created Permission View: can edit on DAG:dataset_s3_bucket_consumer
[2025-11-05T06:11:34.720+0000] {logging_mixin.py:190} INFO - [2025-11-05T06:11:34.720+0000] {override.py:1900} INFO - Created Permission View: can read on DAG:dataset_s3_bucket_consumer
[2025-11-05T06:11:34.737+0000] {logging_mixin.py:190} INFO - [2025-11-05T06:11:34.737+0000] {override.py:1900} INFO - Created Permission View: can delete on DAG Run:dataset_s3_bucket_consumer
[2025-11-05T06:11:34.747+0000] {logging_mixin.py:190} INFO - [2025-11-05T06:11:34.746+0000] {override.py:1900} INFO - Created Permission View: can create on DAG Run:dataset_s3_bucket_consumer
[2025-11-05T06:11:34.757+0000] {logging_mixin.py:190} INFO - [2025-11-05T06:11:34.757+0000] {override.py:1900} INFO - Created Permission View: menu access on DAG Run:dataset_s3_bucket_consumer
[2025-11-05T06:11:34.766+0000] {logging_mixin.py:190} INFO - [2025-11-05T06:11:34.766+0000] {override.py:1900} INFO - Created Permission View: can read on DAG Run:dataset_s3_bucket_consumer
[2025-11-05T06:11:34.766+0000] {logging_mixin.py:190} INFO - [2025-11-05T06:11:34.766+0000] {dag.py:3239} INFO - Sync 4 DAGs
[2025-11-05T06:11:34.777+0000] {logging_mixin.py:190} INFO - [2025-11-05T06:11:34.777+0000] {dag.py:3262} INFO - Creating ORM DAG for dataset_alias_example_alias_producer
[2025-11-05T06:11:34.777+0000] {logging_mixin.py:190} INFO - [2025-11-05T06:11:34.777+0000] {dag.py:3262} INFO - Creating ORM DAG for dataset_s3_bucket_consumer
[2025-11-05T06:11:34.778+0000] {logging_mixin.py:190} INFO - [2025-11-05T06:11:34.777+0000] {dag.py:3262} INFO - Creating ORM DAG for dataset_s3_bucket_producer
[2025-11-05T06:11:34.778+0000] {logging_mixin.py:190} INFO - [2025-11-05T06:11:34.778+0000] {dag.py:3262} INFO - Creating ORM DAG for dataset_alias_example_alias_consumer
[2025-11-05T06:11:34.783+0000] {logging_mixin.py:190} INFO - [2025-11-05T06:11:34.783+0000] {dag.py:4180} INFO - Setting next_dagrun for dataset_alias_example_alias_consumer to None, run_after=None
[2025-11-05T06:11:34.784+0000] {logging_mixin.py:190} INFO - [2025-11-05T06:11:34.784+0000] {dag.py:4180} INFO - Setting next_dagrun for dataset_alias_example_alias_producer to None, run_after=None
[2025-11-05T06:11:34.784+0000] {logging_mixin.py:190} INFO - [2025-11-05T06:11:34.784+0000] {dag.py:4180} INFO - Setting next_dagrun for dataset_s3_bucket_consumer to None, run_after=None
[2025-11-05T06:11:34.785+0000] {logging_mixin.py:190} INFO - [2025-11-05T06:11:34.785+0000] {dag.py:4180} INFO - Setting next_dagrun for dataset_s3_bucket_producer to None, run_after=None
[2025-11-05T06:11:34.814+0000] {processor.py:208} INFO - Processing /home/dellsai/airflow_project/airflow_venv/lib/python3.12/site-packages/airflow/example_dags/example_dataset_alias.py took 0.498 seconds
[2025-11-05T06:12:46.674+0000] {processor.py:186} INFO - Started process (PID=2107) to work on /home/dellsai/airflow_project/airflow_venv/lib/python3.12/site-packages/airflow/example_dags/example_dataset_alias.py
[2025-11-05T06:12:46.677+0000] {processor.py:914} INFO - Processing file /home/dellsai/airflow_project/airflow_venv/lib/python3.12/site-packages/airflow/example_dags/example_dataset_alias.py for tasks to queue
[2025-11-05T06:12:46.678+0000] {logging_mixin.py:190} INFO - [2025-11-05T06:12:46.678+0000] {dagbag.py:588} INFO - Filling up the DagBag from /home/dellsai/airflow_project/airflow_venv/lib/python3.12/site-packages/airflow/example_dags/example_dataset_alias.py
[2025-11-05T06:12:46.697+0000] {processor.py:925} INFO - DAG(s) 'dataset_alias_example_alias_producer', 'dataset_alias_example_alias_consumer', 'dataset_s3_bucket_producer', 'dataset_s3_bucket_consumer' retrieved from /home/dellsai/airflow_project/airflow_venv/lib/python3.12/site-packages/airflow/example_dags/example_dataset_alias.py
[2025-11-05T06:12:46.710+0000] {logging_mixin.py:190} INFO - [2025-11-05T06:12:46.710+0000] {dag.py:3239} INFO - Sync 4 DAGs
[2025-11-05T06:12:46.724+0000] {logging_mixin.py:190} INFO - [2025-11-05T06:12:46.724+0000] {dag.py:4180} INFO - Setting next_dagrun for dataset_alias_example_alias_consumer to None, run_after=None
[2025-11-05T06:12:46.725+0000] {logging_mixin.py:190} INFO - [2025-11-05T06:12:46.725+0000] {dag.py:4180} INFO - Setting next_dagrun for dataset_alias_example_alias_producer to None, run_after=None
[2025-11-05T06:12:46.726+0000] {logging_mixin.py:190} INFO - [2025-11-05T06:12:46.726+0000] {dag.py:4180} INFO - Setting next_dagrun for dataset_s3_bucket_consumer to None, run_after=None
[2025-11-05T06:12:46.727+0000] {logging_mixin.py:190} INFO - [2025-11-05T06:12:46.727+0000] {dag.py:4180} INFO - Setting next_dagrun for dataset_s3_bucket_producer to None, run_after=None
[2025-11-05T06:12:46.751+0000] {processor.py:208} INFO - Processing /home/dellsai/airflow_project/airflow_venv/lib/python3.12/site-packages/airflow/example_dags/example_dataset_alias.py took 0.081 seconds
[2025-11-05T06:13:50.988+0000] {processor.py:186} INFO - Started process (PID=2183) to work on /home/dellsai/airflow_project/airflow_venv/lib/python3.12/site-packages/airflow/example_dags/example_dataset_alias.py
[2025-11-05T06:13:50.990+0000] {processor.py:914} INFO - Processing file /home/dellsai/airflow_project/airflow_venv/lib/python3.12/site-packages/airflow/example_dags/example_dataset_alias.py for tasks to queue
[2025-11-05T06:13:50.991+0000] {logging_mixin.py:190} INFO - [2025-11-05T06:13:50.991+0000] {dagbag.py:588} INFO - Filling up the DagBag from /home/dellsai/airflow_project/airflow_venv/lib/python3.12/site-packages/airflow/example_dags/example_dataset_alias.py
[2025-11-05T06:13:51.011+0000] {processor.py:925} INFO - DAG(s) 'dataset_alias_example_alias_consumer', 'dataset_s3_bucket_producer', 'dataset_alias_example_alias_producer', 'dataset_s3_bucket_consumer' retrieved from /home/dellsai/airflow_project/airflow_venv/lib/python3.12/site-packages/airflow/example_dags/example_dataset_alias.py
[2025-11-05T06:13:51.025+0000] {logging_mixin.py:190} INFO - [2025-11-05T06:13:51.025+0000] {dag.py:3239} INFO - Sync 4 DAGs
[2025-11-05T06:13:51.045+0000] {logging_mixin.py:190} INFO - [2025-11-05T06:13:51.045+0000] {dag.py:4180} INFO - Setting next_dagrun for dataset_alias_example_alias_consumer to None, run_after=None
[2025-11-05T06:13:51.046+0000] {logging_mixin.py:190} INFO - [2025-11-05T06:13:51.046+0000] {dag.py:4180} INFO - Setting next_dagrun for dataset_alias_example_alias_producer to None, run_after=None
[2025-11-05T06:13:51.047+0000] {logging_mixin.py:190} INFO - [2025-11-05T06:13:51.047+0000] {dag.py:4180} INFO - Setting next_dagrun for dataset_s3_bucket_consumer to None, run_after=None
[2025-11-05T06:13:51.048+0000] {logging_mixin.py:190} INFO - [2025-11-05T06:13:51.047+0000] {dag.py:4180} INFO - Setting next_dagrun for dataset_s3_bucket_producer to None, run_after=None
[2025-11-05T06:13:51.073+0000] {processor.py:208} INFO - Processing /home/dellsai/airflow_project/airflow_venv/lib/python3.12/site-packages/airflow/example_dags/example_dataset_alias.py took 0.089 seconds
[2025-11-05T06:14:55.574+0000] {processor.py:186} INFO - Started process (PID=2261) to work on /home/dellsai/airflow_project/airflow_venv/lib/python3.12/site-packages/airflow/example_dags/example_dataset_alias.py
[2025-11-05T06:14:55.576+0000] {processor.py:914} INFO - Processing file /home/dellsai/airflow_project/airflow_venv/lib/python3.12/site-packages/airflow/example_dags/example_dataset_alias.py for tasks to queue
[2025-11-05T06:14:55.578+0000] {logging_mixin.py:190} INFO - [2025-11-05T06:14:55.578+0000] {dagbag.py:588} INFO - Filling up the DagBag from /home/dellsai/airflow_project/airflow_venv/lib/python3.12/site-packages/airflow/example_dags/example_dataset_alias.py
[2025-11-05T06:14:55.599+0000] {processor.py:925} INFO - DAG(s) 'dataset_alias_example_alias_consumer', 'dataset_alias_example_alias_producer', 'dataset_s3_bucket_consumer', 'dataset_s3_bucket_producer' retrieved from /home/dellsai/airflow_project/airflow_venv/lib/python3.12/site-packages/airflow/example_dags/example_dataset_alias.py
[2025-11-05T06:14:55.613+0000] {logging_mixin.py:190} INFO - [2025-11-05T06:14:55.612+0000] {dag.py:3239} INFO - Sync 4 DAGs
[2025-11-05T06:14:55.626+0000] {logging_mixin.py:190} INFO - [2025-11-05T06:14:55.626+0000] {dag.py:4180} INFO - Setting next_dagrun for dataset_alias_example_alias_consumer to None, run_after=None
[2025-11-05T06:14:55.627+0000] {logging_mixin.py:190} INFO - [2025-11-05T06:14:55.627+0000] {dag.py:4180} INFO - Setting next_dagrun for dataset_alias_example_alias_producer to None, run_after=None
[2025-11-05T06:14:55.628+0000] {logging_mixin.py:190} INFO - [2025-11-05T06:14:55.628+0000] {dag.py:4180} INFO - Setting next_dagrun for dataset_s3_bucket_consumer to None, run_after=None
[2025-11-05T06:14:55.628+0000] {logging_mixin.py:190} INFO - [2025-11-05T06:14:55.628+0000] {dag.py:4180} INFO - Setting next_dagrun for dataset_s3_bucket_producer to None, run_after=None
[2025-11-05T06:14:55.657+0000] {processor.py:208} INFO - Processing /home/dellsai/airflow_project/airflow_venv/lib/python3.12/site-packages/airflow/example_dags/example_dataset_alias.py took 0.088 seconds
