[2025-11-05T06:12:16.744+0000] {processor.py:186} INFO - Started process (PID=2075) to work on /home/dellsai/airflow_project/airflow_venv/lib/python3.12/site-packages/airflow/example_dags/example_short_circuit_operator.py
[2025-11-05T06:12:16.745+0000] {processor.py:914} INFO - Processing file /home/dellsai/airflow_project/airflow_venv/lib/python3.12/site-packages/airflow/example_dags/example_short_circuit_operator.py for tasks to queue
[2025-11-05T06:12:16.746+0000] {logging_mixin.py:190} INFO - [2025-11-05T06:12:16.746+0000] {dagbag.py:588} INFO - Filling up the DagBag from /home/dellsai/airflow_project/airflow_venv/lib/python3.12/site-packages/airflow/example_dags/example_short_circuit_operator.py
[2025-11-05T06:12:16.753+0000] {processor.py:925} INFO - DAG(s) 'example_short_circuit_operator' retrieved from /home/dellsai/airflow_project/airflow_venv/lib/python3.12/site-packages/airflow/example_dags/example_short_circuit_operator.py
[2025-11-05T06:12:16.851+0000] {logging_mixin.py:190} INFO - [2025-11-05T06:12:16.850+0000] {override.py:1900} INFO - Created Permission View: can delete on DAG:example_short_circuit_operator
[2025-11-05T06:12:16.865+0000] {logging_mixin.py:190} INFO - [2025-11-05T06:12:16.865+0000] {override.py:1900} INFO - Created Permission View: can edit on DAG:example_short_circuit_operator
[2025-11-05T06:12:16.876+0000] {logging_mixin.py:190} INFO - [2025-11-05T06:12:16.875+0000] {override.py:1900} INFO - Created Permission View: can read on DAG:example_short_circuit_operator
[2025-11-05T06:12:16.894+0000] {logging_mixin.py:190} INFO - [2025-11-05T06:12:16.894+0000] {override.py:1900} INFO - Created Permission View: can delete on DAG Run:example_short_circuit_operator
[2025-11-05T06:12:16.905+0000] {logging_mixin.py:190} INFO - [2025-11-05T06:12:16.904+0000] {override.py:1900} INFO - Created Permission View: can create on DAG Run:example_short_circuit_operator
[2025-11-05T06:12:16.915+0000] {logging_mixin.py:190} INFO - [2025-11-05T06:12:16.914+0000] {override.py:1900} INFO - Created Permission View: menu access on DAG Run:example_short_circuit_operator
[2025-11-05T06:12:16.925+0000] {logging_mixin.py:190} INFO - [2025-11-05T06:12:16.924+0000] {override.py:1900} INFO - Created Permission View: can read on DAG Run:example_short_circuit_operator
[2025-11-05T06:12:16.925+0000] {logging_mixin.py:190} INFO - [2025-11-05T06:12:16.925+0000] {dag.py:3239} INFO - Sync 1 DAGs
[2025-11-05T06:12:16.934+0000] {logging_mixin.py:190} INFO - [2025-11-05T06:12:16.934+0000] {dag.py:3262} INFO - Creating ORM DAG for example_short_circuit_operator
[2025-11-05T06:12:16.935+0000] {logging_mixin.py:190} INFO - [2025-11-05T06:12:16.935+0000] {dag.py:4180} INFO - Setting next_dagrun for example_short_circuit_operator to None, run_after=None
[2025-11-05T06:12:16.956+0000] {processor.py:208} INFO - Processing /home/dellsai/airflow_project/airflow_venv/lib/python3.12/site-packages/airflow/example_dags/example_short_circuit_operator.py took 0.216 seconds
[2025-11-05T06:13:28.721+0000] {processor.py:186} INFO - Started process (PID=2157) to work on /home/dellsai/airflow_project/airflow_venv/lib/python3.12/site-packages/airflow/example_dags/example_short_circuit_operator.py
[2025-11-05T06:13:28.723+0000] {processor.py:914} INFO - Processing file /home/dellsai/airflow_project/airflow_venv/lib/python3.12/site-packages/airflow/example_dags/example_short_circuit_operator.py for tasks to queue
[2025-11-05T06:13:28.725+0000] {logging_mixin.py:190} INFO - [2025-11-05T06:13:28.725+0000] {dagbag.py:588} INFO - Filling up the DagBag from /home/dellsai/airflow_project/airflow_venv/lib/python3.12/site-packages/airflow/example_dags/example_short_circuit_operator.py
[2025-11-05T06:13:28.733+0000] {processor.py:925} INFO - DAG(s) 'example_short_circuit_operator' retrieved from /home/dellsai/airflow_project/airflow_venv/lib/python3.12/site-packages/airflow/example_dags/example_short_circuit_operator.py
[2025-11-05T06:13:28.748+0000] {logging_mixin.py:190} INFO - [2025-11-05T06:13:28.748+0000] {dag.py:3239} INFO - Sync 1 DAGs
[2025-11-05T06:13:28.759+0000] {logging_mixin.py:190} INFO - [2025-11-05T06:13:28.759+0000] {dag.py:4180} INFO - Setting next_dagrun for example_short_circuit_operator to None, run_after=None
[2025-11-05T06:13:28.781+0000] {processor.py:208} INFO - Processing /home/dellsai/airflow_project/airflow_venv/lib/python3.12/site-packages/airflow/example_dags/example_short_circuit_operator.py took 0.064 seconds
[2025-11-05T06:14:32.831+0000] {processor.py:186} INFO - Started process (PID=2230) to work on /home/dellsai/airflow_project/airflow_venv/lib/python3.12/site-packages/airflow/example_dags/example_short_circuit_operator.py
[2025-11-05T06:14:32.834+0000] {processor.py:914} INFO - Processing file /home/dellsai/airflow_project/airflow_venv/lib/python3.12/site-packages/airflow/example_dags/example_short_circuit_operator.py for tasks to queue
[2025-11-05T06:14:32.836+0000] {logging_mixin.py:190} INFO - [2025-11-05T06:14:32.836+0000] {dagbag.py:588} INFO - Filling up the DagBag from /home/dellsai/airflow_project/airflow_venv/lib/python3.12/site-packages/airflow/example_dags/example_short_circuit_operator.py
[2025-11-05T06:14:32.843+0000] {processor.py:925} INFO - DAG(s) 'example_short_circuit_operator' retrieved from /home/dellsai/airflow_project/airflow_venv/lib/python3.12/site-packages/airflow/example_dags/example_short_circuit_operator.py
[2025-11-05T06:14:32.858+0000] {logging_mixin.py:190} INFO - [2025-11-05T06:14:32.858+0000] {dag.py:3239} INFO - Sync 1 DAGs
[2025-11-05T06:14:32.868+0000] {logging_mixin.py:190} INFO - [2025-11-05T06:14:32.868+0000] {dag.py:4180} INFO - Setting next_dagrun for example_short_circuit_operator to None, run_after=None
[2025-11-05T06:14:32.892+0000] {processor.py:208} INFO - Processing /home/dellsai/airflow_project/airflow_venv/lib/python3.12/site-packages/airflow/example_dags/example_short_circuit_operator.py took 0.065 seconds
