[2025-11-05T06:11:39.021+0000] {processor.py:186} INFO - Started process (PID=2011) to work on /home/dellsai/airflow_project/airflow_venv/lib/python3.12/site-packages/airflow/example_dags/example_branch_operator_decorator.py
[2025-11-05T06:11:39.021+0000] {processor.py:914} INFO - Processing file /home/dellsai/airflow_project/airflow_venv/lib/python3.12/site-packages/airflow/example_dags/example_branch_operator_decorator.py for tasks to queue
[2025-11-05T06:11:39.023+0000] {logging_mixin.py:190} INFO - [2025-11-05T06:11:39.023+0000] {dagbag.py:588} INFO - Filling up the DagBag from /home/dellsai/airflow_project/airflow_venv/lib/python3.12/site-packages/airflow/example_dags/example_branch_operator_decorator.py
[2025-11-05T06:11:39.042+0000] {processor.py:925} INFO - DAG(s) 'example_branch_python_operator_decorator' retrieved from /home/dellsai/airflow_project/airflow_venv/lib/python3.12/site-packages/airflow/example_dags/example_branch_operator_decorator.py
[2025-11-05T06:11:39.152+0000] {logging_mixin.py:190} INFO - [2025-11-05T06:11:39.151+0000] {override.py:1900} INFO - Created Permission View: can delete on DAG:example_branch_python_operator_decorator
[2025-11-05T06:11:39.167+0000] {logging_mixin.py:190} INFO - [2025-11-05T06:11:39.167+0000] {override.py:1900} INFO - Created Permission View: can edit on DAG:example_branch_python_operator_decorator
[2025-11-05T06:11:39.180+0000] {logging_mixin.py:190} INFO - [2025-11-05T06:11:39.180+0000] {override.py:1900} INFO - Created Permission View: can read on DAG:example_branch_python_operator_decorator
[2025-11-05T06:11:39.201+0000] {logging_mixin.py:190} INFO - [2025-11-05T06:11:39.201+0000] {override.py:1900} INFO - Created Permission View: can delete on DAG Run:example_branch_python_operator_decorator
[2025-11-05T06:11:39.212+0000] {logging_mixin.py:190} INFO - [2025-11-05T06:11:39.212+0000] {override.py:1900} INFO - Created Permission View: can create on DAG Run:example_branch_python_operator_decorator
[2025-11-05T06:11:39.225+0000] {logging_mixin.py:190} INFO - [2025-11-05T06:11:39.225+0000] {override.py:1900} INFO - Created Permission View: menu access on DAG Run:example_branch_python_operator_decorator
[2025-11-05T06:11:39.237+0000] {logging_mixin.py:190} INFO - [2025-11-05T06:11:39.236+0000] {override.py:1900} INFO - Created Permission View: can read on DAG Run:example_branch_python_operator_decorator
[2025-11-05T06:11:39.237+0000] {logging_mixin.py:190} INFO - [2025-11-05T06:11:39.237+0000] {dag.py:3239} INFO - Sync 1 DAGs
[2025-11-05T06:11:39.248+0000] {logging_mixin.py:190} INFO - [2025-11-05T06:11:39.247+0000] {dag.py:3262} INFO - Creating ORM DAG for example_branch_python_operator_decorator
[2025-11-05T06:11:39.260+0000] {logging_mixin.py:190} INFO - [2025-11-05T06:11:39.260+0000] {dag.py:4180} INFO - Setting next_dagrun for example_branch_python_operator_decorator to 2025-11-04 00:00:00+00:00, run_after=2025-11-05 00:00:00+00:00
[2025-11-05T06:11:39.297+0000] {processor.py:208} INFO - Processing /home/dellsai/airflow_project/airflow_venv/lib/python3.12/site-packages/airflow/example_dags/example_branch_operator_decorator.py took 0.280 seconds
[2025-11-05T06:12:50.234+0000] {processor.py:186} INFO - Started process (PID=2111) to work on /home/dellsai/airflow_project/airflow_venv/lib/python3.12/site-packages/airflow/example_dags/example_branch_operator_decorator.py
[2025-11-05T06:12:50.235+0000] {processor.py:914} INFO - Processing file /home/dellsai/airflow_project/airflow_venv/lib/python3.12/site-packages/airflow/example_dags/example_branch_operator_decorator.py for tasks to queue
[2025-11-05T06:12:50.237+0000] {logging_mixin.py:190} INFO - [2025-11-05T06:12:50.237+0000] {dagbag.py:588} INFO - Filling up the DagBag from /home/dellsai/airflow_project/airflow_venv/lib/python3.12/site-packages/airflow/example_dags/example_branch_operator_decorator.py
[2025-11-05T06:12:50.253+0000] {processor.py:925} INFO - DAG(s) 'example_branch_python_operator_decorator' retrieved from /home/dellsai/airflow_project/airflow_venv/lib/python3.12/site-packages/airflow/example_dags/example_branch_operator_decorator.py
[2025-11-05T06:12:50.270+0000] {logging_mixin.py:190} INFO - [2025-11-05T06:12:50.270+0000] {dag.py:3239} INFO - Sync 1 DAGs
[2025-11-05T06:12:50.285+0000] {logging_mixin.py:190} INFO - [2025-11-05T06:12:50.285+0000] {dag.py:4180} INFO - Setting next_dagrun for example_branch_python_operator_decorator to 2025-11-04 00:00:00+00:00, run_after=2025-11-05 00:00:00+00:00
[2025-11-05T06:12:50.313+0000] {processor.py:208} INFO - Processing /home/dellsai/airflow_project/airflow_venv/lib/python3.12/site-packages/airflow/example_dags/example_branch_operator_decorator.py took 0.084 seconds
[2025-11-05T06:13:55.563+0000] {processor.py:186} INFO - Started process (PID=2187) to work on /home/dellsai/airflow_project/airflow_venv/lib/python3.12/site-packages/airflow/example_dags/example_branch_operator_decorator.py
[2025-11-05T06:13:55.566+0000] {processor.py:914} INFO - Processing file /home/dellsai/airflow_project/airflow_venv/lib/python3.12/site-packages/airflow/example_dags/example_branch_operator_decorator.py for tasks to queue
[2025-11-05T06:13:55.567+0000] {logging_mixin.py:190} INFO - [2025-11-05T06:13:55.567+0000] {dagbag.py:588} INFO - Filling up the DagBag from /home/dellsai/airflow_project/airflow_venv/lib/python3.12/site-packages/airflow/example_dags/example_branch_operator_decorator.py
[2025-11-05T06:13:55.586+0000] {processor.py:925} INFO - DAG(s) 'example_branch_python_operator_decorator' retrieved from /home/dellsai/airflow_project/airflow_venv/lib/python3.12/site-packages/airflow/example_dags/example_branch_operator_decorator.py
[2025-11-05T06:13:55.605+0000] {logging_mixin.py:190} INFO - [2025-11-05T06:13:55.604+0000] {dag.py:3239} INFO - Sync 1 DAGs
[2025-11-05T06:13:55.622+0000] {logging_mixin.py:190} INFO - [2025-11-05T06:13:55.622+0000] {dag.py:4180} INFO - Setting next_dagrun for example_branch_python_operator_decorator to 2025-11-04 00:00:00+00:00, run_after=2025-11-05 00:00:00+00:00
[2025-11-05T06:13:55.650+0000] {processor.py:208} INFO - Processing /home/dellsai/airflow_project/airflow_venv/lib/python3.12/site-packages/airflow/example_dags/example_branch_operator_decorator.py took 0.093 seconds
[2025-11-05T06:15:00.139+0000] {processor.py:186} INFO - Started process (PID=2267) to work on /home/dellsai/airflow_project/airflow_venv/lib/python3.12/site-packages/airflow/example_dags/example_branch_operator_decorator.py
[2025-11-05T06:15:00.142+0000] {processor.py:914} INFO - Processing file /home/dellsai/airflow_project/airflow_venv/lib/python3.12/site-packages/airflow/example_dags/example_branch_operator_decorator.py for tasks to queue
[2025-11-05T06:15:00.143+0000] {logging_mixin.py:190} INFO - [2025-11-05T06:15:00.143+0000] {dagbag.py:588} INFO - Filling up the DagBag from /home/dellsai/airflow_project/airflow_venv/lib/python3.12/site-packages/airflow/example_dags/example_branch_operator_decorator.py
[2025-11-05T06:15:00.161+0000] {processor.py:925} INFO - DAG(s) 'example_branch_python_operator_decorator' retrieved from /home/dellsai/airflow_project/airflow_venv/lib/python3.12/site-packages/airflow/example_dags/example_branch_operator_decorator.py
[2025-11-05T06:15:00.179+0000] {logging_mixin.py:190} INFO - [2025-11-05T06:15:00.178+0000] {dag.py:3239} INFO - Sync 1 DAGs
[2025-11-05T06:15:00.203+0000] {logging_mixin.py:190} INFO - [2025-11-05T06:15:00.203+0000] {dag.py:4180} INFO - Setting next_dagrun for example_branch_python_operator_decorator to 2025-11-04 00:00:00+00:00, run_after=2025-11-05 00:00:00+00:00
[2025-11-05T06:15:00.238+0000] {processor.py:208} INFO - Processing /home/dellsai/airflow_project/airflow_venv/lib/python3.12/site-packages/airflow/example_dags/example_branch_operator_decorator.py took 0.103 seconds
