[2025-11-05T06:11:32.976+0000] {processor.py:186} INFO - Started process (PID=2004) to work on /home/dellsai/airflow_project/airflow_venv/lib/python3.12/site-packages/airflow/example_dags/example_latest_only.py
[2025-11-05T06:11:32.977+0000] {processor.py:914} INFO - Processing file /home/dellsai/airflow_project/airflow_venv/lib/python3.12/site-packages/airflow/example_dags/example_latest_only.py for tasks to queue
[2025-11-05T06:11:32.978+0000] {logging_mixin.py:190} INFO - [2025-11-05T06:11:32.978+0000] {dagbag.py:588} INFO - Filling up the DagBag from /home/dellsai/airflow_project/airflow_venv/lib/python3.12/site-packages/airflow/example_dags/example_latest_only.py
[2025-11-05T06:11:32.985+0000] {processor.py:925} INFO - DAG(s) 'latest_only' retrieved from /home/dellsai/airflow_project/airflow_venv/lib/python3.12/site-packages/airflow/example_dags/example_latest_only.py
[2025-11-05T06:11:33.083+0000] {logging_mixin.py:190} INFO - [2025-11-05T06:11:33.083+0000] {override.py:1900} INFO - Created Permission View: can delete on DAG:latest_only
[2025-11-05T06:11:33.099+0000] {logging_mixin.py:190} INFO - [2025-11-05T06:11:33.099+0000] {override.py:1900} INFO - Created Permission View: can edit on DAG:latest_only
[2025-11-05T06:11:33.113+0000] {logging_mixin.py:190} INFO - [2025-11-05T06:11:33.112+0000] {override.py:1900} INFO - Created Permission View: can read on DAG:latest_only
[2025-11-05T06:11:33.137+0000] {logging_mixin.py:190} INFO - [2025-11-05T06:11:33.137+0000] {override.py:1900} INFO - Created Permission View: can delete on DAG Run:latest_only
[2025-11-05T06:11:33.148+0000] {logging_mixin.py:190} INFO - [2025-11-05T06:11:33.148+0000] {override.py:1900} INFO - Created Permission View: can create on DAG Run:latest_only
[2025-11-05T06:11:33.158+0000] {logging_mixin.py:190} INFO - [2025-11-05T06:11:33.158+0000] {override.py:1900} INFO - Created Permission View: menu access on DAG Run:latest_only
[2025-11-05T06:11:33.168+0000] {logging_mixin.py:190} INFO - [2025-11-05T06:11:33.167+0000] {override.py:1900} INFO - Created Permission View: can read on DAG Run:latest_only
[2025-11-05T06:11:33.168+0000] {logging_mixin.py:190} INFO - [2025-11-05T06:11:33.168+0000] {dag.py:3239} INFO - Sync 1 DAGs
[2025-11-05T06:11:33.177+0000] {logging_mixin.py:190} INFO - [2025-11-05T06:11:33.177+0000] {dag.py:3262} INFO - Creating ORM DAG for latest_only
[2025-11-05T06:11:33.182+0000] {logging_mixin.py:190} INFO - [2025-11-05T06:11:33.182+0000] {dag.py:4180} INFO - Setting next_dagrun for latest_only to 2025-11-05 00:00:00+00:00, run_after=2025-11-05 04:00:00+00:00
[2025-11-05T06:11:33.203+0000] {processor.py:208} INFO - Processing /home/dellsai/airflow_project/airflow_venv/lib/python3.12/site-packages/airflow/example_dags/example_latest_only.py took 0.231 seconds
[2025-11-05T06:12:46.244+0000] {processor.py:186} INFO - Started process (PID=2106) to work on /home/dellsai/airflow_project/airflow_venv/lib/python3.12/site-packages/airflow/example_dags/example_latest_only.py
[2025-11-05T06:12:46.246+0000] {processor.py:914} INFO - Processing file /home/dellsai/airflow_project/airflow_venv/lib/python3.12/site-packages/airflow/example_dags/example_latest_only.py for tasks to queue
[2025-11-05T06:12:46.247+0000] {logging_mixin.py:190} INFO - [2025-11-05T06:12:46.247+0000] {dagbag.py:588} INFO - Filling up the DagBag from /home/dellsai/airflow_project/airflow_venv/lib/python3.12/site-packages/airflow/example_dags/example_latest_only.py
[2025-11-05T06:12:46.254+0000] {processor.py:925} INFO - DAG(s) 'latest_only' retrieved from /home/dellsai/airflow_project/airflow_venv/lib/python3.12/site-packages/airflow/example_dags/example_latest_only.py
[2025-11-05T06:12:46.266+0000] {logging_mixin.py:190} INFO - [2025-11-05T06:12:46.266+0000] {dag.py:3239} INFO - Sync 1 DAGs
[2025-11-05T06:12:46.280+0000] {logging_mixin.py:190} INFO - [2025-11-05T06:12:46.280+0000] {dag.py:4180} INFO - Setting next_dagrun for latest_only to 2025-11-05 00:00:00+00:00, run_after=2025-11-05 04:00:00+00:00
[2025-11-05T06:12:46.310+0000] {processor.py:208} INFO - Processing /home/dellsai/airflow_project/airflow_venv/lib/python3.12/site-packages/airflow/example_dags/example_latest_only.py took 0.070 seconds
[2025-11-05T06:13:50.770+0000] {processor.py:186} INFO - Started process (PID=2182) to work on /home/dellsai/airflow_project/airflow_venv/lib/python3.12/site-packages/airflow/example_dags/example_latest_only.py
[2025-11-05T06:13:50.772+0000] {processor.py:914} INFO - Processing file /home/dellsai/airflow_project/airflow_venv/lib/python3.12/site-packages/airflow/example_dags/example_latest_only.py for tasks to queue
[2025-11-05T06:13:50.774+0000] {logging_mixin.py:190} INFO - [2025-11-05T06:13:50.773+0000] {dagbag.py:588} INFO - Filling up the DagBag from /home/dellsai/airflow_project/airflow_venv/lib/python3.12/site-packages/airflow/example_dags/example_latest_only.py
[2025-11-05T06:13:50.781+0000] {processor.py:925} INFO - DAG(s) 'latest_only' retrieved from /home/dellsai/airflow_project/airflow_venv/lib/python3.12/site-packages/airflow/example_dags/example_latest_only.py
[2025-11-05T06:13:50.796+0000] {logging_mixin.py:190} INFO - [2025-11-05T06:13:50.796+0000] {dag.py:3239} INFO - Sync 1 DAGs
[2025-11-05T06:13:50.814+0000] {logging_mixin.py:190} INFO - [2025-11-05T06:13:50.814+0000] {dag.py:4180} INFO - Setting next_dagrun for latest_only to 2025-11-05 00:00:00+00:00, run_after=2025-11-05 04:00:00+00:00
[2025-11-05T06:13:50.837+0000] {processor.py:208} INFO - Processing /home/dellsai/airflow_project/airflow_venv/lib/python3.12/site-packages/airflow/example_dags/example_latest_only.py took 0.072 seconds
[2025-11-05T06:14:55.020+0000] {processor.py:186} INFO - Started process (PID=2260) to work on /home/dellsai/airflow_project/airflow_venv/lib/python3.12/site-packages/airflow/example_dags/example_latest_only.py
[2025-11-05T06:14:55.023+0000] {processor.py:914} INFO - Processing file /home/dellsai/airflow_project/airflow_venv/lib/python3.12/site-packages/airflow/example_dags/example_latest_only.py for tasks to queue
[2025-11-05T06:14:55.025+0000] {logging_mixin.py:190} INFO - [2025-11-05T06:14:55.024+0000] {dagbag.py:588} INFO - Filling up the DagBag from /home/dellsai/airflow_project/airflow_venv/lib/python3.12/site-packages/airflow/example_dags/example_latest_only.py
[2025-11-05T06:14:55.031+0000] {processor.py:925} INFO - DAG(s) 'latest_only' retrieved from /home/dellsai/airflow_project/airflow_venv/lib/python3.12/site-packages/airflow/example_dags/example_latest_only.py
[2025-11-05T06:14:55.043+0000] {logging_mixin.py:190} INFO - [2025-11-05T06:14:55.043+0000] {dag.py:3239} INFO - Sync 1 DAGs
[2025-11-05T06:14:55.058+0000] {logging_mixin.py:190} INFO - [2025-11-05T06:14:55.057+0000] {dag.py:4180} INFO - Setting next_dagrun for latest_only to 2025-11-05 00:00:00+00:00, run_after=2025-11-05 04:00:00+00:00
[2025-11-05T06:14:55.081+0000] {processor.py:208} INFO - Processing /home/dellsai/airflow_project/airflow_venv/lib/python3.12/site-packages/airflow/example_dags/example_latest_only.py took 0.065 seconds
