[2025-11-05T06:12:04.325+0000] {processor.py:186} INFO - Started process (PID=2053) to work on /home/dellsai/airflow_project/airflow_venv/lib/python3.12/site-packages/airflow/example_dags/example_params_trigger_ui.py
[2025-11-05T06:12:04.325+0000] {processor.py:914} INFO - Processing file /home/dellsai/airflow_project/airflow_venv/lib/python3.12/site-packages/airflow/example_dags/example_params_trigger_ui.py for tasks to queue
[2025-11-05T06:12:04.328+0000] {logging_mixin.py:190} INFO - [2025-11-05T06:12:04.328+0000] {dagbag.py:588} INFO - Filling up the DagBag from /home/dellsai/airflow_project/airflow_venv/lib/python3.12/site-packages/airflow/example_dags/example_params_trigger_ui.py
[2025-11-05T06:12:04.337+0000] {processor.py:925} INFO - DAG(s) 'example_params_trigger_ui' retrieved from /home/dellsai/airflow_project/airflow_venv/lib/python3.12/site-packages/airflow/example_dags/example_params_trigger_ui.py
[2025-11-05T06:12:04.451+0000] {logging_mixin.py:190} INFO - [2025-11-05T06:12:04.451+0000] {override.py:1900} INFO - Created Permission View: can delete on DAG:example_params_trigger_ui
[2025-11-05T06:12:04.467+0000] {logging_mixin.py:190} INFO - [2025-11-05T06:12:04.467+0000] {override.py:1900} INFO - Created Permission View: can edit on DAG:example_params_trigger_ui
[2025-11-05T06:12:04.479+0000] {logging_mixin.py:190} INFO - [2025-11-05T06:12:04.479+0000] {override.py:1900} INFO - Created Permission View: can read on DAG:example_params_trigger_ui
[2025-11-05T06:12:04.499+0000] {logging_mixin.py:190} INFO - [2025-11-05T06:12:04.498+0000] {override.py:1900} INFO - Created Permission View: can delete on DAG Run:example_params_trigger_ui
[2025-11-05T06:12:04.510+0000] {logging_mixin.py:190} INFO - [2025-11-05T06:12:04.510+0000] {override.py:1900} INFO - Created Permission View: can create on DAG Run:example_params_trigger_ui
[2025-11-05T06:12:04.522+0000] {logging_mixin.py:190} INFO - [2025-11-05T06:12:04.521+0000] {override.py:1900} INFO - Created Permission View: menu access on DAG Run:example_params_trigger_ui
[2025-11-05T06:12:04.532+0000] {logging_mixin.py:190} INFO - [2025-11-05T06:12:04.532+0000] {override.py:1900} INFO - Created Permission View: can read on DAG Run:example_params_trigger_ui
[2025-11-05T06:12:04.533+0000] {logging_mixin.py:190} INFO - [2025-11-05T06:12:04.533+0000] {dag.py:3239} INFO - Sync 1 DAGs
[2025-11-05T06:12:04.541+0000] {logging_mixin.py:190} INFO - [2025-11-05T06:12:04.541+0000] {dag.py:3262} INFO - Creating ORM DAG for example_params_trigger_ui
[2025-11-05T06:12:04.541+0000] {logging_mixin.py:190} INFO - [2025-11-05T06:12:04.541+0000] {dag.py:4180} INFO - Setting next_dagrun for example_params_trigger_ui to None, run_after=None
[2025-11-05T06:12:04.565+0000] {processor.py:208} INFO - Processing /home/dellsai/airflow_project/airflow_venv/lib/python3.12/site-packages/airflow/example_dags/example_params_trigger_ui.py took 0.244 seconds
[2025-11-05T06:13:18.581+0000] {processor.py:186} INFO - Started process (PID=2147) to work on /home/dellsai/airflow_project/airflow_venv/lib/python3.12/site-packages/airflow/example_dags/example_params_trigger_ui.py
[2025-11-05T06:13:18.584+0000] {processor.py:914} INFO - Processing file /home/dellsai/airflow_project/airflow_venv/lib/python3.12/site-packages/airflow/example_dags/example_params_trigger_ui.py for tasks to queue
[2025-11-05T06:13:18.585+0000] {logging_mixin.py:190} INFO - [2025-11-05T06:13:18.585+0000] {dagbag.py:588} INFO - Filling up the DagBag from /home/dellsai/airflow_project/airflow_venv/lib/python3.12/site-packages/airflow/example_dags/example_params_trigger_ui.py
[2025-11-05T06:13:18.594+0000] {processor.py:925} INFO - DAG(s) 'example_params_trigger_ui' retrieved from /home/dellsai/airflow_project/airflow_venv/lib/python3.12/site-packages/airflow/example_dags/example_params_trigger_ui.py
[2025-11-05T06:13:18.627+0000] {logging_mixin.py:190} INFO - [2025-11-05T06:13:18.627+0000] {dag.py:3239} INFO - Sync 1 DAGs
[2025-11-05T06:13:18.638+0000] {logging_mixin.py:190} INFO - [2025-11-05T06:13:18.638+0000] {dag.py:4180} INFO - Setting next_dagrun for example_params_trigger_ui to None, run_after=None
[2025-11-05T06:13:18.667+0000] {processor.py:208} INFO - Processing /home/dellsai/airflow_project/airflow_venv/lib/python3.12/site-packages/airflow/example_dags/example_params_trigger_ui.py took 0.091 seconds
[2025-11-05T06:14:22.563+0000] {processor.py:186} INFO - Started process (PID=2218) to work on /home/dellsai/airflow_project/airflow_venv/lib/python3.12/site-packages/airflow/example_dags/example_params_trigger_ui.py
[2025-11-05T06:14:22.565+0000] {processor.py:914} INFO - Processing file /home/dellsai/airflow_project/airflow_venv/lib/python3.12/site-packages/airflow/example_dags/example_params_trigger_ui.py for tasks to queue
[2025-11-05T06:14:22.567+0000] {logging_mixin.py:190} INFO - [2025-11-05T06:14:22.566+0000] {dagbag.py:588} INFO - Filling up the DagBag from /home/dellsai/airflow_project/airflow_venv/lib/python3.12/site-packages/airflow/example_dags/example_params_trigger_ui.py
[2025-11-05T06:14:22.575+0000] {processor.py:925} INFO - DAG(s) 'example_params_trigger_ui' retrieved from /home/dellsai/airflow_project/airflow_venv/lib/python3.12/site-packages/airflow/example_dags/example_params_trigger_ui.py
[2025-11-05T06:14:22.604+0000] {logging_mixin.py:190} INFO - [2025-11-05T06:14:22.603+0000] {dag.py:3239} INFO - Sync 1 DAGs
[2025-11-05T06:14:22.614+0000] {logging_mixin.py:190} INFO - [2025-11-05T06:14:22.614+0000] {dag.py:4180} INFO - Setting next_dagrun for example_params_trigger_ui to None, run_after=None
[2025-11-05T06:14:22.638+0000] {processor.py:208} INFO - Processing /home/dellsai/airflow_project/airflow_venv/lib/python3.12/site-packages/airflow/example_dags/example_params_trigger_ui.py took 0.079 seconds
