[2025-11-05T06:12:21.740+0000] {processor.py:186} INFO - Started process (PID=2079) to work on /home/dellsai/airflow_project/airflow_venv/lib/python3.12/site-packages/airflow/example_dags/example_branch_datetime_operator.py
[2025-11-05T06:12:21.740+0000] {processor.py:914} INFO - Processing file /home/dellsai/airflow_project/airflow_venv/lib/python3.12/site-packages/airflow/example_dags/example_branch_datetime_operator.py for tasks to queue
[2025-11-05T06:12:21.742+0000] {logging_mixin.py:190} INFO - [2025-11-05T06:12:21.742+0000] {dagbag.py:588} INFO - Filling up the DagBag from /home/dellsai/airflow_project/airflow_venv/lib/python3.12/site-packages/airflow/example_dags/example_branch_datetime_operator.py
[2025-11-05T06:12:21.751+0000] {processor.py:925} INFO - DAG(s) 'example_branch_datetime_operator_3', 'example_branch_datetime_operator_2', 'example_branch_datetime_operator' retrieved from /home/dellsai/airflow_project/airflow_venv/lib/python3.12/site-packages/airflow/example_dags/example_branch_datetime_operator.py
[2025-11-05T06:12:21.838+0000] {logging_mixin.py:190} INFO - [2025-11-05T06:12:21.837+0000] {override.py:1900} INFO - Created Permission View: can delete on DAG:example_branch_datetime_operator_3
[2025-11-05T06:12:21.851+0000] {logging_mixin.py:190} INFO - [2025-11-05T06:12:21.850+0000] {override.py:1900} INFO - Created Permission View: can edit on DAG:example_branch_datetime_operator_3
[2025-11-05T06:12:21.862+0000] {logging_mixin.py:190} INFO - [2025-11-05T06:12:21.862+0000] {override.py:1900} INFO - Created Permission View: can read on DAG:example_branch_datetime_operator_3
[2025-11-05T06:12:21.883+0000] {logging_mixin.py:190} INFO - [2025-11-05T06:12:21.883+0000] {override.py:1900} INFO - Created Permission View: can delete on DAG Run:example_branch_datetime_operator_3
[2025-11-05T06:12:21.894+0000] {logging_mixin.py:190} INFO - [2025-11-05T06:12:21.894+0000] {override.py:1900} INFO - Created Permission View: can create on DAG Run:example_branch_datetime_operator_3
[2025-11-05T06:12:21.904+0000] {logging_mixin.py:190} INFO - [2025-11-05T06:12:21.903+0000] {override.py:1900} INFO - Created Permission View: menu access on DAG Run:example_branch_datetime_operator_3
[2025-11-05T06:12:21.913+0000] {logging_mixin.py:190} INFO - [2025-11-05T06:12:21.913+0000] {override.py:1900} INFO - Created Permission View: can read on DAG Run:example_branch_datetime_operator_3
[2025-11-05T06:12:21.936+0000] {logging_mixin.py:190} INFO - [2025-11-05T06:12:21.936+0000] {override.py:1900} INFO - Created Permission View: can delete on DAG:example_branch_datetime_operator_2
[2025-11-05T06:12:21.946+0000] {logging_mixin.py:190} INFO - [2025-11-05T06:12:21.945+0000] {override.py:1900} INFO - Created Permission View: can edit on DAG:example_branch_datetime_operator_2
[2025-11-05T06:12:21.956+0000] {logging_mixin.py:190} INFO - [2025-11-05T06:12:21.956+0000] {override.py:1900} INFO - Created Permission View: can read on DAG:example_branch_datetime_operator_2
[2025-11-05T06:12:21.974+0000] {logging_mixin.py:190} INFO - [2025-11-05T06:12:21.974+0000] {override.py:1900} INFO - Created Permission View: can delete on DAG Run:example_branch_datetime_operator_2
[2025-11-05T06:12:21.984+0000] {logging_mixin.py:190} INFO - [2025-11-05T06:12:21.983+0000] {override.py:1900} INFO - Created Permission View: can create on DAG Run:example_branch_datetime_operator_2
[2025-11-05T06:12:21.995+0000] {logging_mixin.py:190} INFO - [2025-11-05T06:12:21.994+0000] {override.py:1900} INFO - Created Permission View: menu access on DAG Run:example_branch_datetime_operator_2
[2025-11-05T06:12:22.007+0000] {logging_mixin.py:190} INFO - [2025-11-05T06:12:22.006+0000] {override.py:1900} INFO - Created Permission View: can read on DAG Run:example_branch_datetime_operator_2
[2025-11-05T06:12:22.031+0000] {logging_mixin.py:190} INFO - [2025-11-05T06:12:22.031+0000] {override.py:1900} INFO - Created Permission View: can delete on DAG:example_branch_datetime_operator
[2025-11-05T06:12:22.042+0000] {logging_mixin.py:190} INFO - [2025-11-05T06:12:22.042+0000] {override.py:1900} INFO - Created Permission View: can edit on DAG:example_branch_datetime_operator
[2025-11-05T06:12:22.051+0000] {logging_mixin.py:190} INFO - [2025-11-05T06:12:22.051+0000] {override.py:1900} INFO - Created Permission View: can read on DAG:example_branch_datetime_operator
[2025-11-05T06:12:22.069+0000] {logging_mixin.py:190} INFO - [2025-11-05T06:12:22.069+0000] {override.py:1900} INFO - Created Permission View: can delete on DAG Run:example_branch_datetime_operator
[2025-11-05T06:12:22.079+0000] {logging_mixin.py:190} INFO - [2025-11-05T06:12:22.079+0000] {override.py:1900} INFO - Created Permission View: can create on DAG Run:example_branch_datetime_operator
[2025-11-05T06:12:22.089+0000] {logging_mixin.py:190} INFO - [2025-11-05T06:12:22.089+0000] {override.py:1900} INFO - Created Permission View: menu access on DAG Run:example_branch_datetime_operator
[2025-11-05T06:12:22.100+0000] {logging_mixin.py:190} INFO - [2025-11-05T06:12:22.099+0000] {override.py:1900} INFO - Created Permission View: can read on DAG Run:example_branch_datetime_operator
[2025-11-05T06:12:22.100+0000] {logging_mixin.py:190} INFO - [2025-11-05T06:12:22.100+0000] {dag.py:3239} INFO - Sync 3 DAGs
[2025-11-05T06:12:22.108+0000] {logging_mixin.py:190} INFO - [2025-11-05T06:12:22.108+0000] {dag.py:3262} INFO - Creating ORM DAG for example_branch_datetime_operator_2
[2025-11-05T06:12:22.108+0000] {logging_mixin.py:190} INFO - [2025-11-05T06:12:22.108+0000] {dag.py:3262} INFO - Creating ORM DAG for example_branch_datetime_operator
[2025-11-05T06:12:22.109+0000] {logging_mixin.py:190} INFO - [2025-11-05T06:12:22.109+0000] {dag.py:3262} INFO - Creating ORM DAG for example_branch_datetime_operator_3
[2025-11-05T06:12:22.114+0000] {logging_mixin.py:190} INFO - [2025-11-05T06:12:22.114+0000] {dag.py:4180} INFO - Setting next_dagrun for example_branch_datetime_operator to 2025-11-04 00:00:00+00:00, run_after=2025-11-05 00:00:00+00:00
[2025-11-05T06:12:22.115+0000] {logging_mixin.py:190} INFO - [2025-11-05T06:12:22.115+0000] {dag.py:4180} INFO - Setting next_dagrun for example_branch_datetime_operator_2 to 2025-11-04 00:00:00+00:00, run_after=2025-11-05 00:00:00+00:00
[2025-11-05T06:12:22.116+0000] {logging_mixin.py:190} INFO - [2025-11-05T06:12:22.116+0000] {dag.py:4180} INFO - Setting next_dagrun for example_branch_datetime_operator_3 to 2025-11-04 00:00:00+00:00, run_after=2025-11-05 00:00:00+00:00
[2025-11-05T06:12:22.141+0000] {processor.py:208} INFO - Processing /home/dellsai/airflow_project/airflow_venv/lib/python3.12/site-packages/airflow/example_dags/example_branch_datetime_operator.py took 0.406 seconds
[2025-11-05T06:13:33.172+0000] {processor.py:186} INFO - Started process (PID=2161) to work on /home/dellsai/airflow_project/airflow_venv/lib/python3.12/site-packages/airflow/example_dags/example_branch_datetime_operator.py
[2025-11-05T06:13:33.175+0000] {processor.py:914} INFO - Processing file /home/dellsai/airflow_project/airflow_venv/lib/python3.12/site-packages/airflow/example_dags/example_branch_datetime_operator.py for tasks to queue
[2025-11-05T06:13:33.176+0000] {logging_mixin.py:190} INFO - [2025-11-05T06:13:33.176+0000] {dagbag.py:588} INFO - Filling up the DagBag from /home/dellsai/airflow_project/airflow_venv/lib/python3.12/site-packages/airflow/example_dags/example_branch_datetime_operator.py
[2025-11-05T06:13:33.185+0000] {processor.py:925} INFO - DAG(s) 'example_branch_datetime_operator_2', 'example_branch_datetime_operator_3', 'example_branch_datetime_operator' retrieved from /home/dellsai/airflow_project/airflow_venv/lib/python3.12/site-packages/airflow/example_dags/example_branch_datetime_operator.py
[2025-11-05T06:13:33.201+0000] {logging_mixin.py:190} INFO - [2025-11-05T06:13:33.200+0000] {dag.py:3239} INFO - Sync 3 DAGs
[2025-11-05T06:13:33.216+0000] {logging_mixin.py:190} INFO - [2025-11-05T06:13:33.216+0000] {dag.py:4180} INFO - Setting next_dagrun for example_branch_datetime_operator to 2025-11-04 00:00:00+00:00, run_after=2025-11-05 00:00:00+00:00
[2025-11-05T06:13:33.220+0000] {logging_mixin.py:190} INFO - [2025-11-05T06:13:33.220+0000] {dag.py:4180} INFO - Setting next_dagrun for example_branch_datetime_operator_2 to 2025-11-04 00:00:00+00:00, run_after=2025-11-05 00:00:00+00:00
[2025-11-05T06:13:33.222+0000] {logging_mixin.py:190} INFO - [2025-11-05T06:13:33.222+0000] {dag.py:4180} INFO - Setting next_dagrun for example_branch_datetime_operator_3 to 2025-11-04 00:00:00+00:00, run_after=2025-11-05 00:00:00+00:00
[2025-11-05T06:13:33.245+0000] {processor.py:208} INFO - Processing /home/dellsai/airflow_project/airflow_venv/lib/python3.12/site-packages/airflow/example_dags/example_branch_datetime_operator.py took 0.078 seconds
[2025-11-05T06:14:35.986+0000] {processor.py:186} INFO - Started process (PID=2236) to work on /home/dellsai/airflow_project/airflow_venv/lib/python3.12/site-packages/airflow/example_dags/example_branch_datetime_operator.py
[2025-11-05T06:14:35.989+0000] {processor.py:914} INFO - Processing file /home/dellsai/airflow_project/airflow_venv/lib/python3.12/site-packages/airflow/example_dags/example_branch_datetime_operator.py for tasks to queue
[2025-11-05T06:14:35.990+0000] {logging_mixin.py:190} INFO - [2025-11-05T06:14:35.990+0000] {dagbag.py:588} INFO - Filling up the DagBag from /home/dellsai/airflow_project/airflow_venv/lib/python3.12/site-packages/airflow/example_dags/example_branch_datetime_operator.py
[2025-11-05T06:14:36.001+0000] {processor.py:925} INFO - DAG(s) 'example_branch_datetime_operator_3', 'example_branch_datetime_operator', 'example_branch_datetime_operator_2' retrieved from /home/dellsai/airflow_project/airflow_venv/lib/python3.12/site-packages/airflow/example_dags/example_branch_datetime_operator.py
[2025-11-05T06:14:36.019+0000] {logging_mixin.py:190} INFO - [2025-11-05T06:14:36.019+0000] {dag.py:3239} INFO - Sync 3 DAGs
[2025-11-05T06:14:36.036+0000] {logging_mixin.py:190} INFO - [2025-11-05T06:14:36.036+0000] {dag.py:4180} INFO - Setting next_dagrun for example_branch_datetime_operator to 2025-11-04 00:00:00+00:00, run_after=2025-11-05 00:00:00+00:00
[2025-11-05T06:14:36.040+0000] {logging_mixin.py:190} INFO - [2025-11-05T06:14:36.039+0000] {dag.py:4180} INFO - Setting next_dagrun for example_branch_datetime_operator_2 to 2025-11-04 00:00:00+00:00, run_after=2025-11-05 00:00:00+00:00
[2025-11-05T06:14:36.041+0000] {logging_mixin.py:190} INFO - [2025-11-05T06:14:36.041+0000] {dag.py:4180} INFO - Setting next_dagrun for example_branch_datetime_operator_3 to 2025-11-04 00:00:00+00:00, run_after=2025-11-05 00:00:00+00:00
[2025-11-05T06:14:36.064+0000] {processor.py:208} INFO - Processing /home/dellsai/airflow_project/airflow_venv/lib/python3.12/site-packages/airflow/example_dags/example_branch_datetime_operator.py took 0.083 seconds
