[2025-11-05T06:11:48.303+0000] {processor.py:186} INFO - Started process (PID=2037) to work on /home/dellsai/airflow_project/airflow_venv/lib/python3.12/site-packages/airflow/example_dags/example_branch_labels.py
[2025-11-05T06:11:48.304+0000] {processor.py:914} INFO - Processing file /home/dellsai/airflow_project/airflow_venv/lib/python3.12/site-packages/airflow/example_dags/example_branch_labels.py for tasks to queue
[2025-11-05T06:11:48.306+0000] {logging_mixin.py:190} INFO - [2025-11-05T06:11:48.305+0000] {dagbag.py:588} INFO - Filling up the DagBag from /home/dellsai/airflow_project/airflow_venv/lib/python3.12/site-packages/airflow/example_dags/example_branch_labels.py
[2025-11-05T06:11:48.315+0000] {processor.py:925} INFO - DAG(s) 'example_branch_labels' retrieved from /home/dellsai/airflow_project/airflow_venv/lib/python3.12/site-packages/airflow/example_dags/example_branch_labels.py
[2025-11-05T06:11:48.429+0000] {logging_mixin.py:190} INFO - [2025-11-05T06:11:48.428+0000] {override.py:1900} INFO - Created Permission View: can delete on DAG:example_branch_labels
[2025-11-05T06:11:48.446+0000] {logging_mixin.py:190} INFO - [2025-11-05T06:11:48.445+0000] {override.py:1900} INFO - Created Permission View: can edit on DAG:example_branch_labels
[2025-11-05T06:11:48.457+0000] {logging_mixin.py:190} INFO - [2025-11-05T06:11:48.457+0000] {override.py:1900} INFO - Created Permission View: can read on DAG:example_branch_labels
[2025-11-05T06:11:48.479+0000] {logging_mixin.py:190} INFO - [2025-11-05T06:11:48.478+0000] {override.py:1900} INFO - Created Permission View: can delete on DAG Run:example_branch_labels
[2025-11-05T06:11:48.492+0000] {logging_mixin.py:190} INFO - [2025-11-05T06:11:48.492+0000] {override.py:1900} INFO - Created Permission View: can create on DAG Run:example_branch_labels
[2025-11-05T06:11:48.504+0000] {logging_mixin.py:190} INFO - [2025-11-05T06:11:48.504+0000] {override.py:1900} INFO - Created Permission View: menu access on DAG Run:example_branch_labels
[2025-11-05T06:11:48.515+0000] {logging_mixin.py:190} INFO - [2025-11-05T06:11:48.514+0000] {override.py:1900} INFO - Created Permission View: can read on DAG Run:example_branch_labels
[2025-11-05T06:11:48.515+0000] {logging_mixin.py:190} INFO - [2025-11-05T06:11:48.515+0000] {dag.py:3239} INFO - Sync 1 DAGs
[2025-11-05T06:11:48.524+0000] {logging_mixin.py:190} INFO - [2025-11-05T06:11:48.524+0000] {dag.py:3262} INFO - Creating ORM DAG for example_branch_labels
[2025-11-05T06:11:48.532+0000] {logging_mixin.py:190} INFO - [2025-11-05T06:11:48.531+0000] {dag.py:4180} INFO - Setting next_dagrun for example_branch_labels to 2025-11-04 00:00:00+00:00, run_after=2025-11-05 00:00:00+00:00
[2025-11-05T06:11:48.553+0000] {processor.py:208} INFO - Processing /home/dellsai/airflow_project/airflow_venv/lib/python3.12/site-packages/airflow/example_dags/example_branch_labels.py took 0.254 seconds
[2025-11-05T06:12:56.814+0000] {processor.py:186} INFO - Started process (PID=2123) to work on /home/dellsai/airflow_project/airflow_venv/lib/python3.12/site-packages/airflow/example_dags/example_branch_labels.py
[2025-11-05T06:12:56.817+0000] {processor.py:914} INFO - Processing file /home/dellsai/airflow_project/airflow_venv/lib/python3.12/site-packages/airflow/example_dags/example_branch_labels.py for tasks to queue
[2025-11-05T06:12:56.819+0000] {logging_mixin.py:190} INFO - [2025-11-05T06:12:56.818+0000] {dagbag.py:588} INFO - Filling up the DagBag from /home/dellsai/airflow_project/airflow_venv/lib/python3.12/site-packages/airflow/example_dags/example_branch_labels.py
[2025-11-05T06:12:56.828+0000] {processor.py:925} INFO - DAG(s) 'example_branch_labels' retrieved from /home/dellsai/airflow_project/airflow_venv/lib/python3.12/site-packages/airflow/example_dags/example_branch_labels.py
[2025-11-05T06:12:56.842+0000] {logging_mixin.py:190} INFO - [2025-11-05T06:12:56.842+0000] {dag.py:3239} INFO - Sync 1 DAGs
[2025-11-05T06:12:56.859+0000] {logging_mixin.py:190} INFO - [2025-11-05T06:12:56.858+0000] {dag.py:4180} INFO - Setting next_dagrun for example_branch_labels to 2025-11-04 00:00:00+00:00, run_after=2025-11-05 00:00:00+00:00
[2025-11-05T06:12:56.882+0000] {processor.py:208} INFO - Processing /home/dellsai/airflow_project/airflow_venv/lib/python3.12/site-packages/airflow/example_dags/example_branch_labels.py took 0.072 seconds
[2025-11-05T06:14:03.566+0000] {processor.py:186} INFO - Started process (PID=2195) to work on /home/dellsai/airflow_project/airflow_venv/lib/python3.12/site-packages/airflow/example_dags/example_branch_labels.py
[2025-11-05T06:14:03.569+0000] {processor.py:914} INFO - Processing file /home/dellsai/airflow_project/airflow_venv/lib/python3.12/site-packages/airflow/example_dags/example_branch_labels.py for tasks to queue
[2025-11-05T06:14:03.571+0000] {logging_mixin.py:190} INFO - [2025-11-05T06:14:03.570+0000] {dagbag.py:588} INFO - Filling up the DagBag from /home/dellsai/airflow_project/airflow_venv/lib/python3.12/site-packages/airflow/example_dags/example_branch_labels.py
[2025-11-05T06:14:03.578+0000] {processor.py:925} INFO - DAG(s) 'example_branch_labels' retrieved from /home/dellsai/airflow_project/airflow_venv/lib/python3.12/site-packages/airflow/example_dags/example_branch_labels.py
[2025-11-05T06:14:03.592+0000] {logging_mixin.py:190} INFO - [2025-11-05T06:14:03.592+0000] {dag.py:3239} INFO - Sync 1 DAGs
[2025-11-05T06:14:03.606+0000] {logging_mixin.py:190} INFO - [2025-11-05T06:14:03.606+0000] {dag.py:4180} INFO - Setting next_dagrun for example_branch_labels to 2025-11-04 00:00:00+00:00, run_after=2025-11-05 00:00:00+00:00
[2025-11-05T06:14:03.631+0000] {processor.py:208} INFO - Processing /home/dellsai/airflow_project/airflow_venv/lib/python3.12/site-packages/airflow/example_dags/example_branch_labels.py took 0.069 seconds
[2025-11-05T06:15:05.707+0000] {processor.py:186} INFO - Started process (PID=2276) to work on /home/dellsai/airflow_project/airflow_venv/lib/python3.12/site-packages/airflow/example_dags/example_branch_labels.py
[2025-11-05T06:15:05.709+0000] {processor.py:914} INFO - Processing file /home/dellsai/airflow_project/airflow_venv/lib/python3.12/site-packages/airflow/example_dags/example_branch_labels.py for tasks to queue
[2025-11-05T06:15:05.711+0000] {logging_mixin.py:190} INFO - [2025-11-05T06:15:05.710+0000] {dagbag.py:588} INFO - Filling up the DagBag from /home/dellsai/airflow_project/airflow_venv/lib/python3.12/site-packages/airflow/example_dags/example_branch_labels.py
[2025-11-05T06:15:05.720+0000] {processor.py:925} INFO - DAG(s) 'example_branch_labels' retrieved from /home/dellsai/airflow_project/airflow_venv/lib/python3.12/site-packages/airflow/example_dags/example_branch_labels.py
[2025-11-05T06:15:05.737+0000] {logging_mixin.py:190} INFO - [2025-11-05T06:15:05.737+0000] {dag.py:3239} INFO - Sync 1 DAGs
[2025-11-05T06:15:05.754+0000] {logging_mixin.py:190} INFO - [2025-11-05T06:15:05.754+0000] {dag.py:4180} INFO - Setting next_dagrun for example_branch_labels to 2025-11-04 00:00:00+00:00, run_after=2025-11-05 00:00:00+00:00
[2025-11-05T06:15:05.778+0000] {processor.py:208} INFO - Processing /home/dellsai/airflow_project/airflow_venv/lib/python3.12/site-packages/airflow/example_dags/example_branch_labels.py took 0.076 seconds
