[2025-11-05T06:12:08.473+0000] {processor.py:186} INFO - Started process (PID=2068) to work on /home/dellsai/airflow_project/airflow_venv/lib/python3.12/site-packages/airflow/example_dags/example_dynamic_task_mapping_with_no_taskflow_operators.py
[2025-11-05T06:12:08.474+0000] {processor.py:914} INFO - Processing file /home/dellsai/airflow_project/airflow_venv/lib/python3.12/site-packages/airflow/example_dags/example_dynamic_task_mapping_with_no_taskflow_operators.py for tasks to queue
[2025-11-05T06:12:08.477+0000] {logging_mixin.py:190} INFO - [2025-11-05T06:12:08.477+0000] {dagbag.py:588} INFO - Filling up the DagBag from /home/dellsai/airflow_project/airflow_venv/lib/python3.12/site-packages/airflow/example_dags/example_dynamic_task_mapping_with_no_taskflow_operators.py
[2025-11-05T06:12:08.484+0000] {processor.py:925} INFO - DAG(s) 'example_dynamic_task_mapping_with_no_taskflow_operators' retrieved from /home/dellsai/airflow_project/airflow_venv/lib/python3.12/site-packages/airflow/example_dags/example_dynamic_task_mapping_with_no_taskflow_operators.py
[2025-11-05T06:12:08.582+0000] {logging_mixin.py:190} INFO - [2025-11-05T06:12:08.581+0000] {override.py:1900} INFO - Created Permission View: can delete on DAG:example_dynamic_task_mapping_with_no_taskflow_operators
[2025-11-05T06:12:08.598+0000] {logging_mixin.py:190} INFO - [2025-11-05T06:12:08.597+0000] {override.py:1900} INFO - Created Permission View: can edit on DAG:example_dynamic_task_mapping_with_no_taskflow_operators
[2025-11-05T06:12:08.610+0000] {logging_mixin.py:190} INFO - [2025-11-05T06:12:08.609+0000] {override.py:1900} INFO - Created Permission View: can read on DAG:example_dynamic_task_mapping_with_no_taskflow_operators
[2025-11-05T06:12:08.629+0000] {logging_mixin.py:190} INFO - [2025-11-05T06:12:08.628+0000] {override.py:1900} INFO - Created Permission View: can delete on DAG Run:example_dynamic_task_mapping_with_no_taskflow_operators
[2025-11-05T06:12:08.639+0000] {logging_mixin.py:190} INFO - [2025-11-05T06:12:08.639+0000] {override.py:1900} INFO - Created Permission View: can create on DAG Run:example_dynamic_task_mapping_with_no_taskflow_operators
[2025-11-05T06:12:08.650+0000] {logging_mixin.py:190} INFO - [2025-11-05T06:12:08.650+0000] {override.py:1900} INFO - Created Permission View: menu access on DAG Run:example_dynamic_task_mapping_with_no_taskflow_operators
[2025-11-05T06:12:08.660+0000] {logging_mixin.py:190} INFO - [2025-11-05T06:12:08.660+0000] {override.py:1900} INFO - Created Permission View: can read on DAG Run:example_dynamic_task_mapping_with_no_taskflow_operators
[2025-11-05T06:12:08.661+0000] {logging_mixin.py:190} INFO - [2025-11-05T06:12:08.661+0000] {dag.py:3239} INFO - Sync 1 DAGs
[2025-11-05T06:12:08.669+0000] {logging_mixin.py:190} INFO - [2025-11-05T06:12:08.669+0000] {dag.py:3262} INFO - Creating ORM DAG for example_dynamic_task_mapping_with_no_taskflow_operators
[2025-11-05T06:12:08.670+0000] {logging_mixin.py:190} INFO - [2025-11-05T06:12:08.669+0000] {dag.py:4180} INFO - Setting next_dagrun for example_dynamic_task_mapping_with_no_taskflow_operators to None, run_after=None
[2025-11-05T06:12:08.690+0000] {processor.py:208} INFO - Processing /home/dellsai/airflow_project/airflow_venv/lib/python3.12/site-packages/airflow/example_dags/example_dynamic_task_mapping_with_no_taskflow_operators.py took 0.222 seconds
[2025-11-05T06:13:21.297+0000] {processor.py:186} INFO - Started process (PID=2150) to work on /home/dellsai/airflow_project/airflow_venv/lib/python3.12/site-packages/airflow/example_dags/example_dynamic_task_mapping_with_no_taskflow_operators.py
[2025-11-05T06:13:21.299+0000] {processor.py:914} INFO - Processing file /home/dellsai/airflow_project/airflow_venv/lib/python3.12/site-packages/airflow/example_dags/example_dynamic_task_mapping_with_no_taskflow_operators.py for tasks to queue
[2025-11-05T06:13:21.301+0000] {logging_mixin.py:190} INFO - [2025-11-05T06:13:21.300+0000] {dagbag.py:588} INFO - Filling up the DagBag from /home/dellsai/airflow_project/airflow_venv/lib/python3.12/site-packages/airflow/example_dags/example_dynamic_task_mapping_with_no_taskflow_operators.py
[2025-11-05T06:13:21.307+0000] {processor.py:925} INFO - DAG(s) 'example_dynamic_task_mapping_with_no_taskflow_operators' retrieved from /home/dellsai/airflow_project/airflow_venv/lib/python3.12/site-packages/airflow/example_dags/example_dynamic_task_mapping_with_no_taskflow_operators.py
[2025-11-05T06:13:21.320+0000] {logging_mixin.py:190} INFO - [2025-11-05T06:13:21.319+0000] {dag.py:3239} INFO - Sync 1 DAGs
[2025-11-05T06:13:21.328+0000] {logging_mixin.py:190} INFO - [2025-11-05T06:13:21.328+0000] {dag.py:4180} INFO - Setting next_dagrun for example_dynamic_task_mapping_with_no_taskflow_operators to None, run_after=None
[2025-11-05T06:13:21.353+0000] {processor.py:208} INFO - Processing /home/dellsai/airflow_project/airflow_venv/lib/python3.12/site-packages/airflow/example_dags/example_dynamic_task_mapping_with_no_taskflow_operators.py took 0.060 seconds
[2025-11-05T06:14:25.851+0000] {processor.py:186} INFO - Started process (PID=2223) to work on /home/dellsai/airflow_project/airflow_venv/lib/python3.12/site-packages/airflow/example_dags/example_dynamic_task_mapping_with_no_taskflow_operators.py
[2025-11-05T06:14:25.853+0000] {processor.py:914} INFO - Processing file /home/dellsai/airflow_project/airflow_venv/lib/python3.12/site-packages/airflow/example_dags/example_dynamic_task_mapping_with_no_taskflow_operators.py for tasks to queue
[2025-11-05T06:14:25.855+0000] {logging_mixin.py:190} INFO - [2025-11-05T06:14:25.855+0000] {dagbag.py:588} INFO - Filling up the DagBag from /home/dellsai/airflow_project/airflow_venv/lib/python3.12/site-packages/airflow/example_dags/example_dynamic_task_mapping_with_no_taskflow_operators.py
[2025-11-05T06:14:25.864+0000] {processor.py:925} INFO - DAG(s) 'example_dynamic_task_mapping_with_no_taskflow_operators' retrieved from /home/dellsai/airflow_project/airflow_venv/lib/python3.12/site-packages/airflow/example_dags/example_dynamic_task_mapping_with_no_taskflow_operators.py
[2025-11-05T06:14:25.881+0000] {logging_mixin.py:190} INFO - [2025-11-05T06:14:25.881+0000] {dag.py:3239} INFO - Sync 1 DAGs
[2025-11-05T06:14:25.894+0000] {logging_mixin.py:190} INFO - [2025-11-05T06:14:25.894+0000] {dag.py:4180} INFO - Setting next_dagrun for example_dynamic_task_mapping_with_no_taskflow_operators to None, run_after=None
[2025-11-05T06:14:25.920+0000] {processor.py:208} INFO - Processing /home/dellsai/airflow_project/airflow_venv/lib/python3.12/site-packages/airflow/example_dags/example_dynamic_task_mapping_with_no_taskflow_operators.py took 0.075 seconds
