[2025-11-05T06:11:53.100+0000] {processor.py:186} INFO - Started process (PID=2041) to work on /home/dellsai/airflow_project/airflow_venv/lib/python3.12/site-packages/airflow/example_dags/example_short_circuit_decorator.py
[2025-11-05T06:11:53.100+0000] {processor.py:914} INFO - Processing file /home/dellsai/airflow_project/airflow_venv/lib/python3.12/site-packages/airflow/example_dags/example_short_circuit_decorator.py for tasks to queue
[2025-11-05T06:11:53.102+0000] {logging_mixin.py:190} INFO - [2025-11-05T06:11:53.102+0000] {dagbag.py:588} INFO - Filling up the DagBag from /home/dellsai/airflow_project/airflow_venv/lib/python3.12/site-packages/airflow/example_dags/example_short_circuit_decorator.py
[2025-11-05T06:11:53.112+0000] {processor.py:925} INFO - DAG(s) 'example_short_circuit_decorator' retrieved from /home/dellsai/airflow_project/airflow_venv/lib/python3.12/site-packages/airflow/example_dags/example_short_circuit_decorator.py
[2025-11-05T06:11:53.218+0000] {logging_mixin.py:190} INFO - [2025-11-05T06:11:53.217+0000] {override.py:1900} INFO - Created Permission View: can delete on DAG:example_short_circuit_decorator
[2025-11-05T06:11:53.257+0000] {logging_mixin.py:190} INFO - [2025-11-05T06:11:53.256+0000] {override.py:1900} INFO - Created Permission View: can edit on DAG:example_short_circuit_decorator
[2025-11-05T06:11:53.324+0000] {logging_mixin.py:190} INFO - [2025-11-05T06:11:53.323+0000] {override.py:1900} INFO - Created Permission View: can read on DAG:example_short_circuit_decorator
[2025-11-05T06:11:53.382+0000] {logging_mixin.py:190} INFO - [2025-11-05T06:11:53.381+0000] {override.py:1900} INFO - Created Permission View: can delete on DAG Run:example_short_circuit_decorator
[2025-11-05T06:11:53.412+0000] {logging_mixin.py:190} INFO - [2025-11-05T06:11:53.412+0000] {override.py:1900} INFO - Created Permission View: can create on DAG Run:example_short_circuit_decorator
[2025-11-05T06:11:53.426+0000] {logging_mixin.py:190} INFO - [2025-11-05T06:11:53.426+0000] {override.py:1900} INFO - Created Permission View: menu access on DAG Run:example_short_circuit_decorator
[2025-11-05T06:11:53.437+0000] {logging_mixin.py:190} INFO - [2025-11-05T06:11:53.437+0000] {override.py:1900} INFO - Created Permission View: can read on DAG Run:example_short_circuit_decorator
[2025-11-05T06:11:53.438+0000] {logging_mixin.py:190} INFO - [2025-11-05T06:11:53.438+0000] {dag.py:3239} INFO - Sync 1 DAGs
[2025-11-05T06:11:53.452+0000] {logging_mixin.py:190} INFO - [2025-11-05T06:11:53.451+0000] {dag.py:3262} INFO - Creating ORM DAG for example_short_circuit_decorator
[2025-11-05T06:11:53.452+0000] {logging_mixin.py:190} INFO - [2025-11-05T06:11:53.452+0000] {dag.py:4180} INFO - Setting next_dagrun for example_short_circuit_decorator to None, run_after=None
[2025-11-05T06:11:53.474+0000] {processor.py:208} INFO - Processing /home/dellsai/airflow_project/airflow_venv/lib/python3.12/site-packages/airflow/example_dags/example_short_circuit_decorator.py took 0.378 seconds
[2025-11-05T06:13:09.216+0000] {processor.py:186} INFO - Started process (PID=2135) to work on /home/dellsai/airflow_project/airflow_venv/lib/python3.12/site-packages/airflow/example_dags/example_short_circuit_decorator.py
[2025-11-05T06:13:09.217+0000] {processor.py:914} INFO - Processing file /home/dellsai/airflow_project/airflow_venv/lib/python3.12/site-packages/airflow/example_dags/example_short_circuit_decorator.py for tasks to queue
[2025-11-05T06:13:09.220+0000] {logging_mixin.py:190} INFO - [2025-11-05T06:13:09.219+0000] {dagbag.py:588} INFO - Filling up the DagBag from /home/dellsai/airflow_project/airflow_venv/lib/python3.12/site-packages/airflow/example_dags/example_short_circuit_decorator.py
[2025-11-05T06:13:09.228+0000] {processor.py:925} INFO - DAG(s) 'example_short_circuit_decorator' retrieved from /home/dellsai/airflow_project/airflow_venv/lib/python3.12/site-packages/airflow/example_dags/example_short_circuit_decorator.py
[2025-11-05T06:13:09.246+0000] {logging_mixin.py:190} INFO - [2025-11-05T06:13:09.246+0000] {dag.py:3239} INFO - Sync 1 DAGs
[2025-11-05T06:13:09.258+0000] {logging_mixin.py:190} INFO - [2025-11-05T06:13:09.258+0000] {dag.py:4180} INFO - Setting next_dagrun for example_short_circuit_decorator to None, run_after=None
[2025-11-05T06:13:09.281+0000] {processor.py:208} INFO - Processing /home/dellsai/airflow_project/airflow_venv/lib/python3.12/site-packages/airflow/example_dags/example_short_circuit_decorator.py took 0.071 seconds
[2025-11-05T06:14:12.945+0000] {processor.py:186} INFO - Started process (PID=2208) to work on /home/dellsai/airflow_project/airflow_venv/lib/python3.12/site-packages/airflow/example_dags/example_short_circuit_decorator.py
[2025-11-05T06:14:12.948+0000] {processor.py:914} INFO - Processing file /home/dellsai/airflow_project/airflow_venv/lib/python3.12/site-packages/airflow/example_dags/example_short_circuit_decorator.py for tasks to queue
[2025-11-05T06:14:12.950+0000] {logging_mixin.py:190} INFO - [2025-11-05T06:14:12.950+0000] {dagbag.py:588} INFO - Filling up the DagBag from /home/dellsai/airflow_project/airflow_venv/lib/python3.12/site-packages/airflow/example_dags/example_short_circuit_decorator.py
[2025-11-05T06:14:12.958+0000] {processor.py:925} INFO - DAG(s) 'example_short_circuit_decorator' retrieved from /home/dellsai/airflow_project/airflow_venv/lib/python3.12/site-packages/airflow/example_dags/example_short_circuit_decorator.py
[2025-11-05T06:14:12.973+0000] {logging_mixin.py:190} INFO - [2025-11-05T06:14:12.972+0000] {dag.py:3239} INFO - Sync 1 DAGs
[2025-11-05T06:14:12.982+0000] {logging_mixin.py:190} INFO - [2025-11-05T06:14:12.982+0000] {dag.py:4180} INFO - Setting next_dagrun for example_short_circuit_decorator to None, run_after=None
[2025-11-05T06:14:13.006+0000] {processor.py:208} INFO - Processing /home/dellsai/airflow_project/airflow_venv/lib/python3.12/site-packages/airflow/example_dags/example_short_circuit_decorator.py took 0.066 seconds
[2025-11-05T06:15:17.202+0000] {processor.py:186} INFO - Started process (PID=2287) to work on /home/dellsai/airflow_project/airflow_venv/lib/python3.12/site-packages/airflow/example_dags/example_short_circuit_decorator.py
[2025-11-05T06:15:17.204+0000] {processor.py:914} INFO - Processing file /home/dellsai/airflow_project/airflow_venv/lib/python3.12/site-packages/airflow/example_dags/example_short_circuit_decorator.py for tasks to queue
[2025-11-05T06:15:17.206+0000] {logging_mixin.py:190} INFO - [2025-11-05T06:15:17.206+0000] {dagbag.py:588} INFO - Filling up the DagBag from /home/dellsai/airflow_project/airflow_venv/lib/python3.12/site-packages/airflow/example_dags/example_short_circuit_decorator.py
[2025-11-05T06:15:17.214+0000] {processor.py:925} INFO - DAG(s) 'example_short_circuit_decorator' retrieved from /home/dellsai/airflow_project/airflow_venv/lib/python3.12/site-packages/airflow/example_dags/example_short_circuit_decorator.py
[2025-11-05T06:15:17.229+0000] {logging_mixin.py:190} INFO - [2025-11-05T06:15:17.228+0000] {dag.py:3239} INFO - Sync 1 DAGs
[2025-11-05T06:15:17.238+0000] {logging_mixin.py:190} INFO - [2025-11-05T06:15:17.237+0000] {dag.py:4180} INFO - Setting next_dagrun for example_short_circuit_decorator to None, run_after=None
[2025-11-05T06:15:17.262+0000] {processor.py:208} INFO - Processing /home/dellsai/airflow_project/airflow_venv/lib/python3.12/site-packages/airflow/example_dags/example_short_circuit_decorator.py took 0.064 seconds
