[2025-11-05T06:11:58.234+0000] {processor.py:186} INFO - Started process (PID=2048) to work on /home/dellsai/airflow_project/airflow_venv/lib/python3.12/site-packages/airflow/example_dags/example_sensor_decorator.py
[2025-11-05T06:11:58.234+0000] {processor.py:914} INFO - Processing file /home/dellsai/airflow_project/airflow_venv/lib/python3.12/site-packages/airflow/example_dags/example_sensor_decorator.py for tasks to queue
[2025-11-05T06:11:58.236+0000] {logging_mixin.py:190} INFO - [2025-11-05T06:11:58.236+0000] {dagbag.py:588} INFO - Filling up the DagBag from /home/dellsai/airflow_project/airflow_venv/lib/python3.12/site-packages/airflow/example_dags/example_sensor_decorator.py
[2025-11-05T06:11:58.245+0000] {processor.py:925} INFO - DAG(s) 'example_sensor_decorator' retrieved from /home/dellsai/airflow_project/airflow_venv/lib/python3.12/site-packages/airflow/example_dags/example_sensor_decorator.py
[2025-11-05T06:11:58.367+0000] {logging_mixin.py:190} INFO - [2025-11-05T06:11:58.367+0000] {override.py:1900} INFO - Created Permission View: can delete on DAG:example_sensor_decorator
[2025-11-05T06:11:58.386+0000] {logging_mixin.py:190} INFO - [2025-11-05T06:11:58.386+0000] {override.py:1900} INFO - Created Permission View: can edit on DAG:example_sensor_decorator
[2025-11-05T06:11:58.402+0000] {logging_mixin.py:190} INFO - [2025-11-05T06:11:58.402+0000] {override.py:1900} INFO - Created Permission View: can read on DAG:example_sensor_decorator
[2025-11-05T06:11:58.423+0000] {logging_mixin.py:190} INFO - [2025-11-05T06:11:58.423+0000] {override.py:1900} INFO - Created Permission View: can delete on DAG Run:example_sensor_decorator
[2025-11-05T06:11:58.435+0000] {logging_mixin.py:190} INFO - [2025-11-05T06:11:58.435+0000] {override.py:1900} INFO - Created Permission View: can create on DAG Run:example_sensor_decorator
[2025-11-05T06:11:58.447+0000] {logging_mixin.py:190} INFO - [2025-11-05T06:11:58.447+0000] {override.py:1900} INFO - Created Permission View: menu access on DAG Run:example_sensor_decorator
[2025-11-05T06:11:58.460+0000] {logging_mixin.py:190} INFO - [2025-11-05T06:11:58.459+0000] {override.py:1900} INFO - Created Permission View: can read on DAG Run:example_sensor_decorator
[2025-11-05T06:11:58.460+0000] {logging_mixin.py:190} INFO - [2025-11-05T06:11:58.460+0000] {dag.py:3239} INFO - Sync 1 DAGs
[2025-11-05T06:11:58.470+0000] {logging_mixin.py:190} INFO - [2025-11-05T06:11:58.470+0000] {dag.py:3262} INFO - Creating ORM DAG for example_sensor_decorator
[2025-11-05T06:11:58.470+0000] {logging_mixin.py:190} INFO - [2025-11-05T06:11:58.470+0000] {dag.py:4180} INFO - Setting next_dagrun for example_sensor_decorator to None, run_after=None
[2025-11-05T06:11:58.497+0000] {processor.py:208} INFO - Processing /home/dellsai/airflow_project/airflow_venv/lib/python3.12/site-packages/airflow/example_dags/example_sensor_decorator.py took 0.267 seconds
[2025-11-05T06:13:13.653+0000] {processor.py:186} INFO - Started process (PID=2140) to work on /home/dellsai/airflow_project/airflow_venv/lib/python3.12/site-packages/airflow/example_dags/example_sensor_decorator.py
[2025-11-05T06:13:13.655+0000] {processor.py:914} INFO - Processing file /home/dellsai/airflow_project/airflow_venv/lib/python3.12/site-packages/airflow/example_dags/example_sensor_decorator.py for tasks to queue
[2025-11-05T06:13:13.657+0000] {logging_mixin.py:190} INFO - [2025-11-05T06:13:13.656+0000] {dagbag.py:588} INFO - Filling up the DagBag from /home/dellsai/airflow_project/airflow_venv/lib/python3.12/site-packages/airflow/example_dags/example_sensor_decorator.py
[2025-11-05T06:13:13.664+0000] {processor.py:925} INFO - DAG(s) 'example_sensor_decorator' retrieved from /home/dellsai/airflow_project/airflow_venv/lib/python3.12/site-packages/airflow/example_dags/example_sensor_decorator.py
[2025-11-05T06:13:13.678+0000] {logging_mixin.py:190} INFO - [2025-11-05T06:13:13.677+0000] {dag.py:3239} INFO - Sync 1 DAGs
[2025-11-05T06:13:13.688+0000] {logging_mixin.py:190} INFO - [2025-11-05T06:13:13.688+0000] {dag.py:4180} INFO - Setting next_dagrun for example_sensor_decorator to None, run_after=None
[2025-11-05T06:13:13.713+0000] {processor.py:208} INFO - Processing /home/dellsai/airflow_project/airflow_venv/lib/python3.12/site-packages/airflow/example_dags/example_sensor_decorator.py took 0.066 seconds
[2025-11-05T06:14:17.420+0000] {processor.py:186} INFO - Started process (PID=2213) to work on /home/dellsai/airflow_project/airflow_venv/lib/python3.12/site-packages/airflow/example_dags/example_sensor_decorator.py
[2025-11-05T06:14:17.422+0000] {processor.py:914} INFO - Processing file /home/dellsai/airflow_project/airflow_venv/lib/python3.12/site-packages/airflow/example_dags/example_sensor_decorator.py for tasks to queue
[2025-11-05T06:14:17.423+0000] {logging_mixin.py:190} INFO - [2025-11-05T06:14:17.423+0000] {dagbag.py:588} INFO - Filling up the DagBag from /home/dellsai/airflow_project/airflow_venv/lib/python3.12/site-packages/airflow/example_dags/example_sensor_decorator.py
[2025-11-05T06:14:17.430+0000] {processor.py:925} INFO - DAG(s) 'example_sensor_decorator' retrieved from /home/dellsai/airflow_project/airflow_venv/lib/python3.12/site-packages/airflow/example_dags/example_sensor_decorator.py
[2025-11-05T06:14:17.442+0000] {logging_mixin.py:190} INFO - [2025-11-05T06:14:17.442+0000] {dag.py:3239} INFO - Sync 1 DAGs
[2025-11-05T06:14:17.451+0000] {logging_mixin.py:190} INFO - [2025-11-05T06:14:17.451+0000] {dag.py:4180} INFO - Setting next_dagrun for example_sensor_decorator to None, run_after=None
[2025-11-05T06:14:17.477+0000] {processor.py:208} INFO - Processing /home/dellsai/airflow_project/airflow_venv/lib/python3.12/site-packages/airflow/example_dags/example_sensor_decorator.py took 0.061 seconds
