[2025-11-05T06:12:15.630+0000] {processor.py:186} INFO - Started process (PID=2074) to work on /home/dellsai/airflow_project/airflow_venv/lib/python3.12/site-packages/airflow/example_dags/example_task_group_decorator.py
[2025-11-05T06:12:15.631+0000] {processor.py:914} INFO - Processing file /home/dellsai/airflow_project/airflow_venv/lib/python3.12/site-packages/airflow/example_dags/example_task_group_decorator.py for tasks to queue
[2025-11-05T06:12:15.633+0000] {logging_mixin.py:190} INFO - [2025-11-05T06:12:15.632+0000] {dagbag.py:588} INFO - Filling up the DagBag from /home/dellsai/airflow_project/airflow_venv/lib/python3.12/site-packages/airflow/example_dags/example_task_group_decorator.py
[2025-11-05T06:12:15.644+0000] {processor.py:925} INFO - DAG(s) 'example_task_group_decorator' retrieved from /home/dellsai/airflow_project/airflow_venv/lib/python3.12/site-packages/airflow/example_dags/example_task_group_decorator.py
[2025-11-05T06:12:15.742+0000] {logging_mixin.py:190} INFO - [2025-11-05T06:12:15.742+0000] {override.py:1900} INFO - Created Permission View: can delete on DAG:example_task_group_decorator
[2025-11-05T06:12:15.758+0000] {logging_mixin.py:190} INFO - [2025-11-05T06:12:15.758+0000] {override.py:1900} INFO - Created Permission View: can edit on DAG:example_task_group_decorator
[2025-11-05T06:12:15.771+0000] {logging_mixin.py:190} INFO - [2025-11-05T06:12:15.771+0000] {override.py:1900} INFO - Created Permission View: can read on DAG:example_task_group_decorator
[2025-11-05T06:12:15.793+0000] {logging_mixin.py:190} INFO - [2025-11-05T06:12:15.792+0000] {override.py:1900} INFO - Created Permission View: can delete on DAG Run:example_task_group_decorator
[2025-11-05T06:12:15.803+0000] {logging_mixin.py:190} INFO - [2025-11-05T06:12:15.803+0000] {override.py:1900} INFO - Created Permission View: can create on DAG Run:example_task_group_decorator
[2025-11-05T06:12:15.814+0000] {logging_mixin.py:190} INFO - [2025-11-05T06:12:15.813+0000] {override.py:1900} INFO - Created Permission View: menu access on DAG Run:example_task_group_decorator
[2025-11-05T06:12:15.825+0000] {logging_mixin.py:190} INFO - [2025-11-05T06:12:15.824+0000] {override.py:1900} INFO - Created Permission View: can read on DAG Run:example_task_group_decorator
[2025-11-05T06:12:15.825+0000] {logging_mixin.py:190} INFO - [2025-11-05T06:12:15.825+0000] {dag.py:3239} INFO - Sync 1 DAGs
[2025-11-05T06:12:15.834+0000] {logging_mixin.py:190} INFO - [2025-11-05T06:12:15.834+0000] {dag.py:3262} INFO - Creating ORM DAG for example_task_group_decorator
[2025-11-05T06:12:15.834+0000] {logging_mixin.py:190} INFO - [2025-11-05T06:12:15.834+0000] {dag.py:4180} INFO - Setting next_dagrun for example_task_group_decorator to None, run_after=None
[2025-11-05T06:12:15.859+0000] {processor.py:208} INFO - Processing /home/dellsai/airflow_project/airflow_venv/lib/python3.12/site-packages/airflow/example_dags/example_task_group_decorator.py took 0.233 seconds
[2025-11-05T06:13:27.580+0000] {processor.py:186} INFO - Started process (PID=2156) to work on /home/dellsai/airflow_project/airflow_venv/lib/python3.12/site-packages/airflow/example_dags/example_task_group_decorator.py
[2025-11-05T06:13:27.582+0000] {processor.py:914} INFO - Processing file /home/dellsai/airflow_project/airflow_venv/lib/python3.12/site-packages/airflow/example_dags/example_task_group_decorator.py for tasks to queue
[2025-11-05T06:13:27.584+0000] {logging_mixin.py:190} INFO - [2025-11-05T06:13:27.584+0000] {dagbag.py:588} INFO - Filling up the DagBag from /home/dellsai/airflow_project/airflow_venv/lib/python3.12/site-packages/airflow/example_dags/example_task_group_decorator.py
[2025-11-05T06:13:27.599+0000] {processor.py:925} INFO - DAG(s) 'example_task_group_decorator' retrieved from /home/dellsai/airflow_project/airflow_venv/lib/python3.12/site-packages/airflow/example_dags/example_task_group_decorator.py
[2025-11-05T06:13:27.619+0000] {logging_mixin.py:190} INFO - [2025-11-05T06:13:27.619+0000] {dag.py:3239} INFO - Sync 1 DAGs
[2025-11-05T06:13:27.633+0000] {logging_mixin.py:190} INFO - [2025-11-05T06:13:27.633+0000] {dag.py:4180} INFO - Setting next_dagrun for example_task_group_decorator to None, run_after=None
[2025-11-05T06:13:27.659+0000] {processor.py:208} INFO - Processing /home/dellsai/airflow_project/airflow_venv/lib/python3.12/site-packages/airflow/example_dags/example_task_group_decorator.py took 0.085 seconds
[2025-11-05T06:14:31.692+0000] {processor.py:186} INFO - Started process (PID=2229) to work on /home/dellsai/airflow_project/airflow_venv/lib/python3.12/site-packages/airflow/example_dags/example_task_group_decorator.py
[2025-11-05T06:14:31.694+0000] {processor.py:914} INFO - Processing file /home/dellsai/airflow_project/airflow_venv/lib/python3.12/site-packages/airflow/example_dags/example_task_group_decorator.py for tasks to queue
[2025-11-05T06:14:31.696+0000] {logging_mixin.py:190} INFO - [2025-11-05T06:14:31.696+0000] {dagbag.py:588} INFO - Filling up the DagBag from /home/dellsai/airflow_project/airflow_venv/lib/python3.12/site-packages/airflow/example_dags/example_task_group_decorator.py
[2025-11-05T06:14:31.708+0000] {processor.py:925} INFO - DAG(s) 'example_task_group_decorator' retrieved from /home/dellsai/airflow_project/airflow_venv/lib/python3.12/site-packages/airflow/example_dags/example_task_group_decorator.py
[2025-11-05T06:14:31.725+0000] {logging_mixin.py:190} INFO - [2025-11-05T06:14:31.724+0000] {dag.py:3239} INFO - Sync 1 DAGs
[2025-11-05T06:14:31.734+0000] {logging_mixin.py:190} INFO - [2025-11-05T06:14:31.733+0000] {dag.py:4180} INFO - Setting next_dagrun for example_task_group_decorator to None, run_after=None
[2025-11-05T06:14:31.757+0000] {processor.py:208} INFO - Processing /home/dellsai/airflow_project/airflow_venv/lib/python3.12/site-packages/airflow/example_dags/example_task_group_decorator.py took 0.070 seconds
