[2025-11-05T06:11:45.652+0000] {processor.py:186} INFO - Started process (PID=2034) to work on /home/dellsai/airflow_project/airflow_venv/lib/python3.12/site-packages/airflow/example_dags/example_python_operator.py
[2025-11-05T06:11:45.652+0000] {processor.py:914} INFO - Processing file /home/dellsai/airflow_project/airflow_venv/lib/python3.12/site-packages/airflow/example_dags/example_python_operator.py for tasks to queue
[2025-11-05T06:11:45.654+0000] {logging_mixin.py:190} INFO - [2025-11-05T06:11:45.654+0000] {dagbag.py:588} INFO - Filling up the DagBag from /home/dellsai/airflow_project/airflow_venv/lib/python3.12/site-packages/airflow/example_dags/example_python_operator.py
[2025-11-05T06:11:45.664+0000] {processor.py:925} INFO - DAG(s) 'example_python_operator' retrieved from /home/dellsai/airflow_project/airflow_venv/lib/python3.12/site-packages/airflow/example_dags/example_python_operator.py
[2025-11-05T06:11:45.760+0000] {logging_mixin.py:190} INFO - [2025-11-05T06:11:45.759+0000] {override.py:1900} INFO - Created Permission View: can delete on DAG:example_python_operator
[2025-11-05T06:11:45.775+0000] {logging_mixin.py:190} INFO - [2025-11-05T06:11:45.775+0000] {override.py:1900} INFO - Created Permission View: can edit on DAG:example_python_operator
[2025-11-05T06:11:45.787+0000] {logging_mixin.py:190} INFO - [2025-11-05T06:11:45.786+0000] {override.py:1900} INFO - Created Permission View: can read on DAG:example_python_operator
[2025-11-05T06:11:45.804+0000] {logging_mixin.py:190} INFO - [2025-11-05T06:11:45.804+0000] {override.py:1900} INFO - Created Permission View: can delete on DAG Run:example_python_operator
[2025-11-05T06:11:45.815+0000] {logging_mixin.py:190} INFO - [2025-11-05T06:11:45.814+0000] {override.py:1900} INFO - Created Permission View: can create on DAG Run:example_python_operator
[2025-11-05T06:11:45.826+0000] {logging_mixin.py:190} INFO - [2025-11-05T06:11:45.825+0000] {override.py:1900} INFO - Created Permission View: menu access on DAG Run:example_python_operator
[2025-11-05T06:11:45.837+0000] {logging_mixin.py:190} INFO - [2025-11-05T06:11:45.837+0000] {override.py:1900} INFO - Created Permission View: can read on DAG Run:example_python_operator
[2025-11-05T06:11:45.837+0000] {logging_mixin.py:190} INFO - [2025-11-05T06:11:45.837+0000] {dag.py:3239} INFO - Sync 1 DAGs
[2025-11-05T06:11:45.845+0000] {logging_mixin.py:190} INFO - [2025-11-05T06:11:45.845+0000] {dag.py:3262} INFO - Creating ORM DAG for example_python_operator
[2025-11-05T06:11:45.846+0000] {logging_mixin.py:190} INFO - [2025-11-05T06:11:45.846+0000] {dag.py:4180} INFO - Setting next_dagrun for example_python_operator to None, run_after=None
[2025-11-05T06:11:45.868+0000] {processor.py:208} INFO - Processing /home/dellsai/airflow_project/airflow_venv/lib/python3.12/site-packages/airflow/example_dags/example_python_operator.py took 0.221 seconds
[2025-11-05T06:12:55.096+0000] {processor.py:186} INFO - Started process (PID=2120) to work on /home/dellsai/airflow_project/airflow_venv/lib/python3.12/site-packages/airflow/example_dags/example_python_operator.py
[2025-11-05T06:12:55.097+0000] {processor.py:914} INFO - Processing file /home/dellsai/airflow_project/airflow_venv/lib/python3.12/site-packages/airflow/example_dags/example_python_operator.py for tasks to queue
[2025-11-05T06:12:55.099+0000] {logging_mixin.py:190} INFO - [2025-11-05T06:12:55.098+0000] {dagbag.py:588} INFO - Filling up the DagBag from /home/dellsai/airflow_project/airflow_venv/lib/python3.12/site-packages/airflow/example_dags/example_python_operator.py
[2025-11-05T06:12:55.110+0000] {processor.py:925} INFO - DAG(s) 'example_python_operator' retrieved from /home/dellsai/airflow_project/airflow_venv/lib/python3.12/site-packages/airflow/example_dags/example_python_operator.py
[2025-11-05T06:12:55.127+0000] {logging_mixin.py:190} INFO - [2025-11-05T06:12:55.127+0000] {dag.py:3239} INFO - Sync 1 DAGs
[2025-11-05T06:12:55.140+0000] {logging_mixin.py:190} INFO - [2025-11-05T06:12:55.140+0000] {dag.py:4180} INFO - Setting next_dagrun for example_python_operator to None, run_after=None
[2025-11-05T06:12:55.168+0000] {processor.py:208} INFO - Processing /home/dellsai/airflow_project/airflow_venv/lib/python3.12/site-packages/airflow/example_dags/example_python_operator.py took 0.077 seconds
[2025-11-05T06:14:00.705+0000] {processor.py:186} INFO - Started process (PID=2192) to work on /home/dellsai/airflow_project/airflow_venv/lib/python3.12/site-packages/airflow/example_dags/example_python_operator.py
[2025-11-05T06:14:00.708+0000] {processor.py:914} INFO - Processing file /home/dellsai/airflow_project/airflow_venv/lib/python3.12/site-packages/airflow/example_dags/example_python_operator.py for tasks to queue
[2025-11-05T06:14:00.710+0000] {logging_mixin.py:190} INFO - [2025-11-05T06:14:00.710+0000] {dagbag.py:588} INFO - Filling up the DagBag from /home/dellsai/airflow_project/airflow_venv/lib/python3.12/site-packages/airflow/example_dags/example_python_operator.py
[2025-11-05T06:14:00.719+0000] {processor.py:925} INFO - DAG(s) 'example_python_operator' retrieved from /home/dellsai/airflow_project/airflow_venv/lib/python3.12/site-packages/airflow/example_dags/example_python_operator.py
[2025-11-05T06:14:00.733+0000] {logging_mixin.py:190} INFO - [2025-11-05T06:14:00.733+0000] {dag.py:3239} INFO - Sync 1 DAGs
[2025-11-05T06:14:00.741+0000] {logging_mixin.py:190} INFO - [2025-11-05T06:14:00.741+0000] {dag.py:4180} INFO - Setting next_dagrun for example_python_operator to None, run_after=None
[2025-11-05T06:14:00.765+0000] {processor.py:208} INFO - Processing /home/dellsai/airflow_project/airflow_venv/lib/python3.12/site-packages/airflow/example_dags/example_python_operator.py took 0.064 seconds
[2025-11-05T06:15:03.493+0000] {processor.py:186} INFO - Started process (PID=2272) to work on /home/dellsai/airflow_project/airflow_venv/lib/python3.12/site-packages/airflow/example_dags/example_python_operator.py
[2025-11-05T06:15:03.495+0000] {processor.py:914} INFO - Processing file /home/dellsai/airflow_project/airflow_venv/lib/python3.12/site-packages/airflow/example_dags/example_python_operator.py for tasks to queue
[2025-11-05T06:15:03.497+0000] {logging_mixin.py:190} INFO - [2025-11-05T06:15:03.496+0000] {dagbag.py:588} INFO - Filling up the DagBag from /home/dellsai/airflow_project/airflow_venv/lib/python3.12/site-packages/airflow/example_dags/example_python_operator.py
[2025-11-05T06:15:03.511+0000] {processor.py:925} INFO - DAG(s) 'example_python_operator' retrieved from /home/dellsai/airflow_project/airflow_venv/lib/python3.12/site-packages/airflow/example_dags/example_python_operator.py
[2025-11-05T06:15:03.530+0000] {logging_mixin.py:190} INFO - [2025-11-05T06:15:03.530+0000] {dag.py:3239} INFO - Sync 1 DAGs
[2025-11-05T06:15:03.542+0000] {logging_mixin.py:190} INFO - [2025-11-05T06:15:03.542+0000] {dag.py:4180} INFO - Setting next_dagrun for example_python_operator to None, run_after=None
[2025-11-05T06:15:03.570+0000] {processor.py:208} INFO - Processing /home/dellsai/airflow_project/airflow_venv/lib/python3.12/site-packages/airflow/example_dags/example_python_operator.py took 0.082 seconds
