[2025-11-05T06:12:19.630+0000] {processor.py:186} INFO - Started process (PID=2077) to work on /home/dellsai/airflow_project/airflow_venv/lib/python3.12/site-packages/airflow/example_dags/example_bash_decorator.py
[2025-11-05T06:12:19.631+0000] {processor.py:914} INFO - Processing file /home/dellsai/airflow_project/airflow_venv/lib/python3.12/site-packages/airflow/example_dags/example_bash_decorator.py for tasks to queue
[2025-11-05T06:12:19.632+0000] {logging_mixin.py:190} INFO - [2025-11-05T06:12:19.632+0000] {dagbag.py:588} INFO - Filling up the DagBag from /home/dellsai/airflow_project/airflow_venv/lib/python3.12/site-packages/airflow/example_dags/example_bash_decorator.py
[2025-11-05T06:12:19.643+0000] {processor.py:925} INFO - DAG(s) 'example_bash_decorator' retrieved from /home/dellsai/airflow_project/airflow_venv/lib/python3.12/site-packages/airflow/example_dags/example_bash_decorator.py
[2025-11-05T06:12:19.738+0000] {logging_mixin.py:190} INFO - [2025-11-05T06:12:19.737+0000] {override.py:1900} INFO - Created Permission View: can delete on DAG:example_bash_decorator
[2025-11-05T06:12:19.750+0000] {logging_mixin.py:190} INFO - [2025-11-05T06:12:19.750+0000] {override.py:1900} INFO - Created Permission View: can edit on DAG:example_bash_decorator
[2025-11-05T06:12:19.760+0000] {logging_mixin.py:190} INFO - [2025-11-05T06:12:19.760+0000] {override.py:1900} INFO - Created Permission View: can read on DAG:example_bash_decorator
[2025-11-05T06:12:19.779+0000] {logging_mixin.py:190} INFO - [2025-11-05T06:12:19.778+0000] {override.py:1900} INFO - Created Permission View: can delete on DAG Run:example_bash_decorator
[2025-11-05T06:12:19.792+0000] {logging_mixin.py:190} INFO - [2025-11-05T06:12:19.792+0000] {override.py:1900} INFO - Created Permission View: can create on DAG Run:example_bash_decorator
[2025-11-05T06:12:19.802+0000] {logging_mixin.py:190} INFO - [2025-11-05T06:12:19.802+0000] {override.py:1900} INFO - Created Permission View: menu access on DAG Run:example_bash_decorator
[2025-11-05T06:12:19.812+0000] {logging_mixin.py:190} INFO - [2025-11-05T06:12:19.812+0000] {override.py:1900} INFO - Created Permission View: can read on DAG Run:example_bash_decorator
[2025-11-05T06:12:19.812+0000] {logging_mixin.py:190} INFO - [2025-11-05T06:12:19.812+0000] {dag.py:3239} INFO - Sync 1 DAGs
[2025-11-05T06:12:19.822+0000] {logging_mixin.py:190} INFO - [2025-11-05T06:12:19.822+0000] {dag.py:3262} INFO - Creating ORM DAG for example_bash_decorator
[2025-11-05T06:12:19.822+0000] {logging_mixin.py:190} INFO - [2025-11-05T06:12:19.822+0000] {dag.py:4180} INFO - Setting next_dagrun for example_bash_decorator to None, run_after=None
[2025-11-05T06:12:19.842+0000] {processor.py:208} INFO - Processing /home/dellsai/airflow_project/airflow_venv/lib/python3.12/site-packages/airflow/example_dags/example_bash_decorator.py took 0.216 seconds
[2025-11-05T06:13:30.892+0000] {processor.py:186} INFO - Started process (PID=2159) to work on /home/dellsai/airflow_project/airflow_venv/lib/python3.12/site-packages/airflow/example_dags/example_bash_decorator.py
[2025-11-05T06:13:30.895+0000] {processor.py:914} INFO - Processing file /home/dellsai/airflow_project/airflow_venv/lib/python3.12/site-packages/airflow/example_dags/example_bash_decorator.py for tasks to queue
[2025-11-05T06:13:30.897+0000] {logging_mixin.py:190} INFO - [2025-11-05T06:13:30.897+0000] {dagbag.py:588} INFO - Filling up the DagBag from /home/dellsai/airflow_project/airflow_venv/lib/python3.12/site-packages/airflow/example_dags/example_bash_decorator.py
[2025-11-05T06:13:30.908+0000] {processor.py:925} INFO - DAG(s) 'example_bash_decorator' retrieved from /home/dellsai/airflow_project/airflow_venv/lib/python3.12/site-packages/airflow/example_dags/example_bash_decorator.py
[2025-11-05T06:13:30.922+0000] {logging_mixin.py:190} INFO - [2025-11-05T06:13:30.922+0000] {dag.py:3239} INFO - Sync 1 DAGs
[2025-11-05T06:13:30.931+0000] {logging_mixin.py:190} INFO - [2025-11-05T06:13:30.930+0000] {dag.py:4180} INFO - Setting next_dagrun for example_bash_decorator to None, run_after=None
[2025-11-05T06:13:30.956+0000] {processor.py:208} INFO - Processing /home/dellsai/airflow_project/airflow_venv/lib/python3.12/site-packages/airflow/example_dags/example_bash_decorator.py took 0.068 seconds
[2025-11-05T06:14:35.122+0000] {processor.py:186} INFO - Started process (PID=2234) to work on /home/dellsai/airflow_project/airflow_venv/lib/python3.12/site-packages/airflow/example_dags/example_bash_decorator.py
[2025-11-05T06:14:35.125+0000] {processor.py:914} INFO - Processing file /home/dellsai/airflow_project/airflow_venv/lib/python3.12/site-packages/airflow/example_dags/example_bash_decorator.py for tasks to queue
[2025-11-05T06:14:35.127+0000] {logging_mixin.py:190} INFO - [2025-11-05T06:14:35.127+0000] {dagbag.py:588} INFO - Filling up the DagBag from /home/dellsai/airflow_project/airflow_venv/lib/python3.12/site-packages/airflow/example_dags/example_bash_decorator.py
[2025-11-05T06:14:35.140+0000] {processor.py:925} INFO - DAG(s) 'example_bash_decorator' retrieved from /home/dellsai/airflow_project/airflow_venv/lib/python3.12/site-packages/airflow/example_dags/example_bash_decorator.py
[2025-11-05T06:14:35.155+0000] {logging_mixin.py:190} INFO - [2025-11-05T06:14:35.155+0000] {dag.py:3239} INFO - Sync 1 DAGs
[2025-11-05T06:14:35.164+0000] {logging_mixin.py:190} INFO - [2025-11-05T06:14:35.164+0000] {dag.py:4180} INFO - Setting next_dagrun for example_bash_decorator to None, run_after=None
[2025-11-05T06:14:35.189+0000] {processor.py:208} INFO - Processing /home/dellsai/airflow_project/airflow_venv/lib/python3.12/site-packages/airflow/example_dags/example_bash_decorator.py took 0.072 seconds
