[2025-11-05T06:11:30.728+0000] {processor.py:186} INFO - Started process (PID=2002) to work on /home/dellsai/airflow_project/airflow_venv/lib/python3.12/site-packages/airflow/example_dags/example_inlet_event_extra.py
[2025-11-05T06:11:30.729+0000] {processor.py:914} INFO - Processing file /home/dellsai/airflow_project/airflow_venv/lib/python3.12/site-packages/airflow/example_dags/example_inlet_event_extra.py for tasks to queue
[2025-11-05T06:11:30.731+0000] {logging_mixin.py:190} INFO - [2025-11-05T06:11:30.731+0000] {dagbag.py:588} INFO - Filling up the DagBag from /home/dellsai/airflow_project/airflow_venv/lib/python3.12/site-packages/airflow/example_dags/example_inlet_event_extra.py
[2025-11-05T06:11:30.741+0000] {processor.py:925} INFO - DAG(s) 'read_dataset_event_from_classic', 'read_dataset_event' retrieved from /home/dellsai/airflow_project/airflow_venv/lib/python3.12/site-packages/airflow/example_dags/example_inlet_event_extra.py
[2025-11-05T06:11:30.833+0000] {logging_mixin.py:190} INFO - [2025-11-05T06:11:30.833+0000] {override.py:1900} INFO - Created Permission View: can delete on DAG:read_dataset_event_from_classic
[2025-11-05T06:11:30.847+0000] {logging_mixin.py:190} INFO - [2025-11-05T06:11:30.847+0000] {override.py:1900} INFO - Created Permission View: can edit on DAG:read_dataset_event_from_classic
[2025-11-05T06:11:30.858+0000] {logging_mixin.py:190} INFO - [2025-11-05T06:11:30.858+0000] {override.py:1900} INFO - Created Permission View: can read on DAG:read_dataset_event_from_classic
[2025-11-05T06:11:30.877+0000] {logging_mixin.py:190} INFO - [2025-11-05T06:11:30.877+0000] {override.py:1900} INFO - Created Permission View: can delete on DAG Run:read_dataset_event_from_classic
[2025-11-05T06:11:30.889+0000] {logging_mixin.py:190} INFO - [2025-11-05T06:11:30.889+0000] {override.py:1900} INFO - Created Permission View: can create on DAG Run:read_dataset_event_from_classic
[2025-11-05T06:11:30.901+0000] {logging_mixin.py:190} INFO - [2025-11-05T06:11:30.901+0000] {override.py:1900} INFO - Created Permission View: menu access on DAG Run:read_dataset_event_from_classic
[2025-11-05T06:11:30.913+0000] {logging_mixin.py:190} INFO - [2025-11-05T06:11:30.913+0000] {override.py:1900} INFO - Created Permission View: can read on DAG Run:read_dataset_event_from_classic
[2025-11-05T06:11:30.940+0000] {logging_mixin.py:190} INFO - [2025-11-05T06:11:30.939+0000] {override.py:1900} INFO - Created Permission View: can delete on DAG:read_dataset_event
[2025-11-05T06:11:30.952+0000] {logging_mixin.py:190} INFO - [2025-11-05T06:11:30.952+0000] {override.py:1900} INFO - Created Permission View: can edit on DAG:read_dataset_event
[2025-11-05T06:11:30.964+0000] {logging_mixin.py:190} INFO - [2025-11-05T06:11:30.963+0000] {override.py:1900} INFO - Created Permission View: can read on DAG:read_dataset_event
[2025-11-05T06:11:30.981+0000] {logging_mixin.py:190} INFO - [2025-11-05T06:11:30.981+0000] {override.py:1900} INFO - Created Permission View: can delete on DAG Run:read_dataset_event
[2025-11-05T06:11:30.993+0000] {logging_mixin.py:190} INFO - [2025-11-05T06:11:30.992+0000] {override.py:1900} INFO - Created Permission View: can create on DAG Run:read_dataset_event
[2025-11-05T06:11:31.005+0000] {logging_mixin.py:190} INFO - [2025-11-05T06:11:31.005+0000] {override.py:1900} INFO - Created Permission View: menu access on DAG Run:read_dataset_event
[2025-11-05T06:11:31.016+0000] {logging_mixin.py:190} INFO - [2025-11-05T06:11:31.016+0000] {override.py:1900} INFO - Created Permission View: can read on DAG Run:read_dataset_event
[2025-11-05T06:11:31.017+0000] {logging_mixin.py:190} INFO - [2025-11-05T06:11:31.017+0000] {dag.py:3239} INFO - Sync 2 DAGs
[2025-11-05T06:11:31.026+0000] {logging_mixin.py:190} INFO - [2025-11-05T06:11:31.026+0000] {dag.py:3262} INFO - Creating ORM DAG for read_dataset_event
[2025-11-05T06:11:31.027+0000] {logging_mixin.py:190} INFO - [2025-11-05T06:11:31.027+0000] {dag.py:3262} INFO - Creating ORM DAG for read_dataset_event_from_classic
[2025-11-05T06:11:31.034+0000] {logging_mixin.py:190} INFO - [2025-11-05T06:11:31.033+0000] {dag.py:4180} INFO - Setting next_dagrun for read_dataset_event to 2025-11-04 00:00:00+00:00, run_after=2025-11-05 00:00:00+00:00
[2025-11-05T06:11:31.035+0000] {logging_mixin.py:190} INFO - [2025-11-05T06:11:31.035+0000] {dag.py:4180} INFO - Setting next_dagrun for read_dataset_event_from_classic to 2025-11-04 00:00:00+00:00, run_after=2025-11-05 00:00:00+00:00
[2025-11-05T06:11:31.057+0000] {processor.py:208} INFO - Processing /home/dellsai/airflow_project/airflow_venv/lib/python3.12/site-packages/airflow/example_dags/example_inlet_event_extra.py took 0.333 seconds
[2025-11-05T06:12:44.506+0000] {processor.py:186} INFO - Started process (PID=2104) to work on /home/dellsai/airflow_project/airflow_venv/lib/python3.12/site-packages/airflow/example_dags/example_inlet_event_extra.py
[2025-11-05T06:12:44.509+0000] {processor.py:914} INFO - Processing file /home/dellsai/airflow_project/airflow_venv/lib/python3.12/site-packages/airflow/example_dags/example_inlet_event_extra.py for tasks to queue
[2025-11-05T06:12:44.511+0000] {logging_mixin.py:190} INFO - [2025-11-05T06:12:44.511+0000] {dagbag.py:588} INFO - Filling up the DagBag from /home/dellsai/airflow_project/airflow_venv/lib/python3.12/site-packages/airflow/example_dags/example_inlet_event_extra.py
[2025-11-05T06:12:44.522+0000] {processor.py:925} INFO - DAG(s) 'read_dataset_event', 'read_dataset_event_from_classic' retrieved from /home/dellsai/airflow_project/airflow_venv/lib/python3.12/site-packages/airflow/example_dags/example_inlet_event_extra.py
[2025-11-05T06:12:44.538+0000] {logging_mixin.py:190} INFO - [2025-11-05T06:12:44.538+0000] {dag.py:3239} INFO - Sync 2 DAGs
[2025-11-05T06:12:44.553+0000] {logging_mixin.py:190} INFO - [2025-11-05T06:12:44.553+0000] {dag.py:4180} INFO - Setting next_dagrun for read_dataset_event to 2025-11-04 00:00:00+00:00, run_after=2025-11-05 00:00:00+00:00
[2025-11-05T06:12:44.555+0000] {logging_mixin.py:190} INFO - [2025-11-05T06:12:44.555+0000] {dag.py:4180} INFO - Setting next_dagrun for read_dataset_event_from_classic to 2025-11-04 00:00:00+00:00, run_after=2025-11-05 00:00:00+00:00
[2025-11-05T06:12:44.579+0000] {processor.py:208} INFO - Processing /home/dellsai/airflow_project/airflow_venv/lib/python3.12/site-packages/airflow/example_dags/example_inlet_event_extra.py took 0.077 seconds
[2025-11-05T06:13:48.397+0000] {processor.py:186} INFO - Started process (PID=2180) to work on /home/dellsai/airflow_project/airflow_venv/lib/python3.12/site-packages/airflow/example_dags/example_inlet_event_extra.py
[2025-11-05T06:13:48.400+0000] {processor.py:914} INFO - Processing file /home/dellsai/airflow_project/airflow_venv/lib/python3.12/site-packages/airflow/example_dags/example_inlet_event_extra.py for tasks to queue
[2025-11-05T06:13:48.403+0000] {logging_mixin.py:190} INFO - [2025-11-05T06:13:48.402+0000] {dagbag.py:588} INFO - Filling up the DagBag from /home/dellsai/airflow_project/airflow_venv/lib/python3.12/site-packages/airflow/example_dags/example_inlet_event_extra.py
[2025-11-05T06:13:48.414+0000] {processor.py:925} INFO - DAG(s) 'read_dataset_event', 'read_dataset_event_from_classic' retrieved from /home/dellsai/airflow_project/airflow_venv/lib/python3.12/site-packages/airflow/example_dags/example_inlet_event_extra.py
[2025-11-05T06:13:48.429+0000] {logging_mixin.py:190} INFO - [2025-11-05T06:13:48.429+0000] {dag.py:3239} INFO - Sync 2 DAGs
[2025-11-05T06:13:48.445+0000] {logging_mixin.py:190} INFO - [2025-11-05T06:13:48.445+0000] {dag.py:4180} INFO - Setting next_dagrun for read_dataset_event to 2025-11-04 00:00:00+00:00, run_after=2025-11-05 00:00:00+00:00
[2025-11-05T06:13:48.449+0000] {logging_mixin.py:190} INFO - [2025-11-05T06:13:48.449+0000] {dag.py:4180} INFO - Setting next_dagrun for read_dataset_event_from_classic to 2025-11-04 00:00:00+00:00, run_after=2025-11-05 00:00:00+00:00
[2025-11-05T06:13:48.471+0000] {processor.py:208} INFO - Processing /home/dellsai/airflow_project/airflow_venv/lib/python3.12/site-packages/airflow/example_dags/example_inlet_event_extra.py took 0.079 seconds
[2025-11-05T06:14:52.730+0000] {processor.py:186} INFO - Started process (PID=2256) to work on /home/dellsai/airflow_project/airflow_venv/lib/python3.12/site-packages/airflow/example_dags/example_inlet_event_extra.py
[2025-11-05T06:14:52.733+0000] {processor.py:914} INFO - Processing file /home/dellsai/airflow_project/airflow_venv/lib/python3.12/site-packages/airflow/example_dags/example_inlet_event_extra.py for tasks to queue
[2025-11-05T06:14:52.735+0000] {logging_mixin.py:190} INFO - [2025-11-05T06:14:52.735+0000] {dagbag.py:588} INFO - Filling up the DagBag from /home/dellsai/airflow_project/airflow_venv/lib/python3.12/site-packages/airflow/example_dags/example_inlet_event_extra.py
[2025-11-05T06:14:52.746+0000] {processor.py:925} INFO - DAG(s) 'read_dataset_event', 'read_dataset_event_from_classic' retrieved from /home/dellsai/airflow_project/airflow_venv/lib/python3.12/site-packages/airflow/example_dags/example_inlet_event_extra.py
[2025-11-05T06:14:52.761+0000] {logging_mixin.py:190} INFO - [2025-11-05T06:14:52.761+0000] {dag.py:3239} INFO - Sync 2 DAGs
[2025-11-05T06:14:52.779+0000] {logging_mixin.py:190} INFO - [2025-11-05T06:14:52.779+0000] {dag.py:4180} INFO - Setting next_dagrun for read_dataset_event to 2025-11-04 00:00:00+00:00, run_after=2025-11-05 00:00:00+00:00
[2025-11-05T06:14:52.782+0000] {logging_mixin.py:190} INFO - [2025-11-05T06:14:52.782+0000] {dag.py:4180} INFO - Setting next_dagrun for read_dataset_event_from_classic to 2025-11-04 00:00:00+00:00, run_after=2025-11-05 00:00:00+00:00
[2025-11-05T06:14:52.807+0000] {processor.py:208} INFO - Processing /home/dellsai/airflow_project/airflow_venv/lib/python3.12/site-packages/airflow/example_dags/example_inlet_event_extra.py took 0.082 seconds
