[2025-11-05T06:11:49.649+0000] {processor.py:186} INFO - Started process (PID=2038) to work on /home/dellsai/airflow_project/airflow_venv/lib/python3.12/site-packages/airflow/example_dags/example_display_name.py
[2025-11-05T06:11:49.649+0000] {processor.py:914} INFO - Processing file /home/dellsai/airflow_project/airflow_venv/lib/python3.12/site-packages/airflow/example_dags/example_display_name.py for tasks to queue
[2025-11-05T06:11:49.651+0000] {logging_mixin.py:190} INFO - [2025-11-05T06:11:49.651+0000] {dagbag.py:588} INFO - Filling up the DagBag from /home/dellsai/airflow_project/airflow_venv/lib/python3.12/site-packages/airflow/example_dags/example_display_name.py
[2025-11-05T06:11:49.657+0000] {processor.py:925} INFO - DAG(s) 'example_display_name' retrieved from /home/dellsai/airflow_project/airflow_venv/lib/python3.12/site-packages/airflow/example_dags/example_display_name.py
[2025-11-05T06:11:49.759+0000] {logging_mixin.py:190} INFO - [2025-11-05T06:11:49.759+0000] {override.py:1900} INFO - Created Permission View: can delete on DAG:example_display_name
[2025-11-05T06:11:49.774+0000] {logging_mixin.py:190} INFO - [2025-11-05T06:11:49.773+0000] {override.py:1900} INFO - Created Permission View: can edit on DAG:example_display_name
[2025-11-05T06:11:49.786+0000] {logging_mixin.py:190} INFO - [2025-11-05T06:11:49.786+0000] {override.py:1900} INFO - Created Permission View: can read on DAG:example_display_name
[2025-11-05T06:11:49.804+0000] {logging_mixin.py:190} INFO - [2025-11-05T06:11:49.804+0000] {override.py:1900} INFO - Created Permission View: can delete on DAG Run:example_display_name
[2025-11-05T06:11:49.815+0000] {logging_mixin.py:190} INFO - [2025-11-05T06:11:49.815+0000] {override.py:1900} INFO - Created Permission View: can create on DAG Run:example_display_name
[2025-11-05T06:11:49.825+0000] {logging_mixin.py:190} INFO - [2025-11-05T06:11:49.825+0000] {override.py:1900} INFO - Created Permission View: menu access on DAG Run:example_display_name
[2025-11-05T06:11:49.836+0000] {logging_mixin.py:190} INFO - [2025-11-05T06:11:49.836+0000] {override.py:1900} INFO - Created Permission View: can read on DAG Run:example_display_name
[2025-11-05T06:11:49.836+0000] {logging_mixin.py:190} INFO - [2025-11-05T06:11:49.836+0000] {dag.py:3239} INFO - Sync 1 DAGs
[2025-11-05T06:11:49.845+0000] {logging_mixin.py:190} INFO - [2025-11-05T06:11:49.845+0000] {dag.py:3262} INFO - Creating ORM DAG for example_display_name
[2025-11-05T06:11:49.845+0000] {logging_mixin.py:190} INFO - [2025-11-05T06:11:49.845+0000] {dag.py:4180} INFO - Setting next_dagrun for example_display_name to None, run_after=None
[2025-11-05T06:11:49.869+0000] {processor.py:208} INFO - Processing /home/dellsai/airflow_project/airflow_venv/lib/python3.12/site-packages/airflow/example_dags/example_display_name.py took 0.225 seconds
[2025-11-05T06:12:57.956+0000] {processor.py:186} INFO - Started process (PID=2124) to work on /home/dellsai/airflow_project/airflow_venv/lib/python3.12/site-packages/airflow/example_dags/example_display_name.py
[2025-11-05T06:12:57.959+0000] {processor.py:914} INFO - Processing file /home/dellsai/airflow_project/airflow_venv/lib/python3.12/site-packages/airflow/example_dags/example_display_name.py for tasks to queue
[2025-11-05T06:12:57.961+0000] {logging_mixin.py:190} INFO - [2025-11-05T06:12:57.960+0000] {dagbag.py:588} INFO - Filling up the DagBag from /home/dellsai/airflow_project/airflow_venv/lib/python3.12/site-packages/airflow/example_dags/example_display_name.py
[2025-11-05T06:12:57.968+0000] {processor.py:925} INFO - DAG(s) 'example_display_name' retrieved from /home/dellsai/airflow_project/airflow_venv/lib/python3.12/site-packages/airflow/example_dags/example_display_name.py
[2025-11-05T06:12:57.982+0000] {logging_mixin.py:190} INFO - [2025-11-05T06:12:57.982+0000] {dag.py:3239} INFO - Sync 1 DAGs
[2025-11-05T06:12:57.992+0000] {logging_mixin.py:190} INFO - [2025-11-05T06:12:57.992+0000] {dag.py:4180} INFO - Setting next_dagrun for example_display_name to None, run_after=None
[2025-11-05T06:12:58.019+0000] {processor.py:208} INFO - Processing /home/dellsai/airflow_project/airflow_venv/lib/python3.12/site-packages/airflow/example_dags/example_display_name.py took 0.068 seconds
[2025-11-05T06:14:04.709+0000] {processor.py:186} INFO - Started process (PID=2196) to work on /home/dellsai/airflow_project/airflow_venv/lib/python3.12/site-packages/airflow/example_dags/example_display_name.py
[2025-11-05T06:14:04.710+0000] {processor.py:914} INFO - Processing file /home/dellsai/airflow_project/airflow_venv/lib/python3.12/site-packages/airflow/example_dags/example_display_name.py for tasks to queue
[2025-11-05T06:14:04.713+0000] {logging_mixin.py:190} INFO - [2025-11-05T06:14:04.713+0000] {dagbag.py:588} INFO - Filling up the DagBag from /home/dellsai/airflow_project/airflow_venv/lib/python3.12/site-packages/airflow/example_dags/example_display_name.py
[2025-11-05T06:14:04.721+0000] {processor.py:925} INFO - DAG(s) 'example_display_name' retrieved from /home/dellsai/airflow_project/airflow_venv/lib/python3.12/site-packages/airflow/example_dags/example_display_name.py
[2025-11-05T06:14:04.737+0000] {logging_mixin.py:190} INFO - [2025-11-05T06:14:04.736+0000] {dag.py:3239} INFO - Sync 1 DAGs
[2025-11-05T06:14:04.747+0000] {logging_mixin.py:190} INFO - [2025-11-05T06:14:04.747+0000] {dag.py:4180} INFO - Setting next_dagrun for example_display_name to None, run_after=None
[2025-11-05T06:14:04.774+0000] {processor.py:208} INFO - Processing /home/dellsai/airflow_project/airflow_venv/lib/python3.12/site-packages/airflow/example_dags/example_display_name.py took 0.070 seconds
[2025-11-05T06:15:06.850+0000] {processor.py:186} INFO - Started process (PID=2277) to work on /home/dellsai/airflow_project/airflow_venv/lib/python3.12/site-packages/airflow/example_dags/example_display_name.py
[2025-11-05T06:15:06.853+0000] {processor.py:914} INFO - Processing file /home/dellsai/airflow_project/airflow_venv/lib/python3.12/site-packages/airflow/example_dags/example_display_name.py for tasks to queue
[2025-11-05T06:15:06.854+0000] {logging_mixin.py:190} INFO - [2025-11-05T06:15:06.854+0000] {dagbag.py:588} INFO - Filling up the DagBag from /home/dellsai/airflow_project/airflow_venv/lib/python3.12/site-packages/airflow/example_dags/example_display_name.py
[2025-11-05T06:15:06.861+0000] {processor.py:925} INFO - DAG(s) 'example_display_name' retrieved from /home/dellsai/airflow_project/airflow_venv/lib/python3.12/site-packages/airflow/example_dags/example_display_name.py
[2025-11-05T06:15:06.873+0000] {logging_mixin.py:190} INFO - [2025-11-05T06:15:06.872+0000] {dag.py:3239} INFO - Sync 1 DAGs
[2025-11-05T06:15:06.883+0000] {logging_mixin.py:190} INFO - [2025-11-05T06:15:06.882+0000] {dag.py:4180} INFO - Setting next_dagrun for example_display_name to None, run_after=None
[2025-11-05T06:15:06.907+0000] {processor.py:208} INFO - Processing /home/dellsai/airflow_project/airflow_venv/lib/python3.12/site-packages/airflow/example_dags/example_display_name.py took 0.061 seconds
