[2025-11-05T06:11:35.883+0000] {processor.py:186} INFO - Started process (PID=2008) to work on /home/dellsai/airflow_project/airflow_venv/lib/python3.12/site-packages/airflow/example_dags/example_dynamic_task_mapping.py
[2025-11-05T06:11:35.885+0000] {processor.py:914} INFO - Processing file /home/dellsai/airflow_project/airflow_venv/lib/python3.12/site-packages/airflow/example_dags/example_dynamic_task_mapping.py for tasks to queue
[2025-11-05T06:11:35.886+0000] {logging_mixin.py:190} INFO - [2025-11-05T06:11:35.886+0000] {dagbag.py:588} INFO - Filling up the DagBag from /home/dellsai/airflow_project/airflow_venv/lib/python3.12/site-packages/airflow/example_dags/example_dynamic_task_mapping.py
[2025-11-05T06:11:35.893+0000] {processor.py:925} INFO - DAG(s) 'example_dynamic_task_mapping' retrieved from /home/dellsai/airflow_project/airflow_venv/lib/python3.12/site-packages/airflow/example_dags/example_dynamic_task_mapping.py
[2025-11-05T06:11:35.995+0000] {logging_mixin.py:190} INFO - [2025-11-05T06:11:35.995+0000] {override.py:1900} INFO - Created Permission View: can delete on DAG:example_dynamic_task_mapping
[2025-11-05T06:11:36.011+0000] {logging_mixin.py:190} INFO - [2025-11-05T06:11:36.010+0000] {override.py:1900} INFO - Created Permission View: can edit on DAG:example_dynamic_task_mapping
[2025-11-05T06:11:36.023+0000] {logging_mixin.py:190} INFO - [2025-11-05T06:11:36.023+0000] {override.py:1900} INFO - Created Permission View: can read on DAG:example_dynamic_task_mapping
[2025-11-05T06:11:36.044+0000] {logging_mixin.py:190} INFO - [2025-11-05T06:11:36.044+0000] {override.py:1900} INFO - Created Permission View: can delete on DAG Run:example_dynamic_task_mapping
[2025-11-05T06:11:36.056+0000] {logging_mixin.py:190} INFO - [2025-11-05T06:11:36.056+0000] {override.py:1900} INFO - Created Permission View: can create on DAG Run:example_dynamic_task_mapping
[2025-11-05T06:11:36.067+0000] {logging_mixin.py:190} INFO - [2025-11-05T06:11:36.067+0000] {override.py:1900} INFO - Created Permission View: menu access on DAG Run:example_dynamic_task_mapping
[2025-11-05T06:11:36.080+0000] {logging_mixin.py:190} INFO - [2025-11-05T06:11:36.079+0000] {override.py:1900} INFO - Created Permission View: can read on DAG Run:example_dynamic_task_mapping
[2025-11-05T06:11:36.080+0000] {logging_mixin.py:190} INFO - [2025-11-05T06:11:36.080+0000] {dag.py:3239} INFO - Sync 1 DAGs
[2025-11-05T06:11:36.090+0000] {logging_mixin.py:190} INFO - [2025-11-05T06:11:36.090+0000] {dag.py:3262} INFO - Creating ORM DAG for example_dynamic_task_mapping
[2025-11-05T06:11:36.091+0000] {logging_mixin.py:190} INFO - [2025-11-05T06:11:36.091+0000] {dag.py:4180} INFO - Setting next_dagrun for example_dynamic_task_mapping to None, run_after=None
[2025-11-05T06:11:36.115+0000] {processor.py:208} INFO - Processing /home/dellsai/airflow_project/airflow_venv/lib/python3.12/site-packages/airflow/example_dags/example_dynamic_task_mapping.py took 0.237 seconds
[2025-11-05T06:12:47.813+0000] {processor.py:186} INFO - Started process (PID=2108) to work on /home/dellsai/airflow_project/airflow_venv/lib/python3.12/site-packages/airflow/example_dags/example_dynamic_task_mapping.py
[2025-11-05T06:12:47.814+0000] {processor.py:914} INFO - Processing file /home/dellsai/airflow_project/airflow_venv/lib/python3.12/site-packages/airflow/example_dags/example_dynamic_task_mapping.py for tasks to queue
[2025-11-05T06:12:47.816+0000] {logging_mixin.py:190} INFO - [2025-11-05T06:12:47.816+0000] {dagbag.py:588} INFO - Filling up the DagBag from /home/dellsai/airflow_project/airflow_venv/lib/python3.12/site-packages/airflow/example_dags/example_dynamic_task_mapping.py
[2025-11-05T06:12:47.823+0000] {processor.py:925} INFO - DAG(s) 'example_dynamic_task_mapping' retrieved from /home/dellsai/airflow_project/airflow_venv/lib/python3.12/site-packages/airflow/example_dags/example_dynamic_task_mapping.py
[2025-11-05T06:12:47.835+0000] {logging_mixin.py:190} INFO - [2025-11-05T06:12:47.835+0000] {dag.py:3239} INFO - Sync 1 DAGs
[2025-11-05T06:12:47.844+0000] {logging_mixin.py:190} INFO - [2025-11-05T06:12:47.844+0000] {dag.py:4180} INFO - Setting next_dagrun for example_dynamic_task_mapping to None, run_after=None
[2025-11-05T06:12:47.868+0000] {processor.py:208} INFO - Processing /home/dellsai/airflow_project/airflow_venv/lib/python3.12/site-packages/airflow/example_dags/example_dynamic_task_mapping.py took 0.059 seconds
[2025-11-05T06:13:52.130+0000] {processor.py:186} INFO - Started process (PID=2184) to work on /home/dellsai/airflow_project/airflow_venv/lib/python3.12/site-packages/airflow/example_dags/example_dynamic_task_mapping.py
[2025-11-05T06:13:52.133+0000] {processor.py:914} INFO - Processing file /home/dellsai/airflow_project/airflow_venv/lib/python3.12/site-packages/airflow/example_dags/example_dynamic_task_mapping.py for tasks to queue
[2025-11-05T06:13:52.135+0000] {logging_mixin.py:190} INFO - [2025-11-05T06:13:52.135+0000] {dagbag.py:588} INFO - Filling up the DagBag from /home/dellsai/airflow_project/airflow_venv/lib/python3.12/site-packages/airflow/example_dags/example_dynamic_task_mapping.py
[2025-11-05T06:13:52.144+0000] {processor.py:925} INFO - DAG(s) 'example_dynamic_task_mapping' retrieved from /home/dellsai/airflow_project/airflow_venv/lib/python3.12/site-packages/airflow/example_dags/example_dynamic_task_mapping.py
[2025-11-05T06:13:52.160+0000] {logging_mixin.py:190} INFO - [2025-11-05T06:13:52.160+0000] {dag.py:3239} INFO - Sync 1 DAGs
[2025-11-05T06:13:52.172+0000] {logging_mixin.py:190} INFO - [2025-11-05T06:13:52.172+0000] {dag.py:4180} INFO - Setting next_dagrun for example_dynamic_task_mapping to None, run_after=None
[2025-11-05T06:13:52.197+0000] {processor.py:208} INFO - Processing /home/dellsai/airflow_project/airflow_venv/lib/python3.12/site-packages/airflow/example_dags/example_dynamic_task_mapping.py took 0.071 seconds
[2025-11-05T06:14:56.707+0000] {processor.py:186} INFO - Started process (PID=2263) to work on /home/dellsai/airflow_project/airflow_venv/lib/python3.12/site-packages/airflow/example_dags/example_dynamic_task_mapping.py
[2025-11-05T06:14:56.709+0000] {processor.py:914} INFO - Processing file /home/dellsai/airflow_project/airflow_venv/lib/python3.12/site-packages/airflow/example_dags/example_dynamic_task_mapping.py for tasks to queue
[2025-11-05T06:14:56.711+0000] {logging_mixin.py:190} INFO - [2025-11-05T06:14:56.710+0000] {dagbag.py:588} INFO - Filling up the DagBag from /home/dellsai/airflow_project/airflow_venv/lib/python3.12/site-packages/airflow/example_dags/example_dynamic_task_mapping.py
[2025-11-05T06:14:56.719+0000] {processor.py:925} INFO - DAG(s) 'example_dynamic_task_mapping' retrieved from /home/dellsai/airflow_project/airflow_venv/lib/python3.12/site-packages/airflow/example_dags/example_dynamic_task_mapping.py
[2025-11-05T06:14:56.735+0000] {logging_mixin.py:190} INFO - [2025-11-05T06:14:56.735+0000] {dag.py:3239} INFO - Sync 1 DAGs
[2025-11-05T06:14:56.745+0000] {logging_mixin.py:190} INFO - [2025-11-05T06:14:56.745+0000] {dag.py:4180} INFO - Setting next_dagrun for example_dynamic_task_mapping to None, run_after=None
[2025-11-05T06:14:56.770+0000] {processor.py:208} INFO - Processing /home/dellsai/airflow_project/airflow_venv/lib/python3.12/site-packages/airflow/example_dags/example_dynamic_task_mapping.py took 0.066 seconds
