[2025-11-05T06:11:18.494+0000] {processor.py:186} INFO - Started process (PID=1991) to work on /home/dellsai/airflow_project/airflow_venv/lib/python3.12/site-packages/airflow/example_dags/example_xcomargs.py
[2025-11-05T06:11:18.495+0000] {processor.py:914} INFO - Processing file /home/dellsai/airflow_project/airflow_venv/lib/python3.12/site-packages/airflow/example_dags/example_xcomargs.py for tasks to queue
[2025-11-05T06:11:18.497+0000] {logging_mixin.py:190} INFO - [2025-11-05T06:11:18.496+0000] {dagbag.py:588} INFO - Filling up the DagBag from /home/dellsai/airflow_project/airflow_venv/lib/python3.12/site-packages/airflow/example_dags/example_xcomargs.py
[2025-11-05T06:11:18.506+0000] {processor.py:925} INFO - DAG(s) 'example_xcom_args_with_operators', 'example_xcom_args' retrieved from /home/dellsai/airflow_project/airflow_venv/lib/python3.12/site-packages/airflow/example_dags/example_xcomargs.py
[2025-11-05T06:11:18.605+0000] {logging_mixin.py:190} INFO - [2025-11-05T06:11:18.604+0000] {override.py:1900} INFO - Created Permission View: can delete on DAG:example_xcom_args_with_operators
[2025-11-05T06:11:18.619+0000] {logging_mixin.py:190} INFO - [2025-11-05T06:11:18.619+0000] {override.py:1900} INFO - Created Permission View: can edit on DAG:example_xcom_args_with_operators
[2025-11-05T06:11:18.631+0000] {logging_mixin.py:190} INFO - [2025-11-05T06:11:18.631+0000] {override.py:1900} INFO - Created Permission View: can read on DAG:example_xcom_args_with_operators
[2025-11-05T06:11:18.651+0000] {logging_mixin.py:190} INFO - [2025-11-05T06:11:18.651+0000] {override.py:1900} INFO - Created Permission View: can delete on DAG Run:example_xcom_args_with_operators
[2025-11-05T06:11:18.663+0000] {logging_mixin.py:190} INFO - [2025-11-05T06:11:18.662+0000] {override.py:1900} INFO - Created Permission View: can create on DAG Run:example_xcom_args_with_operators
[2025-11-05T06:11:18.673+0000] {logging_mixin.py:190} INFO - [2025-11-05T06:11:18.673+0000] {override.py:1900} INFO - Created Permission View: menu access on DAG Run:example_xcom_args_with_operators
[2025-11-05T06:11:18.684+0000] {logging_mixin.py:190} INFO - [2025-11-05T06:11:18.683+0000] {override.py:1900} INFO - Created Permission View: can read on DAG Run:example_xcom_args_with_operators
[2025-11-05T06:11:18.712+0000] {logging_mixin.py:190} INFO - [2025-11-05T06:11:18.712+0000] {override.py:1900} INFO - Created Permission View: can delete on DAG:example_xcom_args
[2025-11-05T06:11:18.724+0000] {logging_mixin.py:190} INFO - [2025-11-05T06:11:18.724+0000] {override.py:1900} INFO - Created Permission View: can edit on DAG:example_xcom_args
[2025-11-05T06:11:18.735+0000] {logging_mixin.py:190} INFO - [2025-11-05T06:11:18.735+0000] {override.py:1900} INFO - Created Permission View: can read on DAG:example_xcom_args
[2025-11-05T06:11:18.755+0000] {logging_mixin.py:190} INFO - [2025-11-05T06:11:18.755+0000] {override.py:1900} INFO - Created Permission View: can delete on DAG Run:example_xcom_args
[2025-11-05T06:11:18.767+0000] {logging_mixin.py:190} INFO - [2025-11-05T06:11:18.767+0000] {override.py:1900} INFO - Created Permission View: can create on DAG Run:example_xcom_args
[2025-11-05T06:11:18.778+0000] {logging_mixin.py:190} INFO - [2025-11-05T06:11:18.778+0000] {override.py:1900} INFO - Created Permission View: menu access on DAG Run:example_xcom_args
[2025-11-05T06:11:18.790+0000] {logging_mixin.py:190} INFO - [2025-11-05T06:11:18.790+0000] {override.py:1900} INFO - Created Permission View: can read on DAG Run:example_xcom_args
[2025-11-05T06:11:18.790+0000] {logging_mixin.py:190} INFO - [2025-11-05T06:11:18.790+0000] {dag.py:3239} INFO - Sync 2 DAGs
[2025-11-05T06:11:18.802+0000] {logging_mixin.py:190} INFO - [2025-11-05T06:11:18.801+0000] {dag.py:3262} INFO - Creating ORM DAG for example_xcom_args_with_operators
[2025-11-05T06:11:18.802+0000] {logging_mixin.py:190} INFO - [2025-11-05T06:11:18.802+0000] {dag.py:3262} INFO - Creating ORM DAG for example_xcom_args
[2025-11-05T06:11:18.803+0000] {logging_mixin.py:190} INFO - [2025-11-05T06:11:18.802+0000] {dag.py:4180} INFO - Setting next_dagrun for example_xcom_args to None, run_after=None
[2025-11-05T06:11:18.803+0000] {logging_mixin.py:190} INFO - [2025-11-05T06:11:18.803+0000] {dag.py:4180} INFO - Setting next_dagrun for example_xcom_args_with_operators to None, run_after=None
[2025-11-05T06:11:18.824+0000] {processor.py:208} INFO - Processing /home/dellsai/airflow_project/airflow_venv/lib/python3.12/site-packages/airflow/example_dags/example_xcomargs.py took 0.334 seconds
[2025-11-05T06:12:33.940+0000] {processor.py:186} INFO - Started process (PID=2090) to work on /home/dellsai/airflow_project/airflow_venv/lib/python3.12/site-packages/airflow/example_dags/example_xcomargs.py
[2025-11-05T06:12:33.943+0000] {processor.py:914} INFO - Processing file /home/dellsai/airflow_project/airflow_venv/lib/python3.12/site-packages/airflow/example_dags/example_xcomargs.py for tasks to queue
[2025-11-05T06:12:33.945+0000] {logging_mixin.py:190} INFO - [2025-11-05T06:12:33.944+0000] {dagbag.py:588} INFO - Filling up the DagBag from /home/dellsai/airflow_project/airflow_venv/lib/python3.12/site-packages/airflow/example_dags/example_xcomargs.py
[2025-11-05T06:12:33.953+0000] {processor.py:925} INFO - DAG(s) 'example_xcom_args', 'example_xcom_args_with_operators' retrieved from /home/dellsai/airflow_project/airflow_venv/lib/python3.12/site-packages/airflow/example_dags/example_xcomargs.py
[2025-11-05T06:12:33.968+0000] {logging_mixin.py:190} INFO - [2025-11-05T06:12:33.968+0000] {dag.py:3239} INFO - Sync 2 DAGs
[2025-11-05T06:12:33.978+0000] {logging_mixin.py:190} INFO - [2025-11-05T06:12:33.977+0000] {dag.py:4180} INFO - Setting next_dagrun for example_xcom_args to None, run_after=None
[2025-11-05T06:12:33.982+0000] {logging_mixin.py:190} INFO - [2025-11-05T06:12:33.982+0000] {dag.py:4180} INFO - Setting next_dagrun for example_xcom_args_with_operators to None, run_after=None
[2025-11-05T06:12:34.004+0000] {processor.py:208} INFO - Processing /home/dellsai/airflow_project/airflow_venv/lib/python3.12/site-packages/airflow/example_dags/example_xcomargs.py took 0.068 seconds
[2025-11-05T06:13:38.929+0000] {processor.py:186} INFO - Started process (PID=2169) to work on /home/dellsai/airflow_project/airflow_venv/lib/python3.12/site-packages/airflow/example_dags/example_xcomargs.py
[2025-11-05T06:13:38.930+0000] {processor.py:914} INFO - Processing file /home/dellsai/airflow_project/airflow_venv/lib/python3.12/site-packages/airflow/example_dags/example_xcomargs.py for tasks to queue
[2025-11-05T06:13:38.933+0000] {logging_mixin.py:190} INFO - [2025-11-05T06:13:38.932+0000] {dagbag.py:588} INFO - Filling up the DagBag from /home/dellsai/airflow_project/airflow_venv/lib/python3.12/site-packages/airflow/example_dags/example_xcomargs.py
[2025-11-05T06:13:38.940+0000] {processor.py:925} INFO - DAG(s) 'example_xcom_args_with_operators', 'example_xcom_args' retrieved from /home/dellsai/airflow_project/airflow_venv/lib/python3.12/site-packages/airflow/example_dags/example_xcomargs.py
[2025-11-05T06:13:38.958+0000] {logging_mixin.py:190} INFO - [2025-11-05T06:13:38.957+0000] {dag.py:3239} INFO - Sync 2 DAGs
[2025-11-05T06:13:38.968+0000] {logging_mixin.py:190} INFO - [2025-11-05T06:13:38.968+0000] {dag.py:4180} INFO - Setting next_dagrun for example_xcom_args to None, run_after=None
[2025-11-05T06:13:38.971+0000] {logging_mixin.py:190} INFO - [2025-11-05T06:13:38.970+0000] {dag.py:4180} INFO - Setting next_dagrun for example_xcom_args_with_operators to None, run_after=None
[2025-11-05T06:13:38.994+0000] {processor.py:208} INFO - Processing /home/dellsai/airflow_project/airflow_venv/lib/python3.12/site-packages/airflow/example_dags/example_xcomargs.py took 0.069 seconds
[2025-11-05T06:14:43.044+0000] {processor.py:186} INFO - Started process (PID=2242) to work on /home/dellsai/airflow_project/airflow_venv/lib/python3.12/site-packages/airflow/example_dags/example_xcomargs.py
[2025-11-05T06:14:43.047+0000] {processor.py:914} INFO - Processing file /home/dellsai/airflow_project/airflow_venv/lib/python3.12/site-packages/airflow/example_dags/example_xcomargs.py for tasks to queue
[2025-11-05T06:14:43.049+0000] {logging_mixin.py:190} INFO - [2025-11-05T06:14:43.049+0000] {dagbag.py:588} INFO - Filling up the DagBag from /home/dellsai/airflow_project/airflow_venv/lib/python3.12/site-packages/airflow/example_dags/example_xcomargs.py
[2025-11-05T06:14:43.058+0000] {processor.py:925} INFO - DAG(s) 'example_xcom_args_with_operators', 'example_xcom_args' retrieved from /home/dellsai/airflow_project/airflow_venv/lib/python3.12/site-packages/airflow/example_dags/example_xcomargs.py
[2025-11-05T06:14:43.073+0000] {logging_mixin.py:190} INFO - [2025-11-05T06:14:43.073+0000] {dag.py:3239} INFO - Sync 2 DAGs
[2025-11-05T06:14:43.084+0000] {logging_mixin.py:190} INFO - [2025-11-05T06:14:43.084+0000] {dag.py:4180} INFO - Setting next_dagrun for example_xcom_args to None, run_after=None
[2025-11-05T06:14:43.086+0000] {logging_mixin.py:190} INFO - [2025-11-05T06:14:43.086+0000] {dag.py:4180} INFO - Setting next_dagrun for example_xcom_args_with_operators to None, run_after=None
[2025-11-05T06:14:43.108+0000] {processor.py:208} INFO - Processing /home/dellsai/airflow_project/airflow_venv/lib/python3.12/site-packages/airflow/example_dags/example_xcomargs.py took 0.068 seconds
