[2025-11-05T06:11:58.984+0000] {processor.py:186} INFO - Started process (PID=2049) to work on /home/dellsai/airflow_project/airflow_venv/lib/python3.12/site-packages/airflow/example_dags/example_xcom.py
[2025-11-05T06:11:58.985+0000] {processor.py:914} INFO - Processing file /home/dellsai/airflow_project/airflow_venv/lib/python3.12/site-packages/airflow/example_dags/example_xcom.py for tasks to queue
[2025-11-05T06:11:58.987+0000] {logging_mixin.py:190} INFO - [2025-11-05T06:11:58.986+0000] {dagbag.py:588} INFO - Filling up the DagBag from /home/dellsai/airflow_project/airflow_venv/lib/python3.12/site-packages/airflow/example_dags/example_xcom.py
[2025-11-05T06:11:58.995+0000] {processor.py:925} INFO - DAG(s) 'example_xcom' retrieved from /home/dellsai/airflow_project/airflow_venv/lib/python3.12/site-packages/airflow/example_dags/example_xcom.py
[2025-11-05T06:11:59.104+0000] {logging_mixin.py:190} INFO - [2025-11-05T06:11:59.104+0000] {override.py:1900} INFO - Created Permission View: can delete on DAG:example_xcom
[2025-11-05T06:11:59.120+0000] {logging_mixin.py:190} INFO - [2025-11-05T06:11:59.119+0000] {override.py:1900} INFO - Created Permission View: can edit on DAG:example_xcom
[2025-11-05T06:11:59.131+0000] {logging_mixin.py:190} INFO - [2025-11-05T06:11:59.131+0000] {override.py:1900} INFO - Created Permission View: can read on DAG:example_xcom
[2025-11-05T06:11:59.153+0000] {logging_mixin.py:190} INFO - [2025-11-05T06:11:59.152+0000] {override.py:1900} INFO - Created Permission View: can delete on DAG Run:example_xcom
[2025-11-05T06:11:59.163+0000] {logging_mixin.py:190} INFO - [2025-11-05T06:11:59.163+0000] {override.py:1900} INFO - Created Permission View: can create on DAG Run:example_xcom
[2025-11-05T06:11:59.175+0000] {logging_mixin.py:190} INFO - [2025-11-05T06:11:59.175+0000] {override.py:1900} INFO - Created Permission View: menu access on DAG Run:example_xcom
[2025-11-05T06:11:59.187+0000] {logging_mixin.py:190} INFO - [2025-11-05T06:11:59.186+0000] {override.py:1900} INFO - Created Permission View: can read on DAG Run:example_xcom
[2025-11-05T06:11:59.187+0000] {logging_mixin.py:190} INFO - [2025-11-05T06:11:59.187+0000] {dag.py:3239} INFO - Sync 1 DAGs
[2025-11-05T06:11:59.197+0000] {logging_mixin.py:190} INFO - [2025-11-05T06:11:59.196+0000] {dag.py:3262} INFO - Creating ORM DAG for example_xcom
[2025-11-05T06:11:59.203+0000] {logging_mixin.py:190} INFO - [2025-11-05T06:11:59.203+0000] {dag.py:4180} INFO - Setting next_dagrun for example_xcom to 2021-01-01 00:00:00+00:00, run_after=2021-01-01 00:00:00+00:00
[2025-11-05T06:11:59.228+0000] {processor.py:208} INFO - Processing /home/dellsai/airflow_project/airflow_venv/lib/python3.12/site-packages/airflow/example_dags/example_xcom.py took 0.248 seconds
[2025-11-05T06:13:14.781+0000] {processor.py:186} INFO - Started process (PID=2141) to work on /home/dellsai/airflow_project/airflow_venv/lib/python3.12/site-packages/airflow/example_dags/example_xcom.py
[2025-11-05T06:13:14.784+0000] {processor.py:914} INFO - Processing file /home/dellsai/airflow_project/airflow_venv/lib/python3.12/site-packages/airflow/example_dags/example_xcom.py for tasks to queue
[2025-11-05T06:13:14.786+0000] {logging_mixin.py:190} INFO - [2025-11-05T06:13:14.785+0000] {dagbag.py:588} INFO - Filling up the DagBag from /home/dellsai/airflow_project/airflow_venv/lib/python3.12/site-packages/airflow/example_dags/example_xcom.py
[2025-11-05T06:13:14.796+0000] {processor.py:925} INFO - DAG(s) 'example_xcom' retrieved from /home/dellsai/airflow_project/airflow_venv/lib/python3.12/site-packages/airflow/example_dags/example_xcom.py
[2025-11-05T06:13:14.821+0000] {logging_mixin.py:190} INFO - [2025-11-05T06:13:14.821+0000] {dag.py:3239} INFO - Sync 1 DAGs
[2025-11-05T06:13:14.843+0000] {logging_mixin.py:190} INFO - [2025-11-05T06:13:14.842+0000] {dag.py:4180} INFO - Setting next_dagrun for example_xcom to 2021-01-01 00:00:00+00:00, run_after=2021-01-01 00:00:00+00:00
[2025-11-05T06:13:14.871+0000] {processor.py:208} INFO - Processing /home/dellsai/airflow_project/airflow_venv/lib/python3.12/site-packages/airflow/example_dags/example_xcom.py took 0.095 seconds
[2025-11-05T06:14:18.577+0000] {processor.py:186} INFO - Started process (PID=2214) to work on /home/dellsai/airflow_project/airflow_venv/lib/python3.12/site-packages/airflow/example_dags/example_xcom.py
[2025-11-05T06:14:18.580+0000] {processor.py:914} INFO - Processing file /home/dellsai/airflow_project/airflow_venv/lib/python3.12/site-packages/airflow/example_dags/example_xcom.py for tasks to queue
[2025-11-05T06:14:18.582+0000] {logging_mixin.py:190} INFO - [2025-11-05T06:14:18.581+0000] {dagbag.py:588} INFO - Filling up the DagBag from /home/dellsai/airflow_project/airflow_venv/lib/python3.12/site-packages/airflow/example_dags/example_xcom.py
[2025-11-05T06:14:18.591+0000] {processor.py:925} INFO - DAG(s) 'example_xcom' retrieved from /home/dellsai/airflow_project/airflow_venv/lib/python3.12/site-packages/airflow/example_dags/example_xcom.py
[2025-11-05T06:14:18.608+0000] {logging_mixin.py:190} INFO - [2025-11-05T06:14:18.607+0000] {dag.py:3239} INFO - Sync 1 DAGs
[2025-11-05T06:14:18.624+0000] {logging_mixin.py:190} INFO - [2025-11-05T06:14:18.624+0000] {dag.py:4180} INFO - Setting next_dagrun for example_xcom to 2021-01-01 00:00:00+00:00, run_after=2021-01-01 00:00:00+00:00
[2025-11-05T06:14:18.651+0000] {processor.py:208} INFO - Processing /home/dellsai/airflow_project/airflow_venv/lib/python3.12/site-packages/airflow/example_dags/example_xcom.py took 0.079 seconds
