[2025-11-05T06:11:42.969+0000] {processor.py:186} INFO - Started process (PID=2032) to work on /home/dellsai/airflow_project/airflow_venv/lib/python3.12/site-packages/airflow/example_dags/example_branch_day_of_week_operator.py
[2025-11-05T06:11:42.970+0000] {processor.py:914} INFO - Processing file /home/dellsai/airflow_project/airflow_venv/lib/python3.12/site-packages/airflow/example_dags/example_branch_day_of_week_operator.py for tasks to queue
[2025-11-05T06:11:42.972+0000] {logging_mixin.py:190} INFO - [2025-11-05T06:11:42.971+0000] {dagbag.py:588} INFO - Filling up the DagBag from /home/dellsai/airflow_project/airflow_venv/lib/python3.12/site-packages/airflow/example_dags/example_branch_day_of_week_operator.py
[2025-11-05T06:11:42.981+0000] {processor.py:925} INFO - DAG(s) 'example_weekday_branch_operator' retrieved from /home/dellsai/airflow_project/airflow_venv/lib/python3.12/site-packages/airflow/example_dags/example_branch_day_of_week_operator.py
[2025-11-05T06:11:43.080+0000] {logging_mixin.py:190} INFO - [2025-11-05T06:11:43.080+0000] {override.py:1900} INFO - Created Permission View: can delete on DAG:example_weekday_branch_operator
[2025-11-05T06:11:43.095+0000] {logging_mixin.py:190} INFO - [2025-11-05T06:11:43.094+0000] {override.py:1900} INFO - Created Permission View: can edit on DAG:example_weekday_branch_operator
[2025-11-05T06:11:43.106+0000] {logging_mixin.py:190} INFO - [2025-11-05T06:11:43.106+0000] {override.py:1900} INFO - Created Permission View: can read on DAG:example_weekday_branch_operator
[2025-11-05T06:11:43.124+0000] {logging_mixin.py:190} INFO - [2025-11-05T06:11:43.124+0000] {override.py:1900} INFO - Created Permission View: can delete on DAG Run:example_weekday_branch_operator
[2025-11-05T06:11:43.135+0000] {logging_mixin.py:190} INFO - [2025-11-05T06:11:43.135+0000] {override.py:1900} INFO - Created Permission View: can create on DAG Run:example_weekday_branch_operator
[2025-11-05T06:11:43.146+0000] {logging_mixin.py:190} INFO - [2025-11-05T06:11:43.145+0000] {override.py:1900} INFO - Created Permission View: menu access on DAG Run:example_weekday_branch_operator
[2025-11-05T06:11:43.157+0000] {logging_mixin.py:190} INFO - [2025-11-05T06:11:43.157+0000] {override.py:1900} INFO - Created Permission View: can read on DAG Run:example_weekday_branch_operator
[2025-11-05T06:11:43.157+0000] {logging_mixin.py:190} INFO - [2025-11-05T06:11:43.157+0000] {dag.py:3239} INFO - Sync 1 DAGs
[2025-11-05T06:11:43.167+0000] {logging_mixin.py:190} INFO - [2025-11-05T06:11:43.167+0000] {dag.py:3262} INFO - Creating ORM DAG for example_weekday_branch_operator
[2025-11-05T06:11:43.173+0000] {logging_mixin.py:190} INFO - [2025-11-05T06:11:43.173+0000] {dag.py:4180} INFO - Setting next_dagrun for example_weekday_branch_operator to 2025-11-04 00:00:00+00:00, run_after=2025-11-05 00:00:00+00:00
[2025-11-05T06:11:43.198+0000] {processor.py:208} INFO - Processing /home/dellsai/airflow_project/airflow_venv/lib/python3.12/site-packages/airflow/example_dags/example_branch_day_of_week_operator.py took 0.234 seconds
[2025-11-05T06:12:52.817+0000] {processor.py:186} INFO - Started process (PID=2116) to work on /home/dellsai/airflow_project/airflow_venv/lib/python3.12/site-packages/airflow/example_dags/example_branch_day_of_week_operator.py
[2025-11-05T06:12:52.820+0000] {processor.py:914} INFO - Processing file /home/dellsai/airflow_project/airflow_venv/lib/python3.12/site-packages/airflow/example_dags/example_branch_day_of_week_operator.py for tasks to queue
[2025-11-05T06:12:52.822+0000] {logging_mixin.py:190} INFO - [2025-11-05T06:12:52.822+0000] {dagbag.py:588} INFO - Filling up the DagBag from /home/dellsai/airflow_project/airflow_venv/lib/python3.12/site-packages/airflow/example_dags/example_branch_day_of_week_operator.py
[2025-11-05T06:12:52.829+0000] {processor.py:925} INFO - DAG(s) 'example_weekday_branch_operator' retrieved from /home/dellsai/airflow_project/airflow_venv/lib/python3.12/site-packages/airflow/example_dags/example_branch_day_of_week_operator.py
[2025-11-05T06:12:52.842+0000] {logging_mixin.py:190} INFO - [2025-11-05T06:12:52.842+0000] {dag.py:3239} INFO - Sync 1 DAGs
[2025-11-05T06:12:52.858+0000] {logging_mixin.py:190} INFO - [2025-11-05T06:12:52.858+0000] {dag.py:4180} INFO - Setting next_dagrun for example_weekday_branch_operator to 2025-11-04 00:00:00+00:00, run_after=2025-11-05 00:00:00+00:00
[2025-11-05T06:12:52.881+0000] {processor.py:208} INFO - Processing /home/dellsai/airflow_project/airflow_venv/lib/python3.12/site-packages/airflow/example_dags/example_branch_day_of_week_operator.py took 0.068 seconds
[2025-11-05T06:13:58.429+0000] {processor.py:186} INFO - Started process (PID=2190) to work on /home/dellsai/airflow_project/airflow_venv/lib/python3.12/site-packages/airflow/example_dags/example_branch_day_of_week_operator.py
[2025-11-05T06:13:58.432+0000] {processor.py:914} INFO - Processing file /home/dellsai/airflow_project/airflow_venv/lib/python3.12/site-packages/airflow/example_dags/example_branch_day_of_week_operator.py for tasks to queue
[2025-11-05T06:13:58.434+0000] {logging_mixin.py:190} INFO - [2025-11-05T06:13:58.434+0000] {dagbag.py:588} INFO - Filling up the DagBag from /home/dellsai/airflow_project/airflow_venv/lib/python3.12/site-packages/airflow/example_dags/example_branch_day_of_week_operator.py
[2025-11-05T06:13:58.441+0000] {processor.py:925} INFO - DAG(s) 'example_weekday_branch_operator' retrieved from /home/dellsai/airflow_project/airflow_venv/lib/python3.12/site-packages/airflow/example_dags/example_branch_day_of_week_operator.py
[2025-11-05T06:13:58.454+0000] {logging_mixin.py:190} INFO - [2025-11-05T06:13:58.454+0000] {dag.py:3239} INFO - Sync 1 DAGs
[2025-11-05T06:13:58.469+0000] {logging_mixin.py:190} INFO - [2025-11-05T06:13:58.469+0000] {dag.py:4180} INFO - Setting next_dagrun for example_weekday_branch_operator to 2025-11-04 00:00:00+00:00, run_after=2025-11-05 00:00:00+00:00
[2025-11-05T06:13:58.492+0000] {processor.py:208} INFO - Processing /home/dellsai/airflow_project/airflow_venv/lib/python3.12/site-packages/airflow/example_dags/example_branch_day_of_week_operator.py took 0.068 seconds
[2025-11-05T06:15:02.209+0000] {processor.py:186} INFO - Started process (PID=2270) to work on /home/dellsai/airflow_project/airflow_venv/lib/python3.12/site-packages/airflow/example_dags/example_branch_day_of_week_operator.py
[2025-11-05T06:15:02.212+0000] {processor.py:914} INFO - Processing file /home/dellsai/airflow_project/airflow_venv/lib/python3.12/site-packages/airflow/example_dags/example_branch_day_of_week_operator.py for tasks to queue
[2025-11-05T06:15:02.214+0000] {logging_mixin.py:190} INFO - [2025-11-05T06:15:02.213+0000] {dagbag.py:588} INFO - Filling up the DagBag from /home/dellsai/airflow_project/airflow_venv/lib/python3.12/site-packages/airflow/example_dags/example_branch_day_of_week_operator.py
[2025-11-05T06:15:02.223+0000] {processor.py:925} INFO - DAG(s) 'example_weekday_branch_operator' retrieved from /home/dellsai/airflow_project/airflow_venv/lib/python3.12/site-packages/airflow/example_dags/example_branch_day_of_week_operator.py
[2025-11-05T06:15:02.238+0000] {logging_mixin.py:190} INFO - [2025-11-05T06:15:02.238+0000] {dag.py:3239} INFO - Sync 1 DAGs
[2025-11-05T06:15:02.260+0000] {logging_mixin.py:190} INFO - [2025-11-05T06:15:02.260+0000] {dag.py:4180} INFO - Setting next_dagrun for example_weekday_branch_operator to 2025-11-04 00:00:00+00:00, run_after=2025-11-05 00:00:00+00:00
[2025-11-05T06:15:02.287+0000] {processor.py:208} INFO - Processing /home/dellsai/airflow_project/airflow_venv/lib/python3.12/site-packages/airflow/example_dags/example_branch_day_of_week_operator.py took 0.083 seconds
