[2025-11-05T06:11:56.892+0000] {processor.py:186} INFO - Started process (PID=2047) to work on /home/dellsai/airflow_project/airflow_venv/lib/python3.12/site-packages/airflow/example_dags/example_branch_python_dop_operator_3.py
[2025-11-05T06:11:56.893+0000] {processor.py:914} INFO - Processing file /home/dellsai/airflow_project/airflow_venv/lib/python3.12/site-packages/airflow/example_dags/example_branch_python_dop_operator_3.py for tasks to queue
[2025-11-05T06:11:56.895+0000] {logging_mixin.py:190} INFO - [2025-11-05T06:11:56.895+0000] {dagbag.py:588} INFO - Filling up the DagBag from /home/dellsai/airflow_project/airflow_venv/lib/python3.12/site-packages/airflow/example_dags/example_branch_python_dop_operator_3.py
[2025-11-05T06:11:56.904+0000] {processor.py:925} INFO - DAG(s) 'example_branch_dop_operator_v3' retrieved from /home/dellsai/airflow_project/airflow_venv/lib/python3.12/site-packages/airflow/example_dags/example_branch_python_dop_operator_3.py
[2025-11-05T06:11:57.021+0000] {logging_mixin.py:190} INFO - [2025-11-05T06:11:57.020+0000] {override.py:1900} INFO - Created Permission View: can delete on DAG:example_branch_dop_operator_v3
[2025-11-05T06:11:57.061+0000] {logging_mixin.py:190} INFO - [2025-11-05T06:11:57.060+0000] {override.py:1900} INFO - Created Permission View: can edit on DAG:example_branch_dop_operator_v3
[2025-11-05T06:11:57.079+0000] {logging_mixin.py:190} INFO - [2025-11-05T06:11:57.079+0000] {override.py:1900} INFO - Created Permission View: can read on DAG:example_branch_dop_operator_v3
[2025-11-05T06:11:57.101+0000] {logging_mixin.py:190} INFO - [2025-11-05T06:11:57.101+0000] {override.py:1900} INFO - Created Permission View: can delete on DAG Run:example_branch_dop_operator_v3
[2025-11-05T06:11:57.112+0000] {logging_mixin.py:190} INFO - [2025-11-05T06:11:57.112+0000] {override.py:1900} INFO - Created Permission View: can create on DAG Run:example_branch_dop_operator_v3
[2025-11-05T06:11:57.123+0000] {logging_mixin.py:190} INFO - [2025-11-05T06:11:57.123+0000] {override.py:1900} INFO - Created Permission View: menu access on DAG Run:example_branch_dop_operator_v3
[2025-11-05T06:11:57.133+0000] {logging_mixin.py:190} INFO - [2025-11-05T06:11:57.133+0000] {override.py:1900} INFO - Created Permission View: can read on DAG Run:example_branch_dop_operator_v3
[2025-11-05T06:11:57.134+0000] {logging_mixin.py:190} INFO - [2025-11-05T06:11:57.133+0000] {dag.py:3239} INFO - Sync 1 DAGs
[2025-11-05T06:11:57.145+0000] {logging_mixin.py:190} INFO - [2025-11-05T06:11:57.145+0000] {dag.py:3262} INFO - Creating ORM DAG for example_branch_dop_operator_v3
[2025-11-05T06:11:57.155+0000] {logging_mixin.py:190} INFO - [2025-11-05T06:11:57.155+0000] {dag.py:4180} INFO - Setting next_dagrun for example_branch_dop_operator_v3 to 2025-11-05 06:10:00+00:00, run_after=2025-11-05 06:11:00+00:00
[2025-11-05T06:11:57.181+0000] {processor.py:208} INFO - Processing /home/dellsai/airflow_project/airflow_venv/lib/python3.12/site-packages/airflow/example_dags/example_branch_python_dop_operator_3.py took 0.293 seconds
[2025-11-05T06:13:13.187+0000] {processor.py:186} INFO - Started process (PID=2139) to work on /home/dellsai/airflow_project/airflow_venv/lib/python3.12/site-packages/airflow/example_dags/example_branch_python_dop_operator_3.py
[2025-11-05T06:13:13.188+0000] {processor.py:914} INFO - Processing file /home/dellsai/airflow_project/airflow_venv/lib/python3.12/site-packages/airflow/example_dags/example_branch_python_dop_operator_3.py for tasks to queue
[2025-11-05T06:13:13.190+0000] {logging_mixin.py:190} INFO - [2025-11-05T06:13:13.189+0000] {dagbag.py:588} INFO - Filling up the DagBag from /home/dellsai/airflow_project/airflow_venv/lib/python3.12/site-packages/airflow/example_dags/example_branch_python_dop_operator_3.py
[2025-11-05T06:13:13.198+0000] {processor.py:925} INFO - DAG(s) 'example_branch_dop_operator_v3' retrieved from /home/dellsai/airflow_project/airflow_venv/lib/python3.12/site-packages/airflow/example_dags/example_branch_python_dop_operator_3.py
[2025-11-05T06:13:13.212+0000] {logging_mixin.py:190} INFO - [2025-11-05T06:13:13.211+0000] {dag.py:3239} INFO - Sync 1 DAGs
[2025-11-05T06:13:13.229+0000] {logging_mixin.py:190} INFO - [2025-11-05T06:13:13.229+0000] {dag.py:4180} INFO - Setting next_dagrun for example_branch_dop_operator_v3 to 2025-11-05 06:12:00+00:00, run_after=2025-11-05 06:13:00+00:00
[2025-11-05T06:13:13.254+0000] {processor.py:208} INFO - Processing /home/dellsai/airflow_project/airflow_venv/lib/python3.12/site-packages/airflow/example_dags/example_branch_python_dop_operator_3.py took 0.072 seconds
[2025-11-05T06:14:16.283+0000] {processor.py:186} INFO - Started process (PID=2212) to work on /home/dellsai/airflow_project/airflow_venv/lib/python3.12/site-packages/airflow/example_dags/example_branch_python_dop_operator_3.py
[2025-11-05T06:14:16.286+0000] {processor.py:914} INFO - Processing file /home/dellsai/airflow_project/airflow_venv/lib/python3.12/site-packages/airflow/example_dags/example_branch_python_dop_operator_3.py for tasks to queue
[2025-11-05T06:14:16.287+0000] {logging_mixin.py:190} INFO - [2025-11-05T06:14:16.287+0000] {dagbag.py:588} INFO - Filling up the DagBag from /home/dellsai/airflow_project/airflow_venv/lib/python3.12/site-packages/airflow/example_dags/example_branch_python_dop_operator_3.py
[2025-11-05T06:14:16.296+0000] {processor.py:925} INFO - DAG(s) 'example_branch_dop_operator_v3' retrieved from /home/dellsai/airflow_project/airflow_venv/lib/python3.12/site-packages/airflow/example_dags/example_branch_python_dop_operator_3.py
[2025-11-05T06:14:16.308+0000] {logging_mixin.py:190} INFO - [2025-11-05T06:14:16.308+0000] {dag.py:3239} INFO - Sync 1 DAGs
[2025-11-05T06:14:16.325+0000] {logging_mixin.py:190} INFO - [2025-11-05T06:14:16.324+0000] {dag.py:4180} INFO - Setting next_dagrun for example_branch_dop_operator_v3 to 2025-11-05 06:13:00+00:00, run_after=2025-11-05 06:14:00+00:00
[2025-11-05T06:14:16.350+0000] {processor.py:208} INFO - Processing /home/dellsai/airflow_project/airflow_venv/lib/python3.12/site-packages/airflow/example_dags/example_branch_python_dop_operator_3.py took 0.071 seconds
