[2025-11-05T06:12:05.671+0000] {processor.py:186} INFO - Started process (PID=2054) to work on /home/dellsai/airflow_project/airflow_venv/lib/python3.12/site-packages/airflow/example_dags/example_external_task_marker_dag.py
[2025-11-05T06:12:05.672+0000] {processor.py:914} INFO - Processing file /home/dellsai/airflow_project/airflow_venv/lib/python3.12/site-packages/airflow/example_dags/example_external_task_marker_dag.py for tasks to queue
[2025-11-05T06:12:05.673+0000] {logging_mixin.py:190} INFO - [2025-11-05T06:12:05.673+0000] {dagbag.py:588} INFO - Filling up the DagBag from /home/dellsai/airflow_project/airflow_venv/lib/python3.12/site-packages/airflow/example_dags/example_external_task_marker_dag.py
[2025-11-05T06:12:05.681+0000] {processor.py:925} INFO - DAG(s) 'example_external_task_marker_parent', 'example_external_task_marker_child' retrieved from /home/dellsai/airflow_project/airflow_venv/lib/python3.12/site-packages/airflow/example_dags/example_external_task_marker_dag.py
[2025-11-05T06:12:05.780+0000] {logging_mixin.py:190} INFO - [2025-11-05T06:12:05.779+0000] {override.py:1900} INFO - Created Permission View: can delete on DAG:example_external_task_marker_parent
[2025-11-05T06:12:05.795+0000] {logging_mixin.py:190} INFO - [2025-11-05T06:12:05.794+0000] {override.py:1900} INFO - Created Permission View: can edit on DAG:example_external_task_marker_parent
[2025-11-05T06:12:05.809+0000] {logging_mixin.py:190} INFO - [2025-11-05T06:12:05.809+0000] {override.py:1900} INFO - Created Permission View: can read on DAG:example_external_task_marker_parent
[2025-11-05T06:12:05.827+0000] {logging_mixin.py:190} INFO - [2025-11-05T06:12:05.827+0000] {override.py:1900} INFO - Created Permission View: can delete on DAG Run:example_external_task_marker_parent
[2025-11-05T06:12:05.838+0000] {logging_mixin.py:190} INFO - [2025-11-05T06:12:05.838+0000] {override.py:1900} INFO - Created Permission View: can create on DAG Run:example_external_task_marker_parent
[2025-11-05T06:12:05.854+0000] {logging_mixin.py:190} INFO - [2025-11-05T06:12:05.853+0000] {override.py:1900} INFO - Created Permission View: menu access on DAG Run:example_external_task_marker_parent
[2025-11-05T06:12:05.865+0000] {logging_mixin.py:190} INFO - [2025-11-05T06:12:05.864+0000] {override.py:1900} INFO - Created Permission View: can read on DAG Run:example_external_task_marker_parent
[2025-11-05T06:12:05.893+0000] {logging_mixin.py:190} INFO - [2025-11-05T06:12:05.893+0000] {override.py:1900} INFO - Created Permission View: can delete on DAG:example_external_task_marker_child
[2025-11-05T06:12:05.906+0000] {logging_mixin.py:190} INFO - [2025-11-05T06:12:05.906+0000] {override.py:1900} INFO - Created Permission View: can edit on DAG:example_external_task_marker_child
[2025-11-05T06:12:05.917+0000] {logging_mixin.py:190} INFO - [2025-11-05T06:12:05.916+0000] {override.py:1900} INFO - Created Permission View: can read on DAG:example_external_task_marker_child
[2025-11-05T06:12:05.936+0000] {logging_mixin.py:190} INFO - [2025-11-05T06:12:05.935+0000] {override.py:1900} INFO - Created Permission View: can delete on DAG Run:example_external_task_marker_child
[2025-11-05T06:12:05.947+0000] {logging_mixin.py:190} INFO - [2025-11-05T06:12:05.947+0000] {override.py:1900} INFO - Created Permission View: can create on DAG Run:example_external_task_marker_child
[2025-11-05T06:12:05.957+0000] {logging_mixin.py:190} INFO - [2025-11-05T06:12:05.956+0000] {override.py:1900} INFO - Created Permission View: menu access on DAG Run:example_external_task_marker_child
[2025-11-05T06:12:05.967+0000] {logging_mixin.py:190} INFO - [2025-11-05T06:12:05.967+0000] {override.py:1900} INFO - Created Permission View: can read on DAG Run:example_external_task_marker_child
[2025-11-05T06:12:05.968+0000] {logging_mixin.py:190} INFO - [2025-11-05T06:12:05.968+0000] {dag.py:3239} INFO - Sync 2 DAGs
[2025-11-05T06:12:05.980+0000] {logging_mixin.py:190} INFO - [2025-11-05T06:12:05.979+0000] {dag.py:3262} INFO - Creating ORM DAG for example_external_task_marker_child
[2025-11-05T06:12:05.980+0000] {logging_mixin.py:190} INFO - [2025-11-05T06:12:05.980+0000] {dag.py:3262} INFO - Creating ORM DAG for example_external_task_marker_parent
[2025-11-05T06:12:05.981+0000] {logging_mixin.py:190} INFO - [2025-11-05T06:12:05.981+0000] {dag.py:4180} INFO - Setting next_dagrun for example_external_task_marker_child to None, run_after=None
[2025-11-05T06:12:05.981+0000] {logging_mixin.py:190} INFO - [2025-11-05T06:12:05.981+0000] {dag.py:4180} INFO - Setting next_dagrun for example_external_task_marker_parent to None, run_after=None
[2025-11-05T06:12:06.002+0000] {processor.py:208} INFO - Processing /home/dellsai/airflow_project/airflow_venv/lib/python3.12/site-packages/airflow/example_dags/example_external_task_marker_dag.py took 0.335 seconds
[2025-11-05T06:13:19.714+0000] {processor.py:186} INFO - Started process (PID=2148) to work on /home/dellsai/airflow_project/airflow_venv/lib/python3.12/site-packages/airflow/example_dags/example_external_task_marker_dag.py
[2025-11-05T06:13:19.716+0000] {processor.py:914} INFO - Processing file /home/dellsai/airflow_project/airflow_venv/lib/python3.12/site-packages/airflow/example_dags/example_external_task_marker_dag.py for tasks to queue
[2025-11-05T06:13:19.717+0000] {logging_mixin.py:190} INFO - [2025-11-05T06:13:19.717+0000] {dagbag.py:588} INFO - Filling up the DagBag from /home/dellsai/airflow_project/airflow_venv/lib/python3.12/site-packages/airflow/example_dags/example_external_task_marker_dag.py
[2025-11-05T06:13:19.725+0000] {processor.py:925} INFO - DAG(s) 'example_external_task_marker_child', 'example_external_task_marker_parent' retrieved from /home/dellsai/airflow_project/airflow_venv/lib/python3.12/site-packages/airflow/example_dags/example_external_task_marker_dag.py
[2025-11-05T06:13:19.740+0000] {logging_mixin.py:190} INFO - [2025-11-05T06:13:19.740+0000] {dag.py:3239} INFO - Sync 2 DAGs
[2025-11-05T06:13:19.749+0000] {logging_mixin.py:190} INFO - [2025-11-05T06:13:19.748+0000] {dag.py:4180} INFO - Setting next_dagrun for example_external_task_marker_child to None, run_after=None
[2025-11-05T06:13:19.751+0000] {logging_mixin.py:190} INFO - [2025-11-05T06:13:19.751+0000] {dag.py:4180} INFO - Setting next_dagrun for example_external_task_marker_parent to None, run_after=None
[2025-11-05T06:13:19.774+0000] {processor.py:208} INFO - Processing /home/dellsai/airflow_project/airflow_venv/lib/python3.12/site-packages/airflow/example_dags/example_external_task_marker_dag.py took 0.065 seconds
[2025-11-05T06:14:23.715+0000] {processor.py:186} INFO - Started process (PID=2219) to work on /home/dellsai/airflow_project/airflow_venv/lib/python3.12/site-packages/airflow/example_dags/example_external_task_marker_dag.py
[2025-11-05T06:14:23.716+0000] {processor.py:914} INFO - Processing file /home/dellsai/airflow_project/airflow_venv/lib/python3.12/site-packages/airflow/example_dags/example_external_task_marker_dag.py for tasks to queue
[2025-11-05T06:14:23.719+0000] {logging_mixin.py:190} INFO - [2025-11-05T06:14:23.718+0000] {dagbag.py:588} INFO - Filling up the DagBag from /home/dellsai/airflow_project/airflow_venv/lib/python3.12/site-packages/airflow/example_dags/example_external_task_marker_dag.py
[2025-11-05T06:14:23.728+0000] {processor.py:925} INFO - DAG(s) 'example_external_task_marker_parent', 'example_external_task_marker_child' retrieved from /home/dellsai/airflow_project/airflow_venv/lib/python3.12/site-packages/airflow/example_dags/example_external_task_marker_dag.py
[2025-11-05T06:14:23.749+0000] {logging_mixin.py:190} INFO - [2025-11-05T06:14:23.749+0000] {dag.py:3239} INFO - Sync 2 DAGs
[2025-11-05T06:14:23.763+0000] {logging_mixin.py:190} INFO - [2025-11-05T06:14:23.763+0000] {dag.py:4180} INFO - Setting next_dagrun for example_external_task_marker_child to None, run_after=None
[2025-11-05T06:14:23.766+0000] {logging_mixin.py:190} INFO - [2025-11-05T06:14:23.765+0000] {dag.py:4180} INFO - Setting next_dagrun for example_external_task_marker_parent to None, run_after=None
[2025-11-05T06:14:23.789+0000] {processor.py:208} INFO - Processing /home/dellsai/airflow_project/airflow_venv/lib/python3.12/site-packages/airflow/example_dags/example_external_task_marker_dag.py took 0.079 seconds
