[2025-11-05T06:12:20.973+0000] {processor.py:186} INFO - Started process (PID=2078) to work on /home/dellsai/airflow_project/airflow_venv/lib/python3.12/site-packages/airflow/example_dags/example_bash_operator.py
[2025-11-05T06:12:20.974+0000] {processor.py:914} INFO - Processing file /home/dellsai/airflow_project/airflow_venv/lib/python3.12/site-packages/airflow/example_dags/example_bash_operator.py for tasks to queue
[2025-11-05T06:12:20.976+0000] {logging_mixin.py:190} INFO - [2025-11-05T06:12:20.976+0000] {dagbag.py:588} INFO - Filling up the DagBag from /home/dellsai/airflow_project/airflow_venv/lib/python3.12/site-packages/airflow/example_dags/example_bash_operator.py
[2025-11-05T06:12:20.991+0000] {processor.py:925} INFO - DAG(s) 'example_bash_operator' retrieved from /home/dellsai/airflow_project/airflow_venv/lib/python3.12/site-packages/airflow/example_dags/example_bash_operator.py
[2025-11-05T06:12:21.085+0000] {logging_mixin.py:190} INFO - [2025-11-05T06:12:21.085+0000] {override.py:1900} INFO - Created Permission View: can delete on DAG:example_bash_operator
[2025-11-05T06:12:21.100+0000] {logging_mixin.py:190} INFO - [2025-11-05T06:12:21.100+0000] {override.py:1900} INFO - Created Permission View: can edit on DAG:example_bash_operator
[2025-11-05T06:12:21.112+0000] {logging_mixin.py:190} INFO - [2025-11-05T06:12:21.112+0000] {override.py:1900} INFO - Created Permission View: can read on DAG:example_bash_operator
[2025-11-05T06:12:21.132+0000] {logging_mixin.py:190} INFO - [2025-11-05T06:12:21.132+0000] {override.py:1900} INFO - Created Permission View: can delete on DAG Run:example_bash_operator
[2025-11-05T06:12:21.143+0000] {logging_mixin.py:190} INFO - [2025-11-05T06:12:21.143+0000] {override.py:1900} INFO - Created Permission View: can create on DAG Run:example_bash_operator
[2025-11-05T06:12:21.154+0000] {logging_mixin.py:190} INFO - [2025-11-05T06:12:21.154+0000] {override.py:1900} INFO - Created Permission View: menu access on DAG Run:example_bash_operator
[2025-11-05T06:12:21.167+0000] {logging_mixin.py:190} INFO - [2025-11-05T06:12:21.166+0000] {override.py:1900} INFO - Created Permission View: can read on DAG Run:example_bash_operator
[2025-11-05T06:12:21.167+0000] {logging_mixin.py:190} INFO - [2025-11-05T06:12:21.167+0000] {dag.py:3239} INFO - Sync 1 DAGs
[2025-11-05T06:12:21.174+0000] {logging_mixin.py:190} INFO - [2025-11-05T06:12:21.174+0000] {dag.py:3262} INFO - Creating ORM DAG for example_bash_operator
[2025-11-05T06:12:21.181+0000] {logging_mixin.py:190} INFO - [2025-11-05T06:12:21.181+0000] {dag.py:4180} INFO - Setting next_dagrun for example_bash_operator to 2025-11-04 00:00:00+00:00, run_after=2025-11-05 00:00:00+00:00
[2025-11-05T06:12:21.206+0000] {processor.py:208} INFO - Processing /home/dellsai/airflow_project/airflow_venv/lib/python3.12/site-packages/airflow/example_dags/example_bash_operator.py took 0.239 seconds
[2025-11-05T06:13:32.033+0000] {processor.py:186} INFO - Started process (PID=2160) to work on /home/dellsai/airflow_project/airflow_venv/lib/python3.12/site-packages/airflow/example_dags/example_bash_operator.py
[2025-11-05T06:13:32.036+0000] {processor.py:914} INFO - Processing file /home/dellsai/airflow_project/airflow_venv/lib/python3.12/site-packages/airflow/example_dags/example_bash_operator.py for tasks to queue
[2025-11-05T06:13:32.038+0000] {logging_mixin.py:190} INFO - [2025-11-05T06:13:32.038+0000] {dagbag.py:588} INFO - Filling up the DagBag from /home/dellsai/airflow_project/airflow_venv/lib/python3.12/site-packages/airflow/example_dags/example_bash_operator.py
[2025-11-05T06:13:32.048+0000] {processor.py:925} INFO - DAG(s) 'example_bash_operator' retrieved from /home/dellsai/airflow_project/airflow_venv/lib/python3.12/site-packages/airflow/example_dags/example_bash_operator.py
[2025-11-05T06:13:32.068+0000] {logging_mixin.py:190} INFO - [2025-11-05T06:13:32.068+0000] {dag.py:3239} INFO - Sync 1 DAGs
[2025-11-05T06:13:32.084+0000] {logging_mixin.py:190} INFO - [2025-11-05T06:13:32.084+0000] {dag.py:4180} INFO - Setting next_dagrun for example_bash_operator to 2025-11-04 00:00:00+00:00, run_after=2025-11-05 00:00:00+00:00
[2025-11-05T06:13:32.111+0000] {processor.py:208} INFO - Processing /home/dellsai/airflow_project/airflow_venv/lib/python3.12/site-packages/airflow/example_dags/example_bash_operator.py took 0.082 seconds
[2025-11-05T06:14:35.746+0000] {processor.py:186} INFO - Started process (PID=2235) to work on /home/dellsai/airflow_project/airflow_venv/lib/python3.12/site-packages/airflow/example_dags/example_bash_operator.py
[2025-11-05T06:14:35.748+0000] {processor.py:914} INFO - Processing file /home/dellsai/airflow_project/airflow_venv/lib/python3.12/site-packages/airflow/example_dags/example_bash_operator.py for tasks to queue
[2025-11-05T06:14:35.749+0000] {logging_mixin.py:190} INFO - [2025-11-05T06:14:35.749+0000] {dagbag.py:588} INFO - Filling up the DagBag from /home/dellsai/airflow_project/airflow_venv/lib/python3.12/site-packages/airflow/example_dags/example_bash_operator.py
[2025-11-05T06:14:35.760+0000] {processor.py:925} INFO - DAG(s) 'example_bash_operator' retrieved from /home/dellsai/airflow_project/airflow_venv/lib/python3.12/site-packages/airflow/example_dags/example_bash_operator.py
[2025-11-05T06:14:35.778+0000] {logging_mixin.py:190} INFO - [2025-11-05T06:14:35.778+0000] {dag.py:3239} INFO - Sync 1 DAGs
[2025-11-05T06:14:35.793+0000] {logging_mixin.py:190} INFO - [2025-11-05T06:14:35.793+0000] {dag.py:4180} INFO - Setting next_dagrun for example_bash_operator to 2025-11-04 00:00:00+00:00, run_after=2025-11-05 00:00:00+00:00
[2025-11-05T06:14:35.816+0000] {processor.py:208} INFO - Processing /home/dellsai/airflow_project/airflow_venv/lib/python3.12/site-packages/airflow/example_dags/example_bash_operator.py took 0.075 seconds
