[2025-11-05T06:12:00.329+0000] {processor.py:186} INFO - Started process (PID=2050) to work on /home/dellsai/airflow_project/airflow_venv/lib/python3.12/site-packages/airflow/example_dags/example_subdag_operator.py
[2025-11-05T06:12:00.329+0000] {processor.py:914} INFO - Processing file /home/dellsai/airflow_project/airflow_venv/lib/python3.12/site-packages/airflow/example_dags/example_subdag_operator.py for tasks to queue
[2025-11-05T06:12:00.331+0000] {logging_mixin.py:190} INFO - [2025-11-05T06:12:00.331+0000] {dagbag.py:588} INFO - Filling up the DagBag from /home/dellsai/airflow_project/airflow_venv/lib/python3.12/site-packages/airflow/example_dags/example_subdag_operator.py
[2025-11-05T06:12:00.349+0000] {processor.py:925} INFO - DAG(s) 'example_subdag_operator.section-1', 'example_subdag_operator.section-2', 'example_subdag_operator' retrieved from /home/dellsai/airflow_project/airflow_venv/lib/python3.12/site-packages/airflow/example_dags/example_subdag_operator.py
[2025-11-05T06:12:00.440+0000] {logging_mixin.py:190} INFO - [2025-11-05T06:12:00.439+0000] {override.py:1900} INFO - Created Permission View: can delete on DAG:example_subdag_operator
[2025-11-05T06:12:00.455+0000] {logging_mixin.py:190} INFO - [2025-11-05T06:12:00.455+0000] {override.py:1900} INFO - Created Permission View: can edit on DAG:example_subdag_operator
[2025-11-05T06:12:00.467+0000] {logging_mixin.py:190} INFO - [2025-11-05T06:12:00.466+0000] {override.py:1900} INFO - Created Permission View: can read on DAG:example_subdag_operator
[2025-11-05T06:12:00.486+0000] {logging_mixin.py:190} INFO - [2025-11-05T06:12:00.485+0000] {override.py:1900} INFO - Created Permission View: can delete on DAG Run:example_subdag_operator
[2025-11-05T06:12:00.497+0000] {logging_mixin.py:190} INFO - [2025-11-05T06:12:00.496+0000] {override.py:1900} INFO - Created Permission View: can create on DAG Run:example_subdag_operator
[2025-11-05T06:12:00.508+0000] {logging_mixin.py:190} INFO - [2025-11-05T06:12:00.508+0000] {override.py:1900} INFO - Created Permission View: menu access on DAG Run:example_subdag_operator
[2025-11-05T06:12:00.519+0000] {logging_mixin.py:190} INFO - [2025-11-05T06:12:00.519+0000] {override.py:1900} INFO - Created Permission View: can read on DAG Run:example_subdag_operator
[2025-11-05T06:12:00.519+0000] {logging_mixin.py:190} INFO - [2025-11-05T06:12:00.519+0000] {dag.py:3239} INFO - Sync 3 DAGs
[2025-11-05T06:12:00.527+0000] {logging_mixin.py:190} INFO - [2025-11-05T06:12:00.527+0000] {dag.py:3262} INFO - Creating ORM DAG for example_subdag_operator.section-1
[2025-11-05T06:12:00.527+0000] {logging_mixin.py:190} INFO - [2025-11-05T06:12:00.527+0000] {dag.py:3262} INFO - Creating ORM DAG for example_subdag_operator.section-2
[2025-11-05T06:12:00.528+0000] {logging_mixin.py:190} INFO - [2025-11-05T06:12:00.527+0000] {dag.py:3262} INFO - Creating ORM DAG for example_subdag_operator
[2025-11-05T06:12:00.533+0000] {logging_mixin.py:190} INFO - [2025-11-05T06:12:00.533+0000] {dag.py:4180} INFO - Setting next_dagrun for example_subdag_operator to 2022-01-01 00:00:00+00:00, run_after=2022-01-01 00:00:00+00:00
[2025-11-05T06:12:00.533+0000] {logging_mixin.py:190} INFO - [2025-11-05T06:12:00.533+0000] {dag.py:4180} INFO - Setting next_dagrun for example_subdag_operator.section-1 to None, run_after=None
[2025-11-05T06:12:00.533+0000] {logging_mixin.py:190} INFO - [2025-11-05T06:12:00.533+0000] {dag.py:4180} INFO - Setting next_dagrun for example_subdag_operator.section-2 to None, run_after=None
[2025-11-05T06:12:00.539+0000] {logging_mixin.py:190} INFO - [2025-11-05T06:12:00.539+0000] {dag.py:3239} INFO - Sync 2 DAGs
[2025-11-05T06:12:00.543+0000] {logging_mixin.py:190} INFO - [2025-11-05T06:12:00.543+0000] {dag.py:4180} INFO - Setting next_dagrun for example_subdag_operator.section-1 to None, run_after=None
[2025-11-05T06:12:00.545+0000] {logging_mixin.py:190} INFO - [2025-11-05T06:12:00.545+0000] {dag.py:4180} INFO - Setting next_dagrun for example_subdag_operator.section-2 to None, run_after=None
[2025-11-05T06:12:00.566+0000] {processor.py:208} INFO - Processing /home/dellsai/airflow_project/airflow_venv/lib/python3.12/site-packages/airflow/example_dags/example_subdag_operator.py took 0.242 seconds
[2025-11-05T06:13:15.364+0000] {processor.py:186} INFO - Started process (PID=2144) to work on /home/dellsai/airflow_project/airflow_venv/lib/python3.12/site-packages/airflow/example_dags/example_subdag_operator.py
[2025-11-05T06:13:15.367+0000] {processor.py:914} INFO - Processing file /home/dellsai/airflow_project/airflow_venv/lib/python3.12/site-packages/airflow/example_dags/example_subdag_operator.py for tasks to queue
[2025-11-05T06:13:15.368+0000] {logging_mixin.py:190} INFO - [2025-11-05T06:13:15.368+0000] {dagbag.py:588} INFO - Filling up the DagBag from /home/dellsai/airflow_project/airflow_venv/lib/python3.12/site-packages/airflow/example_dags/example_subdag_operator.py
[2025-11-05T06:13:15.386+0000] {processor.py:925} INFO - DAG(s) 'example_subdag_operator.section-1', 'example_subdag_operator.section-2', 'example_subdag_operator' retrieved from /home/dellsai/airflow_project/airflow_venv/lib/python3.12/site-packages/airflow/example_dags/example_subdag_operator.py
[2025-11-05T06:13:15.396+0000] {logging_mixin.py:190} INFO - [2025-11-05T06:13:15.396+0000] {dag.py:3239} INFO - Sync 3 DAGs
[2025-11-05T06:13:15.409+0000] {logging_mixin.py:190} INFO - [2025-11-05T06:13:15.409+0000] {dag.py:4180} INFO - Setting next_dagrun for example_subdag_operator to 2022-01-01 00:00:00+00:00, run_after=2022-01-01 00:00:00+00:00
[2025-11-05T06:13:15.412+0000] {logging_mixin.py:190} INFO - [2025-11-05T06:13:15.411+0000] {dag.py:4180} INFO - Setting next_dagrun for example_subdag_operator.section-1 to None, run_after=None
[2025-11-05T06:13:15.412+0000] {logging_mixin.py:190} INFO - [2025-11-05T06:13:15.412+0000] {dag.py:4180} INFO - Setting next_dagrun for example_subdag_operator.section-2 to None, run_after=None
[2025-11-05T06:13:15.416+0000] {logging_mixin.py:190} INFO - [2025-11-05T06:13:15.416+0000] {dag.py:3239} INFO - Sync 2 DAGs
[2025-11-05T06:13:15.419+0000] {logging_mixin.py:190} INFO - [2025-11-05T06:13:15.418+0000] {dag.py:4180} INFO - Setting next_dagrun for example_subdag_operator.section-1 to None, run_after=None
[2025-11-05T06:13:15.419+0000] {logging_mixin.py:190} INFO - [2025-11-05T06:13:15.419+0000] {dag.py:4180} INFO - Setting next_dagrun for example_subdag_operator.section-2 to None, run_after=None
[2025-11-05T06:13:15.438+0000] {processor.py:208} INFO - Processing /home/dellsai/airflow_project/airflow_venv/lib/python3.12/site-packages/airflow/example_dags/example_subdag_operator.py took 0.078 seconds
[2025-11-05T06:14:19.720+0000] {processor.py:186} INFO - Started process (PID=2215) to work on /home/dellsai/airflow_project/airflow_venv/lib/python3.12/site-packages/airflow/example_dags/example_subdag_operator.py
[2025-11-05T06:14:19.723+0000] {processor.py:914} INFO - Processing file /home/dellsai/airflow_project/airflow_venv/lib/python3.12/site-packages/airflow/example_dags/example_subdag_operator.py for tasks to queue
[2025-11-05T06:14:19.725+0000] {logging_mixin.py:190} INFO - [2025-11-05T06:14:19.725+0000] {dagbag.py:588} INFO - Filling up the DagBag from /home/dellsai/airflow_project/airflow_venv/lib/python3.12/site-packages/airflow/example_dags/example_subdag_operator.py
[2025-11-05T06:14:19.743+0000] {processor.py:925} INFO - DAG(s) 'example_subdag_operator.section-1', 'example_subdag_operator.section-2', 'example_subdag_operator' retrieved from /home/dellsai/airflow_project/airflow_venv/lib/python3.12/site-packages/airflow/example_dags/example_subdag_operator.py
[2025-11-05T06:14:19.754+0000] {logging_mixin.py:190} INFO - [2025-11-05T06:14:19.753+0000] {dag.py:3239} INFO - Sync 3 DAGs
[2025-11-05T06:14:19.768+0000] {logging_mixin.py:190} INFO - [2025-11-05T06:14:19.768+0000] {dag.py:4180} INFO - Setting next_dagrun for example_subdag_operator to 2022-01-01 00:00:00+00:00, run_after=2022-01-01 00:00:00+00:00
[2025-11-05T06:14:19.770+0000] {logging_mixin.py:190} INFO - [2025-11-05T06:14:19.770+0000] {dag.py:4180} INFO - Setting next_dagrun for example_subdag_operator.section-1 to None, run_after=None
[2025-11-05T06:14:19.771+0000] {logging_mixin.py:190} INFO - [2025-11-05T06:14:19.771+0000] {dag.py:4180} INFO - Setting next_dagrun for example_subdag_operator.section-2 to None, run_after=None
[2025-11-05T06:14:19.776+0000] {logging_mixin.py:190} INFO - [2025-11-05T06:14:19.776+0000] {dag.py:3239} INFO - Sync 2 DAGs
[2025-11-05T06:14:19.779+0000] {logging_mixin.py:190} INFO - [2025-11-05T06:14:19.778+0000] {dag.py:4180} INFO - Setting next_dagrun for example_subdag_operator.section-1 to None, run_after=None
[2025-11-05T06:14:19.779+0000] {logging_mixin.py:190} INFO - [2025-11-05T06:14:19.779+0000] {dag.py:4180} INFO - Setting next_dagrun for example_subdag_operator.section-2 to None, run_after=None
[2025-11-05T06:14:19.798+0000] {processor.py:208} INFO - Processing /home/dellsai/airflow_project/airflow_venv/lib/python3.12/site-packages/airflow/example_dags/example_subdag_operator.py took 0.083 seconds
