[2025-11-05T06:12:11.633+0000] {processor.py:186} INFO - Started process (PID=2071) to work on /home/dellsai/airflow_project/airflow_venv/lib/python3.12/site-packages/airflow/example_dags/example_datasets.py
[2025-11-05T06:12:11.634+0000] {processor.py:914} INFO - Processing file /home/dellsai/airflow_project/airflow_venv/lib/python3.12/site-packages/airflow/example_dags/example_datasets.py for tasks to queue
[2025-11-05T06:12:11.636+0000] {logging_mixin.py:190} INFO - [2025-11-05T06:12:11.635+0000] {dagbag.py:588} INFO - Filling up the DagBag from /home/dellsai/airflow_project/airflow_venv/lib/python3.12/site-packages/airflow/example_dags/example_datasets.py
[2025-11-05T06:12:11.650+0000] {processor.py:925} INFO - DAG(s) 'dataset_produces_2', 'consume_1_or_both_2_and_3_with_dataset_expressions', 'dataset_consumes_1_never_scheduled', 'dataset_consumes_1', 'dataset_consumes_unknown_never_scheduled', 'dataset_consumes_1_and_2', 'conditional_dataset_and_time_based_timetable', 'consume_1_and_2_with_dataset_expressions', 'consume_1_or_2_with_dataset_expressions', 'dataset_produces_1' retrieved from /home/dellsai/airflow_project/airflow_venv/lib/python3.12/site-packages/airflow/example_dags/example_datasets.py
[2025-11-05T06:12:11.758+0000] {logging_mixin.py:190} INFO - [2025-11-05T06:12:11.757+0000] {override.py:1900} INFO - Created Permission View: can delete on DAG:dataset_produces_2
[2025-11-05T06:12:11.774+0000] {logging_mixin.py:190} INFO - [2025-11-05T06:12:11.773+0000] {override.py:1900} INFO - Created Permission View: can edit on DAG:dataset_produces_2
[2025-11-05T06:12:11.788+0000] {logging_mixin.py:190} INFO - [2025-11-05T06:12:11.788+0000] {override.py:1900} INFO - Created Permission View: can read on DAG:dataset_produces_2
[2025-11-05T06:12:11.810+0000] {logging_mixin.py:190} INFO - [2025-11-05T06:12:11.810+0000] {override.py:1900} INFO - Created Permission View: can delete on DAG Run:dataset_produces_2
[2025-11-05T06:12:11.821+0000] {logging_mixin.py:190} INFO - [2025-11-05T06:12:11.821+0000] {override.py:1900} INFO - Created Permission View: can create on DAG Run:dataset_produces_2
[2025-11-05T06:12:11.833+0000] {logging_mixin.py:190} INFO - [2025-11-05T06:12:11.833+0000] {override.py:1900} INFO - Created Permission View: menu access on DAG Run:dataset_produces_2
[2025-11-05T06:12:11.846+0000] {logging_mixin.py:190} INFO - [2025-11-05T06:12:11.846+0000] {override.py:1900} INFO - Created Permission View: can read on DAG Run:dataset_produces_2
[2025-11-05T06:12:11.872+0000] {logging_mixin.py:190} INFO - [2025-11-05T06:12:11.872+0000] {override.py:1900} INFO - Created Permission View: can delete on DAG:consume_1_or_both_2_and_3_with_dataset_expressions
[2025-11-05T06:12:11.883+0000] {logging_mixin.py:190} INFO - [2025-11-05T06:12:11.883+0000] {override.py:1900} INFO - Created Permission View: can edit on DAG:consume_1_or_both_2_and_3_with_dataset_expressions
[2025-11-05T06:12:11.893+0000] {logging_mixin.py:190} INFO - [2025-11-05T06:12:11.893+0000] {override.py:1900} INFO - Created Permission View: can read on DAG:consume_1_or_both_2_and_3_with_dataset_expressions
[2025-11-05T06:12:11.910+0000] {logging_mixin.py:190} INFO - [2025-11-05T06:12:11.909+0000] {override.py:1900} INFO - Created Permission View: can delete on DAG Run:consume_1_or_both_2_and_3_with_dataset_expressions
[2025-11-05T06:12:11.920+0000] {logging_mixin.py:190} INFO - [2025-11-05T06:12:11.920+0000] {override.py:1900} INFO - Created Permission View: can create on DAG Run:consume_1_or_both_2_and_3_with_dataset_expressions
[2025-11-05T06:12:11.931+0000] {logging_mixin.py:190} INFO - [2025-11-05T06:12:11.931+0000] {override.py:1900} INFO - Created Permission View: menu access on DAG Run:consume_1_or_both_2_and_3_with_dataset_expressions
[2025-11-05T06:12:11.941+0000] {logging_mixin.py:190} INFO - [2025-11-05T06:12:11.941+0000] {override.py:1900} INFO - Created Permission View: can read on DAG Run:consume_1_or_both_2_and_3_with_dataset_expressions
[2025-11-05T06:12:11.962+0000] {logging_mixin.py:190} INFO - [2025-11-05T06:12:11.962+0000] {override.py:1900} INFO - Created Permission View: can delete on DAG:dataset_consumes_1_never_scheduled
[2025-11-05T06:12:11.973+0000] {logging_mixin.py:190} INFO - [2025-11-05T06:12:11.972+0000] {override.py:1900} INFO - Created Permission View: can edit on DAG:dataset_consumes_1_never_scheduled
[2025-11-05T06:12:11.983+0000] {logging_mixin.py:190} INFO - [2025-11-05T06:12:11.982+0000] {override.py:1900} INFO - Created Permission View: can read on DAG:dataset_consumes_1_never_scheduled
[2025-11-05T06:12:11.999+0000] {logging_mixin.py:190} INFO - [2025-11-05T06:12:11.999+0000] {override.py:1900} INFO - Created Permission View: can delete on DAG Run:dataset_consumes_1_never_scheduled
[2025-11-05T06:12:12.009+0000] {logging_mixin.py:190} INFO - [2025-11-05T06:12:12.008+0000] {override.py:1900} INFO - Created Permission View: can create on DAG Run:dataset_consumes_1_never_scheduled
[2025-11-05T06:12:12.018+0000] {logging_mixin.py:190} INFO - [2025-11-05T06:12:12.018+0000] {override.py:1900} INFO - Created Permission View: menu access on DAG Run:dataset_consumes_1_never_scheduled
[2025-11-05T06:12:12.028+0000] {logging_mixin.py:190} INFO - [2025-11-05T06:12:12.028+0000] {override.py:1900} INFO - Created Permission View: can read on DAG Run:dataset_consumes_1_never_scheduled
[2025-11-05T06:12:12.050+0000] {logging_mixin.py:190} INFO - [2025-11-05T06:12:12.050+0000] {override.py:1900} INFO - Created Permission View: can delete on DAG:dataset_consumes_1
[2025-11-05T06:12:12.060+0000] {logging_mixin.py:190} INFO - [2025-11-05T06:12:12.060+0000] {override.py:1900} INFO - Created Permission View: can edit on DAG:dataset_consumes_1
[2025-11-05T06:12:12.070+0000] {logging_mixin.py:190} INFO - [2025-11-05T06:12:12.070+0000] {override.py:1900} INFO - Created Permission View: can read on DAG:dataset_consumes_1
[2025-11-05T06:12:12.087+0000] {logging_mixin.py:190} INFO - [2025-11-05T06:12:12.086+0000] {override.py:1900} INFO - Created Permission View: can delete on DAG Run:dataset_consumes_1
[2025-11-05T06:12:12.096+0000] {logging_mixin.py:190} INFO - [2025-11-05T06:12:12.096+0000] {override.py:1900} INFO - Created Permission View: can create on DAG Run:dataset_consumes_1
[2025-11-05T06:12:12.105+0000] {logging_mixin.py:190} INFO - [2025-11-05T06:12:12.105+0000] {override.py:1900} INFO - Created Permission View: menu access on DAG Run:dataset_consumes_1
[2025-11-05T06:12:12.114+0000] {logging_mixin.py:190} INFO - [2025-11-05T06:12:12.114+0000] {override.py:1900} INFO - Created Permission View: can read on DAG Run:dataset_consumes_1
[2025-11-05T06:12:12.135+0000] {logging_mixin.py:190} INFO - [2025-11-05T06:12:12.135+0000] {override.py:1900} INFO - Created Permission View: can delete on DAG:dataset_consumes_unknown_never_scheduled
[2025-11-05T06:12:12.144+0000] {logging_mixin.py:190} INFO - [2025-11-05T06:12:12.144+0000] {override.py:1900} INFO - Created Permission View: can edit on DAG:dataset_consumes_unknown_never_scheduled
[2025-11-05T06:12:12.154+0000] {logging_mixin.py:190} INFO - [2025-11-05T06:12:12.154+0000] {override.py:1900} INFO - Created Permission View: can read on DAG:dataset_consumes_unknown_never_scheduled
[2025-11-05T06:12:12.171+0000] {logging_mixin.py:190} INFO - [2025-11-05T06:12:12.171+0000] {override.py:1900} INFO - Created Permission View: can delete on DAG Run:dataset_consumes_unknown_never_scheduled
[2025-11-05T06:12:12.181+0000] {logging_mixin.py:190} INFO - [2025-11-05T06:12:12.181+0000] {override.py:1900} INFO - Created Permission View: can create on DAG Run:dataset_consumes_unknown_never_scheduled
[2025-11-05T06:12:12.192+0000] {logging_mixin.py:190} INFO - [2025-11-05T06:12:12.191+0000] {override.py:1900} INFO - Created Permission View: menu access on DAG Run:dataset_consumes_unknown_never_scheduled
[2025-11-05T06:12:12.201+0000] {logging_mixin.py:190} INFO - [2025-11-05T06:12:12.201+0000] {override.py:1900} INFO - Created Permission View: can read on DAG Run:dataset_consumes_unknown_never_scheduled
[2025-11-05T06:12:12.222+0000] {logging_mixin.py:190} INFO - [2025-11-05T06:12:12.222+0000] {override.py:1900} INFO - Created Permission View: can delete on DAG:dataset_consumes_1_and_2
[2025-11-05T06:12:12.231+0000] {logging_mixin.py:190} INFO - [2025-11-05T06:12:12.231+0000] {override.py:1900} INFO - Created Permission View: can edit on DAG:dataset_consumes_1_and_2
[2025-11-05T06:12:12.241+0000] {logging_mixin.py:190} INFO - [2025-11-05T06:12:12.240+0000] {override.py:1900} INFO - Created Permission View: can read on DAG:dataset_consumes_1_and_2
[2025-11-05T06:12:12.258+0000] {logging_mixin.py:190} INFO - [2025-11-05T06:12:12.258+0000] {override.py:1900} INFO - Created Permission View: can delete on DAG Run:dataset_consumes_1_and_2
[2025-11-05T06:12:12.267+0000] {logging_mixin.py:190} INFO - [2025-11-05T06:12:12.267+0000] {override.py:1900} INFO - Created Permission View: can create on DAG Run:dataset_consumes_1_and_2
[2025-11-05T06:12:12.276+0000] {logging_mixin.py:190} INFO - [2025-11-05T06:12:12.276+0000] {override.py:1900} INFO - Created Permission View: menu access on DAG Run:dataset_consumes_1_and_2
[2025-11-05T06:12:12.285+0000] {logging_mixin.py:190} INFO - [2025-11-05T06:12:12.285+0000] {override.py:1900} INFO - Created Permission View: can read on DAG Run:dataset_consumes_1_and_2
[2025-11-05T06:12:12.306+0000] {logging_mixin.py:190} INFO - [2025-11-05T06:12:12.305+0000] {override.py:1900} INFO - Created Permission View: can delete on DAG:conditional_dataset_and_time_based_timetable
[2025-11-05T06:12:12.317+0000] {logging_mixin.py:190} INFO - [2025-11-05T06:12:12.316+0000] {override.py:1900} INFO - Created Permission View: can edit on DAG:conditional_dataset_and_time_based_timetable
[2025-11-05T06:12:12.326+0000] {logging_mixin.py:190} INFO - [2025-11-05T06:12:12.326+0000] {override.py:1900} INFO - Created Permission View: can read on DAG:conditional_dataset_and_time_based_timetable
[2025-11-05T06:12:12.343+0000] {logging_mixin.py:190} INFO - [2025-11-05T06:12:12.343+0000] {override.py:1900} INFO - Created Permission View: can delete on DAG Run:conditional_dataset_and_time_based_timetable
[2025-11-05T06:12:12.354+0000] {logging_mixin.py:190} INFO - [2025-11-05T06:12:12.353+0000] {override.py:1900} INFO - Created Permission View: can create on DAG Run:conditional_dataset_and_time_based_timetable
[2025-11-05T06:12:12.363+0000] {logging_mixin.py:190} INFO - [2025-11-05T06:12:12.363+0000] {override.py:1900} INFO - Created Permission View: menu access on DAG Run:conditional_dataset_and_time_based_timetable
[2025-11-05T06:12:12.373+0000] {logging_mixin.py:190} INFO - [2025-11-05T06:12:12.372+0000] {override.py:1900} INFO - Created Permission View: can read on DAG Run:conditional_dataset_and_time_based_timetable
[2025-11-05T06:12:12.393+0000] {logging_mixin.py:190} INFO - [2025-11-05T06:12:12.393+0000] {override.py:1900} INFO - Created Permission View: can delete on DAG:consume_1_and_2_with_dataset_expressions
[2025-11-05T06:12:12.403+0000] {logging_mixin.py:190} INFO - [2025-11-05T06:12:12.402+0000] {override.py:1900} INFO - Created Permission View: can edit on DAG:consume_1_and_2_with_dataset_expressions
[2025-11-05T06:12:12.412+0000] {logging_mixin.py:190} INFO - [2025-11-05T06:12:12.412+0000] {override.py:1900} INFO - Created Permission View: can read on DAG:consume_1_and_2_with_dataset_expressions
[2025-11-05T06:12:12.428+0000] {logging_mixin.py:190} INFO - [2025-11-05T06:12:12.428+0000] {override.py:1900} INFO - Created Permission View: can delete on DAG Run:consume_1_and_2_with_dataset_expressions
[2025-11-05T06:12:12.437+0000] {logging_mixin.py:190} INFO - [2025-11-05T06:12:12.437+0000] {override.py:1900} INFO - Created Permission View: can create on DAG Run:consume_1_and_2_with_dataset_expressions
[2025-11-05T06:12:12.447+0000] {logging_mixin.py:190} INFO - [2025-11-05T06:12:12.447+0000] {override.py:1900} INFO - Created Permission View: menu access on DAG Run:consume_1_and_2_with_dataset_expressions
[2025-11-05T06:12:12.456+0000] {logging_mixin.py:190} INFO - [2025-11-05T06:12:12.456+0000] {override.py:1900} INFO - Created Permission View: can read on DAG Run:consume_1_and_2_with_dataset_expressions
[2025-11-05T06:12:12.479+0000] {logging_mixin.py:190} INFO - [2025-11-05T06:12:12.478+0000] {override.py:1900} INFO - Created Permission View: can delete on DAG:consume_1_or_2_with_dataset_expressions
[2025-11-05T06:12:12.489+0000] {logging_mixin.py:190} INFO - [2025-11-05T06:12:12.489+0000] {override.py:1900} INFO - Created Permission View: can edit on DAG:consume_1_or_2_with_dataset_expressions
[2025-11-05T06:12:12.499+0000] {logging_mixin.py:190} INFO - [2025-11-05T06:12:12.498+0000] {override.py:1900} INFO - Created Permission View: can read on DAG:consume_1_or_2_with_dataset_expressions
[2025-11-05T06:12:12.515+0000] {logging_mixin.py:190} INFO - [2025-11-05T06:12:12.515+0000] {override.py:1900} INFO - Created Permission View: can delete on DAG Run:consume_1_or_2_with_dataset_expressions
[2025-11-05T06:12:12.524+0000] {logging_mixin.py:190} INFO - [2025-11-05T06:12:12.524+0000] {override.py:1900} INFO - Created Permission View: can create on DAG Run:consume_1_or_2_with_dataset_expressions
[2025-11-05T06:12:12.535+0000] {logging_mixin.py:190} INFO - [2025-11-05T06:12:12.534+0000] {override.py:1900} INFO - Created Permission View: menu access on DAG Run:consume_1_or_2_with_dataset_expressions
[2025-11-05T06:12:12.544+0000] {logging_mixin.py:190} INFO - [2025-11-05T06:12:12.543+0000] {override.py:1900} INFO - Created Permission View: can read on DAG Run:consume_1_or_2_with_dataset_expressions
[2025-11-05T06:12:12.565+0000] {logging_mixin.py:190} INFO - [2025-11-05T06:12:12.565+0000] {override.py:1900} INFO - Created Permission View: can delete on DAG:dataset_produces_1
[2025-11-05T06:12:12.575+0000] {logging_mixin.py:190} INFO - [2025-11-05T06:12:12.575+0000] {override.py:1900} INFO - Created Permission View: can edit on DAG:dataset_produces_1
[2025-11-05T06:12:12.585+0000] {logging_mixin.py:190} INFO - [2025-11-05T06:12:12.584+0000] {override.py:1900} INFO - Created Permission View: can read on DAG:dataset_produces_1
[2025-11-05T06:12:12.602+0000] {logging_mixin.py:190} INFO - [2025-11-05T06:12:12.601+0000] {override.py:1900} INFO - Created Permission View: can delete on DAG Run:dataset_produces_1
[2025-11-05T06:12:12.612+0000] {logging_mixin.py:190} INFO - [2025-11-05T06:12:12.611+0000] {override.py:1900} INFO - Created Permission View: can create on DAG Run:dataset_produces_1
[2025-11-05T06:12:12.623+0000] {logging_mixin.py:190} INFO - [2025-11-05T06:12:12.622+0000] {override.py:1900} INFO - Created Permission View: menu access on DAG Run:dataset_produces_1
[2025-11-05T06:12:12.633+0000] {logging_mixin.py:190} INFO - [2025-11-05T06:12:12.632+0000] {override.py:1900} INFO - Created Permission View: can read on DAG Run:dataset_produces_1
[2025-11-05T06:12:12.633+0000] {logging_mixin.py:190} INFO - [2025-11-05T06:12:12.633+0000] {dag.py:3239} INFO - Sync 10 DAGs
[2025-11-05T06:12:12.643+0000] {logging_mixin.py:190} INFO - [2025-11-05T06:12:12.642+0000] {dag.py:3262} INFO - Creating ORM DAG for dataset_consumes_1_and_2
[2025-11-05T06:12:12.643+0000] {logging_mixin.py:190} INFO - [2025-11-05T06:12:12.643+0000] {dag.py:3262} INFO - Creating ORM DAG for dataset_consumes_1
[2025-11-05T06:12:12.643+0000] {logging_mixin.py:190} INFO - [2025-11-05T06:12:12.643+0000] {dag.py:3262} INFO - Creating ORM DAG for conditional_dataset_and_time_based_timetable
[2025-11-05T06:12:12.644+0000] {logging_mixin.py:190} INFO - [2025-11-05T06:12:12.643+0000] {dag.py:3262} INFO - Creating ORM DAG for dataset_produces_1
[2025-11-05T06:12:12.644+0000] {logging_mixin.py:190} INFO - [2025-11-05T06:12:12.644+0000] {dag.py:3262} INFO - Creating ORM DAG for consume_1_or_both_2_and_3_with_dataset_expressions
[2025-11-05T06:12:12.644+0000] {logging_mixin.py:190} INFO - [2025-11-05T06:12:12.644+0000] {dag.py:3262} INFO - Creating ORM DAG for consume_1_or_2_with_dataset_expressions
[2025-11-05T06:12:12.644+0000] {logging_mixin.py:190} INFO - [2025-11-05T06:12:12.644+0000] {dag.py:3262} INFO - Creating ORM DAG for dataset_produces_2
[2025-11-05T06:12:12.645+0000] {logging_mixin.py:190} INFO - [2025-11-05T06:12:12.644+0000] {dag.py:3262} INFO - Creating ORM DAG for consume_1_and_2_with_dataset_expressions
[2025-11-05T06:12:12.645+0000] {logging_mixin.py:190} INFO - [2025-11-05T06:12:12.645+0000] {dag.py:3262} INFO - Creating ORM DAG for dataset_consumes_1_never_scheduled
[2025-11-05T06:12:12.645+0000] {logging_mixin.py:190} INFO - [2025-11-05T06:12:12.645+0000] {dag.py:3262} INFO - Creating ORM DAG for dataset_consumes_unknown_never_scheduled
[2025-11-05T06:12:12.652+0000] {logging_mixin.py:190} INFO - [2025-11-05T06:12:12.652+0000] {dag.py:4180} INFO - Setting next_dagrun for conditional_dataset_and_time_based_timetable to 2025-11-05 01:00:00+00:00, run_after=2025-11-05 01:00:00+00:00
[2025-11-05T06:12:12.652+0000] {logging_mixin.py:190} INFO - [2025-11-05T06:12:12.652+0000] {dag.py:4180} INFO - Setting next_dagrun for consume_1_and_2_with_dataset_expressions to None, run_after=None
[2025-11-05T06:12:12.652+0000] {logging_mixin.py:190} INFO - [2025-11-05T06:12:12.652+0000] {dag.py:4180} INFO - Setting next_dagrun for consume_1_or_2_with_dataset_expressions to None, run_after=None
[2025-11-05T06:12:12.653+0000] {logging_mixin.py:190} INFO - [2025-11-05T06:12:12.653+0000] {dag.py:4180} INFO - Setting next_dagrun for consume_1_or_both_2_and_3_with_dataset_expressions to None, run_after=None
[2025-11-05T06:12:12.653+0000] {logging_mixin.py:190} INFO - [2025-11-05T06:12:12.653+0000] {dag.py:4180} INFO - Setting next_dagrun for dataset_consumes_1 to None, run_after=None
[2025-11-05T06:12:12.653+0000] {logging_mixin.py:190} INFO - [2025-11-05T06:12:12.653+0000] {dag.py:4180} INFO - Setting next_dagrun for dataset_consumes_1_and_2 to None, run_after=None
[2025-11-05T06:12:12.653+0000] {logging_mixin.py:190} INFO - [2025-11-05T06:12:12.653+0000] {dag.py:4180} INFO - Setting next_dagrun for dataset_consumes_1_never_scheduled to None, run_after=None
[2025-11-05T06:12:12.654+0000] {logging_mixin.py:190} INFO - [2025-11-05T06:12:12.653+0000] {dag.py:4180} INFO - Setting next_dagrun for dataset_consumes_unknown_never_scheduled to None, run_after=None
[2025-11-05T06:12:12.654+0000] {logging_mixin.py:190} INFO - [2025-11-05T06:12:12.654+0000] {dag.py:4180} INFO - Setting next_dagrun for dataset_produces_1 to 2025-11-04 00:00:00+00:00, run_after=2025-11-05 00:00:00+00:00
[2025-11-05T06:12:12.655+0000] {logging_mixin.py:190} INFO - [2025-11-05T06:12:12.655+0000] {dag.py:4180} INFO - Setting next_dagrun for dataset_produces_2 to None, run_after=None
[2025-11-05T06:12:12.687+0000] {processor.py:208} INFO - Processing /home/dellsai/airflow_project/airflow_venv/lib/python3.12/site-packages/airflow/example_dags/example_datasets.py took 1.058 seconds
[2025-11-05T06:13:24.732+0000] {processor.py:186} INFO - Started process (PID=2153) to work on /home/dellsai/airflow_project/airflow_venv/lib/python3.12/site-packages/airflow/example_dags/example_datasets.py
[2025-11-05T06:13:24.734+0000] {processor.py:914} INFO - Processing file /home/dellsai/airflow_project/airflow_venv/lib/python3.12/site-packages/airflow/example_dags/example_datasets.py for tasks to queue
[2025-11-05T06:13:24.737+0000] {logging_mixin.py:190} INFO - [2025-11-05T06:13:24.736+0000] {dagbag.py:588} INFO - Filling up the DagBag from /home/dellsai/airflow_project/airflow_venv/lib/python3.12/site-packages/airflow/example_dags/example_datasets.py
[2025-11-05T06:13:24.750+0000] {processor.py:925} INFO - DAG(s) 'dataset_consumes_1_never_scheduled', 'dataset_produces_2', 'dataset_consumes_unknown_never_scheduled', 'consume_1_or_2_with_dataset_expressions', 'dataset_consumes_1_and_2', 'conditional_dataset_and_time_based_timetable', 'consume_1_or_both_2_and_3_with_dataset_expressions', 'dataset_consumes_1', 'dataset_produces_1', 'consume_1_and_2_with_dataset_expressions' retrieved from /home/dellsai/airflow_project/airflow_venv/lib/python3.12/site-packages/airflow/example_dags/example_datasets.py
[2025-11-05T06:13:24.788+0000] {logging_mixin.py:190} INFO - [2025-11-05T06:13:24.787+0000] {dag.py:3239} INFO - Sync 10 DAGs
[2025-11-05T06:13:24.809+0000] {logging_mixin.py:190} INFO - [2025-11-05T06:13:24.809+0000] {dag.py:4180} INFO - Setting next_dagrun for conditional_dataset_and_time_based_timetable to 2025-11-05 01:00:00+00:00, run_after=2025-11-05 01:00:00+00:00
[2025-11-05T06:13:24.812+0000] {logging_mixin.py:190} INFO - [2025-11-05T06:13:24.812+0000] {dag.py:4180} INFO - Setting next_dagrun for consume_1_and_2_with_dataset_expressions to None, run_after=None
[2025-11-05T06:13:24.813+0000] {logging_mixin.py:190} INFO - [2025-11-05T06:13:24.813+0000] {dag.py:4180} INFO - Setting next_dagrun for consume_1_or_2_with_dataset_expressions to None, run_after=None
[2025-11-05T06:13:24.813+0000] {logging_mixin.py:190} INFO - [2025-11-05T06:13:24.813+0000] {dag.py:4180} INFO - Setting next_dagrun for consume_1_or_both_2_and_3_with_dataset_expressions to None, run_after=None
[2025-11-05T06:13:24.814+0000] {logging_mixin.py:190} INFO - [2025-11-05T06:13:24.814+0000] {dag.py:4180} INFO - Setting next_dagrun for dataset_consumes_1 to None, run_after=None
[2025-11-05T06:13:24.814+0000] {logging_mixin.py:190} INFO - [2025-11-05T06:13:24.814+0000] {dag.py:4180} INFO - Setting next_dagrun for dataset_consumes_1_and_2 to None, run_after=None
[2025-11-05T06:13:24.815+0000] {logging_mixin.py:190} INFO - [2025-11-05T06:13:24.815+0000] {dag.py:4180} INFO - Setting next_dagrun for dataset_consumes_1_never_scheduled to None, run_after=None
[2025-11-05T06:13:24.815+0000] {logging_mixin.py:190} INFO - [2025-11-05T06:13:24.815+0000] {dag.py:4180} INFO - Setting next_dagrun for dataset_consumes_unknown_never_scheduled to None, run_after=None
[2025-11-05T06:13:24.817+0000] {logging_mixin.py:190} INFO - [2025-11-05T06:13:24.816+0000] {dag.py:4180} INFO - Setting next_dagrun for dataset_produces_1 to 2025-11-04 00:00:00+00:00, run_after=2025-11-05 00:00:00+00:00
[2025-11-05T06:13:24.817+0000] {logging_mixin.py:190} INFO - [2025-11-05T06:13:24.817+0000] {dag.py:4180} INFO - Setting next_dagrun for dataset_produces_2 to None, run_after=None
[2025-11-05T06:13:24.845+0000] {processor.py:208} INFO - Processing /home/dellsai/airflow_project/airflow_venv/lib/python3.12/site-packages/airflow/example_dags/example_datasets.py took 0.119 seconds
[2025-11-05T06:14:28.860+0000] {processor.py:186} INFO - Started process (PID=2226) to work on /home/dellsai/airflow_project/airflow_venv/lib/python3.12/site-packages/airflow/example_dags/example_datasets.py
[2025-11-05T06:14:28.862+0000] {processor.py:914} INFO - Processing file /home/dellsai/airflow_project/airflow_venv/lib/python3.12/site-packages/airflow/example_dags/example_datasets.py for tasks to queue
[2025-11-05T06:14:28.865+0000] {logging_mixin.py:190} INFO - [2025-11-05T06:14:28.864+0000] {dagbag.py:588} INFO - Filling up the DagBag from /home/dellsai/airflow_project/airflow_venv/lib/python3.12/site-packages/airflow/example_dags/example_datasets.py
[2025-11-05T06:14:28.880+0000] {processor.py:925} INFO - DAG(s) 'dataset_consumes_1_never_scheduled', 'dataset_consumes_1', 'consume_1_or_2_with_dataset_expressions', 'conditional_dataset_and_time_based_timetable', 'dataset_consumes_1_and_2', 'dataset_produces_1', 'dataset_produces_2', 'consume_1_or_both_2_and_3_with_dataset_expressions', 'consume_1_and_2_with_dataset_expressions', 'dataset_consumes_unknown_never_scheduled' retrieved from /home/dellsai/airflow_project/airflow_venv/lib/python3.12/site-packages/airflow/example_dags/example_datasets.py
[2025-11-05T06:14:28.910+0000] {logging_mixin.py:190} INFO - [2025-11-05T06:14:28.910+0000] {dag.py:3239} INFO - Sync 10 DAGs
[2025-11-05T06:14:28.931+0000] {logging_mixin.py:190} INFO - [2025-11-05T06:14:28.931+0000] {dag.py:4180} INFO - Setting next_dagrun for conditional_dataset_and_time_based_timetable to 2025-11-05 01:00:00+00:00, run_after=2025-11-05 01:00:00+00:00
[2025-11-05T06:14:28.935+0000] {logging_mixin.py:190} INFO - [2025-11-05T06:14:28.935+0000] {dag.py:4180} INFO - Setting next_dagrun for consume_1_and_2_with_dataset_expressions to None, run_after=None
[2025-11-05T06:14:28.937+0000] {logging_mixin.py:190} INFO - [2025-11-05T06:14:28.937+0000] {dag.py:4180} INFO - Setting next_dagrun for consume_1_or_2_with_dataset_expressions to None, run_after=None
[2025-11-05T06:14:28.937+0000] {logging_mixin.py:190} INFO - [2025-11-05T06:14:28.937+0000] {dag.py:4180} INFO - Setting next_dagrun for consume_1_or_both_2_and_3_with_dataset_expressions to None, run_after=None
[2025-11-05T06:14:28.938+0000] {logging_mixin.py:190} INFO - [2025-11-05T06:14:28.938+0000] {dag.py:4180} INFO - Setting next_dagrun for dataset_consumes_1 to None, run_after=None
[2025-11-05T06:14:28.939+0000] {logging_mixin.py:190} INFO - [2025-11-05T06:14:28.938+0000] {dag.py:4180} INFO - Setting next_dagrun for dataset_consumes_1_and_2 to None, run_after=None
[2025-11-05T06:14:28.939+0000] {logging_mixin.py:190} INFO - [2025-11-05T06:14:28.939+0000] {dag.py:4180} INFO - Setting next_dagrun for dataset_consumes_1_never_scheduled to None, run_after=None
[2025-11-05T06:14:28.939+0000] {logging_mixin.py:190} INFO - [2025-11-05T06:14:28.939+0000] {dag.py:4180} INFO - Setting next_dagrun for dataset_consumes_unknown_never_scheduled to None, run_after=None
[2025-11-05T06:14:28.941+0000] {logging_mixin.py:190} INFO - [2025-11-05T06:14:28.941+0000] {dag.py:4180} INFO - Setting next_dagrun for dataset_produces_1 to 2025-11-04 00:00:00+00:00, run_after=2025-11-05 00:00:00+00:00
[2025-11-05T06:14:28.941+0000] {logging_mixin.py:190} INFO - [2025-11-05T06:14:28.941+0000] {dag.py:4180} INFO - Setting next_dagrun for dataset_produces_2 to None, run_after=None
[2025-11-05T06:14:28.975+0000] {processor.py:208} INFO - Processing /home/dellsai/airflow_project/airflow_venv/lib/python3.12/site-packages/airflow/example_dags/example_datasets.py took 0.120 seconds
