[2025-11-05T06:11:41.524+0000] {processor.py:186} INFO - Started process (PID=2013) to work on /home/dellsai/airflow_project/airflow_venv/lib/python3.12/site-packages/airflow/example_dags/example_branch_operator.py
[2025-11-05T06:11:41.527+0000] {processor.py:914} INFO - Processing file /home/dellsai/airflow_project/airflow_venv/lib/python3.12/site-packages/airflow/example_dags/example_branch_operator.py for tasks to queue
[2025-11-05T06:11:41.532+0000] {logging_mixin.py:190} INFO - [2025-11-05T06:11:41.531+0000] {dagbag.py:588} INFO - Filling up the DagBag from /home/dellsai/airflow_project/airflow_venv/lib/python3.12/site-packages/airflow/example_dags/example_branch_operator.py
[2025-11-05T06:11:41.565+0000] {processor.py:925} INFO - DAG(s) 'example_branch_operator' retrieved from /home/dellsai/airflow_project/airflow_venv/lib/python3.12/site-packages/airflow/example_dags/example_branch_operator.py
[2025-11-05T06:11:41.707+0000] {logging_mixin.py:190} INFO - [2025-11-05T06:11:41.706+0000] {override.py:1900} INFO - Created Permission View: can delete on DAG:example_branch_operator
[2025-11-05T06:11:41.725+0000] {logging_mixin.py:190} INFO - [2025-11-05T06:11:41.725+0000] {override.py:1900} INFO - Created Permission View: can edit on DAG:example_branch_operator
[2025-11-05T06:11:41.739+0000] {logging_mixin.py:190} INFO - [2025-11-05T06:11:41.739+0000] {override.py:1900} INFO - Created Permission View: can read on DAG:example_branch_operator
[2025-11-05T06:11:41.759+0000] {logging_mixin.py:190} INFO - [2025-11-05T06:11:41.759+0000] {override.py:1900} INFO - Created Permission View: can delete on DAG Run:example_branch_operator
[2025-11-05T06:11:41.770+0000] {logging_mixin.py:190} INFO - [2025-11-05T06:11:41.769+0000] {override.py:1900} INFO - Created Permission View: can create on DAG Run:example_branch_operator
[2025-11-05T06:11:41.781+0000] {logging_mixin.py:190} INFO - [2025-11-05T06:11:41.780+0000] {override.py:1900} INFO - Created Permission View: menu access on DAG Run:example_branch_operator
[2025-11-05T06:11:41.792+0000] {logging_mixin.py:190} INFO - [2025-11-05T06:11:41.792+0000] {override.py:1900} INFO - Created Permission View: can read on DAG Run:example_branch_operator
[2025-11-05T06:11:41.793+0000] {logging_mixin.py:190} INFO - [2025-11-05T06:11:41.793+0000] {dag.py:3239} INFO - Sync 1 DAGs
[2025-11-05T06:11:41.803+0000] {logging_mixin.py:190} INFO - [2025-11-05T06:11:41.802+0000] {dag.py:3262} INFO - Creating ORM DAG for example_branch_operator
[2025-11-05T06:11:41.811+0000] {logging_mixin.py:190} INFO - [2025-11-05T06:11:41.810+0000] {dag.py:4180} INFO - Setting next_dagrun for example_branch_operator to 2025-11-04 00:00:00+00:00, run_after=2025-11-05 00:00:00+00:00
[2025-11-05T06:11:41.834+0000] {processor.py:208} INFO - Processing /home/dellsai/airflow_project/airflow_venv/lib/python3.12/site-packages/airflow/example_dags/example_branch_operator.py took 0.318 seconds
[2025-11-05T06:12:51.673+0000] {processor.py:186} INFO - Started process (PID=2113) to work on /home/dellsai/airflow_project/airflow_venv/lib/python3.12/site-packages/airflow/example_dags/example_branch_operator.py
[2025-11-05T06:12:51.674+0000] {processor.py:914} INFO - Processing file /home/dellsai/airflow_project/airflow_venv/lib/python3.12/site-packages/airflow/example_dags/example_branch_operator.py for tasks to queue
[2025-11-05T06:12:51.676+0000] {logging_mixin.py:190} INFO - [2025-11-05T06:12:51.676+0000] {dagbag.py:588} INFO - Filling up the DagBag from /home/dellsai/airflow_project/airflow_venv/lib/python3.12/site-packages/airflow/example_dags/example_branch_operator.py
[2025-11-05T06:12:51.689+0000] {processor.py:925} INFO - DAG(s) 'example_branch_operator' retrieved from /home/dellsai/airflow_project/airflow_venv/lib/python3.12/site-packages/airflow/example_dags/example_branch_operator.py
[2025-11-05T06:12:51.706+0000] {logging_mixin.py:190} INFO - [2025-11-05T06:12:51.706+0000] {dag.py:3239} INFO - Sync 1 DAGs
[2025-11-05T06:12:51.721+0000] {logging_mixin.py:190} INFO - [2025-11-05T06:12:51.721+0000] {dag.py:4180} INFO - Setting next_dagrun for example_branch_operator to 2025-11-04 00:00:00+00:00, run_after=2025-11-05 00:00:00+00:00
[2025-11-05T06:12:51.746+0000] {processor.py:208} INFO - Processing /home/dellsai/airflow_project/airflow_venv/lib/python3.12/site-packages/airflow/example_dags/example_branch_operator.py took 0.078 seconds
[2025-11-05T06:13:57.284+0000] {processor.py:186} INFO - Started process (PID=2189) to work on /home/dellsai/airflow_project/airflow_venv/lib/python3.12/site-packages/airflow/example_dags/example_branch_operator.py
[2025-11-05T06:13:57.285+0000] {processor.py:914} INFO - Processing file /home/dellsai/airflow_project/airflow_venv/lib/python3.12/site-packages/airflow/example_dags/example_branch_operator.py for tasks to queue
[2025-11-05T06:13:57.288+0000] {logging_mixin.py:190} INFO - [2025-11-05T06:13:57.287+0000] {dagbag.py:588} INFO - Filling up the DagBag from /home/dellsai/airflow_project/airflow_venv/lib/python3.12/site-packages/airflow/example_dags/example_branch_operator.py
[2025-11-05T06:13:57.305+0000] {processor.py:925} INFO - DAG(s) 'example_branch_operator' retrieved from /home/dellsai/airflow_project/airflow_venv/lib/python3.12/site-packages/airflow/example_dags/example_branch_operator.py
[2025-11-05T06:13:57.326+0000] {logging_mixin.py:190} INFO - [2025-11-05T06:13:57.326+0000] {dag.py:3239} INFO - Sync 1 DAGs
[2025-11-05T06:13:57.345+0000] {logging_mixin.py:190} INFO - [2025-11-05T06:13:57.344+0000] {dag.py:4180} INFO - Setting next_dagrun for example_branch_operator to 2025-11-04 00:00:00+00:00, run_after=2025-11-05 00:00:00+00:00
[2025-11-05T06:13:57.372+0000] {processor.py:208} INFO - Processing /home/dellsai/airflow_project/airflow_venv/lib/python3.12/site-packages/airflow/example_dags/example_branch_operator.py took 0.093 seconds
[2025-11-05T06:15:01.852+0000] {processor.py:186} INFO - Started process (PID=2269) to work on /home/dellsai/airflow_project/airflow_venv/lib/python3.12/site-packages/airflow/example_dags/example_branch_operator.py
[2025-11-05T06:15:01.854+0000] {processor.py:914} INFO - Processing file /home/dellsai/airflow_project/airflow_venv/lib/python3.12/site-packages/airflow/example_dags/example_branch_operator.py for tasks to queue
[2025-11-05T06:15:01.856+0000] {logging_mixin.py:190} INFO - [2025-11-05T06:15:01.855+0000] {dagbag.py:588} INFO - Filling up the DagBag from /home/dellsai/airflow_project/airflow_venv/lib/python3.12/site-packages/airflow/example_dags/example_branch_operator.py
[2025-11-05T06:15:01.871+0000] {processor.py:925} INFO - DAG(s) 'example_branch_operator' retrieved from /home/dellsai/airflow_project/airflow_venv/lib/python3.12/site-packages/airflow/example_dags/example_branch_operator.py
[2025-11-05T06:15:01.901+0000] {logging_mixin.py:190} INFO - [2025-11-05T06:15:01.901+0000] {dag.py:3239} INFO - Sync 1 DAGs
[2025-11-05T06:15:01.922+0000] {logging_mixin.py:190} INFO - [2025-11-05T06:15:01.922+0000] {dag.py:4180} INFO - Setting next_dagrun for example_branch_operator to 2025-11-04 00:00:00+00:00, run_after=2025-11-05 00:00:00+00:00
[2025-11-05T06:15:01.948+0000] {processor.py:208} INFO - Processing /home/dellsai/airflow_project/airflow_venv/lib/python3.12/site-packages/airflow/example_dags/example_branch_operator.py took 0.100 seconds
