[2025-11-05T06:11:46.760+0000] {processor.py:186} INFO - Started process (PID=2035) to work on /home/dellsai/airflow_project/airflow_venv/lib/python3.12/site-packages/airflow/example_dags/example_local_kubernetes_executor.py
[2025-11-05T06:11:46.761+0000] {processor.py:914} INFO - Processing file /home/dellsai/airflow_project/airflow_venv/lib/python3.12/site-packages/airflow/example_dags/example_local_kubernetes_executor.py for tasks to queue
[2025-11-05T06:11:46.762+0000] {logging_mixin.py:190} INFO - [2025-11-05T06:11:46.762+0000] {dagbag.py:588} INFO - Filling up the DagBag from /home/dellsai/airflow_project/airflow_venv/lib/python3.12/site-packages/airflow/example_dags/example_local_kubernetes_executor.py
[2025-11-05T06:11:46.766+0000] {logging_mixin.py:190} INFO - [2025-11-05T06:11:46.765+0000] {example_local_kubernetes_executor.py:40} WARNING - Could not import DAGs in example_local_kubernetes_executor.py
Traceback (most recent call last):
  File "/home/dellsai/airflow_project/airflow_venv/lib/python3.12/site-packages/airflow/example_dags/example_local_kubernetes_executor.py", line 38, in <module>
    from kubernetes.client import models as k8s
ModuleNotFoundError: No module named 'kubernetes'
[2025-11-05T06:11:46.766+0000] {logging_mixin.py:190} INFO - [2025-11-05T06:11:46.766+0000] {example_local_kubernetes_executor.py:41} WARNING - Install Kubernetes dependencies with: pip install apache-airflow[cncf.kubernetes]
[2025-11-05T06:11:46.766+0000] {processor.py:927} WARNING - No viable dags retrieved from /home/dellsai/airflow_project/airflow_venv/lib/python3.12/site-packages/airflow/example_dags/example_local_kubernetes_executor.py
[2025-11-05T06:11:46.779+0000] {processor.py:208} INFO - Processing /home/dellsai/airflow_project/airflow_venv/lib/python3.12/site-packages/airflow/example_dags/example_local_kubernetes_executor.py took 0.023 seconds
[2025-11-05T06:12:55.375+0000] {processor.py:186} INFO - Started process (PID=2121) to work on /home/dellsai/airflow_project/airflow_venv/lib/python3.12/site-packages/airflow/example_dags/example_local_kubernetes_executor.py
[2025-11-05T06:12:55.378+0000] {processor.py:914} INFO - Processing file /home/dellsai/airflow_project/airflow_venv/lib/python3.12/site-packages/airflow/example_dags/example_local_kubernetes_executor.py for tasks to queue
[2025-11-05T06:12:55.380+0000] {logging_mixin.py:190} INFO - [2025-11-05T06:12:55.380+0000] {dagbag.py:588} INFO - Filling up the DagBag from /home/dellsai/airflow_project/airflow_venv/lib/python3.12/site-packages/airflow/example_dags/example_local_kubernetes_executor.py
[2025-11-05T06:12:55.382+0000] {logging_mixin.py:190} INFO - [2025-11-05T06:12:55.382+0000] {example_local_kubernetes_executor.py:40} WARNING - Could not import DAGs in example_local_kubernetes_executor.py
Traceback (most recent call last):
  File "/home/dellsai/airflow_project/airflow_venv/lib/python3.12/site-packages/airflow/example_dags/example_local_kubernetes_executor.py", line 38, in <module>
    from kubernetes.client import models as k8s
ModuleNotFoundError: No module named 'kubernetes'
[2025-11-05T06:12:55.383+0000] {logging_mixin.py:190} INFO - [2025-11-05T06:12:55.382+0000] {example_local_kubernetes_executor.py:41} WARNING - Install Kubernetes dependencies with: pip install apache-airflow[cncf.kubernetes]
[2025-11-05T06:12:55.383+0000] {processor.py:927} WARNING - No viable dags retrieved from /home/dellsai/airflow_project/airflow_venv/lib/python3.12/site-packages/airflow/example_dags/example_local_kubernetes_executor.py
[2025-11-05T06:12:55.392+0000] {processor.py:208} INFO - Processing /home/dellsai/airflow_project/airflow_venv/lib/python3.12/site-packages/airflow/example_dags/example_local_kubernetes_executor.py took 0.020 seconds
[2025-11-05T06:14:01.276+0000] {processor.py:186} INFO - Started process (PID=2193) to work on /home/dellsai/airflow_project/airflow_venv/lib/python3.12/site-packages/airflow/example_dags/example_local_kubernetes_executor.py
[2025-11-05T06:14:01.278+0000] {processor.py:914} INFO - Processing file /home/dellsai/airflow_project/airflow_venv/lib/python3.12/site-packages/airflow/example_dags/example_local_kubernetes_executor.py for tasks to queue
[2025-11-05T06:14:01.280+0000] {logging_mixin.py:190} INFO - [2025-11-05T06:14:01.279+0000] {dagbag.py:588} INFO - Filling up the DagBag from /home/dellsai/airflow_project/airflow_venv/lib/python3.12/site-packages/airflow/example_dags/example_local_kubernetes_executor.py
[2025-11-05T06:14:01.282+0000] {logging_mixin.py:190} INFO - [2025-11-05T06:14:01.282+0000] {example_local_kubernetes_executor.py:40} WARNING - Could not import DAGs in example_local_kubernetes_executor.py
Traceback (most recent call last):
  File "/home/dellsai/airflow_project/airflow_venv/lib/python3.12/site-packages/airflow/example_dags/example_local_kubernetes_executor.py", line 38, in <module>
    from kubernetes.client import models as k8s
ModuleNotFoundError: No module named 'kubernetes'
[2025-11-05T06:14:01.283+0000] {logging_mixin.py:190} INFO - [2025-11-05T06:14:01.283+0000] {example_local_kubernetes_executor.py:41} WARNING - Install Kubernetes dependencies with: pip install apache-airflow[cncf.kubernetes]
[2025-11-05T06:14:01.283+0000] {processor.py:927} WARNING - No viable dags retrieved from /home/dellsai/airflow_project/airflow_venv/lib/python3.12/site-packages/airflow/example_dags/example_local_kubernetes_executor.py
[2025-11-05T06:14:01.293+0000] {processor.py:208} INFO - Processing /home/dellsai/airflow_project/airflow_venv/lib/python3.12/site-packages/airflow/example_dags/example_local_kubernetes_executor.py took 0.021 seconds
[2025-11-05T06:15:04.642+0000] {processor.py:186} INFO - Started process (PID=2273) to work on /home/dellsai/airflow_project/airflow_venv/lib/python3.12/site-packages/airflow/example_dags/example_local_kubernetes_executor.py
[2025-11-05T06:15:04.644+0000] {processor.py:914} INFO - Processing file /home/dellsai/airflow_project/airflow_venv/lib/python3.12/site-packages/airflow/example_dags/example_local_kubernetes_executor.py for tasks to queue
[2025-11-05T06:15:04.646+0000] {logging_mixin.py:190} INFO - [2025-11-05T06:15:04.646+0000] {dagbag.py:588} INFO - Filling up the DagBag from /home/dellsai/airflow_project/airflow_venv/lib/python3.12/site-packages/airflow/example_dags/example_local_kubernetes_executor.py
[2025-11-05T06:15:04.649+0000] {logging_mixin.py:190} INFO - [2025-11-05T06:15:04.648+0000] {example_local_kubernetes_executor.py:40} WARNING - Could not import DAGs in example_local_kubernetes_executor.py
Traceback (most recent call last):
  File "/home/dellsai/airflow_project/airflow_venv/lib/python3.12/site-packages/airflow/example_dags/example_local_kubernetes_executor.py", line 38, in <module>
    from kubernetes.client import models as k8s
ModuleNotFoundError: No module named 'kubernetes'
[2025-11-05T06:15:04.649+0000] {logging_mixin.py:190} INFO - [2025-11-05T06:15:04.649+0000] {example_local_kubernetes_executor.py:41} WARNING - Install Kubernetes dependencies with: pip install apache-airflow[cncf.kubernetes]
[2025-11-05T06:15:04.649+0000] {processor.py:927} WARNING - No viable dags retrieved from /home/dellsai/airflow_project/airflow_venv/lib/python3.12/site-packages/airflow/example_dags/example_local_kubernetes_executor.py
[2025-11-05T06:15:04.658+0000] {processor.py:208} INFO - Processing /home/dellsai/airflow_project/airflow_venv/lib/python3.12/site-packages/airflow/example_dags/example_local_kubernetes_executor.py took 0.021 seconds
