[2025-11-05T06:12:01.684+0000] {processor.py:186} INFO - Started process (PID=2051) to work on /home/dellsai/airflow_project/airflow_venv/lib/python3.12/site-packages/airflow/example_dags/example_workday_timetable.py
[2025-11-05T06:12:01.684+0000] {processor.py:914} INFO - Processing file /home/dellsai/airflow_project/airflow_venv/lib/python3.12/site-packages/airflow/example_dags/example_workday_timetable.py for tasks to queue
[2025-11-05T06:12:01.686+0000] {logging_mixin.py:190} INFO - [2025-11-05T06:12:01.686+0000] {dagbag.py:588} INFO - Filling up the DagBag from /home/dellsai/airflow_project/airflow_venv/lib/python3.12/site-packages/airflow/example_dags/example_workday_timetable.py
[2025-11-05T06:12:01.691+0000] {processor.py:925} INFO - DAG(s) 'example_workday_timetable' retrieved from /home/dellsai/airflow_project/airflow_venv/lib/python3.12/site-packages/airflow/example_dags/example_workday_timetable.py
[2025-11-05T06:12:01.792+0000] {logging_mixin.py:190} INFO - [2025-11-05T06:12:01.792+0000] {override.py:1900} INFO - Created Permission View: can delete on DAG:example_workday_timetable
[2025-11-05T06:12:01.807+0000] {logging_mixin.py:190} INFO - [2025-11-05T06:12:01.806+0000] {override.py:1900} INFO - Created Permission View: can edit on DAG:example_workday_timetable
[2025-11-05T06:12:01.818+0000] {logging_mixin.py:190} INFO - [2025-11-05T06:12:01.818+0000] {override.py:1900} INFO - Created Permission View: can read on DAG:example_workday_timetable
[2025-11-05T06:12:01.837+0000] {logging_mixin.py:190} INFO - [2025-11-05T06:12:01.837+0000] {override.py:1900} INFO - Created Permission View: can delete on DAG Run:example_workday_timetable
[2025-11-05T06:12:01.848+0000] {logging_mixin.py:190} INFO - [2025-11-05T06:12:01.848+0000] {override.py:1900} INFO - Created Permission View: can create on DAG Run:example_workday_timetable
[2025-11-05T06:12:01.859+0000] {logging_mixin.py:190} INFO - [2025-11-05T06:12:01.859+0000] {override.py:1900} INFO - Created Permission View: menu access on DAG Run:example_workday_timetable
[2025-11-05T06:12:01.871+0000] {logging_mixin.py:190} INFO - [2025-11-05T06:12:01.871+0000] {override.py:1900} INFO - Created Permission View: can read on DAG Run:example_workday_timetable
[2025-11-05T06:12:01.871+0000] {logging_mixin.py:190} INFO - [2025-11-05T06:12:01.871+0000] {dag.py:3239} INFO - Sync 1 DAGs
[2025-11-05T06:12:01.881+0000] {logging_mixin.py:190} INFO - [2025-11-05T06:12:01.881+0000] {dag.py:3262} INFO - Creating ORM DAG for example_workday_timetable
[2025-11-05T06:12:01.887+0000] {logging_mixin.py:190} INFO - [2025-11-05T06:12:01.887+0000] {dag.py:4180} INFO - Setting next_dagrun for example_workday_timetable to 2021-01-01 00:00:00+00:00, run_after=2021-01-02 00:00:00+00:00
[2025-11-05T06:12:01.915+0000] {processor.py:208} INFO - Processing /home/dellsai/airflow_project/airflow_venv/lib/python3.12/site-packages/airflow/example_dags/example_workday_timetable.py took 0.236 seconds
[2025-11-05T06:13:16.298+0000] {processor.py:186} INFO - Started process (PID=2145) to work on /home/dellsai/airflow_project/airflow_venv/lib/python3.12/site-packages/airflow/example_dags/example_workday_timetable.py
[2025-11-05T06:13:16.301+0000] {processor.py:914} INFO - Processing file /home/dellsai/airflow_project/airflow_venv/lib/python3.12/site-packages/airflow/example_dags/example_workday_timetable.py for tasks to queue
[2025-11-05T06:13:16.303+0000] {logging_mixin.py:190} INFO - [2025-11-05T06:13:16.302+0000] {dagbag.py:588} INFO - Filling up the DagBag from /home/dellsai/airflow_project/airflow_venv/lib/python3.12/site-packages/airflow/example_dags/example_workday_timetable.py
[2025-11-05T06:13:16.308+0000] {processor.py:925} INFO - DAG(s) 'example_workday_timetable' retrieved from /home/dellsai/airflow_project/airflow_venv/lib/python3.12/site-packages/airflow/example_dags/example_workday_timetable.py
[2025-11-05T06:13:16.323+0000] {logging_mixin.py:190} INFO - [2025-11-05T06:13:16.323+0000] {dag.py:3239} INFO - Sync 1 DAGs
[2025-11-05T06:13:16.342+0000] {logging_mixin.py:190} INFO - [2025-11-05T06:13:16.341+0000] {dag.py:4180} INFO - Setting next_dagrun for example_workday_timetable to 2021-01-01 00:00:00+00:00, run_after=2021-01-02 00:00:00+00:00
[2025-11-05T06:13:16.364+0000] {processor.py:208} INFO - Processing /home/dellsai/airflow_project/airflow_venv/lib/python3.12/site-packages/airflow/example_dags/example_workday_timetable.py took 0.071 seconds
[2025-11-05T06:14:20.600+0000] {processor.py:186} INFO - Started process (PID=2216) to work on /home/dellsai/airflow_project/airflow_venv/lib/python3.12/site-packages/airflow/example_dags/example_workday_timetable.py
[2025-11-05T06:14:20.602+0000] {processor.py:914} INFO - Processing file /home/dellsai/airflow_project/airflow_venv/lib/python3.12/site-packages/airflow/example_dags/example_workday_timetable.py for tasks to queue
[2025-11-05T06:14:20.604+0000] {logging_mixin.py:190} INFO - [2025-11-05T06:14:20.603+0000] {dagbag.py:588} INFO - Filling up the DagBag from /home/dellsai/airflow_project/airflow_venv/lib/python3.12/site-packages/airflow/example_dags/example_workday_timetable.py
[2025-11-05T06:14:20.609+0000] {processor.py:925} INFO - DAG(s) 'example_workday_timetable' retrieved from /home/dellsai/airflow_project/airflow_venv/lib/python3.12/site-packages/airflow/example_dags/example_workday_timetable.py
[2025-11-05T06:14:20.622+0000] {logging_mixin.py:190} INFO - [2025-11-05T06:14:20.621+0000] {dag.py:3239} INFO - Sync 1 DAGs
[2025-11-05T06:14:20.639+0000] {logging_mixin.py:190} INFO - [2025-11-05T06:14:20.638+0000] {dag.py:4180} INFO - Setting next_dagrun for example_workday_timetable to 2021-01-01 00:00:00+00:00, run_after=2021-01-02 00:00:00+00:00
[2025-11-05T06:14:20.661+0000] {processor.py:208} INFO - Processing /home/dellsai/airflow_project/airflow_venv/lib/python3.12/site-packages/airflow/example_dags/example_workday_timetable.py took 0.065 seconds
