[2025-11-05T06:11:17.158+0000] {processor.py:186} INFO - Started process (PID=1990) to work on /home/dellsai/airflow_project/airflow_venv/lib/python3.12/site-packages/airflow/example_dags/tutorial_taskflow_api_virtualenv.py
[2025-11-05T06:11:17.159+0000] {processor.py:914} INFO - Processing file /home/dellsai/airflow_project/airflow_venv/lib/python3.12/site-packages/airflow/example_dags/tutorial_taskflow_api_virtualenv.py for tasks to queue
[2025-11-05T06:11:17.161+0000] {logging_mixin.py:190} INFO - [2025-11-05T06:11:17.160+0000] {dagbag.py:588} INFO - Filling up the DagBag from /home/dellsai/airflow_project/airflow_venv/lib/python3.12/site-packages/airflow/example_dags/tutorial_taskflow_api_virtualenv.py
[2025-11-05T06:11:17.173+0000] {processor.py:925} INFO - DAG(s) 'tutorial_taskflow_api_virtualenv' retrieved from /home/dellsai/airflow_project/airflow_venv/lib/python3.12/site-packages/airflow/example_dags/tutorial_taskflow_api_virtualenv.py
[2025-11-05T06:11:17.267+0000] {logging_mixin.py:190} INFO - [2025-11-05T06:11:17.267+0000] {override.py:1900} INFO - Created Permission View: can delete on DAG:tutorial_taskflow_api_virtualenv
[2025-11-05T06:11:17.281+0000] {logging_mixin.py:190} INFO - [2025-11-05T06:11:17.280+0000] {override.py:1900} INFO - Created Permission View: can edit on DAG:tutorial_taskflow_api_virtualenv
[2025-11-05T06:11:17.291+0000] {logging_mixin.py:190} INFO - [2025-11-05T06:11:17.290+0000] {override.py:1900} INFO - Created Permission View: can read on DAG:tutorial_taskflow_api_virtualenv
[2025-11-05T06:11:17.308+0000] {logging_mixin.py:190} INFO - [2025-11-05T06:11:17.307+0000] {override.py:1900} INFO - Created Permission View: can delete on DAG Run:tutorial_taskflow_api_virtualenv
[2025-11-05T06:11:17.318+0000] {logging_mixin.py:190} INFO - [2025-11-05T06:11:17.318+0000] {override.py:1900} INFO - Created Permission View: can create on DAG Run:tutorial_taskflow_api_virtualenv
[2025-11-05T06:11:17.331+0000] {logging_mixin.py:190} INFO - [2025-11-05T06:11:17.331+0000] {override.py:1900} INFO - Created Permission View: menu access on DAG Run:tutorial_taskflow_api_virtualenv
[2025-11-05T06:11:17.343+0000] {logging_mixin.py:190} INFO - [2025-11-05T06:11:17.343+0000] {override.py:1900} INFO - Created Permission View: can read on DAG Run:tutorial_taskflow_api_virtualenv
[2025-11-05T06:11:17.343+0000] {logging_mixin.py:190} INFO - [2025-11-05T06:11:17.343+0000] {dag.py:3239} INFO - Sync 1 DAGs
[2025-11-05T06:11:17.353+0000] {logging_mixin.py:190} INFO - [2025-11-05T06:11:17.353+0000] {dag.py:3262} INFO - Creating ORM DAG for tutorial_taskflow_api_virtualenv
[2025-11-05T06:11:17.354+0000] {logging_mixin.py:190} INFO - [2025-11-05T06:11:17.354+0000] {dag.py:4180} INFO - Setting next_dagrun for tutorial_taskflow_api_virtualenv to None, run_after=None
[2025-11-05T06:11:17.377+0000] {processor.py:208} INFO - Processing /home/dellsai/airflow_project/airflow_venv/lib/python3.12/site-packages/airflow/example_dags/tutorial_taskflow_api_virtualenv.py took 0.223 seconds
[2025-11-05T06:12:32.800+0000] {processor.py:186} INFO - Started process (PID=2089) to work on /home/dellsai/airflow_project/airflow_venv/lib/python3.12/site-packages/airflow/example_dags/tutorial_taskflow_api_virtualenv.py
[2025-11-05T06:12:32.803+0000] {processor.py:914} INFO - Processing file /home/dellsai/airflow_project/airflow_venv/lib/python3.12/site-packages/airflow/example_dags/tutorial_taskflow_api_virtualenv.py for tasks to queue
[2025-11-05T06:12:32.805+0000] {logging_mixin.py:190} INFO - [2025-11-05T06:12:32.804+0000] {dagbag.py:588} INFO - Filling up the DagBag from /home/dellsai/airflow_project/airflow_venv/lib/python3.12/site-packages/airflow/example_dags/tutorial_taskflow_api_virtualenv.py
[2025-11-05T06:12:32.815+0000] {processor.py:925} INFO - DAG(s) 'tutorial_taskflow_api_virtualenv' retrieved from /home/dellsai/airflow_project/airflow_venv/lib/python3.12/site-packages/airflow/example_dags/tutorial_taskflow_api_virtualenv.py
[2025-11-05T06:12:32.829+0000] {logging_mixin.py:190} INFO - [2025-11-05T06:12:32.829+0000] {dag.py:3239} INFO - Sync 1 DAGs
[2025-11-05T06:12:32.838+0000] {logging_mixin.py:190} INFO - [2025-11-05T06:12:32.838+0000] {dag.py:4180} INFO - Setting next_dagrun for tutorial_taskflow_api_virtualenv to None, run_after=None
[2025-11-05T06:12:32.864+0000] {processor.py:208} INFO - Processing /home/dellsai/airflow_project/airflow_venv/lib/python3.12/site-packages/airflow/example_dags/tutorial_taskflow_api_virtualenv.py took 0.069 seconds
[2025-11-05T06:13:37.789+0000] {processor.py:186} INFO - Started process (PID=2168) to work on /home/dellsai/airflow_project/airflow_venv/lib/python3.12/site-packages/airflow/example_dags/tutorial_taskflow_api_virtualenv.py
[2025-11-05T06:13:37.790+0000] {processor.py:914} INFO - Processing file /home/dellsai/airflow_project/airflow_venv/lib/python3.12/site-packages/airflow/example_dags/tutorial_taskflow_api_virtualenv.py for tasks to queue
[2025-11-05T06:13:37.793+0000] {logging_mixin.py:190} INFO - [2025-11-05T06:13:37.792+0000] {dagbag.py:588} INFO - Filling up the DagBag from /home/dellsai/airflow_project/airflow_venv/lib/python3.12/site-packages/airflow/example_dags/tutorial_taskflow_api_virtualenv.py
[2025-11-05T06:13:37.803+0000] {processor.py:925} INFO - DAG(s) 'tutorial_taskflow_api_virtualenv' retrieved from /home/dellsai/airflow_project/airflow_venv/lib/python3.12/site-packages/airflow/example_dags/tutorial_taskflow_api_virtualenv.py
[2025-11-05T06:13:37.818+0000] {logging_mixin.py:190} INFO - [2025-11-05T06:13:37.818+0000] {dag.py:3239} INFO - Sync 1 DAGs
[2025-11-05T06:13:37.828+0000] {logging_mixin.py:190} INFO - [2025-11-05T06:13:37.828+0000] {dag.py:4180} INFO - Setting next_dagrun for tutorial_taskflow_api_virtualenv to None, run_after=None
[2025-11-05T06:13:37.855+0000] {processor.py:208} INFO - Processing /home/dellsai/airflow_project/airflow_venv/lib/python3.12/site-packages/airflow/example_dags/tutorial_taskflow_api_virtualenv.py took 0.072 seconds
[2025-11-05T06:14:41.907+0000] {processor.py:186} INFO - Started process (PID=2241) to work on /home/dellsai/airflow_project/airflow_venv/lib/python3.12/site-packages/airflow/example_dags/tutorial_taskflow_api_virtualenv.py
[2025-11-05T06:14:41.910+0000] {processor.py:914} INFO - Processing file /home/dellsai/airflow_project/airflow_venv/lib/python3.12/site-packages/airflow/example_dags/tutorial_taskflow_api_virtualenv.py for tasks to queue
[2025-11-05T06:14:41.912+0000] {logging_mixin.py:190} INFO - [2025-11-05T06:14:41.912+0000] {dagbag.py:588} INFO - Filling up the DagBag from /home/dellsai/airflow_project/airflow_venv/lib/python3.12/site-packages/airflow/example_dags/tutorial_taskflow_api_virtualenv.py
[2025-11-05T06:14:41.924+0000] {processor.py:925} INFO - DAG(s) 'tutorial_taskflow_api_virtualenv' retrieved from /home/dellsai/airflow_project/airflow_venv/lib/python3.12/site-packages/airflow/example_dags/tutorial_taskflow_api_virtualenv.py
[2025-11-05T06:14:41.941+0000] {logging_mixin.py:190} INFO - [2025-11-05T06:14:41.940+0000] {dag.py:3239} INFO - Sync 1 DAGs
[2025-11-05T06:14:41.952+0000] {logging_mixin.py:190} INFO - [2025-11-05T06:14:41.951+0000] {dag.py:4180} INFO - Setting next_dagrun for tutorial_taskflow_api_virtualenv to None, run_after=None
[2025-11-05T06:14:41.977+0000] {processor.py:208} INFO - Processing /home/dellsai/airflow_project/airflow_venv/lib/python3.12/site-packages/airflow/example_dags/tutorial_taskflow_api_virtualenv.py took 0.074 seconds
