[2025-11-05T06:11:19.941+0000] {processor.py:186} INFO - Started process (PID=1992) to work on /home/dellsai/airflow_project/airflow_venv/lib/python3.12/site-packages/airflow/example_dags/tutorial_dag.py
[2025-11-05T06:11:19.942+0000] {processor.py:914} INFO - Processing file /home/dellsai/airflow_project/airflow_venv/lib/python3.12/site-packages/airflow/example_dags/tutorial_dag.py for tasks to queue
[2025-11-05T06:11:19.944+0000] {logging_mixin.py:190} INFO - [2025-11-05T06:11:19.944+0000] {dagbag.py:588} INFO - Filling up the DagBag from /home/dellsai/airflow_project/airflow_venv/lib/python3.12/site-packages/airflow/example_dags/tutorial_dag.py
[2025-11-05T06:11:19.954+0000] {processor.py:925} INFO - DAG(s) 'tutorial_dag' retrieved from /home/dellsai/airflow_project/airflow_venv/lib/python3.12/site-packages/airflow/example_dags/tutorial_dag.py
[2025-11-05T06:11:20.070+0000] {logging_mixin.py:190} INFO - [2025-11-05T06:11:20.069+0000] {override.py:1900} INFO - Created Permission View: can delete on DAG:tutorial_dag
[2025-11-05T06:11:20.088+0000] {logging_mixin.py:190} INFO - [2025-11-05T06:11:20.088+0000] {override.py:1900} INFO - Created Permission View: can edit on DAG:tutorial_dag
[2025-11-05T06:11:20.101+0000] {logging_mixin.py:190} INFO - [2025-11-05T06:11:20.101+0000] {override.py:1900} INFO - Created Permission View: can read on DAG:tutorial_dag
[2025-11-05T06:11:20.125+0000] {logging_mixin.py:190} INFO - [2025-11-05T06:11:20.124+0000] {override.py:1900} INFO - Created Permission View: can delete on DAG Run:tutorial_dag
[2025-11-05T06:11:20.138+0000] {logging_mixin.py:190} INFO - [2025-11-05T06:11:20.137+0000] {override.py:1900} INFO - Created Permission View: can create on DAG Run:tutorial_dag
[2025-11-05T06:11:20.152+0000] {logging_mixin.py:190} INFO - [2025-11-05T06:11:20.152+0000] {override.py:1900} INFO - Created Permission View: menu access on DAG Run:tutorial_dag
[2025-11-05T06:11:20.165+0000] {logging_mixin.py:190} INFO - [2025-11-05T06:11:20.164+0000] {override.py:1900} INFO - Created Permission View: can read on DAG Run:tutorial_dag
[2025-11-05T06:11:20.165+0000] {logging_mixin.py:190} INFO - [2025-11-05T06:11:20.165+0000] {dag.py:3239} INFO - Sync 1 DAGs
[2025-11-05T06:11:20.176+0000] {logging_mixin.py:190} INFO - [2025-11-05T06:11:20.176+0000] {dag.py:3262} INFO - Creating ORM DAG for tutorial_dag
[2025-11-05T06:11:20.177+0000] {logging_mixin.py:190} INFO - [2025-11-05T06:11:20.177+0000] {dag.py:4180} INFO - Setting next_dagrun for tutorial_dag to None, run_after=None
[2025-11-05T06:11:20.203+0000] {processor.py:208} INFO - Processing /home/dellsai/airflow_project/airflow_venv/lib/python3.12/site-packages/airflow/example_dags/tutorial_dag.py took 0.267 seconds
[2025-11-05T06:12:35.075+0000] {processor.py:186} INFO - Started process (PID=2091) to work on /home/dellsai/airflow_project/airflow_venv/lib/python3.12/site-packages/airflow/example_dags/tutorial_dag.py
[2025-11-05T06:12:35.079+0000] {processor.py:914} INFO - Processing file /home/dellsai/airflow_project/airflow_venv/lib/python3.12/site-packages/airflow/example_dags/tutorial_dag.py for tasks to queue
[2025-11-05T06:12:35.082+0000] {logging_mixin.py:190} INFO - [2025-11-05T06:12:35.081+0000] {dagbag.py:588} INFO - Filling up the DagBag from /home/dellsai/airflow_project/airflow_venv/lib/python3.12/site-packages/airflow/example_dags/tutorial_dag.py
[2025-11-05T06:12:35.089+0000] {processor.py:925} INFO - DAG(s) 'tutorial_dag' retrieved from /home/dellsai/airflow_project/airflow_venv/lib/python3.12/site-packages/airflow/example_dags/tutorial_dag.py
[2025-11-05T06:12:35.101+0000] {logging_mixin.py:190} INFO - [2025-11-05T06:12:35.101+0000] {dag.py:3239} INFO - Sync 1 DAGs
[2025-11-05T06:12:35.110+0000] {logging_mixin.py:190} INFO - [2025-11-05T06:12:35.110+0000] {dag.py:4180} INFO - Setting next_dagrun for tutorial_dag to None, run_after=None
[2025-11-05T06:12:35.134+0000] {processor.py:208} INFO - Processing /home/dellsai/airflow_project/airflow_venv/lib/python3.12/site-packages/airflow/example_dags/tutorial_dag.py took 0.064 seconds
[2025-11-05T06:13:40.092+0000] {processor.py:186} INFO - Started process (PID=2170) to work on /home/dellsai/airflow_project/airflow_venv/lib/python3.12/site-packages/airflow/example_dags/tutorial_dag.py
[2025-11-05T06:13:40.094+0000] {processor.py:914} INFO - Processing file /home/dellsai/airflow_project/airflow_venv/lib/python3.12/site-packages/airflow/example_dags/tutorial_dag.py for tasks to queue
[2025-11-05T06:13:40.096+0000] {logging_mixin.py:190} INFO - [2025-11-05T06:13:40.095+0000] {dagbag.py:588} INFO - Filling up the DagBag from /home/dellsai/airflow_project/airflow_venv/lib/python3.12/site-packages/airflow/example_dags/tutorial_dag.py
[2025-11-05T06:13:40.102+0000] {processor.py:925} INFO - DAG(s) 'tutorial_dag' retrieved from /home/dellsai/airflow_project/airflow_venv/lib/python3.12/site-packages/airflow/example_dags/tutorial_dag.py
[2025-11-05T06:13:40.116+0000] {logging_mixin.py:190} INFO - [2025-11-05T06:13:40.115+0000] {dag.py:3239} INFO - Sync 1 DAGs
[2025-11-05T06:13:40.125+0000] {logging_mixin.py:190} INFO - [2025-11-05T06:13:40.125+0000] {dag.py:4180} INFO - Setting next_dagrun for tutorial_dag to None, run_after=None
[2025-11-05T06:13:40.147+0000] {processor.py:208} INFO - Processing /home/dellsai/airflow_project/airflow_venv/lib/python3.12/site-packages/airflow/example_dags/tutorial_dag.py took 0.061 seconds
[2025-11-05T06:14:44.197+0000] {processor.py:186} INFO - Started process (PID=2243) to work on /home/dellsai/airflow_project/airflow_venv/lib/python3.12/site-packages/airflow/example_dags/tutorial_dag.py
[2025-11-05T06:14:44.200+0000] {processor.py:914} INFO - Processing file /home/dellsai/airflow_project/airflow_venv/lib/python3.12/site-packages/airflow/example_dags/tutorial_dag.py for tasks to queue
[2025-11-05T06:14:44.202+0000] {logging_mixin.py:190} INFO - [2025-11-05T06:14:44.201+0000] {dagbag.py:588} INFO - Filling up the DagBag from /home/dellsai/airflow_project/airflow_venv/lib/python3.12/site-packages/airflow/example_dags/tutorial_dag.py
[2025-11-05T06:14:44.210+0000] {processor.py:925} INFO - DAG(s) 'tutorial_dag' retrieved from /home/dellsai/airflow_project/airflow_venv/lib/python3.12/site-packages/airflow/example_dags/tutorial_dag.py
[2025-11-05T06:14:44.228+0000] {logging_mixin.py:190} INFO - [2025-11-05T06:14:44.228+0000] {dag.py:3239} INFO - Sync 1 DAGs
[2025-11-05T06:14:44.243+0000] {logging_mixin.py:190} INFO - [2025-11-05T06:14:44.242+0000] {dag.py:4180} INFO - Setting next_dagrun for tutorial_dag to None, run_after=None
[2025-11-05T06:14:44.266+0000] {processor.py:208} INFO - Processing /home/dellsai/airflow_project/airflow_venv/lib/python3.12/site-packages/airflow/example_dags/tutorial_dag.py took 0.074 seconds
