[2025-11-05T06:11:22.494+0000] {processor.py:186} INFO - Started process (PID=1995) to work on /home/dellsai/airflow_project/airflow_venv/lib/python3.12/site-packages/airflow/example_dags/tutorial.py
[2025-11-05T06:11:22.495+0000] {processor.py:914} INFO - Processing file /home/dellsai/airflow_project/airflow_venv/lib/python3.12/site-packages/airflow/example_dags/tutorial.py for tasks to queue
[2025-11-05T06:11:22.496+0000] {logging_mixin.py:190} INFO - [2025-11-05T06:11:22.496+0000] {dagbag.py:588} INFO - Filling up the DagBag from /home/dellsai/airflow_project/airflow_venv/lib/python3.12/site-packages/airflow/example_dags/tutorial.py
[2025-11-05T06:11:22.503+0000] {processor.py:925} INFO - DAG(s) 'tutorial' retrieved from /home/dellsai/airflow_project/airflow_venv/lib/python3.12/site-packages/airflow/example_dags/tutorial.py
[2025-11-05T06:11:22.621+0000] {logging_mixin.py:190} INFO - [2025-11-05T06:11:22.621+0000] {override.py:1900} INFO - Created Permission View: can delete on DAG:tutorial
[2025-11-05T06:11:22.639+0000] {logging_mixin.py:190} INFO - [2025-11-05T06:11:22.638+0000] {override.py:1900} INFO - Created Permission View: can edit on DAG:tutorial
[2025-11-05T06:11:22.652+0000] {logging_mixin.py:190} INFO - [2025-11-05T06:11:22.652+0000] {override.py:1900} INFO - Created Permission View: can read on DAG:tutorial
[2025-11-05T06:11:22.674+0000] {logging_mixin.py:190} INFO - [2025-11-05T06:11:22.673+0000] {override.py:1900} INFO - Created Permission View: can delete on DAG Run:tutorial
[2025-11-05T06:11:22.686+0000] {logging_mixin.py:190} INFO - [2025-11-05T06:11:22.686+0000] {override.py:1900} INFO - Created Permission View: can create on DAG Run:tutorial
[2025-11-05T06:11:22.699+0000] {logging_mixin.py:190} INFO - [2025-11-05T06:11:22.698+0000] {override.py:1900} INFO - Created Permission View: menu access on DAG Run:tutorial
[2025-11-05T06:11:22.709+0000] {logging_mixin.py:190} INFO - [2025-11-05T06:11:22.708+0000] {override.py:1900} INFO - Created Permission View: can read on DAG Run:tutorial
[2025-11-05T06:11:22.709+0000] {logging_mixin.py:190} INFO - [2025-11-05T06:11:22.709+0000] {dag.py:3239} INFO - Sync 1 DAGs
[2025-11-05T06:11:22.720+0000] {logging_mixin.py:190} INFO - [2025-11-05T06:11:22.720+0000] {dag.py:3262} INFO - Creating ORM DAG for tutorial
[2025-11-05T06:11:22.727+0000] {logging_mixin.py:190} INFO - [2025-11-05T06:11:22.727+0000] {dag.py:4180} INFO - Setting next_dagrun for tutorial to 2025-11-04 00:00:00+00:00, run_after=2025-11-05 00:00:00+00:00
[2025-11-05T06:11:22.754+0000] {processor.py:208} INFO - Processing /home/dellsai/airflow_project/airflow_venv/lib/python3.12/site-packages/airflow/example_dags/tutorial.py took 0.265 seconds
[2025-11-05T06:12:37.192+0000] {processor.py:186} INFO - Started process (PID=2096) to work on /home/dellsai/airflow_project/airflow_venv/lib/python3.12/site-packages/airflow/example_dags/tutorial.py
[2025-11-05T06:12:37.195+0000] {processor.py:914} INFO - Processing file /home/dellsai/airflow_project/airflow_venv/lib/python3.12/site-packages/airflow/example_dags/tutorial.py for tasks to queue
[2025-11-05T06:12:37.197+0000] {logging_mixin.py:190} INFO - [2025-11-05T06:12:37.196+0000] {dagbag.py:588} INFO - Filling up the DagBag from /home/dellsai/airflow_project/airflow_venv/lib/python3.12/site-packages/airflow/example_dags/tutorial.py
[2025-11-05T06:12:37.203+0000] {processor.py:925} INFO - DAG(s) 'tutorial' retrieved from /home/dellsai/airflow_project/airflow_venv/lib/python3.12/site-packages/airflow/example_dags/tutorial.py
[2025-11-05T06:12:37.216+0000] {logging_mixin.py:190} INFO - [2025-11-05T06:12:37.215+0000] {dag.py:3239} INFO - Sync 1 DAGs
[2025-11-05T06:12:37.233+0000] {logging_mixin.py:190} INFO - [2025-11-05T06:12:37.232+0000] {dag.py:4180} INFO - Setting next_dagrun for tutorial to 2025-11-04 00:00:00+00:00, run_after=2025-11-05 00:00:00+00:00
[2025-11-05T06:12:37.255+0000] {processor.py:208} INFO - Processing /home/dellsai/airflow_project/airflow_venv/lib/python3.12/site-packages/airflow/example_dags/tutorial.py took 0.068 seconds
[2025-11-05T06:13:42.523+0000] {processor.py:186} INFO - Started process (PID=2173) to work on /home/dellsai/airflow_project/airflow_venv/lib/python3.12/site-packages/airflow/example_dags/tutorial.py
[2025-11-05T06:13:42.525+0000] {processor.py:914} INFO - Processing file /home/dellsai/airflow_project/airflow_venv/lib/python3.12/site-packages/airflow/example_dags/tutorial.py for tasks to queue
[2025-11-05T06:13:42.527+0000] {logging_mixin.py:190} INFO - [2025-11-05T06:13:42.527+0000] {dagbag.py:588} INFO - Filling up the DagBag from /home/dellsai/airflow_project/airflow_venv/lib/python3.12/site-packages/airflow/example_dags/tutorial.py
[2025-11-05T06:13:42.534+0000] {processor.py:925} INFO - DAG(s) 'tutorial' retrieved from /home/dellsai/airflow_project/airflow_venv/lib/python3.12/site-packages/airflow/example_dags/tutorial.py
[2025-11-05T06:13:42.546+0000] {logging_mixin.py:190} INFO - [2025-11-05T06:13:42.546+0000] {dag.py:3239} INFO - Sync 1 DAGs
[2025-11-05T06:13:42.561+0000] {logging_mixin.py:190} INFO - [2025-11-05T06:13:42.561+0000] {dag.py:4180} INFO - Setting next_dagrun for tutorial to 2025-11-04 00:00:00+00:00, run_after=2025-11-05 00:00:00+00:00
[2025-11-05T06:13:42.584+0000] {processor.py:208} INFO - Processing /home/dellsai/airflow_project/airflow_venv/lib/python3.12/site-packages/airflow/example_dags/tutorial.py took 0.066 seconds
[2025-11-05T06:14:47.041+0000] {processor.py:186} INFO - Started process (PID=2246) to work on /home/dellsai/airflow_project/airflow_venv/lib/python3.12/site-packages/airflow/example_dags/tutorial.py
[2025-11-05T06:14:47.044+0000] {processor.py:914} INFO - Processing file /home/dellsai/airflow_project/airflow_venv/lib/python3.12/site-packages/airflow/example_dags/tutorial.py for tasks to queue
[2025-11-05T06:14:47.046+0000] {logging_mixin.py:190} INFO - [2025-11-05T06:14:47.045+0000] {dagbag.py:588} INFO - Filling up the DagBag from /home/dellsai/airflow_project/airflow_venv/lib/python3.12/site-packages/airflow/example_dags/tutorial.py
[2025-11-05T06:14:47.054+0000] {processor.py:925} INFO - DAG(s) 'tutorial' retrieved from /home/dellsai/airflow_project/airflow_venv/lib/python3.12/site-packages/airflow/example_dags/tutorial.py
[2025-11-05T06:14:47.071+0000] {logging_mixin.py:190} INFO - [2025-11-05T06:14:47.071+0000] {dag.py:3239} INFO - Sync 1 DAGs
[2025-11-05T06:14:47.088+0000] {logging_mixin.py:190} INFO - [2025-11-05T06:14:47.088+0000] {dag.py:4180} INFO - Setting next_dagrun for tutorial to 2025-11-04 00:00:00+00:00, run_after=2025-11-05 00:00:00+00:00
[2025-11-05T06:14:47.114+0000] {processor.py:208} INFO - Processing /home/dellsai/airflow_project/airflow_venv/lib/python3.12/site-packages/airflow/example_dags/tutorial.py took 0.077 seconds
