[2025-11-05T06:11:21.276+0000] {processor.py:186} INFO - Started process (PID=1993) to work on /home/dellsai/airflow_project/airflow_venv/lib/python3.12/site-packages/airflow/example_dags/tutorial_taskflow_api.py
[2025-11-05T06:11:21.278+0000] {processor.py:914} INFO - Processing file /home/dellsai/airflow_project/airflow_venv/lib/python3.12/site-packages/airflow/example_dags/tutorial_taskflow_api.py for tasks to queue
[2025-11-05T06:11:21.280+0000] {logging_mixin.py:190} INFO - [2025-11-05T06:11:21.280+0000] {dagbag.py:588} INFO - Filling up the DagBag from /home/dellsai/airflow_project/airflow_venv/lib/python3.12/site-packages/airflow/example_dags/tutorial_taskflow_api.py
[2025-11-05T06:11:21.294+0000] {processor.py:925} INFO - DAG(s) 'tutorial_taskflow_api' retrieved from /home/dellsai/airflow_project/airflow_venv/lib/python3.12/site-packages/airflow/example_dags/tutorial_taskflow_api.py
[2025-11-05T06:11:21.418+0000] {logging_mixin.py:190} INFO - [2025-11-05T06:11:21.417+0000] {override.py:1900} INFO - Created Permission View: can delete on DAG:tutorial_taskflow_api
[2025-11-05T06:11:21.437+0000] {logging_mixin.py:190} INFO - [2025-11-05T06:11:21.436+0000] {override.py:1900} INFO - Created Permission View: can edit on DAG:tutorial_taskflow_api
[2025-11-05T06:11:21.452+0000] {logging_mixin.py:190} INFO - [2025-11-05T06:11:21.451+0000] {override.py:1900} INFO - Created Permission View: can read on DAG:tutorial_taskflow_api
[2025-11-05T06:11:21.474+0000] {logging_mixin.py:190} INFO - [2025-11-05T06:11:21.473+0000] {override.py:1900} INFO - Created Permission View: can delete on DAG Run:tutorial_taskflow_api
[2025-11-05T06:11:21.487+0000] {logging_mixin.py:190} INFO - [2025-11-05T06:11:21.487+0000] {override.py:1900} INFO - Created Permission View: can create on DAG Run:tutorial_taskflow_api
[2025-11-05T06:11:21.501+0000] {logging_mixin.py:190} INFO - [2025-11-05T06:11:21.500+0000] {override.py:1900} INFO - Created Permission View: menu access on DAG Run:tutorial_taskflow_api
[2025-11-05T06:11:21.513+0000] {logging_mixin.py:190} INFO - [2025-11-05T06:11:21.513+0000] {override.py:1900} INFO - Created Permission View: can read on DAG Run:tutorial_taskflow_api
[2025-11-05T06:11:21.514+0000] {logging_mixin.py:190} INFO - [2025-11-05T06:11:21.514+0000] {dag.py:3239} INFO - Sync 1 DAGs
[2025-11-05T06:11:21.524+0000] {logging_mixin.py:190} INFO - [2025-11-05T06:11:21.524+0000] {dag.py:3262} INFO - Creating ORM DAG for tutorial_taskflow_api
[2025-11-05T06:11:21.525+0000] {logging_mixin.py:190} INFO - [2025-11-05T06:11:21.525+0000] {dag.py:4180} INFO - Setting next_dagrun for tutorial_taskflow_api to None, run_after=None
[2025-11-05T06:11:21.549+0000] {processor.py:208} INFO - Processing /home/dellsai/airflow_project/airflow_venv/lib/python3.12/site-packages/airflow/example_dags/tutorial_taskflow_api.py took 0.277 seconds
[2025-11-05T06:12:35.465+0000] {processor.py:186} INFO - Started process (PID=2094) to work on /home/dellsai/airflow_project/airflow_venv/lib/python3.12/site-packages/airflow/example_dags/tutorial_taskflow_api.py
[2025-11-05T06:12:35.467+0000] {processor.py:914} INFO - Processing file /home/dellsai/airflow_project/airflow_venv/lib/python3.12/site-packages/airflow/example_dags/tutorial_taskflow_api.py for tasks to queue
[2025-11-05T06:12:35.469+0000] {logging_mixin.py:190} INFO - [2025-11-05T06:12:35.469+0000] {dagbag.py:588} INFO - Filling up the DagBag from /home/dellsai/airflow_project/airflow_venv/lib/python3.12/site-packages/airflow/example_dags/tutorial_taskflow_api.py
[2025-11-05T06:12:35.478+0000] {processor.py:925} INFO - DAG(s) 'tutorial_taskflow_api' retrieved from /home/dellsai/airflow_project/airflow_venv/lib/python3.12/site-packages/airflow/example_dags/tutorial_taskflow_api.py
[2025-11-05T06:12:35.491+0000] {logging_mixin.py:190} INFO - [2025-11-05T06:12:35.490+0000] {dag.py:3239} INFO - Sync 1 DAGs
[2025-11-05T06:12:35.500+0000] {logging_mixin.py:190} INFO - [2025-11-05T06:12:35.500+0000] {dag.py:4180} INFO - Setting next_dagrun for tutorial_taskflow_api to None, run_after=None
[2025-11-05T06:12:35.524+0000] {processor.py:208} INFO - Processing /home/dellsai/airflow_project/airflow_venv/lib/python3.12/site-packages/airflow/example_dags/tutorial_taskflow_api.py took 0.064 seconds
[2025-11-05T06:13:41.232+0000] {processor.py:186} INFO - Started process (PID=2171) to work on /home/dellsai/airflow_project/airflow_venv/lib/python3.12/site-packages/airflow/example_dags/tutorial_taskflow_api.py
[2025-11-05T06:13:41.235+0000] {processor.py:914} INFO - Processing file /home/dellsai/airflow_project/airflow_venv/lib/python3.12/site-packages/airflow/example_dags/tutorial_taskflow_api.py for tasks to queue
[2025-11-05T06:13:41.236+0000] {logging_mixin.py:190} INFO - [2025-11-05T06:13:41.236+0000] {dagbag.py:588} INFO - Filling up the DagBag from /home/dellsai/airflow_project/airflow_venv/lib/python3.12/site-packages/airflow/example_dags/tutorial_taskflow_api.py
[2025-11-05T06:13:41.243+0000] {processor.py:925} INFO - DAG(s) 'tutorial_taskflow_api' retrieved from /home/dellsai/airflow_project/airflow_venv/lib/python3.12/site-packages/airflow/example_dags/tutorial_taskflow_api.py
[2025-11-05T06:13:41.258+0000] {logging_mixin.py:190} INFO - [2025-11-05T06:13:41.258+0000] {dag.py:3239} INFO - Sync 1 DAGs
[2025-11-05T06:13:41.269+0000] {logging_mixin.py:190} INFO - [2025-11-05T06:13:41.268+0000] {dag.py:4180} INFO - Setting next_dagrun for tutorial_taskflow_api to None, run_after=None
[2025-11-05T06:13:41.294+0000] {processor.py:208} INFO - Processing /home/dellsai/airflow_project/airflow_venv/lib/python3.12/site-packages/airflow/example_dags/tutorial_taskflow_api.py took 0.066 seconds
[2025-11-05T06:14:45.337+0000] {processor.py:186} INFO - Started process (PID=2244) to work on /home/dellsai/airflow_project/airflow_venv/lib/python3.12/site-packages/airflow/example_dags/tutorial_taskflow_api.py
[2025-11-05T06:14:45.340+0000] {processor.py:914} INFO - Processing file /home/dellsai/airflow_project/airflow_venv/lib/python3.12/site-packages/airflow/example_dags/tutorial_taskflow_api.py for tasks to queue
[2025-11-05T06:14:45.342+0000] {logging_mixin.py:190} INFO - [2025-11-05T06:14:45.341+0000] {dagbag.py:588} INFO - Filling up the DagBag from /home/dellsai/airflow_project/airflow_venv/lib/python3.12/site-packages/airflow/example_dags/tutorial_taskflow_api.py
[2025-11-05T06:14:45.351+0000] {processor.py:925} INFO - DAG(s) 'tutorial_taskflow_api' retrieved from /home/dellsai/airflow_project/airflow_venv/lib/python3.12/site-packages/airflow/example_dags/tutorial_taskflow_api.py
[2025-11-05T06:14:45.365+0000] {logging_mixin.py:190} INFO - [2025-11-05T06:14:45.365+0000] {dag.py:3239} INFO - Sync 1 DAGs
[2025-11-05T06:14:45.376+0000] {logging_mixin.py:190} INFO - [2025-11-05T06:14:45.376+0000] {dag.py:4180} INFO - Setting next_dagrun for tutorial_taskflow_api to None, run_after=None
[2025-11-05T06:14:45.398+0000] {processor.py:208} INFO - Processing /home/dellsai/airflow_project/airflow_venv/lib/python3.12/site-packages/airflow/example_dags/tutorial_taskflow_api.py took 0.066 seconds
