[2025-11-05T06:11:27.841+0000] {processor.py:186} INFO - Started process (PID=2000) to work on /home/dellsai/airflow_project/airflow_venv/lib/python3.12/site-packages/airflow/example_dags/subdags/subdag.py
[2025-11-05T06:11:27.842+0000] {processor.py:914} INFO - Processing file /home/dellsai/airflow_project/airflow_venv/lib/python3.12/site-packages/airflow/example_dags/subdags/subdag.py for tasks to queue
[2025-11-05T06:11:27.843+0000] {logging_mixin.py:190} INFO - [2025-11-05T06:11:27.843+0000] {dagbag.py:588} INFO - Filling up the DagBag from /home/dellsai/airflow_project/airflow_venv/lib/python3.12/site-packages/airflow/example_dags/subdags/subdag.py
[2025-11-05T06:11:27.845+0000] {processor.py:927} WARNING - No viable dags retrieved from /home/dellsai/airflow_project/airflow_venv/lib/python3.12/site-packages/airflow/example_dags/subdags/subdag.py
[2025-11-05T06:11:27.855+0000] {processor.py:208} INFO - Processing /home/dellsai/airflow_project/airflow_venv/lib/python3.12/site-packages/airflow/example_dags/subdags/subdag.py took 0.018 seconds
[2025-11-05T06:12:42.226+0000] {processor.py:186} INFO - Started process (PID=2101) to work on /home/dellsai/airflow_project/airflow_venv/lib/python3.12/site-packages/airflow/example_dags/subdags/subdag.py
[2025-11-05T06:12:42.228+0000] {processor.py:914} INFO - Processing file /home/dellsai/airflow_project/airflow_venv/lib/python3.12/site-packages/airflow/example_dags/subdags/subdag.py for tasks to queue
[2025-11-05T06:12:42.229+0000] {logging_mixin.py:190} INFO - [2025-11-05T06:12:42.229+0000] {dagbag.py:588} INFO - Filling up the DagBag from /home/dellsai/airflow_project/airflow_venv/lib/python3.12/site-packages/airflow/example_dags/subdags/subdag.py
[2025-11-05T06:12:42.232+0000] {processor.py:927} WARNING - No viable dags retrieved from /home/dellsai/airflow_project/airflow_venv/lib/python3.12/site-packages/airflow/example_dags/subdags/subdag.py
[2025-11-05T06:12:42.241+0000] {processor.py:208} INFO - Processing /home/dellsai/airflow_project/airflow_venv/lib/python3.12/site-packages/airflow/example_dags/subdags/subdag.py took 0.020 seconds
[2025-11-05T06:13:46.118+0000] {processor.py:186} INFO - Started process (PID=2178) to work on /home/dellsai/airflow_project/airflow_venv/lib/python3.12/site-packages/airflow/example_dags/subdags/subdag.py
[2025-11-05T06:13:46.120+0000] {processor.py:914} INFO - Processing file /home/dellsai/airflow_project/airflow_venv/lib/python3.12/site-packages/airflow/example_dags/subdags/subdag.py for tasks to queue
[2025-11-05T06:13:46.122+0000] {logging_mixin.py:190} INFO - [2025-11-05T06:13:46.122+0000] {dagbag.py:588} INFO - Filling up the DagBag from /home/dellsai/airflow_project/airflow_venv/lib/python3.12/site-packages/airflow/example_dags/subdags/subdag.py
[2025-11-05T06:13:46.124+0000] {processor.py:927} WARNING - No viable dags retrieved from /home/dellsai/airflow_project/airflow_venv/lib/python3.12/site-packages/airflow/example_dags/subdags/subdag.py
[2025-11-05T06:13:46.135+0000] {processor.py:208} INFO - Processing /home/dellsai/airflow_project/airflow_venv/lib/python3.12/site-packages/airflow/example_dags/subdags/subdag.py took 0.022 seconds
[2025-11-05T06:14:51.344+0000] {processor.py:186} INFO - Started process (PID=2252) to work on /home/dellsai/airflow_project/airflow_venv/lib/python3.12/site-packages/airflow/example_dags/subdags/subdag.py
[2025-11-05T06:14:51.348+0000] {processor.py:914} INFO - Processing file /home/dellsai/airflow_project/airflow_venv/lib/python3.12/site-packages/airflow/example_dags/subdags/subdag.py for tasks to queue
[2025-11-05T06:14:51.350+0000] {logging_mixin.py:190} INFO - [2025-11-05T06:14:51.349+0000] {dagbag.py:588} INFO - Filling up the DagBag from /home/dellsai/airflow_project/airflow_venv/lib/python3.12/site-packages/airflow/example_dags/subdags/subdag.py
[2025-11-05T06:14:51.351+0000] {processor.py:927} WARNING - No viable dags retrieved from /home/dellsai/airflow_project/airflow_venv/lib/python3.12/site-packages/airflow/example_dags/subdags/subdag.py
[2025-11-05T06:14:51.364+0000] {processor.py:208} INFO - Processing /home/dellsai/airflow_project/airflow_venv/lib/python3.12/site-packages/airflow/example_dags/subdags/subdag.py took 0.023 seconds
